[2021/07/17 00:00:33.900][687188236971671560][event][MESSAGE][Dabig#3853] {message:"ㅋㅋㅋㅋㅋㅋㅋ",id:"865608857219629077",channel_name:"chat"}
[2021/07/17 00:00:49.551][687188236971671560][event][MESSAGE][Dabig#3853] {message:"빠른납득",id:"865608922735443968",channel_name:"chat"}
[2021/07/17 00:01:04.384][687188236971671560][event][MESSAGE][ashz#3656] {message:"그냥 생각해보니",id:"865608985146294292",channel_name:"chat"}
[2021/07/17 00:01:08.108][687188236971671560][event][MESSAGE][ashz#3656] {message:"그냥 귀찮기도하고",id:"865609000560361492",channel_name:"chat"}
[2021/07/17 00:01:11.952][687188236971671560][event][MESSAGE][ashz#3656] {message:"이게 나한테 이득이",id:"865609016888786964",channel_name:"chat"}
[2021/07/17 00:01:14.091][687188236971671560][event][MESSAGE_UPDATE][ashz#3656] {message_update:("이게 나한테 이득이"->"이게 나한테 이득임")}
[2021/07/17 00:01:59.086][687188236971671560][event][MESSAGE][Dabig#3853] {message:"이렇게 큰건",id:"865609214579048458",channel_name:"chat"}
[2021/07/17 00:02:01.023][687188236971671560][event][MESSAGE][Dabig#3853] {message:"원하지않았는데",id:"865609222376521769",channel_name:"chat"}
[2021/07/17 00:04:04.656][687188236971671560][event][MESSAGE][ashz#3656] {message:"z",id:"865609741254393866",channel_name:"chat"}
[2021/07/17 09:41:42.779][687188236971671560][event][MESSAGE][ashz#3656] {message:"<@335647028300480514> 11시 범계",id:"865755107945742356",channel_name:"chat"}
[2021/07/17 09:44:51.493][687188236971671560][event][MESSAGE][양 진#4848] {message:"<:ZEngramA:628488012719980544> <:ZEngramB:628488013034291230> <:ZEngramC:628488013055524884> <:ZEngramD:628488012359139339>",id:"865755899452588073",channel_name:"chat"}
[2021/07/17 09:45:08.631][687188236971671560][event][MESSAGE][양 진#4848] {message:"<a:Cdogecool:604497469551804440>",id:"865755971153559562",channel_name:"chat"}
[2021/07/17 11:09:36.320][687188236971671560][event][MESSAGE][ashz#3656] {message:"범계에있는 스타벅스",id:"865777225051930685",channel_name:"chat"}
[2021/07/17 11:16:58.430][687188236971671560][event][MESSAGE][ashz#3656] {message:"q square 건뭏",id:"865779081089253416",channel_name:"chat"}
[2021/07/17 11:17:57.829][687188236971671560][event][MESSAGE][thebox#9662] {message:"?",id:"865779330227372042",channel_name:"chat"}
[2021/07/17 11:19:47.800][687188236971671560][event][MESSAGE][thebox#9662] {message:"아직도 못찾음",id:"865779791452962846",channel_name:"chat"}
[2021/07/17 11:19:53.227][687188236971671560][event][MESSAGE][thebox#9662] {message:"더 자세한 설명 부탁",id:"865779813771247617",channel_name:"chat"}
[2021/07/17 13:41:02.523][687188236971671560][event][MESSAGE][혜윤#0606] {message:"zz",id:"865815337077047306",channel_name:"chat"}
[2021/07/17 13:41:14.700][687188236971671560][event][MESSAGE][ashz#3656] {message:"oh hello",id:"865815388176252978",channel_name:"chat"}
[2021/07/17 13:41:31.837][687188236971671560][event][MESSAGE][ashz#3656] {message:"miss.im just going to sleep until my mom goes away",id:"865815459970678834",channel_name:"chat"}
[2021/07/17 13:41:58.834][687188236971671560][event][MESSAGE][ashz#3656] {message:"care to explain where the fuck u went off <:suuure:818739733592014878>",id:"865815572984889385",channel_name:"chat"}
[2021/07/17 13:57:19.336][687188236971671560][event][MESSAGE][혜윤#0606] {message:"I-",id:"865819433720348703",channel_name:"chat"}
[2021/07/17 13:57:29.057][687188236971671560][event][MESSAGE][혜윤#0606] {message:"I was online on my phone",id:"865819474946424862",channel_name:"chat"}
[2021/07/17 13:57:45.915][687188236971671560][event][MESSAGE][혜윤#0606] {message:"But by the time you slept was the time i switch on my pc",id:"865819545649414174",channel_name:"chat"}
[2021/07/17 13:57:49.710][687188236971671560][event][MESSAGE][혜윤#0606] {message:"Sorry :(",id:"865819561106604063",channel_name:"chat"}
[2021/07/17 13:58:00.305][687188236971671560][event][MESSAGE][혜윤#0606] {message:"I was reading webtoon..",id:"865819606001909780",channel_name:"chat"}
[2021/07/17 13:58:04.211][687188236971671560][event][MESSAGE][ashz#3656] {message:":( we waited until 4am bruh",id:"865819622376341534",channel_name:"chat"}
[2021/07/17 13:58:58.287][687188236971671560][event][MESSAGE][혜윤#0606] {message:"Im sorry :(",id:"865819849204039690",channel_name:"chat"}
[2021/07/17 13:59:11.098][687188236971671560][event][MESSAGE][ashz#3656] {message:"xD its fine",id:"865819902917083146",channel_name:"chat"}
[2021/07/17 13:59:12.071][687188236971671560][event][MESSAGE][혜윤#0606] {message:"https://tenor.com/view/sad-pikachu-crying-pokemon-gif-16694846",id:"865819906935357460",channel_name:"chat"}
[2021/07/17 13:59:19.329][687188236971671560][event][MESSAGE][ashz#3656] {message:"u missed about 3 million dollars",id:"865819937465171978",channel_name:"chat"}
[2021/07/17 13:59:23.120][687188236971671560][event][MESSAGE][ashz#3656] {message:"so its all on u",id:"865819953290149908",channel_name:"chat"}
[2021/07/17 13:59:24.389][687188236971671560][event][MESSAGE][혜윤#0606] {message:"Fk",id:"865819958612066324",channel_name:"chat"}
[2021/07/17 13:59:29.157][687188236971671560][event][MESSAGE][ashz#3656] {message:"<:pepelaugh:760600104242774066>",id:"865819978682728478",channel_name:"chat"}
[2021/07/17 14:01:55.356][687188236971671560][event][MESSAGE][혜윤#0606] {message:"Brb",id:"865820591797043251",channel_name:"chat"}
[2021/07/17 14:01:57.592][687188236971671560][event][MESSAGE][혜윤#0606] {message:"I gotta stream",id:"865820601229901854",channel_name:"chat"}
[2021/07/17 18:41:17.418][687188236971671560][event][MESSAGE][양 진#4848] {message:"오늘",id:"865890896914153503",channel_name:"chat"}
[2021/07/17 18:41:19.336][687188236971671560][event][MESSAGE][양 진#4848] {message:"게임 못해요",id:"865890904916230155",channel_name:"chat"}
[2021/07/17 18:41:24.639][687188236971671560][event][MESSAGE][양 진#4848] {message:"게임 하는거 제가 하는것도 아니고",id:"865890927300837426",channel_name:"chat"}
[2021/07/17 19:26:51.812][687188236971671560][event][MESSAGE][혜윤#0606] {message:"6 hours streaming and talking my god",id:"865902365872750602",channel_name:"chat"}
[2021/07/17 19:26:54.538][687188236971671560][event][MESSAGE][혜윤#0606] {message:"dead",id:"865902377332506624",channel_name:"chat"}
[2021/07/17 19:39:44.352][687188236971671560][event][MESSAGE][ashz#3656] {message:"thaats normal usually",id:"865905606002081823",channel_name:"chat"}
[2021/07/17 20:50:58.441][687188236971671560][event][MESSAGE_DELETE][양 진#4848] {message:"게임 못해요",id:"865890904916230155",channel_name:"chat"}
[2021/07/17 20:50:59.478][687188236971671560][event][MESSAGE_DELETE][양 진#4848] {message:"게임 하는거 제가 하는것도 아니고",id:"865890927300837426",channel_name:"chat"}
[2021/07/17 20:51:02.048][687188236971671560][event][MESSAGE_DELETE][양 진#4848] {message:"오늘",id:"865890896914153503",channel_name:"chat"}
[2021/07/17 22:01:19.919][687188236971671560][event][MESSAGE][양 진#4848] {message:"<@!207597209611403264> 집왔으요",id:"865941239177412638",channel_name:"chat"}
[2021/07/17 22:06:34.088][687188236971671560][event][MESSAGE][ashz#3656] {message:"겜 ㄱㄱ",id:"865942556905570334",channel_name:"chat"}
[2021/07/17 22:09:33.264][687188236971671560][event][MESSAGE][양 진#4848] {message:"디코 ㄱㄱ",id:"865943308210929675",channel_name:"chat"}
[2021/07/17 22:09:56.337][687188236971671560][event][MESSAGE][ashz#3656] {message:"잠만",id:"865943405136838656",channel_name:"chat"}
[2021/07/17 22:09:58.001][687188236971671560][event][MESSAGE][ashz#3656] {message:"2분만",id:"865943412133855252",channel_name:"chat"}
[2021/07/17 22:26:13.483][687188236971671560][event][MESSAGE][양 진#4848] {message:"잠시",id:"865947503386820609",channel_name:"chat"}
[2021/07/17 22:26:14.626][687188236971671560][event][MESSAGE][양 진#4848] {message:"일있어서",id:"865947508407533588",channel_name:"chat"}
[2021/07/17 22:26:15.834][687188236971671560][event][MESSAGE][양 진#4848] {message:"wait",id:"865947513323913267",channel_name:"chat"}
[2021/07/17 22:39:32.911][687188236971671560][event][MESSAGE][ashz#3656] {message:"<@!328107003492696065>",id:"865950856674803712",channel_name:"chat"}
[2021/07/17 22:39:37.917][687188236971671560][event][MESSAGE][ashz#3656] {message:"no gta tonight?",id:"865950877658644510",channel_name:"chat"}
[2021/07/17 23:04:55.100][687188236971671560][event][MESSAGE][conner#2879] {message:"ㅇㅇ",id:"865957241142902825",channel_name:"chat"}
[2021/07/17 23:05:07.350][687188236971671560][event][MESSAGE][양 진#4848] {message:"star gogo?",id:"865957292531515392",channel_name:"chat"}
[2021/07/17 23:05:15.721][687188236971671560][event][MESSAGE][ashz#3656] {message:"sigh",id:"865957327185772575",channel_name:"chat"}
[2021/07/17 23:05:19.834][687188236971671560][event][MESSAGE][ashz#3656] {message:"ignore this idiot",id:"865957344801718272",channel_name:"chat"}
[2021/07/17 23:05:33.441][687188236971671560][event][MESSAGE][conner#2879] {message:"o.O",id:"865957401965494292",channel_name:"chat"}
[2021/07/17 23:06:28.256][687188236971671560][event][MESSAGE][ashz#3656] {message:"https://www.youtube.com/watch?v=eRraJkqsWNk&list=WL&index=35",id:"865957631558156290",channel_name:"chat"}
[2021/07/17 23:53:56.988][687188236971671560][event][MESSAGE][혜윤#0606] {message:"you guys star craft?",id:"865969580350111765",channel_name:"chat"}
[2021/07/17 23:54:05.315][687188236971671560][event][MESSAGE][ashz#3656] {message:"yeeeea...",id:"865969615226142781",channel_name:"chat"}
[2021/07/17 23:54:19.317][687188236971671560][event][MESSAGE][ashz#3656] {message:"ur welcome to join",id:"865969674012590150",channel_name:"chat"}
[2021/07/17 23:54:26.532][687188236971671560][event][MESSAGE][ashz#3656] {message:"<a:PI_PikaPls:703853266135547944>",id:"865969704261648394",channel_name:"chat"}
[2021/07/17 23:57:29.211][687188236971671560][event][MESSAGE][혜윤#0606] {message:"Hmm",id:"865970470414975007",channel_name:"chat"}
[2021/07/17 23:57:41.902][687188236971671560][event][MESSAGE][ashz#3656] {message:"<a:pikaaa:749885627364802590>",id:"865970523706753044",channel_name:"chat"}
[2021/07/17 23:58:19.124][687188236971671560][event][MESSAGE][혜윤#0606] {message:"Omg..its so cute..",id:"865970679425138740",channel_name:"chat"}
[2021/07/17 23:58:37.454][687188236971671560][event][MESSAGE][ashz#3656] {message:"more the reason to join....?",id:"865970756722753546",channel_name:"chat"}
[2021/07/17 23:58:37.942][687188236971671560][event][MESSAGE][혜윤#0606] {message:"I just wanna squeeze the cheeks...",id:"865970758768394260",channel_name:"chat"}
