[2021/08/08 00:14:22.915][687188236971671560][TB][NEXT_AUTO_QUEUE] Playing next track. Playing received data track. {index:"0",length:"239",volume:"7",url:"https://www.youtube.com/watch?v=N6ElB8ysTXM"}
[2021/08/08 00:18:23.800][687188236971671560][TB][NEXT_AUTO_QUEUE] Playing next track. Playing received data track. {index:"1",length:"267",volume:"7",url:"https://www.youtube.com/watch?v=fmFxc8jpiNs"}
[2021/08/08 00:22:51.720][687188236971671560][TB][NEXT_AUTO_QUEUE] Playing next track. Playing received data track. {index:"2",length:"3830",volume:"7",url:"https://www.youtube.com/watch?v=pVPV86GKsJA"}
[2021/08/08 00:59:05.614][687188236971671560][event][MESSAGE][진우박#3853] {message:"<@!745951577025675274>",id:"873596119442149396",channel_name:"chat"}
[2021/08/08 00:59:07.327][687188236971671560][event][MESSAGE][진우박#3853] {message:"?",id:"873596126283067474",channel_name:"chat"}
[2021/08/08 00:59:11.784][687188236971671560][event][MESSAGE][진우박#3853] {message:"양진 쳤는데 왜 영진됨",id:"873596145237110794",channel_name:"chat"}
[2021/08/08 00:59:22.171][687188236971671560][event][MESSAGE][진우박#3853] {message:"<@!745951577025675274>",id:"873596188379725909",channel_name:"chat"}
[2021/08/08 00:59:27.211][687188236971671560][event][MESSAGE][진우박#3853] {message:"개얶까",id:"873596210001358898",channel_name:"chat"}
[2021/08/08 01:01:19.580][687188236971671560][event][MESSAGE][양 진#4848] {message:"감",id:"873596681042661377",channel_name:"chat"}
[2021/08/08 01:01:23.779][687188236971671560][event][MESSAGE][양 진#4848] {message:"ㄱㄷ",id:"873596698973335562",channel_name:"chat"}
[2021/08/08 01:08:42.446][687188236971671560][event][MESSAGE][chloe5325#1260] {message:"저 이제 말 못함 ㅋ",id:"873598538657980487",channel_name:"chat"}
[2021/08/08 01:08:48.402][687188236971671560][event][MESSAGE][chloe5325#1260] {message:"룰루랄라",id:"873598563815424030",channel_name:"chat"}
[2021/08/08 01:08:52.113][687188236971671560][event][MESSAGE][chloe5325#1260] {message:"???",id:"873598579384656002",channel_name:"chat"}
[2021/08/08 01:09:31.878][687188236971671560][event][MESSAGE][chloe5325#1260] {message:"ㅋㅋㅋㅋㅋㅋㅋㅋㅋㅋㅋ",id:"873598746217316352",channel_name:"chat"}
[2021/08/08 01:09:39.848][687188236971671560][event][MESSAGE][chloe5325#1260] {message:"저도 형님의 오른팔이기 때문에",id:"873598779612352542",channel_name:"chat"}
[2021/08/08 01:09:42.202][687188236971671560][event][MESSAGE][chloe5325#1260] {message:"내일은",id:"873598789255061566",channel_name:"chat"}
[2021/08/08 01:09:57.016][687188236971671560][event][MESSAGE][진우박#3853] {message:"ㅋㅋㅋㅋㅋㅋㅋㅋㅋㅋㅋ",id:"873598851209134111",channel_name:"chat"}
[2021/08/08 01:10:19.961][687188236971671560][event][MESSAGE][chloe5325#1260] {message:"ㅋㅋㅋㅋㅋㅋㅋㅋㅋㅋ",id:"873598947824914432",channel_name:"chat"}
[2021/08/08 01:11:52.579][687188236971671560][event][MESSAGE][chloe5325#1260] {message:"아 밟지마",id:"873599336330694696",channel_name:"chat"}
[2021/08/08 01:11:55.951][687188236971671560][event][MESSAGE][chloe5325#1260] {message:"ㅡㅡ",id:"873599350494887996",channel_name:"chat"}
[2021/08/08 01:16:40.943][687188236971671560][event][MESSAGE][chloe5325#1260] {message:"30초만 기달",id:"873600545749884958",channel_name:"chat"}
[2021/08/08 01:21:56.647][687188236971671560][event][MESSAGE][chloe5325#1260] {message:"이건 아니지",id:"873601869874884669",channel_name:"chat"}
[2021/08/08 01:24:59.309][687188236971671560][event][MESSAGE][chloe5325#1260] {message:"아니 처음에 회색만 아니였으면",id:"873602636111310919",channel_name:"chat"}
[2021/08/08 01:26:42.280][687188236971671560][TB][NEXT_AUTO_QUEUE] Playing next track. Playing received data track. {index:"0",length:"239",volume:"7",url:"https://www.youtube.com/watch?v=N6ElB8ysTXM"}
[2021/08/08 01:27:24.791][687188236971671560][event][MESSAGE][chloe5325#1260] {message:"아니 여러분?",id:"873603246294450236",channel_name:"chat"}
[2021/08/08 01:27:29.790][687188236971671560][event][MESSAGE][chloe5325#1260] {message:"자기 선을 지킵시다",id:"873603266880090144",channel_name:"chat"}
[2021/08/08 01:27:33.426][687188236971671560][event][MESSAGE][chloe5325#1260] {message:"선 넘지 맙시다",id:"873603282256404511",channel_name:"chat"}
[2021/08/08 01:29:36.089][687188236971671560][event][MESSAGE][chloe5325#1260] {message:"왜 밟아..",id:"873603796608114690",channel_name:"chat"}
[2021/08/08 01:30:14.257][687188236971671560][event][MESSAGE][chloe5325#1260] {message:"지송",id:"873603956834725918",channel_name:"chat"}
[2021/08/08 01:30:42.450][687188236971671560][TB][NEXT_AUTO_QUEUE] Playing next track. Playing received data track. {index:"1",length:"267",volume:"7",url:"https://www.youtube.com/watch?v=fmFxc8jpiNs"}
[2021/08/08 01:35:10.443][687188236971671560][TB][NEXT_AUTO_QUEUE] Playing next track. Playing received data track. {index:"2",length:"3830",volume:"7",url:"https://www.youtube.com/watch?v=pVPV86GKsJA"}
[2021/08/08 01:36:45.204][687188236971671560][event][MESSAGE][chloe5325#1260] {message:"그게 뭐여",id:"873605596803391518",channel_name:"chat"}
[2021/08/08 01:37:16.599][687188236971671560][event][MESSAGE][chloe5325#1260] {message:"뭔지 모르는디",id:"873605728546459768",channel_name:"chat"}
[2021/08/08 01:37:22.279][687188236971671560][event][MESSAGE][ashz#3656] {message:"https://www.youtube.com/watch?v=zblCNaxkdoQ",id:"873605752294621194",channel_name:"chat"}
[2021/08/08 01:37:53.290][687188236971671560][event][MESSAGE][ashz#3656] {message:"https://www.youtube.com/watch?v=27G5Ws3wsS4",id:"873605882188029993",channel_name:"chat"}
[2021/08/08 01:39:43.485][687188236971671560][event][MESSAGE][chloe5325#1260] {message:"폴가이즈 얼마더라",id:"873606344505167903",channel_name:"chat"}
[2021/08/08 01:39:54.929][687188236971671560][event][MESSAGE][chloe5325#1260] {message:"아직도 2만이야?",id:"873606392639000576",channel_name:"chat"}
[2021/08/08 01:39:59.729][687188236971671560][event][MESSAGE][chloe5325#1260] {message:"쩝..",id:"873606412406784073",channel_name:"chat"}
[2021/08/08 01:40:33.197][687188236971671560][event][MESSAGE][chloe5325#1260] {message:"ㅡㅡ?",id:"873606552773328927",channel_name:"chat"}
[2021/08/08 01:40:40.635][687188236971671560][event][MESSAGE][chloe5325#1260] {message:"근데 스타가 뭔 겜인데",id:"873606584318713926",channel_name:"chat"}
[2021/08/08 01:40:47.335][687188236971671560][event][MESSAGE][양 진#4848] {message:"종합미니게임?",id:"873606612009484321",channel_name:"chat"}
[2021/08/08 01:41:09.968][687188236971671560][event][MESSAGE][chloe5325#1260] {message:"아 귀찮은데",id:"873606707232780288",channel_name:"chat"}
[2021/08/08 01:41:15.451][687188236971671560][event][MESSAGE][양 진#4848] {message:"이거 한번 빠지면",id:"873606730263691284",channel_name:"chat"}
[2021/08/08 01:41:16.549][687188236971671560][event][MESSAGE][양 진#4848] {message:"중독됨",id:"873606734948745236",channel_name:"chat"}
[2021/08/08 01:41:21.927][687188236971671560][event][MESSAGE][양 진#4848] {message:"랜타디의",id:"873606757509902336",channel_name:"chat"}
[2021/08/08 01:41:23.032][687188236971671560][event][MESSAGE][양 진#4848] {message:"뽕맛에",id:"873606762031382648",channel_name:"chat"}
[2021/08/08 01:41:26.944][687188236971671560][event][MESSAGE][chloe5325#1260] {message:"어디에서 깔아?",id:"873606778569506886",channel_name:"chat"}
[2021/08/08 01:45:47.793][687188236971671560][event][MESSAGE][chloe5325#1260] {message:"저는 털털하기 때문에",id:"873607872326545489",channel_name:"chat"}
[2021/08/08 01:47:28.531][687188236971671560][event][MESSAGE][chloe5325#1260] {message:"음",id:"873608295137558528",channel_name:"chat"}
[2021/08/08 01:47:32.400][687188236971671560][event][MESSAGE][chloe5325#1260] {message:"으음",id:"873608311277223966",channel_name:"chat"}
[2021/08/08 01:56:10.098][687188236971671560][event][MESSAGE][chloe5325#1260] {message:"신청곡 받",id:"873610482773282866",channel_name:"chat"}
[2021/08/08 01:56:14.074][687188236971671560][event][MESSAGE][chloe5325#1260] {message:"ㅋㅋㅋㅋㅋㅋㅋㅋㅋㅋㅋㅋㅋㅋㅋㅋ",id:"873610499428851762",channel_name:"chat"}
[2021/08/08 01:56:20.760][687188236971671560][event][MESSAGE][chloe5325#1260] {message:"이거 일부로 1시간짜리",id:"873610527279042561",channel_name:"chat"}
[2021/08/08 01:56:22.437][687188236971671560][event][MESSAGE][chloe5325#1260] {message:"ㅎㅎㅎ",id:"873610534463868939",channel_name:"chat"}
[2021/08/08 01:56:27.725][687188236971671560][event][MESSAGE][chloe5325#1260] {message:"신청곡",id:"873610556664348712",channel_name:"chat"}
[2021/08/08 01:56:29.133][687188236971671560][event][MESSAGE][chloe5325#1260] {message:"신나는거",id:"873610562599276544",channel_name:"chat"}
[2021/08/08 01:56:32.558][687188236971671560][event][MESSAGE][chloe5325#1260] {message:"뭐있을까",id:"873610576989945866",channel_name:"chat"}
[2021/08/08 01:56:34.974][687188236971671560][event][MESSAGE][chloe5325#1260] {message:"방탄 어떰",id:"873610587089797151",channel_name:"chat"}
[2021/08/08 01:56:36.707][687188236971671560][event][MESSAGE][chloe5325#1260] {message:"어떄",id:"873610594400493578",channel_name:"chat"}
[2021/08/08 01:56:37.674][687188236971671560][event][MESSAGE][chloe5325#1260] {message:"어때",id:"873610598401843200",channel_name:"chat"}
[2021/08/08 01:56:39.482][687188236971671560][event][MESSAGE][chloe5325#1260] {message:"ㅎㅎㅎ",id:"873610606018711572",channel_name:"chat"}
[2021/08/08 01:56:40.129][687188236971671560][event][MESSAGE][chloe5325#1260] {message:"어때",id:"873610608749207622",channel_name:"chat"}
[2021/08/08 01:56:41.368][687188236971671560][event][MESSAGE][chloe5325#1260] {message:"ㅎㅎㅎ",id:"873610613547479072",channel_name:"chat"}
[2021/08/08 01:56:44.429][687188236971671560][event][MESSAGE][chloe5325#1260] {message:"ㅋㅋㅋㅋㅋㅋㅋㅋㅋㅋㅋㅋㅋㅋㅋ",id:"873610626344296469",channel_name:"chat"}
[2021/08/08 01:56:46.997][687188236971671560][event][MESSAGE][chloe5325#1260] {message:"아 ㅈㅅ",id:"873610637450825768",channel_name:"chat"}
[2021/08/08 01:56:50.703][687188236971671560][event][MESSAGE][chloe5325#1260] {message:"아",id:"873610653108166696",channel_name:"chat"}
[2021/08/08 01:56:51.944][687188236971671560][event][MESSAGE][chloe5325#1260] {message:"신청곡",id:"873610657948401715",channel_name:"chat"}
[2021/08/08 01:56:53.447][687188236971671560][event][MESSAGE][chloe5325#1260] {message:"받아요",id:"873610664290160701",channel_name:"chat"}
[2021/08/08 01:56:53.969][687188236971671560][event][MESSAGE][chloe5325#1260] {message:"ㅎㅎ",id:"873610666634788885",channel_name:"chat"}
[2021/08/08 01:56:58.995][687188236971671560][event][MESSAGE][chloe5325#1260] {message:"ㅋㅋㅋㅋㅋㅋㅋ",id:"873610687874727946",channel_name:"chat"}
[2021/08/08 01:57:10.356][687188236971671560][event][MESSAGE][chloe5325#1260] {message:"음",id:"873610735509467136",channel_name:"chat"}
[2021/08/08 01:57:12.085][687188236971671560][event][MESSAGE][chloe5325#1260] {message:"으음",id:"873610742773993552",channel_name:"chat"}
[2021/08/08 01:57:15.218][687188236971671560][event][MESSAGE][chloe5325#1260] {message:"어떤 장르",id:"873610755482714163",channel_name:"chat"}
[2021/08/08 01:57:19.239][687188236971671560][event][MESSAGE][chloe5325#1260] {message:"원하시니까",id:"873610772519977011",channel_name:"chat"}
[2021/08/08 01:57:22.753][687188236971671560][event][MESSAGE][chloe5325#1260] {message:"ㅋㅋㅋㅋㅋㅋㅋㅋㅋㅋㅋㅋㅋㅋㅋㅋㅋㅋㅋㅋㅋㅋㅋㅋㅋㅋㅋㅋㅋㅋㅋㅋㅋㅋㅋㅋㅋㅋ",id:"873610787434954752",channel_name:"chat"}
[2021/08/08 01:57:24.356][687188236971671560][event][MESSAGE][chloe5325#1260] {message:"아",id:"873610793688653875",channel_name:"chat"}
[2021/08/08 01:57:26.750][687188236971671560][event][MESSAGE][chloe5325#1260] {message:"ㅋㅋㅋㅋㅋㅋㅋㅋㅋㅋㅋㅋㅋㅋㅋ",id:"873610804136644649",channel_name:"chat"}
[2021/08/08 01:57:29.425][687188236971671560][event][MESSAGE][chloe5325#1260] {message:"아앟",id:"873610815490637894",channel_name:"chat"}
[2021/08/08 01:57:31.803][687188236971671560][event][MESSAGE][chloe5325#1260] {message:"그거",id:"873610825506639873",channel_name:"chat"}
[2021/08/08 01:57:33.793][687188236971671560][event][MESSAGE][chloe5325#1260] {message:"ㅋㅋㅋㅋㅋㅋㅋㅋㅋㅋㅋㅋ",id:"873610833840705576",channel_name:"chat"}
[2021/08/08 01:57:40.333][687188236971671560][event][MESSAGE][chloe5325#1260] {message:"ㅋㅋㅋㅋㅋㅋㅋㅋㅋㅋㅋㅋㅋㅋㅋㅋㅋㅋㅋㅋ",id:"873610861070127187",channel_name:"chat"}
[2021/08/08 01:57:44.870][687188236971671560][event][MESSAGE][chloe5325#1260] {message:"상당히 추억이네요",id:"873610880305201172",channel_name:"chat"}
[2021/08/08 01:57:49.008][687188236971671560][event][MESSAGE][chloe5325#1260] {message:"발라드 들을까요",id:"873610897644478494",channel_name:"chat"}
[2021/08/08 01:57:52.078][687188236971671560][event][MESSAGE][chloe5325#1260] {message:"새벽 갬성",id:"873610910210613269",channel_name:"chat"}
[2021/08/08 01:57:59.397][687188236971671560][event][MESSAGE][chloe5325#1260] {message:"쌀근이형",id:"873610941135204382",channel_name:"chat"}
[2021/08/08 01:58:01.404][687188236971671560][event][MESSAGE][chloe5325#1260] {message:"어떰",id:"873610949645447188",channel_name:"chat"}
[2021/08/08 01:58:05.306][687188236971671560][event][MESSAGE][chloe5325#1260] {message:"ㅎㅎㅎ",id:"873610965588008991",channel_name:"chat"}
[2021/08/08 01:58:06.915][687188236971671560][event][MESSAGE][chloe5325#1260] {message:"^^",id:"873610972735094864",channel_name:"chat"}
[2021/08/08 01:58:15.155][687188236971671560][event][MESSAGE][chloe5325#1260] {message:"ㅋㅋㅋㅋㅋㅋㅋㅋㅋㅋㅋㅋㅋ",id:"873611007308750898",channel_name:"chat"}
[2021/08/08 01:58:17.505][687188236971671560][event][MESSAGE][chloe5325#1260] {message:"^^",id:"873611016875946055",channel_name:"chat"}
[2021/08/08 01:58:24.186][687188236971671560][event][MESSAGE][chloe5325#1260] {message:"일단 선택지를 주겟슴다",id:"873611044772261949",channel_name:"chat"}
[2021/08/08 01:58:25.471][687188236971671560][event][MESSAGE][chloe5325#1260] {message:"ㄱㄷ",id:"873611050543624222",channel_name:"chat"}
[2021/08/08 01:59:55.551][687188236971671560][event][MESSAGE][chloe5325#1260] {message:".play https://youtu.be/DhMLZlq_8gE",id:"873611428404285491",channel_name:"chat"}
[2021/08/08 01:59:55.893][687188236971671560][event][MESSAGE_DELETE][chloe5325#1260] {message:".play https://youtu.be/DhMLZlq_8gE",id:"873611428404285491",channel_name:"chat"}
[2021/08/08 01:59:56.585][687188236971671560][command][PLAY_SUCCESS][chloe5325#1260][873611428404285491] Overriding current track. Playing received data track. {receivedArgument:".play https://youtu.be/DhMLZlq_8gE",index:"3",length:"267",volume:"7",url:"https://www.youtube.com/watch?v=DhMLZlq_8gE"}
[2021/08/08 02:00:03.469][687188236971671560][event][MESSAGE][chloe5325#1260] {message:"zzzzzzzzzzzzzz",id:"873611461107253319",channel_name:"chat"}
[2021/08/08 02:00:06.092][687188236971671560][event][MESSAGE][chloe5325#1260] {message:"이걸 들키네",id:"873611472444465153",channel_name:"chat"}
[2021/08/08 02:00:07.595][687188236971671560][event][MESSAGE][chloe5325#1260] {message:"ㅋㅋㅋㅋㅋㅋㅋㅋㅋㅋㅋㅋㅋㅋㅋㅋ",id:"873611478312312892",channel_name:"chat"}
[2021/08/08 02:00:10.166][687188236971671560][event][MESSAGE][chloe5325#1260] {message:"ㅋㅋㅋㅋㅋㅋㅋㅋㅋㅋㅋㅋㅋㅋㅋㅋㅋㅋㅋㅋ",id:"873611489649512519",channel_name:"chat"}
[2021/08/08 02:00:14.289][687188236971671560][event][MESSAGE][chloe5325#1260] {message:"ㅋㅋㅋㅋㅋㅋㅋㅋㅋㅋ",id:"873611506925850684",channel_name:"chat"}
[2021/08/08 02:00:18.105][687188236971671560][event][MESSAGE][chloe5325#1260] {message:"ㅋㅋㅋㅋㅋㅋㅋㅋㅋㅋㅋㅋㅋㅋㅋㅋㅋ",id:"873611523023597619",channel_name:"chat"}
[2021/08/08 02:00:21.686][687188236971671560][event][MESSAGE][chloe5325#1260] {message:"이걸 왜 들키지",id:"873611537573638215",channel_name:"chat"}
[2021/08/08 02:00:23.558][687188236971671560][event][MESSAGE][chloe5325#1260] {message:"ㅋㅋㅋㅋㅋㅋㅋㅋㅋㅋㅋㅋㅋ",id:"873611545760895016",channel_name:"chat"}
[2021/08/08 02:00:26.875][687188236971671560][event][MESSAGE][chloe5325#1260] {message:"ㅋㅋㅋㅋㅋㅋㅋㅋㅋㅋㅋㅋㅋㅋㅋㅋㅋㅋㅋㅋ",id:"873611559748923413",channel_name:"chat"}
[2021/08/08 02:00:31.425][687188236971671560][event][MESSAGE][chloe5325#1260] {message:"지송",id:"873611578820419635",channel_name:"chat"}
[2021/08/08 02:00:32.203][687188236971671560][event][MESSAGE][chloe5325#1260] {message:"ㅎㅎ",id:"873611582112923749",channel_name:"chat"}
[2021/08/08 02:00:33.462][687188236971671560][event][MESSAGE][chloe5325#1260] {message:"ㅎㅎㅎㅎㅎ",id:"873611587427119144",channel_name:"chat"}
[2021/08/08 02:00:37.644][687188236971671560][event][MESSAGE][chloe5325#1260] {message:"^^^",id:"873611604837679124",channel_name:"chat"}
[2021/08/08 02:00:39.766][687188236971671560][event][MESSAGE][chloe5325#1260] {message:"웃음좌",id:"873611613805101067",channel_name:"chat"}
[2021/08/08 02:00:41.691][687188236971671560][event][MESSAGE][chloe5325#1260] {message:"^^",id:"873611621921079346",channel_name:"chat"}
[2021/08/08 02:01:33.445][687188236971671560][event][MESSAGE][chloe5325#1260] {message:"이거 뭐냐",id:"873611838980513842",channel_name:"chat"}
[2021/08/08 02:01:34.522][687188236971671560][event][MESSAGE][chloe5325#1260] {message:"저거",id:"873611843510370344",channel_name:"chat"}
[2021/08/08 02:01:38.014][687188236971671560][event][MESSAGE][chloe5325#1260] {message:"노래",id:"873611858177851392",channel_name:"chat"}
[2021/08/08 02:01:39.185][687188236971671560][event][MESSAGE][chloe5325#1260] {message:"다음곡",id:"873611862942564392",channel_name:"chat"}
[2021/08/08 02:01:41.178][687188236971671560][event][MESSAGE][chloe5325#1260] {message:"^^",id:"873611871444430858",channel_name:"chat"}
[2021/08/08 02:02:41.529][687188236971671560][event][MESSAGE][chloe5325#1260] {message:"실시간으로 틀어드림^^",id:"873612124562260039",channel_name:"chat"}
[2021/08/08 02:03:41.581][687188236971671560][event][MESSAGE][chloe5325#1260] {message:"?",id:"873612376241471498",channel_name:"chat"}
[2021/08/08 02:03:45.372][687188236971671560][event][MESSAGE][chloe5325#1260] {message:"무슨일 있었어?",id:"873612392221777930",channel_name:"chat"}
[2021/08/08 02:03:49.378][687188236971671560][event][MESSAGE][chloe5325#1260] {message:"???",id:"873612408881573939",channel_name:"chat"}
[2021/08/08 02:03:50.773][687188236971671560][event][MESSAGE][chloe5325#1260] {message:"무슨 계정",id:"873612414988460072",channel_name:"chat"}
[2021/08/08 02:04:05.611][687188236971671560][event][MESSAGE][chloe5325#1260] {message:".play https://youtu.be/35wr3KTV47s",id:"873612476938346569",channel_name:"chat"}
[2021/08/08 02:04:05.853][687188236971671560][event][MESSAGE_DELETE][chloe5325#1260] {message:".play https://youtu.be/35wr3KTV47s",id:"873612476938346569",channel_name:"chat"}
[2021/08/08 02:04:06.766][687188236971671560][command][PLAY_SUCCESS][chloe5325#1260][873612476938346569] Overriding current track. Playing received data track. {receivedArgument:".play https://youtu.be/35wr3KTV47s",index:"4",length:"251",volume:"7",url:"https://www.youtube.com/watch?v=35wr3KTV47s"}
[2021/08/08 02:04:09.880][687188236971671560][event][MESSAGE][chloe5325#1260] {message:"블리자드?",id:"873612494856421376",channel_name:"chat"}
[2021/08/08 02:04:11.729][687188236971671560][event][MESSAGE][chloe5325#1260] {message:"한적이 있나",id:"873612502527791145",channel_name:"chat"}
[2021/08/08 02:04:29.270][687188236971671560][event][MESSAGE][chloe5325#1260] {message:"이거 커버 미쳤어",id:"873612576288800798",channel_name:"chat"}
[2021/08/08 02:04:33.307][687188236971671560][event][MESSAGE][chloe5325#1260] {message:"ㅎㅎㅎㅎ",id:"873612593057660989",channel_name:"chat"}
[2021/08/08 02:04:42.695][687188236971671560][event][MESSAGE][chloe5325#1260] {message:"ㅋㅋㅋㅋㅋㅋㅋㅋㅋㅋㅋㅋㅋ",id:"873612632651874354",channel_name:"chat"}
[2021/08/08 02:04:59.427][687188236971671560][event][MESSAGE][chloe5325#1260] {message:"노래 어떰",id:"873612702843568138",channel_name:"chat"}
[2021/08/08 02:05:00.616][687188236971671560][event][MESSAGE][chloe5325#1260] {message:"어떄",id:"873612707914448987",channel_name:"chat"}
[2021/08/08 02:05:01.444][687188236971671560][event][MESSAGE][chloe5325#1260] {message:"어때",id:"873612711353810995",channel_name:"chat"}
[2021/08/08 02:05:02.653][687188236971671560][event][MESSAGE][chloe5325#1260] {message:"어때",id:"873612716487634984",channel_name:"chat"}
[2021/08/08 02:05:05.175][687188236971671560][event][MESSAGE][chloe5325#1260] {message:"어떰",id:"873612727061463050",channel_name:"chat"}
[2021/08/08 02:05:06.510][687188236971671560][event][MESSAGE][chloe5325#1260] {message:"노래",id:"873612732568592405",channel_name:"chat"}
[2021/08/08 02:05:07.733][687188236971671560][event][MESSAGE][chloe5325#1260] {message:"어떠",id:"873612737769529384",channel_name:"chat"}
[2021/08/08 02:05:13.397][687188236971671560][event][MESSAGE][chloe5325#1260] {message:"노래 어떰",id:"873612761391845397",channel_name:"chat"}
[2021/08/08 02:05:15.813][687188236971671560][event][MESSAGE][chloe5325#1260] {message:"어떠",id:"873612771563020338",channel_name:"chat"}
[2021/08/08 02:05:17.430][687188236971671560][event][MESSAGE][chloe5325#1260] {message:"어떰",id:"873612778458464256",channel_name:"chat"}
[2021/08/08 02:05:18.529][687188236971671560][event][MESSAGE][chloe5325#1260] {message:"노래",id:"873612782665343007",channel_name:"chat"}
[2021/08/08 02:05:20.203][687188236971671560][event][MESSAGE][chloe5325#1260] {message:"놰래애내래ㅐㄴ",id:"873612789959233568",channel_name:"chat"}
[2021/08/08 02:05:21.972][687188236971671560][event][MESSAGE][chloe5325#1260] {message:"뇅뢘애뢔냉ㄹㄴ",id:"873612797504794654",channel_name:"chat"}
[2021/08/08 02:05:52.014][687188236971671560][event][MESSAGE][chloe5325#1260] {message:"전상근 노래인데",id:"873612923405209630",channel_name:"chat"}
[2021/08/08 02:05:53.118][687188236971671560][event][MESSAGE][chloe5325#1260] {message:"커버한거",id:"873612928161566760",channel_name:"chat"}
[2021/08/08 02:06:37.285][687188236971671560][event][MESSAGE][chloe5325#1260] {message:"음",id:"873613113386205194",channel_name:"chat"}
[2021/08/08 02:08:17.909][687188236971671560][TB][NEXT_AUTO_QUEUE] Playing next track. Playing received data track. {index:"0",length:"239",volume:"7",url:"https://www.youtube.com/watch?v=N6ElB8ysTXM"}
[2021/08/08 02:09:04.576][687188236971671560][event][MESSAGE][chloe5325#1260] {message:"???",id:"873613731161059368",channel_name:"chat"}
[2021/08/08 02:27:27.007][687188236971671560][event][MESSAGE][chloe5325#1260] {message:"스토리 건너뛰기",id:"873618355112792095",channel_name:"chat"}
[2021/08/08 02:27:29.167][687188236971671560][event][MESSAGE][chloe5325#1260] {message:"못하?",id:"873618364185067551",channel_name:"chat"}
[2021/08/08 02:27:32.754][687188236971671560][event][MESSAGE][chloe5325#1260] {message:"못하?",id:"873618378793820162",channel_name:"chat"}
[2021/08/08 02:27:38.629][687188236971671560][event][MESSAGE][chloe5325#1260] {message:"못함?",id:"873618403619926088",channel_name:"chat"}
[2021/08/08 02:27:39.581][687188236971671560][event][MESSAGE][chloe5325#1260] {message:"ㅁ솜너",id:"873618407835205682",channel_name:"chat"}
[2021/08/08 02:27:40.849][687188236971671560][event][MESSAGE][chloe5325#1260] {message:"?",id:"873618412822229043",channel_name:"chat"}
[2021/08/08 02:27:43.447][687188236971671560][event][MESSAGE][진우박#3853] {message:"ㅋㅋ",id:"873618424000036924",channel_name:"chat"}
[2021/08/08 02:27:45.855][687188236971671560][event][MESSAGE][chloe5325#1260] {message:"아",id:"873618433709834251",channel_name:"chat"}
[2021/08/08 02:27:48.060][687188236971671560][event][MESSAGE][chloe5325#1260] {message:"몸ㅅ하냐고",id:"873618443000217631",channel_name:"chat"}
[2021/08/08 02:27:49.247][687188236971671560][event][MESSAGE][chloe5325#1260] {message:"못해?",id:"873618448280862770",channel_name:"chat"}
[2021/08/08 02:27:50.257][687188236971671560][event][MESSAGE][chloe5325#1260] {message:"모샣",id:"873618452584202240",channel_name:"chat"}
[2021/08/08 02:27:52.689][687188236971671560][event][MESSAGE][chloe5325#1260] {message:"못햄?",id:"873618462612803636",channel_name:"chat"}
[2021/08/08 02:27:53.767][687188236971671560][event][MESSAGE][chloe5325#1260] {message:"못함?",id:"873618467331383356",channel_name:"chat"}
[2021/08/08 02:27:54.885][687188236971671560][event][MESSAGE][chloe5325#1260] {message:"저기요",id:"873618471873826827",channel_name:"chat"}
[2021/08/08 02:27:56.766][687188236971671560][event][MESSAGE][진우박#3853] {message:"찾아봐",id:"873618479914287194",channel_name:"chat"}
[2021/08/08 02:27:57.194][687188236971671560][event][MESSAGE][chloe5325#1260] {message:"헤이",id:"873618481730424892",channel_name:"chat"}
[2021/08/08 02:27:59.307][687188236971671560][event][MESSAGE][chloe5325#1260] {message:"제가 안보이시나",id:"873618490291007530",channel_name:"chat"}
[2021/08/08 02:28:01.092][687188236971671560][event][MESSAGE][chloe5325#1260] {message:"저기요",id:"873618498088210452",channel_name:"chat"}
[2021/08/08 02:28:03.550][687188236971671560][event][MESSAGE][chloe5325#1260] {message:"ㅡㅡ",id:"873618508129390663",channel_name:"chat"}
[2021/08/08 02:28:03.897][687188236971671560][event][MESSAGE][진우박#3853] {message:"?",id:"873618509836464138",channel_name:"chat"}
[2021/08/08 02:28:05.547][687188236971671560][event][MESSAGE][chloe5325#1260] {message:"?",id:"873618516513804339",channel_name:"chat"}
[2021/08/08 02:28:10.540][687188236971671560][event][MESSAGE][진우박#3853] {message:"나도 안보이나",id:"873618537699213342",channel_name:"chat"}
[2021/08/08 02:28:12.732][687188236971671560][event][MESSAGE][chloe5325#1260] {message:"형님 저 관심좀",id:"873618546888937532",channel_name:"chat"}
[2021/08/08 02:28:14.327][687188236971671560][event][MESSAGE][chloe5325#1260] {message:"형님",id:"873618553549500416",channel_name:"chat"}
[2021/08/08 02:28:18.321][687188236971671560][event][MESSAGE][chloe5325#1260] {message:"그런듯?",id:"873618570318336060",channel_name:"chat"}
[2021/08/08 02:28:19.263][687188236971671560][event][MESSAGE][chloe5325#1260] {message:"형님",id:"873618574269349968",channel_name:"chat"}
[2021/08/08 02:28:21.244][687188236971671560][event][MESSAGE][chloe5325#1260] {message:"아니",id:"873618582599262298",channel_name:"chat"}
[2021/08/08 02:28:22.030][687188236971671560][event][MESSAGE][chloe5325#1260] {message:"형님",id:"873618585887572005",channel_name:"chat"}
[2021/08/08 02:28:25.149][687188236971671560][event][MESSAGE][chloe5325#1260] {message:"ㅡㅡ",id:"873618598856380456",channel_name:"chat"}
[2021/08/08 02:29:43.533][687188236971671560][event][MESSAGE][chloe5325#1260] {message:"캐릭터 이름",id:"873618927693991946",channel_name:"chat"}
[2021/08/08 02:29:44.542][687188236971671560][event][MESSAGE][chloe5325#1260] {message:"추천좀",id:"873618931951214652",channel_name:"chat"}
[2021/08/08 02:29:50.078][687188236971671560][event][MESSAGE][chloe5325#1260] {message:"어이",id:"873618955166711838",channel_name:"chat"}
[2021/08/08 02:29:52.056][687188236971671560][event][MESSAGE][chloe5325#1260] {message:"어이",id:"873618960585748540",channel_name:"chat"}
[2021/08/08 02:29:53.192][687188236971671560][event][MESSAGE][chloe5325#1260] {message:"어이",id:"873618968101912647",channel_name:"chat"}
[2021/08/08 02:29:55.782][687188236971671560][event][MESSAGE][chloe5325#1260] {message:"?",id:"873618978730303568",channel_name:"chat"}
[2021/08/08 02:30:11.029][687188236971671560][event][MESSAGE][chloe5325#1260] {message:"한국어됨?",id:"873619042664054815",channel_name:"chat"}
[2021/08/08 02:32:26.789][687188236971671560][event][MESSAGE][chloe5325#1260] {message:"아니 이거 로그인 왜 또 햐야됨",id:"873619612514783293",channel_name:"chat"}
[2021/08/08 02:32:27.406][687188236971671560][event][MESSAGE][chloe5325#1260] {message:"?",id:"873619614729392149",channel_name:"chat"}
[2021/08/08 02:32:35.257][687188236971671560][event][MESSAGE][chloe5325#1260] {message:"로그인 뜨는데",id:"873619647973425162",channel_name:"chat"}
[2021/08/08 02:32:45.853][687188236971671560][event][MESSAGE][chloe5325#1260] {message:"ㅎㅎㅎㅎㅎㅎㅎ",id:"873619692445655060",channel_name:"chat"}
[2021/08/08 02:33:02.036][687188236971671560][event][MESSAGE][chloe5325#1260] {message:"어케 다시 해 걍 다시 거기서 로그인 해?",id:"873619760179453993",channel_name:"chat"}
[2021/08/08 02:35:58.762][687188236971671560][event][MESSAGE][chloe5325#1260] {message:"됌",id:"873620501606584320",channel_name:"chat"}
[2021/08/08 02:36:12.285][687188236971671560][event][MESSAGE][chloe5325#1260] {message:"됨",id:"873620558296805406",channel_name:"chat"}
[2021/08/08 03:15:07.985][687188236971671560][event][MESSAGE][chloe5325#1260] {message:"?",id:"873630354886504458",channel_name:"chat"}
[2021/08/08 03:25:03.826][687188236971671560][event][MESSAGE][chloe5325#1260] {message:"ㅂㅂㅂ",id:"873632853991252071",channel_name:"chat"}
[2021/08/08 03:25:08.276][687188236971671560][event][MESSAGE][진우박#3853] {message:"ㅂㅂ",id:"873632872584577024",channel_name:"chat"}
[2021/08/08 03:25:18.567][687188236971671560][event][MESSAGE][양 진#4848] {message:"ㅂㅂ",id:"873632915857231872",channel_name:"chat"}
[2021/08/08 03:25:22.487][687188236971671560][event][MESSAGE][양 진#4848] {message:"낼 시간되면",id:"873632932273750016",channel_name:"chat"}
[2021/08/08 03:25:23.733][687188236971671560][event][MESSAGE][양 진#4848] {message:"스타하자",id:"873632937529200660",channel_name:"chat"}
[2021/08/08 03:25:27.612][687188236971671560][event][MESSAGE][chloe5325#1260] {message:"ㅋㅋㅋㅋㅋㅋㅋㅋ",id:"873632953811497030",channel_name:"chat"}
[2021/08/08 03:25:31.504][687188236971671560][event][MESSAGE][진우박#3853] {message:".",id:"873632969888268300",channel_name:"chat"}
[2021/08/08 03:25:38.390][687188236971671560][event][MESSAGE][양 진#4848] {message:"낼",id:"873632999005110362",channel_name:"chat"}
[2021/08/08 03:25:41.571][687188236971671560][event][MESSAGE][chloe5325#1260] {message:"근데 저 봇은",id:"873633012158435349",channel_name:"chat"}
[2021/08/08 03:25:42.558][687188236971671560][event][MESSAGE][chloe5325#1260] {message:"어캄",id:"873633016478597152",channel_name:"chat"}
[2021/08/08 03:25:43.404][687188236971671560][event][MESSAGE][chloe5325#1260] {message:"ㅋㅋㅋㅋㅋㅋㅋ",id:"873633019603333152",channel_name:"chat"}
[2021/08/08 03:25:44.977][687188236971671560][event][MESSAGE][양 진#4848] {message:"모름",id:"873633026310033440",channel_name:"chat"}
[2021/08/08 03:25:46.837][687188236971671560][event][MESSAGE][양 진#4848] {message:"아까부터 있더라",id:"873633034048536618",channel_name:"chat"}
[2021/08/08 03:25:56.214][687188236971671560][event][MESSAGE][chloe5325#1260] {message:"계속 노래 부르고 있을라나",id:"873633073382686793",channel_name:"chat"}
[2021/08/08 03:26:01.041][687188236971671560][event][MESSAGE][양 진#4848] {message:"역시",id:"873633093993513011",channel_name:"chat"}
[2021/08/08 03:26:08.256][687188236971671560][event][MESSAGE][양 진#4848] {message:"음대 가겠어 노른",id:"873633124259622922",channel_name:"chat"}
[2021/08/08 03:26:16.812][687188236971671560][event][MESSAGE][chloe5325#1260] {message:"ㅋㅋㅋㅋㅋㅋㅋㅋㅋ",id:"873633160158642206",channel_name:"chat"}
[2021/08/08 03:26:57.632][687188236971671560][event][MESSAGE][양 진#4848] {message:"암튼",id:"873633331328217118",channel_name:"chat"}
[2021/08/08 03:27:00.921][687188236971671560][event][MESSAGE][양 진#4848] {message:"낼도 스타2 ㄱㄱ",id:"873633345110683729",channel_name:"chat"}
[2021/08/08 09:43:23.108][687188236971671560][event][MESSAGE][ashz#3656] {message:".leave",id:"873728061261115412",channel_name:"chat"}
[2021/08/08 09:43:23.154][687188236971671560][command][LEAVE_SUCCESS][ashz#3656][873728061261115412] Bot is now disconnected from it's last voice channel. {receivedArgument:".leave"}
[2021/08/08 09:43:23.456][687188236971671560][event][MESSAGE_DELETE][ashz#3656] {message:".leave",id:"873728061261115412",channel_name:"chat"}
[2021/08/08 20:58:05.850][687188236971671560][event][MESSAGE][양 진#4848] {message:"<@207597209611403264> 오늘 스타 쫌만 하실??",id:"873897858556919808",channel_name:"chat"}
[2021/08/08 20:58:14.788][687188236971671560][event][MESSAGE][양 진#4848] {message:"쉬엄쉬엄한걸로",id:"873897896150442034",channel_name:"chat"}
[2021/08/08 20:58:26.360][687188236971671560][event][MESSAGE][ashz#3656] {message:"몸 상태 안좋음",id:"873897944707895336",channel_name:"chat"}
[2021/08/08 20:58:30.057][687188236971671560][event][MESSAGE][ashz#3656] {message:"오늘을 패스",id:"873897960121983036",channel_name:"chat"}
[2021/08/08 20:58:30.264][687188236971671560][event][MESSAGE][양 진#4848] {message:"확인",id:"873897961011171328",channel_name:"chat"}
