[2021/08/25 00:02:20.470][687188236971671560][TB][NEXT_AUTO_QUEUE] Playing next track. Playing received data track. {index:"0",length:"200",volume:"7",url:"https://www.youtube.com/watch?v=DTl4Ib4qbzg"}
[2021/08/25 00:05:41.860][687188236971671560][TB][NEXT_AUTO_QUEUE] Playing next track. Playing received data track. {index:"0",length:"200",volume:"7",url:"https://www.youtube.com/watch?v=DTl4Ib4qbzg"}
[2021/08/25 00:09:04.044][687188236971671560][TB][NEXT_AUTO_QUEUE] Playing next track. Playing received data track. {index:"0",length:"200",volume:"7",url:"https://www.youtube.com/watch?v=DTl4Ib4qbzg"}
[2021/08/25 00:12:25.857][687188236971671560][TB][NEXT_AUTO_QUEUE] Playing next track. Playing received data track. {index:"0",length:"200",volume:"7",url:"https://www.youtube.com/watch?v=DTl4Ib4qbzg"}
[2021/08/25 00:15:48.505][687188236971671560][TB][NEXT_AUTO_QUEUE] Playing next track. Playing received data track. {index:"0",length:"200",volume:"7",url:"https://www.youtube.com/watch?v=DTl4Ib4qbzg"}
[2021/08/25 00:19:10.156][687188236971671560][TB][NEXT_AUTO_QUEUE] Playing next track. Playing received data track. {index:"0",length:"200",volume:"7",url:"https://www.youtube.com/watch?v=DTl4Ib4qbzg"}
[2021/08/25 00:22:31.707][687188236971671560][TB][NEXT_AUTO_QUEUE] Playing next track. Playing received data track. {index:"0",length:"200",volume:"7",url:"https://www.youtube.com/watch?v=DTl4Ib4qbzg"}
[2021/08/25 00:25:53.349][687188236971671560][TB][NEXT_AUTO_QUEUE] Playing next track. Playing received data track. {index:"0",length:"200",volume:"7",url:"https://www.youtube.com/watch?v=DTl4Ib4qbzg"}
[2021/08/25 00:29:15.923][687188236971671560][TB][NEXT_AUTO_QUEUE] Playing next track. Playing received data track. {index:"0",length:"200",volume:"7",url:"https://www.youtube.com/watch?v=DTl4Ib4qbzg"}
[2021/08/25 00:32:38.425][687188236971671560][TB][NEXT_AUTO_QUEUE] Playing next track. Playing received data track. {index:"0",length:"200",volume:"7",url:"https://www.youtube.com/watch?v=DTl4Ib4qbzg"}
[2021/08/25 00:36:00.953][687188236971671560][TB][NEXT_AUTO_QUEUE] Playing next track. Playing received data track. {index:"0",length:"200",volume:"7",url:"https://www.youtube.com/watch?v=DTl4Ib4qbzg"}
[2021/08/25 00:38:43.272][687188236971671560][event][MESSAGE][박곰#9646] {message:"?",id:"879751586027540540",channel_name:"chat"}
[2021/08/25 00:38:55.531][687188236971671560][event][MESSAGE][박곰#9646] {message:"처리중..",id:"879751637726552064",channel_name:"chat"}
[2021/08/25 00:39:22.472][687188236971671560][TB][NEXT_AUTO_QUEUE] Playing next track. Playing received data track. {index:"0",length:"200",volume:"7",url:"https://www.youtube.com/watch?v=DTl4Ib4qbzg"}
[2021/08/25 00:42:43.884][687188236971671560][TB][NEXT_AUTO_QUEUE] Playing next track. Playing received data track. {index:"0",length:"200",volume:"7",url:"https://www.youtube.com/watch?v=DTl4Ib4qbzg"}
[2021/08/25 00:44:34.539][687188236971671560][event][MESSAGE][ashz#3656] {message:".leave",id:"879753059377487933",channel_name:"bot"}
[2021/08/25 00:44:34.560][687188236971671560][command][LEAVE_SUCCESS][ashz#3656][879753059377487933] Bot is now disconnected from it's last voice channel. {receivedArgument:".leave"}
[2021/08/25 00:44:34.800][687188236971671560][event][MESSAGE_DELETE][ashz#3656] {message:".leave",id:"879753059377487933",channel_name:"bot"}
[2021/08/25 00:44:37.716][687188236971671560][event][MESSAGE][chloe5325#1260] {message:"에?",id:"879753072899924018",channel_name:"chat"}
[2021/08/25 21:04:09.515][687188236971671560][event][MESSAGE][ashz#3656] {message:"http://koistudy.net/",id:"880059977673355304",channel_name:"chat"}
[2021/08/25 21:06:54.200][687188236971671560][event][MESSAGE][정가은#8920] {message:"안녕하세요",id:"880060668223582280",channel_name:"chat"}
[2021/08/25 21:12:55.700][687188236971671560][event][MESSAGE][ashz#3656] {message:"https://code.visualstudio.com/",id:"880062184665796618",channel_name:"chat"}
[2021/08/25 21:14:56.921][687188236971671560][event][MESSAGE][chloe5325#1260] {message:".join",id:"880062693124505630",channel_name:"chat"}
[2021/08/25 21:14:57.200][687188236971671560][event][MESSAGE_DELETE][chloe5325#1260] {message:".join",id:"880062693124505630",channel_name:"chat"}
[2021/08/25 21:14:57.943][687188236971671560][command][JOIN_SUCCESS][chloe5325#1260][880062693124505630] Now connected to user's voice channel. {receivedArgument:".join"}
[2021/08/25 21:17:45.647][687188236971671560][event][MESSAGE][chloe5325#1260] {message:".play https://youtu.be/5Ku9jOuGArw",id:"880063400762310716",channel_name:"chat"}
[2021/08/25 21:17:45.892][687188236971671560][event][MESSAGE_DELETE][chloe5325#1260] {message:".play https://youtu.be/5Ku9jOuGArw",id:"880063400762310716",channel_name:"chat"}
[2021/08/25 21:17:47.470][687188236971671560][command][PLAY_SUCCESS][chloe5325#1260][880063400762310716] Overriding current track. Playing received data track. {receivedArgument:".play https://youtu.be/5Ku9jOuGArw",index:"0",length:"18810",volume:"7",url:"https://www.youtube.com/watch?v=5Ku9jOuGArw"}
[2021/08/25 21:40:14.667][687188236971671560][event][MESSAGE][ashz#3656] {message:"```python\n\n# 함수 (function), 매게변수 (Arguments), 문자열 타입(String)\n# 화면에 글자 출력\n\nprint("Hello World");\n```",id:"880069058974842940",channel_name:"chat"}
[2021/08/25 21:43:00.471][687188236971671560][event][MESSAGE][ashz#3656] {message:"1.16.5",id:"880069754449166386",channel_name:"chat"}
[2021/08/25 21:43:02.948][687188236971671560][event][MESSAGE][ashz#3656] {message:"미사일",id:"880069764427440180",channel_name:"chat"}
[2021/08/25 21:43:07.893][687188236971671560][event][MESSAGE][ashz#3656] {message:"켰음",id:"880069785541554207",channel_name:"chat"}
[2021/08/25 21:43:20.974][687188236971671560][event][MESSAGE][박곰#9646] {message:"ㅇㅋ",id:"880069840436596786",channel_name:"chat"}
[2021/08/25 21:43:32.053][687188236971671560][event][MESSAGE][박곰#9646] {message:"근데 저 엄지가 안좋아서",id:"880069886716563467",channel_name:"chat"}
[2021/08/25 21:43:46.392][687188236971671560][event][MESSAGE][박곰#9646] {message:"인대라는 친구가 늘어짐",id:"880069946841923625",channel_name:"chat"}
[2021/08/25 21:43:50.648][687188236971671560][event][MESSAGE][정가은#8920] {message:"컨트롤 엔",id:"880069964873220136",channel_name:"chat"}
[2021/08/25 21:44:01.292][687188236971671560][event][MESSAGE][정가은#8920] {message:"새 파일 만들기",id:"880070009462857758",channel_name:"chat"}
[2021/08/25 21:44:09.968][687188236971671560][event][MESSAGE][정가은#8920] {message:"파일 저장하기",id:"880070045898792990",channel_name:"chat"}
[2021/08/25 21:44:15.524][687188236971671560][event][MESSAGE][정가은#8920] {message:"컨트롤 에스",id:"880070068829044787",channel_name:"chat"}
[2021/08/25 21:44:28.584][687188236971671560][event][MESSAGE][정가은#8920] {message:"편집기 내용은 이것만 하면 될 거삭타고",id:"880070123627610145",channel_name:"chat"}
[2021/08/25 21:44:51.968][687188236971671560][event][MESSAGE][정가은#8920] {message:"함수의 매게 변수를 출력한다",id:"880070221652713533",channel_name:"chat"}
[2021/08/25 21:44:53.804][687188236971671560][event][MESSAGE_DELETE][박곰#9646] {message:"인대라는 친구가 늘어짐",id:"880069946841923625",channel_name:"chat"}
[2021/08/25 21:44:53.943][687188236971671560][event][MESSAGE][정가은#8920] {message:"프린트",id:"880070230334922813",channel_name:"chat"}
[2021/08/25 21:44:54.465][687188236971671560][event][MESSAGE_DELETE][박곰#9646] {message:"근데 저 엄지가 안좋아서",id:"880069886716563467",channel_name:"chat"}
[2021/08/25 21:44:59.420][687188236971671560][event][MESSAGE][정가은#8920] {message:"함수",id:"880070253349052456",channel_name:"chat"}
[2021/08/25 21:45:06.021][687188236971671560][event][MESSAGE][chloe5325#1260] {message:"형",id:"880070281039851560",channel_name:"chat"}
[2021/08/25 21:45:06.797][687188236971671560][event][MESSAGE][chloe5325#1260] {message:"형",id:"880070284282048513",channel_name:"chat"}
[2021/08/25 21:45:07.446][687188236971671560][event][MESSAGE][chloe5325#1260] {message:"형",id:"880070286983192646",channel_name:"chat"}
[2021/08/25 21:45:07.863][687188236971671560][event][MESSAGE][chloe5325#1260] {message:"형",id:"880070288564445205",channel_name:"chat"}
[2021/08/25 21:45:10.604][687188236971671560][event][MESSAGE][chloe5325#1260] {message:"형",id:"880070300098764830",channel_name:"chat"}
[2021/08/25 21:45:17.015][687188236971671560][event][MESSAGE][chloe5325#1260] {message:"형",id:"880070327110086656",channel_name:"chat"}
[2021/08/25 21:45:17.627][687188236971671560][event][MESSAGE][chloe5325#1260] {message:"형",id:"880070329647657051",channel_name:"chat"}
[2021/08/25 21:45:18.341][687188236971671560][event][MESSAGE][chloe5325#1260] {message:"형",id:"880070332701110352",channel_name:"chat"}
[2021/08/25 21:45:19.103][687188236971671560][event][MESSAGE][chloe5325#1260] {message:"형",id:"880070335905529866",channel_name:"chat"}
[2021/08/25 21:45:19.714][687188236971671560][event][MESSAGE][chloe5325#1260] {message:"형",id:"880070338438893578",channel_name:"chat"}
[2021/08/25 21:45:20.453][687188236971671560][event][MESSAGE][chloe5325#1260] {message:"형",id:"880070341555277824",channel_name:"chat"}
[2021/08/25 21:45:21.434][687188236971671560][event][MESSAGE][chloe5325#1260] {message:"형",id:"880070345430802546",channel_name:"chat"}
[2021/08/25 21:45:22.269][687188236971671560][event][MESSAGE][chloe5325#1260] {message:"형",id:"880070349167947776",channel_name:"chat"}
[2021/08/25 21:45:22.992][687188236971671560][event][MESSAGE][chloe5325#1260] {message:"형",id:"880070352133312533",channel_name:"chat"}
[2021/08/25 21:45:24.681][687188236971671560][event][MESSAGE][chloe5325#1260] {message:"형",id:"880070359293001798",channel_name:"chat"}
[2021/08/25 21:45:27.346][687188236971671560][event][MESSAGE][chloe5325#1260] {message:"형",id:"880070370139455529",channel_name:"chat"}
[2021/08/25 21:45:27.630][687188236971671560][event][MESSAGE][chloe5325#1260] {message:"형",id:"880070371657777232",channel_name:"chat"}
[2021/08/25 21:45:27.931][687188236971671560][event][MESSAGE][chloe5325#1260] {message:"형",id:"880070372861562908",channel_name:"chat"}
[2021/08/25 21:45:28.294][687188236971671560][event][MESSAGE][chloe5325#1260] {message:"형",id:"880070374090485772",channel_name:"chat"}
[2021/08/25 21:45:28.636][687188236971671560][event][MESSAGE][chloe5325#1260] {message:"형",id:"880070375881461790",channel_name:"chat"}
[2021/08/25 21:45:29.083][687188236971671560][event][MESSAGE][chloe5325#1260] {message:"형",id:"880070377752100884",channel_name:"chat"}
[2021/08/25 21:46:04.840][687188236971671560][event][MESSAGE][박곰#9646] {message:"1.17.1 아니에요?",id:"880070527727861790",channel_name:"chat"}
[2021/08/25 21:49:54.358][687188236971671560][event][MESSAGE][정가은#8920] {message:"파일 탐색기",id:"880071490127675463",channel_name:"chat"}
[2021/08/25 21:49:55.839][687188236971671560][event][MESSAGE][정가은#8920] {message:"폴더",id:"880071496507199488",channel_name:"chat"}
[2021/08/25 21:49:58.495][687188236971671560][event][MESSAGE][정가은#8920] {message:"코드로 열기",id:"880071507622129684",channel_name:"chat"}
[2021/08/25 21:50:02.034][687188236971671560][event][MESSAGE][정가은#8920] {message:"파일 편집>",id:"880071522520289371",channel_name:"chat"}
[2021/08/25 21:50:03.140][687188236971671560][event][MESSAGE][정가은#8920] {message:"?",id:"880071527033368588",channel_name:"chat"}
[2021/08/25 21:50:15.687][687188236971671560][event][MESSAGE][정가은#8920] {message:"터미널 열기",id:"880071579839639573",channel_name:"chat"}
[2021/08/25 21:58:14.953][687188236971671560][event][MESSAGE][ashz#3656] {message:";",id:"880073589712359466",channel_name:"chat"}
[2021/08/25 22:13:07.173][687188236971671560][event][MESSAGE][ashz#3656] {message:"d아 미안 ㅋㅋㅋ",id:"880077332298215444",channel_name:"chat"}
[2021/08/25 22:13:10.048][687188236971671560][event][MESSAGE][ashz#3656] {message:"1.17.1 맞음",id:"880077344021303327",channel_name:"chat"}
[2021/08/25 22:13:10.634][687188236971671560][event][MESSAGE][ashz#3656] {message:"ㅋㅋㅋ",id:"880077346701475871",channel_name:"chat"}
[2021/08/25 22:14:53.063][687188236971671560][event][MESSAGE][ashz#3656] {message:"\ = backslash",id:"880077776428875786",channel_name:"chat"}
[2021/08/25 22:21:42.659][687188236971671560][event][MESSAGE][정가은#8920] {message:"\",id:"880079493253968002",channel_name:"chat"}
[2021/08/25 22:21:45.882][687188236971671560][event][MESSAGE][정가은#8920] {message:"?",id:"880079507829166120",channel_name:"chat"}
[2021/08/25 22:21:52.112][687188236971671560][event][MESSAGE][정가은#8920] {message:"\\\\\\\\\\\",id:"880079534018396231",channel_name:"chat"}
[2021/08/25 22:22:53.469][687188236971671560][event][MESSAGE][박곰#9646] {message:"근데 안오시는건가요?",id:"880079791447998514",channel_name:"chat"}
[2021/08/25 22:23:03.381][687188236971671560][event][MESSAGE][ashz#3656] {message:"ㅇ",id:"880079832996806656",channel_name:"chat"}
[2021/08/25 22:23:04.564][687188236971671560][event][MESSAGE][ashz#3656] {message:"코딩",id:"880079837857972264",channel_name:"chat"}
[2021/08/25 22:23:06.089][687188236971671560][event][MESSAGE][ashz#3656] {message:"수업 중",id:"880079844346589234",channel_name:"chat"}
[2021/08/25 23:06:50.541][687188236971671560][event][MESSAGE][정가은#8920] {message:"프로그래밍을 이루는 것 : 코드\n코드를 만드는 것 : 코딩\n컨트롤 n : 새로운 파일\n컨트롤 s : 파일 저장\n컨트롤 c : 복사\n컨트롤 v : 붙여 넣기\n컨트롤 a : 전체 선택\n컨트롤 z : 뒤로 가기\nprint 함수에 매게 변수 넣으면 매게 변수가 출력 됨 매게 변수에는 문자, 문자열이 있음\n"를 출력하려면 \" 형식으로 해야 함\n줄 바꾸려면 \n을 입력해야 함\n\ 입력하려면 \\로 입력해야 함",id:"880090852096086026",channel_name:"chat"}
[2021/08/25 23:06:53.766][687188236971671560][event][MESSAGE][정가은#8920] {message:"했어",id:"880090865492713573",channel_name:"chat"}
[2021/08/25 23:09:12.820][687188236971671560][event][MESSAGE][ashz#3656] {message:"프로그래밍 개념\n프로그래밍을 이루는 것 : 코드\n코드를 만드는 것 : 코딩\n\n컴퓨터 활용 개념\n컨트롤 n : 새로운 파일\n컨트롤 s : 파일 저장\n컨트롤 c : 복사\n컨트롤 v : 붙여 넣기\n컨트롤 a : 전체 선택\n컨트롤 z : 뒤로 가기\n\n프로그래밍 개념\nprint 함수에 매게 변수 넣으면 매게 변수가 출력 됨 매게 변수에는 문자, 문자열이 있음\n"를 출력하려면 " 형식으로 해야 함\n줄 바꾸려면 \n을 입력해야 함\n\ 입력하려면 \로 입력해야 함",id:"880091448668717057",channel_name:"chat"}
[2021/08/25 23:09:29.155][687188236971671560][event][MESSAGE_UPDATE][ashz#3656] {message_update:("프로그래밍 개념
프로그래밍을 이루는 것 : 코드
코드를 만드는 것 : 코딩

컴퓨터 활용 개념
컨트롤 n : 새로운 파일
컨트롤 s : 파일 저장
컨트롤 c : 복사
컨트롤 v : 붙여 넣기
컨트롤 a : 전체 선택
컨트롤 z : 뒤로 가기

프로그래밍 개념
print 함수에 매게 변수 넣으면 매게 변수가 출력 됨 매게 변수에는 문자, 문자열이 있음
"를 출력하려면 " 형식으로 해야 함
줄 바꾸려면 \n을 입력해야 함
\ 입력하려면 \로 입력해야 함"->"프로그래밍 개념
프로그래밍을 이루는 것 : 코드
코드를 만드는 것 : 코딩

컴퓨터 활용 개념
컨트롤 n : 새로운 파일
컨트롤 s : 파일 저장
컨트롤 c : 복사
컨트롤 v : 붙여 넣기
컨트롤 a : 전체 선택
컨트롤 z : 뒤로 가기

python 개념
print 함수에 매게 변수 넣으면 매게 변수가 출력 됨 매게 변수에는 문자, 문자열이 있음
"를 출력하려면 " 형식으로 해야 함
줄 바꾸려면 \n을 입력해야 함
\ 입력하려면 \로 입력해야 함")}
[2021/08/25 23:12:02.159][687188236971671560][event][MESSAGE][정가은#8920] {message:"수정했어",id:"880092158948950147",channel_name:"chat"}
[2021/08/25 23:13:19.766][687188236971671560][event][MESSAGE][정가은#8920] {message:"짝짝",id:"880092484200456203",channel_name:"chat"}
[2021/08/25 23:13:26.292][687188236971671560][event][MESSAGE][정가은#8920] {message:"까먹지 말기",id:"880092511589244929",channel_name:"chat"}
[2021/08/25 23:13:50.846][687188236971671560][event][MESSAGE][정가은#8920] {message:"다시 볼 때 이해할 수 있어야 함",id:"880092614903349330",channel_name:"chat"}
[2021/08/25 23:14:05.164][687188236971671560][event][MESSAGE][정가은#8920] {message:"프로그래밍 개념 천천히 알아가기 한 번에 X",id:"880092675037102191",channel_name:"chat"}
[2021/08/25 23:14:25.764][687188236971671560][event][MESSAGE][정가은#8920] {message:"자신감!",id:"880092761334894602",channel_name:"chat"}
[2021/08/25 23:14:29.995][687188236971671560][event][MESSAGE][정가은#8920] {message:"첫 고비",id:"880092778967728198",channel_name:"chat"}
[2021/08/25 23:14:35.923][687188236971671560][event][MESSAGE][정가은#8920] {message:"그리고 팍 떨어짐",id:"880092803923849278",channel_name:"chat"}
[2021/08/25 23:19:51.280][687188236971671560][event][MESSAGE][ashz#3656] {message:"1. 입력/출력",id:"880094126744412250",channel_name:"chat"}
[2021/08/25 23:20:02.351][687188236971671560][event][MESSAGE][ashz#3656] {message:"2. 타입 (type)",id:"880094173146001509",channel_name:"chat"}
[2021/08/25 23:20:06.952][687188236971671560][event][MESSAGE_UPDATE][ashz#3656] {message_update:("2. 타입 (type)"->"2. 데이터 타입 (type)")}
[2021/08/25 23:21:00.309][687188236971671560][event][MESSAGE][ashz#3656] {message:"3. 연산자",id:"880094416147210280",channel_name:"chat"}
[2021/08/25 23:21:01.985][687188236971671560][event][MESSAGE][ashz#3656] {message:"4. 조건",id:"880094423260753961",channel_name:"chat"}
[2021/08/25 23:21:05.779][687188236971671560][event][MESSAGE][ashz#3656] {message:"5. 루프",id:"880094439253606480",channel_name:"chat"}
[2021/08/25 23:21:15.242][687188236971671560][event][MESSAGE][ashz#3656] {message:"6. 함수",id:"880094478864621598",channel_name:"chat"}
[2021/08/25 23:21:27.835][687188236971671560][event][MESSAGE][ashz#3656] {message:"7. 클래스",id:"880094531364724767",channel_name:"chat"}
[2021/08/25 23:21:34.943][687188236971671560][event][MESSAGE][ashz#3656] {message:"8. API",id:"880094561509208085",channel_name:"chat"}
[2021/08/25 23:21:44.731][687188236971671560][event][MESSAGE][ashz#3656] {message:"파이선",id:"880094602554654720",channel_name:"chat"}
[2021/08/25 23:29:26.204][687188236971671560][event][MESSAGE][ashz#3656] {message:"1. (윈도우10)컴퓨터 활용 능력이 내 중3 수준 되어야함. (윈도우 function: [window key short, multi background])\n2. python IDLE 마스터\n3. 문제 1733, 2차원 배열 달팽이 채우기1 문제 풀기 (python)",id:"880096538053996544",channel_name:"chat"}
[2021/08/25 23:42:12.950][687188236971671560][event][MESSAGE][박곰#9646] {message:"?",id:"880099753629712395",channel_name:"chat"}
[2021/08/25 23:43:48.973][687188236971671560][event][MESSAGE][진욱#0213] {message:"https://www.11st.co.kr/products/2519905249?trTypeCd=PW24&trCtgrNo=585021",id:"880100156664594472",channel_name:"chat"}
[2021/08/25 23:44:04.637][687188236971671560][event][MESSAGE][정가은#8920] {message:"ㅋㅋㅋㅋㅋㅋㅋㅋ",id:"880100222506770482",channel_name:"chat"}
