[2021/09/02 00:01:15.124][687188236971671560][TB][NEXT_AUTO_QUEUE] Playing next track. Playing received data track. {index:"0",length:"243",volume:"7",url:"https://www.youtube.com/watch?v=ZUuNiq2HATI"}
[2021/09/02 00:04:04.574][687188236971671560][event][MESSAGE][양 진#4848] {message:"날아라 새들아 푸른 하늘을",id:"882641970466525194",channel_name:"chat"}
[2021/09/02 00:04:10.347][687188236971671560][event][MESSAGE][양 진#4848] {message:"달려라 냇물아 푸른 벌판을",id:"882641994646683648",channel_name:"chat"}
[2021/09/02 00:04:16.585][687188236971671560][event][MESSAGE][양 진#4848] {message:"오월은 푸르구나 우리들은 자란다",id:"882642020844314664",channel_name:"chat"}
[2021/09/02 00:04:21.422][687188236971671560][event][MESSAGE][양 진#4848] {message:"오늘은 어린이날 우리들 세상",id:"882642041144762399",channel_name:"chat"}
[2021/09/02 00:04:26.419][687188236971671560][event][MESSAGE][양 진#4848] {message:"우리가 자라면 나라의 일꾼",id:"882642061893980241",channel_name:"chat"}
[2021/09/02 00:04:29.789][687188236971671560][event][MESSAGE][양 진#4848] {message:"손잡고 나가자 서로 정답게",id:"882642076234285106",channel_name:"chat"}
[2021/09/02 00:04:36.947][687188236971671560][event][MESSAGE][양 진#4848] {message:"오월은 푸르구나 우리들은 자란다",id:"882642106194227322",channel_name:"chat"}
[2021/09/02 00:04:41.442][687188236971671560][event][MESSAGE][양 진#4848] {message:"오늘은 어린이날 우리들 세상",id:"882642124925960224",channel_name:"chat"}
[2021/09/02 00:05:19.824][687188236971671560][TB][NEXT_AUTO_QUEUE] Playing next track. Playing received data track. {index:"1",length:"244",volume:"7",url:"https://www.youtube.com/watch?v=s-xD1jMPrfw"}
[2021/09/02 00:09:19.233][687188236971671560][event][MESSAGE][chloe5325#1260] {message:"???",id:"882643290002948127",channel_name:"chat"}
[2021/09/02 00:09:23.352][687188236971671560][event][MESSAGE][chloe5325#1260] {message:"????????",id:"882643307191205909",channel_name:"chat"}
[2021/09/02 00:09:26.240][687188236971671560][TB][NEXT_AUTO_QUEUE] Playing next track. Playing received data track. {index:"0",length:"243",volume:"7",url:"https://www.youtube.com/watch?v=ZUuNiq2HATI"}
[2021/09/02 00:09:32.404][687188236971671560][event][MESSAGE][chloe5325#1260] {message:"저건",id:"882643345304870913",channel_name:"chat"}
[2021/09/02 00:09:34.610][687188236971671560][event][MESSAGE][chloe5325#1260] {message:"ㅋㅋㅋㅋㅋㅋㅋㅋㅋㅋㅋㅋㅋㅋㅋㅋㅋㅋㅋㅋㅋㅋ",id:"882643354570080316",channel_name:"chat"}
[2021/09/02 00:13:30.532][687188236971671560][TB][NEXT_AUTO_QUEUE] Playing next track. Playing received data track. {index:"1",length:"244",volume:"7",url:"https://www.youtube.com/watch?v=s-xD1jMPrfw"}
[2021/09/02 00:14:38.045][687188236971671560][event][MESSAGE][chloe5325#1260] {message:"에?",id:"882644626954149919",channel_name:"chat"}
[2021/09/02 00:17:36.740][687188236971671560][TB][NEXT_AUTO_QUEUE] Playing next track. Playing received data track. {index:"0",length:"243",volume:"7",url:"https://www.youtube.com/watch?v=ZUuNiq2HATI"}
[2021/09/02 00:21:41.302][687188236971671560][TB][NEXT_AUTO_QUEUE] Playing next track. Playing received data track. {index:"1",length:"244",volume:"7",url:"https://www.youtube.com/watch?v=s-xD1jMPrfw"}
[2021/09/02 00:25:46.793][687188236971671560][TB][NEXT_AUTO_QUEUE] Playing next track. Playing received data track. {index:"0",length:"243",volume:"7",url:"https://www.youtube.com/watch?v=ZUuNiq2HATI"}
[2021/09/02 00:29:51.290][687188236971671560][TB][NEXT_AUTO_QUEUE] Playing next track. Playing received data track. {index:"1",length:"244",volume:"7",url:"https://www.youtube.com/watch?v=s-xD1jMPrfw"}
[2021/09/02 00:33:57.144][687188236971671560][TB][NEXT_AUTO_QUEUE] Playing next track. Playing received data track. {index:"0",length:"243",volume:"7",url:"https://www.youtube.com/watch?v=ZUuNiq2HATI"}
[2021/09/02 00:38:01.728][687188236971671560][TB][NEXT_AUTO_QUEUE] Playing next track. Playing received data track. {index:"1",length:"244",volume:"7",url:"https://www.youtube.com/watch?v=s-xD1jMPrfw"}
[2021/09/02 00:42:07.400][687188236971671560][TB][NEXT_AUTO_QUEUE] Playing next track. Playing received data track. {index:"0",length:"243",volume:"7",url:"https://www.youtube.com/watch?v=ZUuNiq2HATI"}
[2021/09/02 00:43:08.924][687188236971671560][event][MESSAGE][chloe5325#1260] {message:"ㅎㅎ.......",id:"882651803215335465",channel_name:"chat"}
[2021/09/02 00:44:25.705][687188236971671560][event][MESSAGE][chloe5325#1260] {message:"형님 점점 욕이 늘어가",id:"882652125467930674",channel_name:"chat"}
[2021/09/02 00:46:03.495][687188236971671560][event][MESSAGE][박곰#9646] {message:"?",id:"882652535574364192",channel_name:"chat"}
[2021/09/02 00:46:10.815][687188236971671560][event][MESSAGE][chloe5325#1260] {message:"넹",id:"882652566134067231",channel_name:"chat"}
[2021/09/02 00:46:11.764][687188236971671560][TB][NEXT_AUTO_QUEUE] Playing next track. Playing received data track. {index:"1",length:"244",volume:"7",url:"https://www.youtube.com/watch?v=s-xD1jMPrfw"}
[2021/09/02 00:50:17.341][687188236971671560][TB][NEXT_AUTO_QUEUE] Playing next track. Playing received data track. {index:"0",length:"243",volume:"7",url:"https://www.youtube.com/watch?v=ZUuNiq2HATI"}
[2021/09/02 00:54:21.456][687188236971671560][TB][NEXT_AUTO_QUEUE] Playing next track. Playing received data track. {index:"1",length:"244",volume:"7",url:"https://www.youtube.com/watch?v=s-xD1jMPrfw"}
[2021/09/02 00:58:27.059][687188236971671560][TB][NEXT_AUTO_QUEUE] Playing next track. Playing received data track. {index:"0",length:"243",volume:"7",url:"https://www.youtube.com/watch?v=ZUuNiq2HATI"}
[2021/09/02 01:02:31.210][687188236971671560][TB][NEXT_AUTO_QUEUE] Playing next track. Playing received data track. {index:"1",length:"244",volume:"7",url:"https://www.youtube.com/watch?v=s-xD1jMPrfw"}
[2021/09/02 01:03:19.204][687188236971671560][event][MESSAGE][ashz#3656] {message:".leave",id:"882656879359185007",channel_name:"chat"}
[2021/09/02 01:03:19.223][687188236971671560][command][LEAVE_SUCCESS][ashz#3656][882656879359185007] Bot is now disconnected from it's last voice channel. {receivedArgument:".leave"}
[2021/09/02 01:03:19.505][687188236971671560][event][MESSAGE_DELETE][ashz#3656] {message:".leave",id:"882656879359185007",channel_name:"chat"}
[2021/09/02 08:37:25.947][687188236971671560][event][MESSAGE][chloe5325#1260] {message:"2학년에 확진자 나왔는데 등교하는\n우리 학교 ㄹㅈㄷ",id:"882771160876585010",channel_name:"chat"}
[2021/09/02 08:49:19.933][687188236971671560][event][MESSAGE][ashz#3656] {message:"니 학교 현명하네",id:"882774155035021313",channel_name:"chat"}
[2021/09/02 08:49:41.037][687188236971671560][event][MESSAGE][ashz#3656] {message:"어차피 니들은 걸려도 감기 정도의 수준이니",id:"882774243992023081",channel_name:"chat"}
[2021/09/02 08:49:58.903][687188236971671560][event][MESSAGE][ashz#3656] {message:"그리고 생각보다 확진될 가능성이 작아",id:"882774319002964018",channel_name:"chat"}
[2021/09/02 10:42:20.847][687188236971671560][event][MESSAGE][chloe5325#1260] {message:"와랄랄라",id:"882802596744675388",channel_name:"chat"}
[2021/09/02 10:42:22.483][687188236971671560][event][MESSAGE][chloe5325#1260] {message:"집간다",id:"882802603468148806",channel_name:"chat"}
[2021/09/02 10:42:26.207][687188236971671560][event][MESSAGE][chloe5325#1260] {message:"호롤롤로",id:"882802619200987186",channel_name:"chat"}
[2021/09/02 10:42:28.114][687188236971671560][event][MESSAGE][chloe5325#1260] {message:"꺄항",id:"882802626679406614",channel_name:"chat"}
[2021/09/02 10:42:29.777][687188236971671560][event][MESSAGE][chloe5325#1260] {message:"까핳",id:"882802634145300520",channel_name:"chat"}
[2021/09/02 10:42:33.551][687188236971671560][event][MESSAGE][chloe5325#1260] {message:"꺄륵",id:"882802649982988328",channel_name:"chat"}
[2021/09/02 10:42:41.784][687188236971671560][event][MESSAGE][ashz#3656] {message:"아쉽",id:"882802684531474503",channel_name:"chat"}
[2021/09/02 10:42:58.671][687188236971671560][event][MESSAGE][chloe5325#1260] {message:"ㅋ",id:"882802755402612746",channel_name:"chat"}
[2021/09/02 10:42:59.168][687188236971671560][event][MESSAGE][chloe5325#1260] {message:"ㅋ",id:"882802757474611280",channel_name:"chat"}
[2021/09/02 10:42:59.731][687188236971671560][event][MESSAGE][chloe5325#1260] {message:"ㅋ",id:"882802759840202753",channel_name:"chat"}
[2021/09/02 10:43:00.439][687188236971671560][event][MESSAGE][chloe5325#1260] {message:"ㅋ",id:"882802762432270367",channel_name:"chat"}
[2021/09/02 12:27:50.868][687188236971671560][event][MESSAGE][양 진#4848] {message:"<@!207597209611403264>",id:"882829145715908668",channel_name:"chat"}
[2021/09/02 12:27:54.640][687188236971671560][event][MESSAGE][양 진#4848] {message:"player",id:"882829162589589544",channel_name:"chat"}
[2021/09/02 12:27:56.322][687188236971671560][event][MESSAGE][양 진#4848] {message:"어디감",id:"882829169392775189",channel_name:"chat"}
[2021/09/02 12:28:19.596][687188236971671560][event][MESSAGE][양 진#4848] {message:"<@!207597209611403264>",id:"882829267216519198",channel_name:"chat"}
[2021/09/02 12:28:22.481][687188236971671560][event][MESSAGE][양 진#4848] {message:"<@!207597209611403264>",id:"882829279199645706",channel_name:"chat"}
[2021/09/02 12:30:02.318][687188236971671560][event][MESSAGE][양 진#4848] {message:"내가 또",id:"882829697757622343",channel_name:"chat"}
[2021/09/02 12:30:06.342][687188236971671560][event][MESSAGE][양 진#4848] {message:"먼 잘못을 했다고 하려고",id:"882829714593550358",channel_name:"chat"}
[2021/09/02 12:32:28.866][687188236971671560][event][MESSAGE][양 진#4848] {message:"<@!207597209611403264>",id:"882830312785190913",channel_name:"chat"}
[2021/09/02 12:32:33.149][687188236971671560][event][MESSAGE][양 진#4848] {message:"<@!207597209611403264>",id:"882830330732617738",channel_name:"chat"}
[2021/09/02 12:32:34.289][687188236971671560][event][MESSAGE][양 진#4848] {message:"<@!207597209611403264>",id:"882830335388307466",channel_name:"chat"}
[2021/09/02 12:34:20.299][687188236971671560][event][MESSAGE][양 진#4848] {message:"<@!207597209611403264>  <@!207597209611403264>  <@!207597209611403264>  <@!207597209611403264>  <@!207597209611403264>  <@!207597209611403264>  <@!207597209611403264>  <@!207597209611403264>  <@!207597209611403264>  <@!207597209611403264>  <@!207597209611403264>  <@!207597209611403264>  <@!207597209611403264>  <@!207597209611403264>  <@!207597209611403264>  <@!207597209611403264>  <@!207597209611403264>  <@!207597209611403264>  <@!207597209611403264>  <@!207597209611403264>  <@!207597209611403264>  <@!207597209611403264>  <@!207597209611403264>  <@!207597209611403264>  <@!207597209611403264>  <@!207597209611403264>  <@!207597209611403264>  <@!207597209611403264>  <@!207597209611403264>  <@!207597209611403264>  <@!207597209611403264>  <@!207597209611403264>  <@!207597209611403264>  <@!207597209611403264>  <@!207597209611403264>  <@!207597209611403264>  <@!207597209611403264>  <@!207597209611403264>  <@!207597209611403264>  <@!207597209611403264>  <@!207597209611403264>  <@!207597209611403264>  <@!207597209611403264>  <@!207597209611403264>  <@!207597209611403264>  <@!207597209611403264>  <@!207597209611403264>  <@!207597209611403264>  <@!207597209611403264>  <@!207597209611403264>  <@!207597209611403264>  <@!207597209611403264>  <@!207597209611403264>  <@!207597209611403264>  <@!207597209611403264>  <@!207597209611403264>  <@!207597209611403264>  <@!207597209611403264>  <@!207597209611403264>",id:"882830780106174484",channel_name:"chat"}
[2021/09/02 12:42:10.075][687188236971671560][event][MESSAGE][양 진#4848] {message:"<@!207597209611403264>  <@!207597209611403264>  <@!207597209611403264>  <@!207597209611403264>  <@!207597209611403264>  <@!207597209611403264>  <@!207597209611403264>  <@!207597209611403264>  <@!207597209611403264>  <@!207597209611403264>  <@!207597209611403264>  <@!207597209611403264>  <@!207597209611403264><@!207597209611403264>  <@!207597209611403264>  <@!207597209611403264>  <@!207597209611403264>  <@!207597209611403264>  <@!207597209611403264>  <@!207597209611403264>  <@!207597209611403264>  <@!207597209611403264>  <@!207597209611403264>  <@!207597209611403264>  <@!207597209611403264>  <@!207597209611403264>  <@!207597209611403264>  <@!207597209611403264>  <@!207597209611403264>  <@!207597209611403264>  <@!207597209611403264>  <@!207597209611403264>  <@!207597209611403264>  <@!207597209611403264>  <@!207597209611403264>  <@!207597209611403264>  <@!207597209611403264><@!207597209611403264>  <@!207597209611403264>  <@!207597209611403264>  <@!207597209611403264>  <@!207597209611403264>  <@!207597209611403264>  <@!207597209611403264>  <@!207597209611403264>  <@!207597209611403264>  <@!207597209611403264>  <@!207597209611403264>  <@!207597209611403264>  <@!207597209611403264><@!207597209611403264>  <@!207597209611403264>  <@!207597209611403264>  <@!207597209611403264>  <@!207597209611403264>  <@!207597209611403264>  <@!207597209611403264>  <@!207597209611403264>  <@!207597209611403264>  <@!207597209611403264>  <@!207597209611403264>  <@!207597209611403264>  <@!207597209611403264><@!207597209611403264>  <@!207597209611403264>  <@!207597209611403264>  <@!207597209611403264>  <@!207597209611403264>  <@!207597209611403264>  <@!207597209611403264>  <@!207597209611403264>  <@!207597209611403264>  <@!207597209611403264>  <@!207597209611403264>  <@!207597209611403264>  <@!207597209611403264><@!207597209611403264>  <@!207597209611403264>  <@!207597209611403264>  <@!207597209611403264>  <@!207597209611403264>  <@!207597209611403264>  <@!207597209611403264>  <@!207597209611403264>  <@!207597209611403264>  <@!207597209611403264>  <@!207597209611403264>  <@!207597209611403264>  <@!207597209611403264><@!207597209611403264>  <@!207597209611403264>  <@!207597209611403264>  <@!207597209611403264>  <@!207597209611403264>  <@!207597209611403264>  <@!207597209611403264>  <@!207597209611403264>  <@!207597209611403264>  <@!207597209611403264>  <@!207597209611403264>  <@!207597209611403264>  <@!207597209611403264>",id:"882832750544035960",channel_name:"chat"}
[2021/09/02 12:42:12.734][687188236971671560][event][MESSAGE][양 진#4848] {message:"<@!207597209611403264>  <@!207597209611403264>  <@!207597209611403264>  <@!207597209611403264>  <@!207597209611403264>  <@!207597209611403264>  <@!207597209611403264>  <@!207597209611403264>  <@!207597209611403264>  <@!207597209611403264>  <@!207597209611403264>  <@!207597209611403264>  <@!207597209611403264><@!207597209611403264>  <@!207597209611403264>  <@!207597209611403264>  <@!207597209611403264>  <@!207597209611403264>  <@!207597209611403264>  <@!207597209611403264>  <@!207597209611403264>  <@!207597209611403264>  <@!207597209611403264>  <@!207597209611403264>  <@!207597209611403264>  <@!207597209611403264><@!207597209611403264>  <@!207597209611403264>  <@!207597209611403264>  <@!207597209611403264>  <@!207597209611403264>  <@!207597209611403264>  <@!207597209611403264>  <@!207597209611403264>  <@!207597209611403264>  <@!207597209611403264>  <@!207597209611403264>  <@!207597209611403264>  <@!207597209611403264><@!207597209611403264>  <@!207597209611403264>  <@!207597209611403264>  <@!207597209611403264>  <@!207597209611403264>  <@!207597209611403264>  <@!207597209611403264>  <@!207597209611403264>  <@!207597209611403264>  <@!207597209611403264>  <@!207597209611403264>  <@!207597209611403264>  <@!207597209611403264><@!207597209611403264>  <@!207597209611403264>  <@!207597209611403264>  <@!207597209611403264>  <@!207597209611403264>  <@!207597209611403264>  <@!207597209611403264>  <@!207597209611403264>  <@!207597209611403264>  <@!207597209611403264>  <@!207597209611403264>  <@!207597209611403264>  <@!207597209611403264>",id:"882832760581009409",channel_name:"chat"}
[2021/09/02 13:11:15.202][687188236971671560][event][MESSAGE_DELETE][양 진#4848] {message:"달려라 냇물아 푸른 벌판을",id:"882641994646683648",channel_name:"chat"}
[2021/09/02 13:11:16.783][687188236971671560][event][MESSAGE_DELETE][양 진#4848] {message:"날아라 새들아 푸른 하늘을",id:"882641970466525194",channel_name:"chat"}
[2021/09/02 13:11:18.184][687188236971671560][event][MESSAGE_DELETE][양 진#4848] {message:"오월은 푸르구나 우리들은 자란다",id:"882642020844314664",channel_name:"chat"}
[2021/09/02 13:11:20.255][687188236971671560][event][MESSAGE_DELETE][양 진#4848] {message:"오늘은 어린이날 우리들 세상",id:"882642041144762399",channel_name:"chat"}
[2021/09/02 13:11:21.493][687188236971671560][event][MESSAGE_DELETE][양 진#4848] {message:"우리가 자라면 나라의 일꾼",id:"882642061893980241",channel_name:"chat"}
[2021/09/02 13:11:22.547][687188236971671560][event][MESSAGE_DELETE][양 진#4848] {message:"손잡고 나가자 서로 정답게",id:"882642076234285106",channel_name:"chat"}
[2021/09/02 13:11:24.146][687188236971671560][event][MESSAGE_DELETE][양 진#4848] {message:"오월은 푸르구나 우리들은 자란다",id:"882642106194227322",channel_name:"chat"}
[2021/09/02 13:11:25.247][687188236971671560][event][MESSAGE_DELETE][양 진#4848] {message:"오늘은 어린이날 우리들 세상",id:"882642124925960224",channel_name:"chat"}
[2021/09/02 13:42:38.931][687188236971671560][event][MESSAGE][ashz#3656] {message:"<@!734517252082106399> <@!765938051876257803> <@!258808551542095874> <@!453194027408293890> <@!440118332159688705> 자 여기서 자신은 이 통화방에 영진이랑 꼭 겜 해야한다 하는 사람이 있으면 영진이 권한 다시 돌려주겠습니다.",id:"882847971069263982",channel_name:"chat"}
[2021/09/02 13:43:06.004][687188236971671560][event][MESSAGE][ashz#3656] {message:"24시간 뒤에 아무도 없으면 그냥 여기는 못들어오는걸로 하겠습니다.",id:"882848084625870889",channel_name:"chat"}
[2021/09/02 13:50:19.821][687188236971671560][event][MESSAGE][chloe5325#1260] {message:"나한테도 카톡 옴..ㅎ.....",id:"882849903901020182",channel_name:"chat"}
[2021/09/02 13:50:44.885][687188236971671560][event][MESSAGE][ashz#3656] {message:"ㅋ",id:"882850009245171723",channel_name:"chat"}
[2021/09/02 13:50:57.031][687188236971671560][event][MESSAGE][ashz#3656] {message:"뭐 너가 계를 불편해하는지에 대해서?",id:"882850060218552340",channel_name:"chat"}
[2021/09/02 13:51:19.176][687188236971671560][event][MESSAGE][chloe5325#1260] {message:"음...",id:"882850153051090954",channel_name:"chat"}
[2021/09/02 13:51:28.598][687188236971671560][event][MESSAGE][ashz#3656] {message:"ㅋㅋㅋㅋㅋㅋㅋㅋㅋㅋㅋㅋㅋ",id:"882850192590766080",channel_name:"chat"}
[2021/09/02 13:51:41.951][687188236971671560][event][MESSAGE][진우박#3853] {message:"zzzzzzzzzzzzzz",id:"882850248605716530",channel_name:"chat"}
[2021/09/02 13:51:42.421][687188236971671560][event][MESSAGE][ashz#3656] {message:"나 원래 정상 아니였음",id:"882850250648326194",channel_name:"chat"}
[2021/09/02 13:51:44.934][687188236971671560][event][MESSAGE][진우박#3853] {message:"와이 낫 정장",id:"882850260886646785",channel_name:"chat"}
[2021/09/02 13:51:46.721][687188236971671560][event][MESSAGE][진우박#3853] {message:"정상",id:"882850268478312499",channel_name:"chat"}
[2021/09/02 13:51:47.569][687188236971671560][event][MESSAGE][진우박#3853] {message:"ㅋㅋㅋㅋㅋㅋㅋㅋㅋㅋㅋㅋㅋㅋㅋ",id:"882850272177709070",channel_name:"chat"}
[2021/09/02 13:51:54.174][687188236971671560][event][MESSAGE][ashz#3656] {message:"ㅋㅋㅋㅋㅋㅋㅋㅋㅋㅋㅋㅋ",id:"882850299923021894",channel_name:"chat"}
[2021/09/02 13:51:57.933][687188236971671560][event][MESSAGE][ashz#3656] {message:"진우야",id:"882850315441946645",channel_name:"chat"}
[2021/09/02 13:51:58.845][687188236971671560][event][MESSAGE][ashz#3656] {message:"내",id:"882850319514599434",channel_name:"chat"}
[2021/09/02 13:52:00.678][687188236971671560][event][MESSAGE][ashz#3656] {message:"판탄이",id:"882850327194378300",channel_name:"chat"}
[2021/09/02 13:52:03.191][687188236971671560][event][MESSAGE_UPDATE][ashz#3656] {message_update:("판탄이"->"판단에")}
[2021/09/02 13:52:05.025][687188236971671560][event][MESSAGE][ashz#3656] {message:"오류 있노",id:"882850345431216149",channel_name:"chat"}
[2021/09/02 13:52:06.443][687188236971671560][event][MESSAGE][chloe5325#1260] {message:"정장ㅋㅋㅋㅋㅋㅋㅋㅋㅋ",id:"882850351399698452",channel_name:"chat"}
[2021/09/02 13:52:09.632][687188236971671560][event][MESSAGE][chloe5325#1260] {message:"ㅋㅋㅋㅋㅋㅋㅋㅋㅋㅋㅋ",id:"882850364771156018",channel_name:"chat"}
[2021/09/02 13:52:25.160][687188236971671560][event][MESSAGE][진우박#3853] {message:"ㅋㅋ",id:"882850429887725588",channel_name:"chat"}
[2021/09/02 13:52:25.537][687188236971671560][event][MESSAGE][진우박#3853] {message:"음",id:"882850431171190785",channel_name:"chat"}
[2021/09/02 13:52:34.122][687188236971671560][event][MESSAGE][진우박#3853] {message:"쟤는 무슨",id:"882850467221237801",channel_name:"chat"}
[2021/09/02 13:52:36.754][687188236971671560][event][MESSAGE][진우박#3853] {message:"어디 다니는 곳마다",id:"882850478516473896",channel_name:"chat"}
[2021/09/02 13:52:39.424][687188236971671560][event][MESSAGE][진우박#3853] {message:"문제를 만들고 다니냐",id:"882850489727864842",channel_name:"chat"}
[2021/09/02 13:52:52.002][687188236971671560][event][MESSAGE][진우박#3853] {message:"가는 곳마다 문제가 생기는 타입인 사람은",id:"882850542420893717",channel_name:"chat"}
[2021/09/02 13:52:56.717][687188236971671560][event][MESSAGE][진우박#3853] {message:"그 사람이 문제인 경우가 많던데",id:"882850562079592460",channel_name:"chat"}
[2021/09/02 13:53:39.110][687188236971671560][event][MESSAGE][ashz#3656] {message:"ㅋㅋㅋㅋㅋㅋㅋㅋㅋㅋㅋㅋㅋㅋ",id:"882850740022939698",channel_name:"chat"}
[2021/09/02 13:53:39.879][687188236971671560][event][MESSAGE][ashz#3656] {message:"맞아",id:"882850743088984095",channel_name:"chat"}
[2021/09/02 13:53:46.982][687188236971671560][event][MESSAGE][ashz#3656] {message:"나랑 비슷함 그 면에서",id:"882850772969193523",channel_name:"chat"}
[2021/09/02 13:53:48.036][687188236971671560][event][MESSAGE][ashz#3656] {message:"ㅋㅋㅋ",id:"882850777457123428",channel_name:"chat"}
[2021/09/02 13:53:58.187][687188236971671560][event][MESSAGE][ashz#3656] {message:"나도 다니는 곳마다",id:"882850819995762728",channel_name:"chat"}
[2021/09/02 13:54:08.003][687188236971671560][event][MESSAGE][ashz#3656] {message:"뭔 문제를 항상 만들어",id:"882850861259296798",channel_name:"chat"}
[2021/09/02 13:54:13.800][687188236971671560][event][MESSAGE][chloe5325#1260] {message:"ㅋㅋㅋㅋㅋㅋㅋㅋㅋㅋㅋㅋㅋ",id:"882850885460455425",channel_name:"chat"}
[2021/09/02 13:54:19.657][687188236971671560][event][MESSAGE][ashz#3656] {message:"주로 내가 지랄 먼저 시작해서",id:"882850909711917058",channel_name:"chat"}
[2021/09/02 13:54:28.982][687188236971671560][event][MESSAGE][chloe5325#1260] {message:"안봐도 비디오지",id:"882850948827983873",channel_name:"chat"}
[2021/09/02 13:54:34.966][687188236971671560][event][MESSAGE][ashz#3656] {message:"아마 쫓긴 디코 서버만 10개 넘을걸",id:"882850974207705138",channel_name:"chat"}
[2021/09/02 13:54:39.716][687188236971671560][event][MESSAGE][진우박#3853] {message:"ㅋㅋㅋㅋㅋㅋ",id:"882850994248089620",channel_name:"chat"}
[2021/09/02 13:54:44.779][687188236971671560][event][MESSAGE][ashz#3656] {message:"웃긴건",id:"882851015500660816",channel_name:"chat"}
[2021/09/02 13:54:54.190][687188236971671560][event][MESSAGE][ashz#3656] {message:"여기 채팅방만 못보는거지",id:"882851053924647002",channel_name:"chat"}
[2021/09/02 13:55:14.512][687188236971671560][event][MESSAGE][ashz#3656] {message:"딴 통화방에서 겜하는 애들 불러서 겜 못하는건 아니거든?",id:"882851140155359252",channel_name:"chat"}
[2021/09/02 13:55:15.192][687188236971671560][event][MESSAGE][ashz#3656] {message:"ㅋㅋㅋ",id:"882851142642565140",channel_name:"chat"}
[2021/09/02 13:55:32.245][687188236971671560][event][MESSAGE][ashz#3656] {message:"또한",id:"882851214184808509",channel_name:"chat"}
[2021/09/02 13:55:32.522][687188236971671560][event][MESSAGE][진우박#3853] {message:"ㅋㅋㅋ 근데 여기가 겜방이니까 그런거겠지",id:"882851215711551508",channel_name:"chat"}
[2021/09/02 13:55:50.455][687188236971671560][event][MESSAGE][ashz#3656] {message:"여기 외 숨겨진 채팅방이 몇개인데 ㅋ",id:"882851290969960478",channel_name:"chat"}
[2021/09/02 13:56:17.195][687188236971671560][event][MESSAGE][ashz#3656] {message:"하 몰라 나 계 지금 모든 말 상대해줄 시간 많친 않음",id:"882851401905078343",channel_name:"chat"}
[2021/09/02 13:56:59.649][687188236971671560][event][MESSAGE][진우박#3853] {message:"저는 요즘 이 서버에서의 활동이 활발하지 않기 때문에",id:"882851581048000553",channel_name:"chat"}
[2021/09/02 13:57:05.532][687188236971671560][event][MESSAGE][진우박#3853] {message:"노코멘트욤",id:"882851605861531648",channel_name:"chat"}
[2021/09/02 13:57:08.617][687188236971671560][event][MESSAGE][chloe5325#1260] {message:"ㅋㅋㅋㅋㅋㅋㅋㅋㅋㅋㅋㅋㅋㅋㅋ",id:"882851618599608393",channel_name:"chat"}
[2021/09/02 13:57:11.334][687188236971671560][event][MESSAGE][진우박#3853] {message:"ㅎ,,",id:"882851629982941256",channel_name:"chat"}
[2021/09/02 13:57:18.375][687188236971671560][event][MESSAGE][chloe5325#1260] {message:"활발해집시다",id:"882851659733143592",channel_name:"chat"}
[2021/09/02 13:57:20.096][687188236971671560][event][MESSAGE][chloe5325#1260] {message:"유후",id:"882851666888626196",channel_name:"chat"}
[2021/09/02 13:57:28.012][687188236971671560][event][MESSAGE][ashz#3656] {message:"ㅋ",id:"882851699851669535",channel_name:"chat"}
[2021/09/02 13:57:35.614][687188236971671560][event][MESSAGE][chloe5325#1260] {message:"이러다가 목소리도 까먹겠어",id:"882851731648692265",channel_name:"chat"}
[2021/09/02 13:57:46.883][687188236971671560][event][MESSAGE][ashz#3656] {message:"그건 아님",id:"882851778994012201",channel_name:"chat"}
[2021/09/02 13:57:52.438][687188236971671560][event][MESSAGE][chloe5325#1260] {message:"어쩔",id:"882851802557583360",channel_name:"chat"}
[2021/09/02 13:57:55.379][687188236971671560][event][MESSAGE][ashz#3656] {message:"적어도 저놈 목소리 금요일마다 들음",id:"882851814922399744",channel_name:"chat"}
[2021/09/02 13:57:55.762][687188236971671560][event][MESSAGE][ashz#3656] {message:"ㅋ",id:"882851816553996308",channel_name:"chat"}
[2021/09/02 13:58:01.135][687188236971671560][event][MESSAGE][ashz#3656] {message:"아가리",id:"882851839094169610",channel_name:"chat"}
[2021/09/02 13:58:09.863][687188236971671560][event][MESSAGE][chloe5325#1260] {message:"아 아가리 내껀데",id:"882851875240701963",channel_name:"chat"}
[2021/09/02 13:58:10.699][687188236971671560][event][MESSAGE][chloe5325#1260] {message:"ㅡㅡ",id:"882851878986215425",channel_name:"chat"}
[2021/09/02 13:59:28.197][687188236971671560][event][MESSAGE][ashz#3656] {message:"ㅋ",id:"882852203835035749",channel_name:"chat"}
[2021/09/02 13:59:30.824][687188236971671560][event][MESSAGE][ashz#3656] {message:"아가리",id:"882852215298097192",channel_name:"chat"}
[2021/09/02 13:59:40.702][687188236971671560][event][MESSAGE][ashz#3656] {message:"니 말이란게 어디있어",id:"882852256704253982",channel_name:"chat"}
[2021/09/02 16:56:56.373][687188236971671560][event][MESSAGE][ashz#3656] {message:"https://youtu.be/LOhLhw0t-50",id:"882896865929068554",channel_name:"chat"}
[2021/09/02 16:57:00.573][687188236971671560][event][MESSAGE][ashz#3656] {message:"하...",id:"882896883071189014",channel_name:"chat"}
[2021/09/02 16:57:11.605][687188236971671560][event][MESSAGE][ashz#3656] {message:"왜 탬탬버림 더이상 안보는지 알겠다",id:"882896929732825129",channel_name:"chat"}
[2021/09/02 16:57:17.504][687188236971671560][event][MESSAGE][ashz#3656] {message:"김예림이랑 똑같아",id:"882896954466644008",channel_name:"chat"}
[2021/09/02 17:06:20.664][687188236971671560][event][MESSAGE][박곰#9646] {message:"탬탬버린?",id:"882899232560918528",channel_name:"chat"}
[2021/09/02 17:06:37.542][687188236971671560][event][MESSAGE][박곰#9646] {message:"방송인인가..?",id:"882899303465623562",channel_name:"chat"}
[2021/09/02 17:13:48.881][687188236971671560][event][MESSAGE][ashz#3656] {message:"ㅋ",id:"882901112557035560",channel_name:"chat"}
[2021/09/02 17:13:57.636][687188236971671560][event][MESSAGE][ashz#3656] {message:"들어봐",id:"882901149320114206",channel_name:"chat"}
[2021/09/02 17:14:16.371][687188236971671560][event][MESSAGE][ashz#3656] {message:"29살이 왜 17살이랑 말 꼬라지가 똑같은지",id:"882901227917164614",channel_name:"chat"}
[2021/09/02 17:17:00.219][687188236971671560][event][MESSAGE][박곰#9646] {message:"?29살임?",id:"882901915174830150",channel_name:"chat"}
[2021/09/02 17:17:41.981][687188236971671560][event][MESSAGE][ashz#3656] {message:"아마",id:"882902090358353930",channel_name:"chat"}
[2021/09/02 17:17:47.987][687188236971671560][event][MESSAGE][ashz#3656] {message:"작년에 28살이였을거임",id:"882902115486416897",channel_name:"chat"}
[2021/09/02 17:18:40.355][687188236971671560][event][MESSAGE][ashz#3656] {message:"아 아니다 27살이래",id:"882902335163101244",channel_name:"chat"}
[2021/09/02 17:18:43.937][687188236971671560][event][MESSAGE][ashz#3656] {message:"94년생",id:"882902349834752021",channel_name:"chat"}
[2021/09/02 17:19:31.564][687188236971671560][event][MESSAGE][ashz#3656] {message:"아 그럼 28살 맞네 ㅋ",id:"882902549961773066",channel_name:"chat"}
[2021/09/02 17:23:50.155][687188236971671560][event][MESSAGE][박곰#9646] {message:"지금 밖이라",id:"882903634432647219",channel_name:"chat"}
[2021/09/02 17:24:09.254][687188236971671560][event][MESSAGE][박곰#9646] {message:"집가서 확인해볼께여",id:"882903714594172978",channel_name:"chat"}
[2021/09/02 17:26:03.267][687188236971671560][event][MESSAGE][ashz#3656] {message:"ㅋ",id:"882904192900034600",channel_name:"chat"}
[2021/09/02 17:49:09.744][687188236971671560][event][MESSAGE][chloe5325#1260] {message:"난 왜",id:"882910008189284352",channel_name:"chat"}
[2021/09/02 17:49:10.966][687188236971671560][event][MESSAGE][chloe5325#1260] {message:"ㅡㅡ",id:"882910013146951731",channel_name:"chat"}
[2021/09/02 17:49:19.289][687188236971671560][event][MESSAGE][ashz#3656] {message:"저 영상 봐",id:"882910048026787850",channel_name:"chat"}
[2021/09/02 18:29:03.334][687188236971671560][event][MESSAGE][박곰#9646] {message:"엄",id:"882920047566270484",channel_name:"chat"}
[2021/09/02 18:29:06.755][687188236971671560][event][MESSAGE][박곰#9646] {message:"음",id:"882920061730455593",channel_name:"chat"}
[2021/09/02 18:50:23.214][687188236971671560][event][MESSAGE][chloe5325#1260] {message:"ㅡㅡ",id:"882925415876952074",channel_name:"chat"}
[2021/09/02 19:11:29.662][687188236971671560][event][MESSAGE][ashz#3656] {message:"뭐노",id:"882930727761616906",channel_name:"chat"}
[2021/09/02 19:11:30.134][687188236971671560][event][MESSAGE][ashz#3656] {message:"ㅋ",id:"882930729728737300",channel_name:"chat"}
[2021/09/02 19:11:37.584][687188236971671560][event][MESSAGE][ashz#3656] {message:"아직 회사임",id:"882930760665948171",channel_name:"chat"}
[2021/09/02 19:11:38.593][687188236971671560][event][MESSAGE][chloe5325#1260] {message:"?",id:"882930765082537985",channel_name:"chat"}
[2021/09/02 19:11:40.158][687188236971671560][event][MESSAGE][chloe5325#1260] {message:"ㅋ",id:"882930771592101989",channel_name:"chat"}
[2021/09/02 19:11:40.525][687188236971671560][event][MESSAGE][chloe5325#1260] {message:"ㅋ",id:"882930773328547880",channel_name:"chat"}
[2021/09/02 19:11:40.990][687188236971671560][event][MESSAGE][chloe5325#1260] {message:"ㅋ",id:"882930774851059755",channel_name:"chat"}
[2021/09/02 19:11:52.418][687188236971671560][event][MESSAGE][ashz#3656] {message:"뭐하나 싶어서 방송 엿볼라고 했는데",id:"882930822766792745",channel_name:"chat"}
[2021/09/02 19:11:56.416][687188236971671560][event][MESSAGE][ashz#3656] {message:"이걸 바로 끄네",id:"882930839892152340",channel_name:"chat"}
[2021/09/02 19:11:56.782][687188236971671560][event][MESSAGE][ashz#3656] {message:"ㅋ",id:"882930841481793536",channel_name:"chat"}
[2021/09/02 19:12:04.273][687188236971671560][event][MESSAGE][ashz#3656] {message:"곰, 뭘 숨기는거니...",id:"882930872767098922",channel_name:"chat"}
[2021/09/02 19:12:08.242][687188236971671560][event][MESSAGE][박곰#9646] {message:"ㅖ?",id:"882930889527537694",channel_name:"chat"}
[2021/09/02 19:12:10.094][687188236971671560][event][MESSAGE][박곰#9646] {message:"아 저",id:"882930897274413056",channel_name:"chat"}
[2021/09/02 19:12:10.337][687188236971671560][event][MESSAGE][ashz#3656] {message:"c# 보였던데...",id:"882930898100699176",channel_name:"chat"}
[2021/09/02 19:12:13.372][687188236971671560][event][MESSAGE][박곰#9646] {message:"ㅔ/",id:"882930911006584892",channel_name:"chat"}
[2021/09/02 19:12:19.906][687188236971671560][event][MESSAGE][박곰#9646] {message:"c는 할줄모흡니당",id:"882930937858510869",channel_name:"chat"}
[2021/09/02 19:12:24.187][687188236971671560][event][MESSAGE][chloe5325#1260] {message:"ㅋㅋㅋㅋㅋㅋㅋㅋㅋㅋㅋㅋㅋㅋㅋㅋㅋㅋ",id:"882930956384751696",channel_name:"chat"}
[2021/09/02 19:12:27.868][687188236971671560][event][MESSAGE_UPDATE][박곰#9646] {message_update:("ㅔ/"->"ㅔ")}
[2021/09/02 19:12:27.965][687188236971671560][event][MESSAGE][ashz#3656] {message:"뭐노 그럼 ㅋ",id:"882930972235034634",channel_name:"chat"}
[2021/09/02 19:12:35.467][687188236971671560][event][MESSAGE][박곰#9646] {message:"비주얼 스튜디오",id:"882931003369336854",channel_name:"chat"}
[2021/09/02 19:12:36.771][687188236971671560][event][MESSAGE][박곰#9646] {message:"깔아서",id:"882931009019064361",channel_name:"chat"}
[2021/09/02 19:12:37.272][687188236971671560][event][MESSAGE][ashz#3656] {message:"방금 비스",id:"882931011296563221",channel_name:"chat"}
[2021/09/02 19:12:38.548][687188236971671560][event][MESSAGE][박곰#9646] {message:"놀고있었음",id:"882931016220672042",channel_name:"chat"}
[2021/09/02 19:12:38.876][687188236971671560][event][MESSAGE][ashz#3656] {message:"ㅋ",id:"882931018028437504",channel_name:"chat"}
[2021/09/02 19:12:41.948][687188236971671560][event][MESSAGE][ashz#3656] {message:"역시",id:"882931030900740126",channel_name:"chat"}
[2021/09/02 19:12:50.169][687188236971671560][event][MESSAGE][ashz#3656] {message:"그걸로 뭐하고 있노",id:"882931065419874314",channel_name:"chat"}
[2021/09/02 19:13:17.348][687188236971671560][event][MESSAGE][박곰#9646] {message:"자바 적어보고있었어요",id:"882931179421061140",channel_name:"chat"}
[2021/09/02 19:13:21.950][687188236971671560][event][MESSAGE][박곰#9646] {message:"여기도 되나 해서",id:"882931198383521832",channel_name:"chat"}
[2021/09/02 19:13:24.825][687188236971671560][event][MESSAGE][ashz#3656] {message:"? ㅋ 비스에?",id:"882931210697969674",channel_name:"chat"}
[2021/09/02 19:13:28.510][687188236971671560][event][MESSAGE_UPDATE][박곰#9646] {message_update:("여기도 되나 해서"->"여기도 가능한가 해서요")}
[2021/09/02 19:13:28.982][687188236971671560][event][MESSAGE][ashz#3656] {message:"가능함?",id:"882931227903017031",channel_name:"chat"}
[2021/09/02 19:13:31.683][687188236971671560][event][MESSAGE][박곰#9646] {message:"몰라요",id:"882931239441535007",channel_name:"chat"}
[2021/09/02 19:13:38.945][687188236971671560][event][MESSAGE][ashz#3656] {message:"잘해봐 ㅋㅋㅋㅋ",id:"882931269942521907",channel_name:"chat"}
[2021/09/02 19:13:41.837][687188236971671560][event][MESSAGE][박곰#9646] {message:"넴",id:"882931282089222154",channel_name:"chat"}
[2021/09/02 19:13:41.867][687188236971671560][event][MESSAGE][ashz#3656] {message:"비스는 좀",id:"882931282126983218",channel_name:"chat"}
[2021/09/02 19:13:44.254][687188236971671560][event][MESSAGE][ashz#3656] {message:"그지야",id:"882931291836801045",channel_name:"chat"}
[2021/09/02 19:13:44.581][687188236971671560][event][MESSAGE][ashz#3656] {message:"ㅋ",id:"882931293648748585",channel_name:"chat"}
[2021/09/02 19:13:50.467][687188236971671560][event][MESSAGE][박곰#9646] {message:"자피",id:"882931318051180615",channel_name:"chat"}
[2021/09/02 19:13:57.549][687188236971671560][event][MESSAGE][박곰#9646] {message:"이클립스 쓸것같아요",id:"882931347637796865",channel_name:"chat"}
[2021/09/02 19:14:01.225][687188236971671560][event][MESSAGE_UPDATE][박곰#9646] {message_update:("자피"->"짜피")}
[2021/09/02 19:14:12.444][687188236971671560][event][MESSAGE][ashz#3656] {message:"더럽게 무겁도 시스템 라이브러에 지원 개같아",id:"882931410489454592",channel_name:"chat"}
[2021/09/02 22:27:11.898][687188236971671560][event][MESSAGE][chloe5325#1260] {message:"돼지",id:"882979978281619506",channel_name:"chat"}
[2021/09/02 22:34:50.031][687188236971671560][event][MESSAGE][ᗰIᑎOᗷOT#1010] {message:"뭐야 우리집이랑 냄비가 같에",id:"882981899239297125",channel_name:"chat"}
[2021/09/02 22:34:58.920][687188236971671560][event][MESSAGE][ᗰIᑎOᗷOT#1010] {message:"형 스프가 에베레스튼데",id:"882981936837054494",channel_name:"chat"}
[2021/09/02 22:35:00.423][687188236971671560][event][MESSAGE][ᗰIᑎOᗷOT#1010] {message:"ㅋㅋㅋㅋ",id:"882981941756956692",channel_name:"chat"}
[2021/09/02 23:02:03.631][687188236971671560][event][MESSAGE][ashz#3656] {message:"ㅋㅋㅋㅋㅋㅋㅋㅋㅋㅋㅋㅋㅋ",id:"882988751545065502",channel_name:"chat"}
[2021/09/02 23:19:25.981][687188236971671560][event][MESSAGE][zik#6629] {message:"sex",id:"882993123163275295",channel_name:"chat"}
[2021/09/02 23:19:46.345][687188236971671560][event][MESSAGE][zik#6629] {message:"why though",id:"882993208831926283",channel_name:"chat"}
[2021/09/02 23:19:53.416][687188236971671560][event][MESSAGE_DELETE][zik#6629] {message:"sex",id:"882993123163275295",channel_name:"chat"}
[2021/09/02 23:52:57.817][687188236971671560][event][MESSAGE][ashz#3656] {message:".join",id:"883001561490550846",channel_name:"chat"}
[2021/09/02 23:52:58.073][687188236971671560][event][MESSAGE_DELETE][ashz#3656] {message:".join",id:"883001561490550846",channel_name:"chat"}
[2021/09/02 23:52:58.850][687188236971671560][command][JOIN_SUCCESS][ashz#3656][883001561490550846] Now connected to user's voice channel. {receivedArgument:".join"}
[2021/09/02 23:53:21.847][687188236971671560][event][MESSAGE][ashz#3656] {message:".play https://music.youtube.com/watch?v=ZUuNiq2HATI&feature=share",id:"883001662380335144",channel_name:"chat"}
[2021/09/02 23:53:22.102][687188236971671560][event][MESSAGE_DELETE][ashz#3656] {message:".play https://music.youtube.com/watch?v=ZUuNiq2HATI&feature=share",id:"883001662380335144",channel_name:"chat"}
[2021/09/02 23:53:23.705][687188236971671560][command][PLAY_SUCCESS][ashz#3656][883001662380335144] Overriding current track. Playing received data track. {receivedArgument:".play https://music.youtube.com/watch?v=ZUuNiq2HATI&feature=share",index:"0",length:"243",volume:"7",url:"https://www.youtube.com/watch?v=ZUuNiq2HATI"}
[2021/09/02 23:53:25.741][687188236971671560][TB][PLAY_FAILED]Unknown log type received. {receivedLogType:"PLAY_FAILED"}
[2021/09/02 23:54:17.446][687188236971671560][event][MESSAGE][ashz#3656] {message:".start",id:"883001895768191017",channel_name:"chat"}
[2021/09/02 23:54:17.448][687188236971671560][command][START_PLAYING][ashz#3656][883001895768191017] Already playing a track. {receivedArgument:".start"}
[2021/09/02 23:54:17.683][687188236971671560][event][MESSAGE_DELETE][ashz#3656] {message:".start",id:"883001895768191017",channel_name:"chat"}
[2021/09/02 23:56:30.433][687188236971671560][event][MESSAGE][ashz#3656] {message:".join",id:"883002453434441748",channel_name:"bot"}
[2021/09/02 23:56:30.687][687188236971671560][event][MESSAGE_DELETE][ashz#3656] {message:".join",id:"883002453434441748",channel_name:"bot"}
[2021/09/02 23:56:30.909][687188236971671560][command][JOIN_SUCCESS][ashz#3656][883002453434441748] Now connected to user's voice channel. {receivedArgument:".join"}
[2021/09/02 23:56:32.073][687188236971671560][event][MESSAGE][ashz#3656] {message:".play https://music.youtube.com/watch?v=ZUuNiq2HATI&feature=share",id:"883002460199850015",channel_name:"bot"}
[2021/09/02 23:56:32.358][687188236971671560][event][MESSAGE_DELETE][ashz#3656] {message:".play https://music.youtube.com/watch?v=ZUuNiq2HATI&feature=share",id:"883002460199850015",channel_name:"bot"}
[2021/09/02 23:56:34.152][687188236971671560][command][PLAY_SUCCESS][ashz#3656][883002460199850015] Overriding current track. Playing received data track. {receivedArgument:".play https://music.youtube.com/watch?v=ZUuNiq2HATI&feature=share",index:"0",length:"243",volume:"7",url:"https://www.youtube.com/watch?v=ZUuNiq2HATI"}
