[2021/07/07 02:56:25.728][687188236971671560][event][MESSAGE][Goldminer127#6374] {message:"No lol, that is another nick",id:"862029236184285275",channel_name:"chat"}
[2021/07/07 07:49:04.262][687188236971671560][event][MESSAGE][ashz#3656] {message:"thank you",id:"862102882027700294",channel_name:"chat"}
[2021/07/07 10:12:39.109][687188236971671560][event][MESSAGE][ashz#3656] {message:"<@!745951577025675274> 제.발",id:"862139014919880756",channel_name:"chat"}
[2021/07/07 10:12:43.391][687188236971671560][event][MESSAGE][ashz#3656] {message:"이름 방금 봤어",id:"862139033190268938",channel_name:"chat"}
[2021/07/07 10:12:44.388][687188236971671560][event][MESSAGE][ashz#3656] {message:"하",id:"862139037057024041",channel_name:"chat"}
[2021/07/07 10:20:07.971][687188236971671560][event][MESSAGE][ashz#3656] {message:"@cibb",id:"862140897961443328",channel_name:"chat"}
[2021/07/07 10:20:22.795][687188236971671560][event][MESSAGE][ashz#3656] {message:"<@!328107003492696065> <@!245630458929348608> 제주도 여행 가실?",id:"862140959927697429",channel_name:"chat"}
[2021/07/07 10:20:30.833][687188236971671560][event][MESSAGE][ashz#3656] {message:"이번달 말에",id:"862140993830387712",channel_name:"chat"}
[2021/07/07 10:20:57.464][687188236971671560][event][MESSAGE][ashz#3656] {message:"<@!335647028300480514> 니도 데려 가겠지만 *군대*",id:"862141105542135809",channel_name:"chat"}
[2021/07/07 10:47:51.517][687188236971671560][event][MESSAGE][thebox#9662] {message:"거 장난이 너무 심하오",id:"862147875299000380",channel_name:"chat"}
[2021/07/07 10:50:31.694][687188236971671560][event][MESSAGE][ashz#3656] {message:"ㅋㅋㅋㅋㅋ",id:"862148547137896448",channel_name:"chat"}
[2021/07/07 10:50:41.345][687188236971671560][event][MESSAGE][ashz#3656] {message:"아 근데 사실임",id:"862148587538087946",channel_name:"chat"}
[2021/07/07 10:50:48.159][687188236971671560][event][MESSAGE][ashz#3656] {message:"니랑 가면 스파르타 기분 나서",id:"862148615894859797",channel_name:"chat"}
[2021/07/07 10:50:54.760][687188236971671560][event][MESSAGE][ashz#3656] {message:"재밌긴 할것 같은디",id:"862148643569664001",channel_name:"chat"}
[2021/07/07 10:51:11.672][687188236971671560][event][MESSAGE][ashz#3656] {message:"뭐 대신 니 나오고 미국이라도 가자",id:"862148714835738654",channel_name:"chat"}
[2021/07/07 11:00:32.867][687188236971671560][event][MESSAGE][thebox#9662] {message:"ㄱ",id:"862151068594339860",channel_name:"chat"}
[2021/07/07 11:07:13.650][687188236971671560][event][MESSAGE][ashz#3656] {message:"ㅋㅋㅋ ㄱㄱ",id:"862152749654474772",channel_name:"chat"}
[2021/07/07 14:45:34.781][687188236971671560][event][MESSAGE][zik#6629] {message:"제주도 가서 뭣하게 ㅋㅋㅋ",id:"862207699852853278",channel_name:"chat"}
[2021/07/07 14:45:49.254][687188236971671560][event][MESSAGE][ashz#3656] {message:"eat food",id:"862207760581394442",channel_name:"chat"}
[2021/07/07 14:45:51.459][687188236971671560][event][MESSAGE][ashz#3656] {message:"boat ride",id:"862207769716064286",channel_name:"chat"}
[2021/07/07 14:45:53.915][687188236971671560][event][MESSAGE][ashz#3656] {message:"swim in the sea",id:"862207779736387605",channel_name:"chat"}
[2021/07/07 14:45:56.457][687188236971671560][event][MESSAGE][ashz#3656] {message:"chase girls",id:"862207790738440223",channel_name:"chat"}
[2021/07/07 14:46:05.184][687188236971671560][event][MESSAGE][ashz#3656] {message:"sleep in hotels (maybe with girls?)",id:"862207827383549992",channel_name:"chat"}
[2021/07/07 14:46:23.872][687188236971671560][event][MESSAGE_UPDATE][ashz#3656] {message_update:("sleep in hotels (maybe with girls?)"->"sleep in hotels (maybe with girls?....im jking, im no gm)")}
[2021/07/07 14:46:35.892][687188236971671560][event][MESSAGE][ashz#3656] {message:"view the beautiful see",id:"862207956191281162",channel_name:"chat"}
[2021/07/07 14:46:36.911][687188236971671560][event][MESSAGE_UPDATE][ashz#3656] {message_update:("view the beautiful see"->"view the beautiful sea")}
[2021/07/07 14:46:45.707][687188236971671560][event][MESSAGE][ashz#3656] {message:"climb the volcanic mountian",id:"862207996955721799",channel_name:"chat"}
[2021/07/07 14:46:48.957][687188236971671560][event][MESSAGE][ashz#3656] {message:"go bike riding",id:"862208010582884353",channel_name:"chat"}
[2021/07/07 14:46:57.000][687188236971671560][event][MESSAGE][ashz#3656] {message:"see fun stuff",id:"862208044716130314",channel_name:"chat"}
[2021/07/07 14:47:09.140][687188236971671560][event][MESSAGE][zik#6629] {message:"***`Ｆｕｎ．`***",id:"862208095593562152",channel_name:"chat"}
[2021/07/07 14:47:24.995][687188236971671560][event][MESSAGE][ashz#3656] {message:"***yes***",id:"862208162145107988",channel_name:"chat"}
[2021/07/07 14:47:51.276][687188236971671560][event][MESSAGE][ashz#3656] {message:"```c\nprintf("lets go on a trip! %d", 0/0);\n```",id:"862208272350445608",channel_name:"chat"}
[2021/07/07 14:53:48.943][687188236971671560][event][MESSAGE][ashz#3656] {message:"양모노 확정",id:"862209772500287488",channel_name:"chat"}
[2021/07/07 14:55:16.316][687188236971671560][event][MESSAGE][ashz#3656] {message:"금요일 밤에 그타 ㄱㄱ? <@!745951577025675274> <@!335647028300480514> <@!258808551542095874>",id:"862210138975109130",channel_name:"chat"}
[2021/07/07 14:55:26.973][687188236971671560][event][MESSAGE][ashz#3656] {message:"근데 오리지널 습격임",id:"862210183698055218",channel_name:"chat"}
[2021/07/07 14:55:40.854][687188236971671560][event][MESSAGE][ashz#3656] {message:"아 그리고 11시부터임",id:"862210241911324682",channel_name:"chat"}
[2021/07/07 14:55:51.934][687188236971671560][event][MESSAGE][ashz#3656] {message:"오후",id:"862210288366125066",channel_name:"chat"}
[2021/07/07 16:14:55.076][687188236971671560][event][MESSAGE][혜윤#0606] {message:"yesu boss",id:"862230182541393920",channel_name:"chat"}
[2021/07/07 17:34:55.650][687188236971671560][event][MESSAGE][ashz#3656] {message:"hell yeaaa",id:"862250317566443530",channel_name:"chat"}
[2021/07/07 18:45:27.973][687188236971671560][event][MESSAGE][양 진#4848] {message:"그타",id:"862268069233819678",channel_name:"chat"}
[2021/07/07 18:45:30.291][687188236971671560][event][MESSAGE][양 진#4848] {message:"이거",id:"862268078787002378",channel_name:"chat"}
[2021/07/07 18:45:33.200][687188236971671560][event][MESSAGE][양 진#4848] {message:"정지 안풀렸는데",id:"862268091169505300",channel_name:"chat"}
[2021/07/07 18:45:36.991][687188236971671560][event][MESSAGE][양 진#4848] {message:"어캅니까",id:"862268106943758337",channel_name:"chat"}
[2021/07/07 18:49:56.728][687188236971671560][event][MESSAGE][ashz#3656] {message:"잘 해결해봐",id:"862269196452233266",channel_name:"chat"}
[2021/07/07 18:51:26.223][687188236971671560][event][MESSAGE][ashz#3656] {message:"영진아, 너의 말처럼 밴당한 사람 2013년도부터 지금까지 한명도 없단다",id:"862269571872456705",channel_name:"chat"}
[2021/07/07 18:51:52.124][687188236971671560][event][MESSAGE][ashz#3656] {message:"1. 모드 킨 놈이 떨군 돈을 먹고 써서 밴당했거나",id:"862269680448962560",channel_name:"chat"}
[2021/07/07 18:52:08.802][687188236971671560][event][MESSAGE][ashz#3656] {message:"2. 너가 모드 써서 밴 당했거나",id:"862269750453469194",channel_name:"chat"}
[2021/07/07 18:52:24.043][687188236971671560][event][MESSAGE][ashz#3656] {message:"3. 남이 너의 계정으로 모드 썼거나",id:"862269814306897940",channel_name:"chat"}
[2021/07/07 18:52:55.955][687188236971671560][event][MESSAGE][ashz#3656] {message:"누구도 자신이 모은 1000만원 썼다고 밴당했다는 사람 없다",id:"862269947785641995",channel_name:"chat"}
[2021/07/07 19:07:12.321][687188236971671560][event][MESSAGE][양 진#4848] {message:"모드 까는법도 모르고",id:"862273540107010068",channel_name:"chat"}
[2021/07/07 19:07:16.750][687188236971671560][event][MESSAGE][양 진#4848] {message:"쓰는법도 모르고",id:"862273558695903242",channel_name:"chat"}
[2021/07/07 19:07:29.055][687188236971671560][event][MESSAGE][양 진#4848] {message:"거의 초대세션에서만 게임 하라 해서",id:"862273610289512469",channel_name:"chat"}
[2021/07/07 19:07:35.948][687188236971671560][event][MESSAGE][양 진#4848] {message:"거기서만 게임해서 핵쟁이가 올 이유도 없고",id:"862273639080656906",channel_name:"chat"}
[2021/07/07 19:07:45.071][687188236971671560][event][MESSAGE][양 진#4848] {message:"남이 내계정 쓴건가 그럼",id:"862273677126271007",channel_name:"chat"}
[2021/07/07 19:08:43.265][687188236971671560][event][MESSAGE][ashz#3656] {message:"ㅋㅋㅋ 그걸 너가 모르면 어떻게",id:"862273921515520020",channel_name:"chat"}
[2021/07/07 19:09:05.141][687188236971671560][event][MESSAGE][ashz#3656] {message:"초대세션에서 너의 친구가 모드한 것일수도 있음",id:"862274013295804416",channel_name:"chat"}
[2021/07/07 19:09:14.232][687188236971671560][event][MESSAGE][ashz#3656] {message:"그런 사례사 있긴 하더라",id:"862274051182166017",channel_name:"chat"}
[2021/07/07 19:59:47.858][687188236971671560][event][MESSAGE][양 진#4848] {message:"만약에",id:"862286775208378370",channel_name:"chat"}
[2021/07/07 19:59:51.774][687188236971671560][event][MESSAGE][양 진#4848] {message:"친구중에 쓴 사람이 있다면",id:"862286791759233034",channel_name:"chat"}
[2021/07/07 19:59:59.137][687188236971671560][event][MESSAGE][양 진#4848] {message:"흠",id:"862286822657753088",channel_name:"chat"}
[2021/07/07 20:00:02.310][687188236971671560][event][MESSAGE][양 진#4848] {message:"그건 좀",id:"862286835970998272",channel_name:"chat"}
[2021/07/07 22:02:06.431][687188236971671560][event][MESSAGE][ᗰIᑎOᗷOT#1010] {message:"https://discord.gg/aJE2SPYtEz\n\n개발중인 모드방인데요..누가 부디 테스트좀 해주세요...ㅋㅋㅋ",id:"862317555481182208",channel_name:"chat"}
[2021/07/07 22:29:51.827][687188236971671560][event][MESSAGE][양 진#4848] {message:"근데 그타는 락스타 계정이랑 스팀계정 연동해서 사용하는 거라 아무리 스팀 계정이 해킹을 잘 당한다 해도 스팀락이 걸려있기도 하고 락스타는 애초에 보안 자체가 잘 되어있기 때문에 분명 문제는 주변에 있는거 같은데",id:"862324540527738900",channel_name:"chat"}
[2021/07/07 22:30:05.297][687188236971671560][event][MESSAGE][양 진#4848] {message:"도대체 정지를 왜 먹은건지 진짜 모르겠어요",id:"862324597215330314",channel_name:"chat"}
[2021/07/07 22:33:25.555][687188236971671560][event][MESSAGE][ashz#3656] {message:"락스타가 보안이 좋다고? ㅋㅋㅋㅋㅋㅋㅋㅋㅋㅋㅋㅋㅋㅋㅋㅋㅋ",id:"862325437182378005",channel_name:"chat"}
[2021/07/07 22:33:32.911][687188236971671560][event][MESSAGE][ashz#3656] {message:"계네 서버 털린게 몇번인데",id:"862325467986395157",channel_name:"chat"}
[2021/07/07 22:33:56.471][687188236971671560][event][MESSAGE][ashz#3656] {message:"뭐, 록스타 보안과 너의 계정 비번 강도랑 다르긴 하지만",id:"862325566824513566",channel_name:"chat"}
[2021/07/07 22:34:00.597][687188236971671560][event][MESSAGE][ashz#3656] {message:"ㅋㅋㅋ",id:"862325584120774686",channel_name:"chat"}
[2021/07/07 22:34:22.689][687188236971671560][event][MESSAGE][ashz#3656] {message:"스팀은 요즘 해킹 줄여지긴 했지",id:"862325676803358760",channel_name:"chat"}
[2021/07/07 22:34:57.018][687188236971671560][event][MESSAGE][ashz#3656] {message:"2차 보안때부터 보안시스템이 너무 효율적으로 좋아졌음",id:"862325820798140446",channel_name:"chat"}
[2021/07/07 22:35:46.754][687188236971671560][event][MESSAGE][ashz#3656] {message:"개인적으로 너의 친구가 모딩했거나, 너가 모르고 했거나, 너의 컴에 설치되어 있는 프로그램이 걸렸거나",id:"862326029376946176",channel_name:"chat"}
[2021/07/07 23:01:47.084][687188236971671560][event][MESSAGE][Dabig#3853] {message:"아으 김영진",id:"862332573841752114",channel_name:"chat"}
[2021/07/07 23:02:33.879][687188236971671560][event][MESSAGE][Dabig#3853] {message:"형님",id:"862332770146451506",channel_name:"chat"}
[2021/07/07 23:02:43.441][687188236971671560][event][MESSAGE][Dabig#3853] {message:"17.1 업뎃돼서 안드가집니다 행님",id:"862332810257629194",channel_name:"chat"}
[2021/07/07 23:55:04.083][687188236971671560][event][MESSAGE][양 진#4848] {message:"https://www.youtube.com/watch?v=LJtXobJvXsU&t=15s",id:"862345983097831434",channel_name:"chat"}
[2021/07/07 23:55:11.096][687188236971671560][event][MESSAGE_DELETE][양 진#4848] {message:"https://www.youtube.com/watch?v=LJtXobJvXsU&t=15s",id:"862345983097831434",channel_name:"chat"}
[2021/07/07 23:55:13.393][687188236971671560][event][MESSAGE][양 진#4848] {message:"잘못보냄",id:"862346021929877515",channel_name:"chat"}
