[2021/07/26 22:17:18.849][687188236971671560][event][MESSAGE][thebox#9662] {message:"I miss you",id:"869206751554195457",channel_name:"chat"}
[2021/07/26 23:09:45.080][687188236971671560][event][MESSAGE][ashz#3656] {message:"ㅗㅗㅗㅗㅗ",id:"869219948260655134",channel_name:"chat"}
[2021/07/26 23:09:54.500][687188236971671560][event][MESSAGE][ashz#3656] {message:"여자나 찾아다녀",id:"869219987385098282",channel_name:"chat"}
[2021/07/26 23:09:55.640][687188236971671560][event][MESSAGE][thebox#9662] {message:"감동 존나깨네",id:"869219992535707658",channel_name:"chat"}
[2021/07/26 23:10:08.778][687188236971671560][event][MESSAGE][thebox#9662] {message:"여자가 있어야 찾든하죠 ㅠㅜ",id:"869220047627894804",channel_name:"chat"}
[2021/07/26 23:10:23.324][687188236971671560][event][MESSAGE][ashz#3656] {message:"여자가 *어딘가* 있겠지",id:"869220108629843988",channel_name:"chat"}
[2021/07/26 23:10:31.374][687188236971671560][event][MESSAGE][ashz#3656] {message:"감동을 바라면 여기서 찾지는 마 ㅋㅋㅋ",id:"869220142410792960",channel_name:"chat"}
[2021/07/26 23:10:39.806][687188236971671560][event][MESSAGE][thebox#9662] {message:"그리고 ㅋㅋㅋ꙼̈",id:"869220177580032041",channel_name:"chat"}
[2021/07/26 23:10:47.831][687188236971671560][event][MESSAGE][thebox#9662] {message:"우리의 추억을 생각하며 말한거야 ㅋㅋ꙼̈",id:"869220211163824210",channel_name:"chat"}
[2021/07/26 23:11:11.382][687188236971671560][event][MESSAGE][ashz#3656] {message:"뭐 추억 ㅋㅋㅋㅋ",id:"869220310212300800",channel_name:"chat"}
[2021/07/26 23:11:31.309][687188236971671560][event][MESSAGE][ashz#3656] {message:"고등학교때 거의 모든 존재 쌍욕한거?",id:"869220393792208956",channel_name:"chat"}
[2021/07/26 23:11:34.090][687188236971671560][event][MESSAGE][ashz#3656] {message:"추억이긴하지",id:"869220405448171610",channel_name:"chat"}
[2021/07/26 23:12:03.830][687188236971671560][event][MESSAGE][thebox#9662] {message:"참 많네요",id:"869220529939292211",channel_name:"chat"}
[2021/07/26 23:12:12.858][687188236971671560][event][MESSAGE][thebox#9662] {message:"이놈을 어쩌다 알게됬지",id:"869220567713202227",channel_name:"chat"}
[2021/07/26 23:12:23.444][687188236971671560][event][MESSAGE][thebox#9662] {message:"ㅋㅋㅋㅋㅋ꙼̈",id:"869220612114112533",channel_name:"chat"}
[2021/07/26 23:12:24.725][687188236971671560][event][MESSAGE][ashz#3656] {message:"ㅋㅋㅋㅋㅋㅋㅋㅋㅋㅋ",id:"869220617839321088",channel_name:"chat"}
[2021/07/26 23:12:36.190][687188236971671560][event][MESSAGE][thebox#9662] {message:"처음보는데 꽤 통했던걸로 기억함",id:"869220665549533185",channel_name:"chat"}
[2021/07/26 23:13:03.533][687188236971671560][event][MESSAGE][ashz#3656] {message:"ㅋㅋㅋㅋㅋ 난 나랑 같은 또라이다라고 생각헤서 통한것 같은디",id:"869220780611878973",channel_name:"chat"}
[2021/07/26 23:13:15.289][687188236971671560][event][MESSAGE][thebox#9662] {message:"니생각이 맞았네 ㅋㅋ꙼̈",id:"869220829920120892",channel_name:"chat"}
[2021/07/26 23:13:19.451][687188236971671560][event][MESSAGE][ashz#3656] {message:"ㅋㅋㅋ",id:"869220847393570826",channel_name:"chat"}
[2021/07/26 23:13:37.060][687188236971671560][event][MESSAGE][thebox#9662] {message:"재밌었네 ㅋㅋ꙼̈",id:"869220921255297024",channel_name:"chat"}
[2021/07/26 23:14:06.988][687188236971671560][event][MESSAGE][ashz#3656] {message:"ㅋㅋㅋㅋ",id:"869221046639804436",channel_name:"chat"}
[2021/07/26 23:14:29.723][687188236971671560][event][MESSAGE][thebox#9662] {message:"얼른 자 ㅋㅋ꙼̈",id:"869221142081179709",channel_name:"chat"}
[2021/07/26 23:14:38.825][687188236971671560][event][MESSAGE][thebox#9662] {message:"피곤하게 지내지말고 ㅋㅋ꙼̈",id:"869221180324855878",channel_name:"chat"}
[2021/07/26 23:15:13.331][687188236971671560][event][MESSAGE][ashz#3656] {message:"ㅋㅋㅋ 방금 운동 끝나서",id:"869221325061902346",channel_name:"chat"}
[2021/07/26 23:15:18.731][687188236971671560][event][MESSAGE][ashz#3656] {message:"이제 집들어옴",id:"869221347706941480",channel_name:"chat"}
[2021/07/26 23:15:25.400][687188236971671560][event][MESSAGE][thebox#9662] {message:"굿",id:"869221375313854485",channel_name:"chat"}
[2021/07/26 23:15:29.534][687188236971671560][event][MESSAGE][ashz#3656] {message:"이제부터 밤 시작이지",id:"869221393001234442",channel_name:"chat"}
[2021/07/26 23:15:30.824][687188236971671560][event][MESSAGE][ashz#3656] {message:"ㅋㅋㅋㅋㅋㅋ",id:"869221398441246810",channel_name:"chat"}
[2021/07/26 23:15:34.523][687188236971671560][event][MESSAGE][thebox#9662] {message:"나는 지금 운동할 여건은 안돼서 ㅋㅋ꙼̈",id:"869221413876293692",channel_name:"chat"}
[2021/07/26 23:15:37.995][687188236971671560][event][MESSAGE][ashz#3656] {message:"ㅋㅋㅋㅋㅋ",id:"869221428459868170",channel_name:"chat"}
[2021/07/26 23:15:44.296][687188236971671560][event][MESSAGE][thebox#9662] {message:"책읽고 넷플릭스로 힐링중 ㅋㅋ꙼̈",id:"869221454888202288",channel_name:"chat"}
[2021/07/26 23:15:50.197][687188236971671560][event][MESSAGE][ashz#3656] {message:"ㅋㅋㅋㅋ",id:"869221479621996544",channel_name:"chat"}
[2021/07/26 23:15:58.972][687188236971671560][event][MESSAGE][ashz#3656] {message:"책이나 열심히 읽어",id:"869221516473143306",channel_name:"chat"}
[2021/07/26 23:16:10.630][687188236971671560][event][MESSAGE][thebox#9662] {message:"3일만에 책 2권을 읽은건",id:"869221565382950932",channel_name:"chat"}
[2021/07/26 23:16:15.020][687188236971671560][event][MESSAGE][thebox#9662] {message:"잘한짓이 아닐까",id:"869221583779143770",channel_name:"chat"}
[2021/07/26 23:16:26.740][687188236971671560][event][MESSAGE][ashz#3656] {message:"오 ㅋㅋㅋㅋ",id:"869221632944771082",channel_name:"chat"}
[2021/07/26 23:16:31.623][687188236971671560][event][MESSAGE][ashz#3656] {message:"의외인데,",id:"869221653442347028",channel_name:"chat"}
[2021/07/26 23:16:35.672][687188236971671560][event][MESSAGE][ashz#3656] {message:"얼마나 항게 없으면",id:"869221670399926282",channel_name:"chat"}
[2021/07/26 23:16:40.241][687188236971671560][event][MESSAGE][ashz#3656] {message:"책 2권을 읽냐",id:"869221689563705374",channel_name:"chat"}
[2021/07/26 23:16:41.535][687188236971671560][event][MESSAGE][ashz#3656] {message:"ㅋㅋㅋㅋ",id:"869221694957572106",channel_name:"chat"}
[2021/07/26 23:16:43.430][687188236971671560][event][MESSAGE][thebox#9662] {message:"문제는 책이",id:"869221702935126076",channel_name:"chat"}
[2021/07/26 23:16:50.073][687188236971671560][event][MESSAGE][thebox#9662] {message:"없어",id:"869221730806267944",channel_name:"chat"}
[2021/07/26 23:16:53.502][687188236971671560][event][MESSAGE][ashz#3656] {message:"ㅋㅋㅋㅋㅋㅋㅋㅋ",id:"869221745171767306",channel_name:"chat"}
[2021/07/26 23:16:54.408][687188236971671560][event][MESSAGE][ashz#3656] {message:"아",id:"869221748980191252",channel_name:"chat"}
[2021/07/26 23:16:55.739][687188236971671560][event][MESSAGE][ashz#3656] {message:"설마",id:"869221754554437712",channel_name:"chat"}
[2021/07/26 23:16:58.039][687188236971671560][event][MESSAGE][thebox#9662] {message:"끌리는 책을 읽는데",id:"869221764213907526",channel_name:"chat"}
[2021/07/26 23:16:58.257][687188236971671560][event][MESSAGE][ashz#3656] {message:"군대에",id:"869221764964679701",channel_name:"chat"}
[2021/07/26 23:17:00.490][687188236971671560][event][MESSAGE][ashz#3656] {message:"있는 책만",id:"869221774313816065",channel_name:"chat"}
[2021/07/26 23:17:06.307][687188236971671560][event][MESSAGE][ashz#3656] {message:"읽는거니? ㅋㅋㅋ",id:"869221798913400832",channel_name:"chat"}
[2021/07/26 23:17:09.678][687188236971671560][event][MESSAGE][thebox#9662] {message:"아 국방문고 당연하죠",id:"869221812616192001",channel_name:"chat"}
[2021/07/26 23:17:13.557][687188236971671560][event][MESSAGE][thebox#9662] {message:"추천한번 해주셈 그럼",id:"869221829162709053",channel_name:"chat"}
[2021/07/26 23:17:14.544][687188236971671560][event][MESSAGE][ashz#3656] {message:"극.혐",id:"869221833398943744",channel_name:"chat"}
[2021/07/26 23:17:16.017][687188236971671560][event][MESSAGE][thebox#9662] {message:"하나 사보게",id:"869221839644295188",channel_name:"chat"}
[2021/07/26 23:17:24.007][687188236971671560][event][MESSAGE][ashz#3656] {message:"헤리포터 풀 시리즈",id:"869221873043517460",channel_name:"chat"}
[2021/07/26 23:17:36.953][687188236971671560][event][MESSAGE][thebox#9662] {message:"소설 시리즈 말구영",id:"869221927422660618",channel_name:"chat"}
[2021/07/26 23:17:41.007][687188236971671560][event][MESSAGE][ashz#3656] {message:"셜록 홈즈 풀 시리즈",id:"869221944451530832",channel_name:"chat"}
[2021/07/26 23:17:47.652][687188236971671560][event][MESSAGE][thebox#9662] {message:"그거는 잘 모르는데",id:"869221972331077632",channel_name:"chat"}
[2021/07/26 23:17:50.929][687188236971671560][event][MESSAGE][thebox#9662] {message:"한번 찾아볼까",id:"869221986054852648",channel_name:"chat"}
[2021/07/26 23:17:59.283][687188236971671560][event][MESSAGE][ashz#3656] {message:"ㅇㅇ 셜록 홈즈는 괜찮음",id:"869222020980822016",channel_name:"chat"}
[2021/07/26 23:18:26.053][687188236971671560][event][MESSAGE][thebox#9662] {message:"좀 유명한 시리즈는",id:"869222133329428530",channel_name:"chat"}
[2021/07/26 23:18:30.774][687188236971671560][event][MESSAGE][thebox#9662] {message:"영화같은걸로 다 봐서",id:"869222153181097984",channel_name:"chat"}
[2021/07/26 23:18:35.118][687188236971671560][event][MESSAGE][thebox#9662] {message:"책으로 보기가 싫어져",id:"869222171245940777",channel_name:"chat"}
[2021/07/26 23:18:40.417][687188236971671560][event][MESSAGE][ashz#3656] {message:"ㅋㅋ",id:"869222193630953542",channel_name:"chat"}
[2021/07/26 23:18:48.317][687188236971671560][event][MESSAGE][thebox#9662] {message:"Ex 메이즈러너",id:"869222226770133042",channel_name:"chat"}
[2021/07/26 23:18:59.783][687188236971671560][event][MESSAGE][ashz#3656] {message:"ㅋㅋㅋ",id:"869222274866229298",channel_name:"chat"}
[2021/07/26 23:19:06.453][687188236971671560][event][MESSAGE][ashz#3656] {message:"그걸 말할려고 했긴 했는데",id:"869222302796091402",channel_name:"chat"}
[2021/07/26 23:19:25.461][687188236971671560][event][MESSAGE][thebox#9662] {message:"ㅋㅋㅋㅋ꙼̈",id:"869222382433345586",channel_name:"chat"}
[2021/07/26 23:19:30.797][687188236971671560][event][MESSAGE][thebox#9662] {message:"그럴줄 알았엉",id:"869222404805783632",channel_name:"chat"}
[2021/07/26 23:19:34.801][687188236971671560][event][MESSAGE][ashz#3656] {message:"아 그럼",id:"869222421733994576",channel_name:"chat"}
[2021/07/26 23:19:42.841][687188236971671560][event][MESSAGE][ashz#3656] {message:"번역본 있는지는 모르지민",id:"869222455468785744",channel_name:"chat"}
[2021/07/26 23:20:00.069][687188236971671560][event][MESSAGE][ashz#3656] {message:"Rangers Apprentice 시리즈",id:"869222527711469598",channel_name:"chat"}
[2021/07/26 23:20:15.541][687188236971671560][event][MESSAGE][thebox#9662] {message:"이거는 처음들어보네요",id:"869222592572170350",channel_name:"chat"}
[2021/07/26 23:20:17.580][687188236971671560][event][MESSAGE][ashz#3656] {message:"중세대 소설인데",id:"869222600759459851",channel_name:"chat"}
[2021/07/26 23:20:23.444][687188236971671560][event][MESSAGE][thebox#9662] {message:"한번 찾아보죠",id:"869222625744916600",channel_name:"chat"}
[2021/07/26 23:20:26.016][687188236971671560][event][MESSAGE][ashz#3656] {message:"꽤 현실적임",id:"869222636515897374",channel_name:"chat"}
[2021/07/26 23:20:39.778][687188236971671560][event][MESSAGE][thebox#9662] {message:"중세 시대소설임?",id:"869222694099509300",channel_name:"chat"}
[2021/07/26 23:20:47.893][687188236971671560][event][MESSAGE_UPDATE][thebox#9662] {message_update:("중세 시대소설임?"->"중세 시대 소설임?")}
[2021/07/26 23:20:50.359][687188236971671560][event][MESSAGE][ashz#3656] {message:"ㅇㅇ",id:"869222738638827621",channel_name:"chat"}
[2021/07/26 23:20:53.418][687188236971671560][event][MESSAGE][thebox#9662] {message:"올",id:"869222751456600105",channel_name:"chat"}
[2021/07/26 23:20:56.974][687188236971671560][event][MESSAGE][thebox#9662] {message:"나 중세 좋아함",id:"869222766396727326",channel_name:"chat"}
[2021/07/26 23:21:09.699][687188236971671560][event][MESSAGE][thebox#9662] {message:"기대가 됩니다",id:"869222819769245716",channel_name:"chat"}
[2021/07/26 23:25:11.672][687188236971671560][event][MESSAGE][thebox#9662] {message:"아 쉽 게 도",id:"869223834669178880",channel_name:"chat"}
[2021/07/26 23:25:15.175][687188236971671560][event][MESSAGE][thebox#9662] {message:"없습니다 ㅠㅜ",id:"869223849047228427",channel_name:"chat"}
[2021/07/26 23:25:49.485][687188236971671560][event][MESSAGE][thebox#9662] {message:"책이 번역본이 존재하는데",id:"869223993297739816",channel_name:"chat"}
[2021/07/26 23:25:57.923][687188236971671560][event][MESSAGE][thebox#9662] {message:"제 앱엔 없네요",id:"869224028659908629",channel_name:"chat"}
[2021/07/26 23:26:17.663][687188236971671560][event][MESSAGE][thebox#9662] {message:"셜록또한 마찬가지 ㅠ",id:"869224111438704691",channel_name:"chat"}
[2021/07/26 23:30:07.904][687188236971671560][event][MESSAGE][thebox#9662] {message:"셜록 있따~̆̈",id:"869225077147861042",channel_name:"chat"}
[2021/07/26 23:52:57.329][687188236971671560][event][MESSAGE][ashz#3656] {message:"ㅋㅋㅋㅋ",id:"869230820492197930",channel_name:"chat"}
[2021/07/26 23:53:03.082][687188236971671560][event][MESSAGE][ashz#3656] {message:"셜록도 읽어봐",id:"869230844827537439",channel_name:"chat"}
[2021/07/26 23:53:09.872][687188236971671560][event][MESSAGE][ashz#3656] {message:"거의 중세대임",id:"869230873554346015",channel_name:"chat"}
[2021/07/26 23:53:14.595][687188236971671560][event][MESSAGE][ashz#3656] {message:"현대화 전",id:"869230893364035614",channel_name:"chat"}
[2021/07/26 23:53:17.564][687188236971671560][event][MESSAGE][ashz#3656] {message:"?",id:"869230905812717578",channel_name:"chat"}
[2021/07/26 23:53:18.634][687188236971671560][event][MESSAGE][ashz#3656] {message:"아마도",id:"869230910250303518",channel_name:"chat"}
[2021/07/26 23:53:18.982][687188236971671560][event][MESSAGE][ashz#3656] {message:"ㅋㅋㅋ",id:"869230911781236796",channel_name:"chat"}
[2021/07/26 23:54:03.785][687188236971671560][event][MESSAGE][thebox#9662] {message:"시리즈 너무 많네요",id:"869231099358887979",channel_name:"chat"}
[2021/07/26 23:54:53.852][687188236971671560][event][MESSAGE][ashz#3656] {message:"ㅋㅋㅋㅋ",id:"869231309527064659",channel_name:"chat"}
[2021/07/26 23:55:03.173][687188236971671560][event][MESSAGE][thebox#9662] {message:"일단 도전!",id:"869231348597026867",channel_name:"chat"}
[2021/07/26 23:55:05.547][687188236971671560][event][MESSAGE][thebox#9662] {message:"목표",id:"869231358654971984",channel_name:"chat"}
[2021/07/26 23:55:25.074][687188236971671560][event][MESSAGE][thebox#9662] {message:"시리즈 중 1개는 다읽어보기",id:"869231440418729996",channel_name:"chat"}
[2021/07/26 23:57:31.900][687188236971671560][event][MESSAGE][ashz#3656] {message:"ㅋㅋㅋㅋ",id:"869231972441010217",channel_name:"chat"}
[2021/07/26 23:57:34.222][687188236971671560][event][MESSAGE][ashz#3656] {message:"목표를",id:"869231982276653166",channel_name:"chat"}
[2021/07/26 23:57:41.689][687188236971671560][event][MESSAGE][ashz#3656] {message:"폭포 이전까지 읽는걸로해",id:"869232013650038814",channel_name:"chat"}
[2021/07/26 23:57:58.984][687188236971671560][event][MESSAGE][ashz#3656] {message:"아 아니지",id:"869232086194749511",channel_name:"chat"}
[2021/07/26 23:58:05.232][687188236971671560][event][MESSAGE][ashz#3656] {message:"폭포까지 읽어야",id:"869232112119730177",channel_name:"chat"}
[2021/07/26 23:58:07.162][687188236971671560][event][MESSAGE][ashz#3656] {message:"이해가되지",id:"869232120495755264",channel_name:"chat"}
[2021/07/26 23:58:07.795][687188236971671560][event][MESSAGE][ashz#3656] {message:"ㅋㅋ",id:"869232123138166834",channel_name:"chat"}
[2021/07/26 23:58:20.034][687188236971671560][event][MESSAGE][thebox#9662] {message:"ㅇㅋㅇㅋ꙼̈",id:"869232174455463997",channel_name:"chat"}
[2021/07/26 23:59:04.718][687188236971671560][event][MESSAGE][thebox#9662] {message:"폭포가 혹시",id:"869232361789849670",channel_name:"chat"}
[2021/07/26 23:59:19.660][687188236971671560][event][MESSAGE][thebox#9662] {message:"Valley까지니",id:"869232424486326374",channel_name:"chat"}
[2021/07/26 23:59:33.365][687188236971671560][event][MESSAGE][ashz#3656] {message:"기억 안남 ㅋㅋㅋ",id:"869232481956667443",channel_name:"chat"}
[2021/07/26 23:59:40.442][687188236971671560][event][MESSAGE][ashz#3656] {message:"다 기억하진 못함",id:"869232511715254302",channel_name:"chat"}
[2021/07/26 23:59:51.626][687188236971671560][event][MESSAGE][thebox#9662] {message:"공포의 폭포 여기까지??",id:"869232558569832448",channel_name:"chat"}
