[2021/07/06 00:11:14.285][687188236971671560][event][MESSAGE][ashz#3656] {message:"Yes please <@!745951577025675274>",id:"861625276596617246",channel_name:"chat"}
[2021/07/06 01:13:11.478][687188236971671560][event][MESSAGE][양 진#4848] {message:"그타",id:"861640867717447690",channel_name:"chat"}
[2021/07/06 01:13:19.007][687188236971671560][event][MESSAGE][양 진#4848] {message:"사야되서",id:"861640899188228126",channel_name:"chat"}
[2021/07/06 01:13:35.396][687188236971671560][event][MESSAGE][양 진#4848] {message:"고민중",id:"861640968012824626",channel_name:"chat"}
[2021/07/06 01:13:52.952][687188236971671560][event][MESSAGE][혜윤#0606] {message:"Fun game",id:"861641041664147526",channel_name:"chat"}
[2021/07/06 01:14:08.505][687188236971671560][event][MESSAGE][혜윤#0606] {message:"And cute profile picture",id:"861641106873384970",channel_name:"chat"}
[2021/07/06 01:33:25.770][687188236971671560][event][MESSAGE][양 진#4848] {message:"그치",id:"861645960807448618",channel_name:"chat"}
[2021/07/06 13:42:19.033][687188236971671560][event][MESSAGE][thebox#9662] {message:"Sure",id:"861829391432548412",channel_name:"chat"}
[2021/07/06 13:43:00.983][687188236971671560][event][MESSAGE][ashz#3656] {message:"gud",id:"861829567366299658",channel_name:"chat"}
[2021/07/06 13:43:14.298][687188236971671560][event][MESSAGE][ashz#3656] {message:"not only that, you can blow each other up!",id:"861829623163256863",channel_name:"chat"}
[2021/07/06 13:43:30.516][687188236971671560][event][MESSAGE][ashz#3656] {message:"and shoot chinese kids with homing launchers",id:"861829691224358935",channel_name:"chat"}
[2021/07/06 13:43:34.019][687188236971671560][event][MESSAGE][ashz#3656] {message:"cant get better than that",id:"861829705937715213",channel_name:"chat"}
[2021/07/06 13:44:08.988][687188236971671560][event][MESSAGE][thebox#9662] {message:"Seriously",id:"861829852638609438",channel_name:"chat"}
[2021/07/06 13:44:19.957][687188236971671560][event][MESSAGE][ashz#3656] {message:"oh and strip clubs",id:"861829898645143553",channel_name:"chat"}
[2021/07/06 14:29:22.396][687188236971671560][event][MESSAGE][혜윤#0606] {message:"Hahaha",id:"861841233553915954",channel_name:"chat"}
[2021/07/06 14:54:09.355][687188236971671560][event][MESSAGE][ashz#3656] {message:"<@!328107003492696065> <@!245630458929348608> <@!335647028300480514> 17일 food",id:"861847470282506252",channel_name:"chat"}
[2021/07/06 14:54:10.897][687188236971671560][event][MESSAGE][ashz#3656] {message:"meat",id:"861847476613021746",channel_name:"chat"}
[2021/07/06 14:55:08.757][687188236971671560][event][MESSAGE][thebox#9662] {message:"https://tenor.com/view/three-finger-salute-good-luck-jennifer-lawrence-katniss-everdeen-hunger-games-gif-14699764",id:"861847719366754354",channel_name:"chat"}
[2021/07/06 15:27:05.615][687188236971671560][event][MESSAGE][양 진#4848] {message:"흠",id:"861855759053881345",channel_name:"chat"}
[2021/07/06 15:28:43.366][687188236971671560][event][MESSAGE][zik#6629] {message:"Föød time\n:)",id:"861856169211068446",channel_name:"chat"}
[2021/07/06 15:31:04.314][687188236971671560][event][MESSAGE][ashz#3656] {message:"yuk",id:"861856760461787166",channel_name:"chat"}
[2021/07/06 15:31:16.019][687188236971671560][event][MESSAGE][ashz#3656] {message:"drink looks like strawberry vomit",id:"861856809505914900",channel_name:"chat"}
[2021/07/06 15:31:26.379][687188236971671560][event][MESSAGE][zik#6629] {message:"루트비어거든ㅋㅋㅋ",id:"861856852986953738",channel_name:"chat"}
[2021/07/06 15:31:37.613][687188236971671560][event][MESSAGE][ashz#3656] {message:"N.A.N.I",id:"861856900102619146",channel_name:"chat"}
[2021/07/06 15:31:43.674][687188236971671560][event][MESSAGE][ashz#3656] {message:"<:naniok:799488153609568286>",id:"861856925188489218",channel_name:"chat"}
[2021/07/06 15:31:57.679][687188236971671560][event][MESSAGE][ashz#3656] {message:"<:MeguminGasp:819349201749671956> i love root bear",id:"861856984021598229",channel_name:"chat"}
[2021/07/06 15:32:02.409][687188236971671560][event][MESSAGE][ashz#3656] {message:"where u get it",id:"861857004078497802",channel_name:"chat"}
[2021/07/06 15:32:48.580][687188236971671560][event][MESSAGE][zik#6629] {message:"Shake shack my lad",id:"861857197733838878",channel_name:"chat"}
[2021/07/06 15:32:58.513][687188236971671560][event][MESSAGE][zik#6629] {message:"Root beer float",id:"861857239195058197",channel_name:"chat"}
[2021/07/06 15:33:53.264][687188236971671560][event][MESSAGE][zik#6629] {message:"루트비어 있단 제보 받고 2시간동안 열차타서 처먹는중ㅋㅋㅋ",id:"861857469022208010",channel_name:"chat"}
[2021/07/06 15:44:03.170][687188236971671560][event][MESSAGE][ashz#3656] {message:"나니ㅣㅣㅣㅣ",id:"861860027181432842",channel_name:"chat"}
[2021/07/06 15:44:08.689][687188236971671560][event][MESSAGE][ashz#3656] {message:"거기 서울에 있는거잖아",id:"861860050356404224",channel_name:"chat"}
[2021/07/06 15:44:13.685][687188236971671560][event][MESSAGE][ashz#3656] {message:"아트 플라자 뭐시기",id:"861860071315210260",channel_name:"chat"}
[2021/07/06 15:49:57.942][687188236971671560][event][MESSAGE][zik#6629] {message:"ㄴㄴ 경기도 고양시",id:"861861515241586688",channel_name:"chat"}
[2021/07/06 15:50:10.262][687188236971671560][event][MESSAGE][zik#6629] {message:"안타깝게도 야옹인 없더라",id:"861861566517608479",channel_name:"chat"}
[2021/07/06 15:58:11.290][687188236971671560][event][MESSAGE][ashz#3656] {message:"zzzzz",id:"861863584458604574",channel_name:"chat"}
[2021/07/06 17:38:24.433][687188236971671560][event][MESSAGE][ashz#3656] {message:"please",id:"861888805463261204",channel_name:"chat"}
[2021/07/06 17:38:25.819][687188236971671560][event][MESSAGE][ashz#3656] {message:"<@!277275957147074560>",id:"861888811008393248",channel_name:"chat"}
[2021/07/06 17:38:26.986][687188236971671560][event][MESSAGE][ashz#3656] {message:"dont",id:"861888816141565962",channel_name:"chat"}
[2021/07/06 17:38:27.856][687188236971671560][event][MESSAGE][ashz#3656] {message:"tell",id:"861888819786416158",channel_name:"chat"}
[2021/07/06 17:38:28.369][687188236971671560][event][MESSAGE][ashz#3656] {message:"me",id:"861888821964701717",channel_name:"chat"}
[2021/07/06 17:38:29.204][687188236971671560][event][MESSAGE][ashz#3656] {message:"thats",id:"861888825013305346",channel_name:"chat"}
[2021/07/06 17:38:29.926][687188236971671560][event][MESSAGE][ashz#3656] {message:"nick",id:"861888828474523658",channel_name:"chat"}
[2021/07/06 23:42:30.701][687188236971671560][event][MESSAGE][양 진#4848] {message:"<@!207597209611403264>",id:"861980435302318080",channel_name:"chat"}
[2021/07/06 23:44:21.505][687188236971671560][event][MESSAGE][ashz#3656] {message:"왜...",id:"861980899742056479",channel_name:"chat"}
[2021/07/06 23:44:26.096][687188236971671560][event][MESSAGE][ashz#3656] {message:"나 자러 갈거야..",id:"861980919263264778",channel_name:"chat"}
[2021/07/06 23:44:31.493][687188236971671560][event][MESSAGE][ashz#3656] {message:"첫 미션만 깸",id:"861980941979484160",channel_name:"chat"}
[2021/07/06 23:50:38.666][687188236971671560][event][MESSAGE][양 진#4848] {message:"ㅇㅎ",id:"861982481318019104",channel_name:"chat"}
[2021/07/06 23:50:39.972][687188236971671560][event][MESSAGE][양 진#4848] {message:"넴",id:"861982487189127209",channel_name:"chat"}
