[2021/08/19 00:14:11.462][687188236971671560][event][MESSAGE][양 진#4848] {message:"https://www.youtube.com/watch?v=EfoU60fg3Ys",id:"877571085846065172",channel_name:"chat"}
[2021/08/19 00:14:29.476][687188236971671560][event][MESSAGE][양 진#4848] {message:"감자칩먹다가",id:"877571161377099786",channel_name:"chat"}
[2021/08/19 00:14:31.055][687188236971671560][event][MESSAGE][양 진#4848] {message:"입천장 까짐",id:"877571168062824468",channel_name:"chat"}
[2021/08/19 00:14:33.372][687188236971671560][event][MESSAGE_DELETE][양 진#4848] {message:"감자칩먹다가",id:"877571161377099786",channel_name:"chat"}
[2021/08/19 00:14:34.612][687188236971671560][event][MESSAGE_DELETE][양 진#4848] {message:"입천장 까짐",id:"877571168062824468",channel_name:"chat"}
[2021/08/19 00:27:17.397][687188236971671560][event][MESSAGE][chloe5325#1260] {message:"진도가 너무 빨라요",id:"877574382329950258",channel_name:"chat"}
[2021/08/19 00:27:31.296][687188236971671560][event][MESSAGE][chloe5325#1260] {message:"^^",id:"877574440521711626",channel_name:"chat"}
[2021/08/19 00:27:33.117][687188236971671560][event][MESSAGE][양 진#4848] {message:"너 이해 못하지",id:"877574448268603432",channel_name:"chat"}
[2021/08/19 00:27:37.486][687188236971671560][event][MESSAGE][chloe5325#1260] {message:"조용",id:"877574466543157348",channel_name:"chat"}
[2021/08/19 00:27:42.215][687188236971671560][event][MESSAGE][양 진#4848] {message:"ㅋ",id:"877574486348668978",channel_name:"chat"}
[2021/08/19 00:28:09.947][687188236971671560][event][MESSAGE][양 진#4848] {message:"근데 안할거면",id:"877574602191147068",channel_name:"chat"}
[2021/08/19 00:28:13.260][687188236971671560][event][MESSAGE][양 진#4848] {message:"솔직히 모르는게 마음 편해",id:"877574616644714536",channel_name:"chat"}
[2021/08/19 00:28:23.058][687188236971671560][event][MESSAGE][양 진#4848] {message:"나도 모름",id:"877574657706975253",channel_name:"chat"}
[2021/08/19 00:28:26.454][687188236971671560][event][MESSAGE_DELETE][양 진#4848] {message:"나도 모름",id:"877574657706975253",channel_name:"chat"}
[2021/08/19 00:28:32.346][687188236971671560][event][MESSAGE][양 진#4848] {message:"모르는건 아니고 알고싶지 않음",id:"877574696709812275",channel_name:"chat"}
[2021/08/19 00:28:34.293][687188236971671560][event][MESSAGE][chloe5325#1260] {message:"아직 개학 안했는데 개학 한 기분이야",id:"877574704670576650",channel_name:"chat"}
[2021/08/19 00:28:37.103][687188236971671560][event][MESSAGE][양 진#4848] {message:"ㅋㅋㅋㅋㅋㅋㅋㅋㅋㅋㅋㅋㅋㅋㅋㅋ",id:"877574716540469309",channel_name:"chat"}
[2021/08/19 00:28:42.379][687188236971671560][event][MESSAGE][양 진#4848] {message:"너도 저거 배워?",id:"877574738761887794",channel_name:"chat"}
[2021/08/19 00:28:51.581][687188236971671560][event][MESSAGE][chloe5325#1260] {message:"ㄴㄴ",id:"877574777106210827",channel_name:"chat"}
[2021/08/19 00:29:02.212][687188236971671560][event][MESSAGE][양 진#4848] {message:"다행이구만",id:"877574821943312454",channel_name:"chat"}
[2021/08/19 00:30:19.795][687188236971671560][event][MESSAGE][양 진#4848] {message:"우리는 개발이란거 하지 말자",id:"877575147329040384",channel_name:"chat"}
[2021/08/19 00:31:15.772][687188236971671560][event][MESSAGE][chloe5325#1260] {message:"먹는건가",id:"877575382172307466",channel_name:"chat"}
[2021/08/19 00:31:33.909][687188236971671560][event][MESSAGE][양 진#4848] {message:"난 안먹을래",id:"877575457942413313",channel_name:"chat"}
[2021/08/19 00:32:45.538][687188236971671560][event][MESSAGE][박곰#9646] {message:"예림이 개발할꺼야>",id:"877575758401372182",channel_name:"chat"}
[2021/08/19 00:32:47.411][687188236971671560][event][MESSAGE_UPDATE][박곰#9646] {message_update:("예림이 개발할꺼야>"->"예림이 개발할꺼야?")}
[2021/08/19 00:32:50.043][687188236971671560][event][MESSAGE][chloe5325#1260] {message:"에?",id:"877575777246412852",channel_name:"chat"}
[2021/08/19 00:32:52.892][687188236971671560][event][MESSAGE][chloe5325#1260] {message:"에이",id:"877575789078532107",channel_name:"chat"}
[2021/08/19 00:32:53.706][687188236971671560][event][MESSAGE_UPDATE][박곰#9646] {message_update:("예림이 개발할꺼야?"->"예림이 개발자 할꺼야?")}
[2021/08/19 00:32:55.987][687188236971671560][event][MESSAGE][chloe5325#1260] {message:"사람 일은 모르는겨",id:"877575802202521631",channel_name:"chat"}
[2021/08/19 00:32:58.487][687188236971671560][event][MESSAGE][chloe5325#1260] {message:"ㅎㅎㅎㅎ^^",id:"877575812986052678",channel_name:"chat"}
[2021/08/19 00:33:41.156][687188236971671560][event][MESSAGE][chloe5325#1260] {message:"개발자 할겨?????",id:"877575991927652382",channel_name:"chat"}
[2021/08/19 00:33:45.763][687188236971671560][event][MESSAGE][박곰#9646] {message:"ㅁㄹ",id:"877576011045277747",channel_name:"chat"}
[2021/08/19 00:33:51.094][687188236971671560][event][MESSAGE][chloe5325#1260] {message:"큰일났구만",id:"877576033568718868",channel_name:"chat"}
[2021/08/19 00:33:55.645][687188236971671560][event][MESSAGE][양 진#4848] {message:"뭐가",id:"877576052711510046",channel_name:"chat"}
[2021/08/19 00:33:56.514][687188236971671560][event][MESSAGE][양 진#4848] {message:"큰일이나",id:"877576056377339914",channel_name:"chat"}
[2021/08/19 00:34:01.874][687188236971671560][event][MESSAGE][박곰#9646] {message:"지금보니까 답이 없는것 같긴 한데",id:"877576078661652520",channel_name:"chat"}
[2021/08/19 00:34:05.297][687188236971671560][event][MESSAGE][chloe5325#1260] {message:"ㅋㅋㅋㅋㅋㅋㅋㅋㅋㅋㅋㅋㅋㅋㅋㅋㅋㅋㅋ",id:"877576093182345226",channel_name:"chat"}
[2021/08/19 00:34:05.762][687188236971671560][event][MESSAGE][박곰#9646] {message:"재미는 있을것같아",id:"877576095157870612",channel_name:"chat"}
[2021/08/19 00:34:25.205][687188236971671560][event][MESSAGE][chloe5325#1260] {message:"저 말을 다 이해한다는게 너무 신기하다",id:"877576176682545252",channel_name:"chat"}
[2021/08/19 00:34:26.221][687188236971671560][event][MESSAGE][chloe5325#1260] {message:"허헣",id:"877576180881043536",channel_name:"chat"}
[2021/08/19 00:34:36.591][687188236971671560][event][MESSAGE][chloe5325#1260] {message:"기대해^^",id:"877576224258535475",channel_name:"chat"}
[2021/08/19 00:34:39.596][687188236971671560][event][MESSAGE][chloe5325#1260] {message:"ㅋㅋㅋㅋㅋㅋㅋㅋㅋㅋㅋㅋㅋㅋㅋㅋ",id:"877576236719816758",channel_name:"chat"}
[2021/08/19 00:34:41.659][687188236971671560][event][MESSAGE][chloe5325#1260] {message:"ㅋㅋㅋㅋㅋㅋㅋㅋㅋㅋㅋㅋㅋㅋㅋㅋㅋㅋㅋ",id:"877576245649481798",channel_name:"chat"}
[2021/08/19 00:34:43.393][687188236971671560][event][MESSAGE][양 진#4848] {message:"흠",id:"877576252989521960",channel_name:"chat"}
[2021/08/19 00:35:21.283][687188236971671560][event][MESSAGE][chloe5325#1260] {message:"이렇게 보내버리네",id:"877576411924299817",channel_name:"chat"}
[2021/08/19 00:35:23.126][687188236971671560][event][MESSAGE][chloe5325#1260] {message:"ㅡㅡ",id:"877576419272691713",channel_name:"chat"}
[2021/08/19 00:35:26.084][687188236971671560][event][MESSAGE][chloe5325#1260] {message:"ㅋㅋㅋㅋㅋㅋㅋㅋㅋㅋㅋㅋㅋㅋㅋ",id:"877576432056942662",channel_name:"chat"}
[2021/08/19 00:35:36.491][687188236971671560][event][MESSAGE][chloe5325#1260] {message:"에?",id:"877576475312799795",channel_name:"chat"}
[2021/08/19 00:35:40.848][687188236971671560][event][MESSAGE][chloe5325#1260] {message:"센 뭐?",id:"877576493956472882",channel_name:"chat"}
[2021/08/19 00:35:42.089][687188236971671560][event][MESSAGE][chloe5325#1260] {message:"샌?",id:"877576499165802546",channel_name:"chat"}
[2021/08/19 00:35:44.362][687188236971671560][event][MESSAGE][chloe5325#1260] {message:"에?",id:"877576508347154433",channel_name:"chat"}
[2021/08/19 00:35:47.397][687188236971671560][event][MESSAGE][chloe5325#1260] {message:"센트뭐?",id:"877576521429172295",channel_name:"chat"}
[2021/08/19 00:36:02.357][687188236971671560][event][MESSAGE][chloe5325#1260] {message:"저는 달토끼 할게요^^",id:"877576584146595840",channel_name:"chat"}
[2021/08/19 00:36:08.803][687188236971671560][event][MESSAGE][chloe5325#1260] {message:"달로 던져주세요^^",id:"877576611225043005",channel_name:"chat"}
[2021/08/19 00:36:15.363][687188236971671560][event][MESSAGE][양 진#4848] {message:"거기 산소 없어서",id:"877576638731284530",channel_name:"chat"}
[2021/08/19 00:36:15.911][687188236971671560][event][MESSAGE][chloe5325#1260] {message:"센투우루스?",id:"877576640996200488",channel_name:"chat"}
[2021/08/19 00:36:17.012][687188236971671560][event][MESSAGE][양 진#4848] {message:"너 죽음",id:"877576645651886100",channel_name:"chat"}
[2021/08/19 00:36:19.141][687188236971671560][event][MESSAGE][chloe5325#1260] {message:"센타우루스",id:"877576654547980308",channel_name:"chat"}
[2021/08/19 00:36:24.127][687188236971671560][event][MESSAGE][chloe5325#1260] {message:"센타우루스 프록시마",id:"877576675490148372",channel_name:"chat"}
[2021/08/19 00:36:26.920][687188236971671560][event][MESSAGE][chloe5325#1260] {message:"푸록시마",id:"877576687133536358",channel_name:"chat"}
[2021/08/19 00:36:28.910][687188236971671560][event][MESSAGE][chloe5325#1260] {message:"에?",id:"877576695538925579",channel_name:"chat"}
[2021/08/19 00:36:35.871][687188236971671560][event][MESSAGE][chloe5325#1260] {message:"4.2449 뭐?",id:"877576724752244858",channel_name:"chat"}
[2021/08/19 00:36:43.680][687188236971671560][event][MESSAGE][chloe5325#1260] {message:"광년",id:"877576756285046796",channel_name:"chat"}
[2021/08/19 00:36:52.042][687188236971671560][event][MESSAGE][chloe5325#1260] {message:"4.246 광년",id:"877576792565768232",channel_name:"chat"}
[2021/08/19 00:36:56.373][687188236971671560][event][MESSAGE][chloe5325#1260] {message:"ㅋㅋㅋㅋㅋㅋㅋㅋㅋㅋㅋㅋㅋ",id:"877576810760667206",channel_name:"chat"}
[2021/08/19 00:36:57.838][687188236971671560][event][MESSAGE][chloe5325#1260] {message:"아",id:"877576816838209536",channel_name:"chat"}
[2021/08/19 00:36:59.917][687188236971671560][event][MESSAGE][chloe5325#1260] {message:"아니",id:"877576825583312896",channel_name:"chat"}
[2021/08/19 00:37:02.014][687188236971671560][event][MESSAGE][chloe5325#1260] {message:"그래도",id:"877576834382962689",channel_name:"chat"}
[2021/08/19 00:37:07.383][687188236971671560][event][MESSAGE][chloe5325#1260] {message:"디코 할 수 있는곳에는 보내줘야지",id:"877576856889622578",channel_name:"chat"}
[2021/08/19 00:37:17.744][687188236971671560][event][MESSAGE][chloe5325#1260] {message:"ㅡㅡ",id:"877576900061569055",channel_name:"chat"}
[2021/08/19 00:37:26.924][687188236971671560][event][MESSAGE][chloe5325#1260] {message:"아니",id:"877576938473021441",channel_name:"chat"}
[2021/08/19 00:37:28.540][687188236971671560][event][MESSAGE][chloe5325#1260] {message:"왜 나를",id:"877576945611722834",channel_name:"chat"}
[2021/08/19 00:37:36.453][687188236971671560][event][MESSAGE][chloe5325#1260] {message:"개발자에서 왜 여기까지 온거지",id:"877576978839003216",channel_name:"chat"}
[2021/08/19 00:41:48.205][687188236971671560][event][MESSAGE][chloe5325#1260] {message:"허헣",id:"877578034738253875",channel_name:"chat"}
[2021/08/19 00:41:52.823][687188236971671560][event][MESSAGE][chloe5325#1260] {message:"커헣",id:"877578053780389900",channel_name:"chat"}
[2021/08/19 00:42:22.105][687188236971671560][event][MESSAGE][chloe5325#1260] {message:"ㅋㅋㅋㅋㅋㅋㅋㅋㅋㅋㅋㅋㅋㅋ",id:"877578176866422785",channel_name:"chat"}
[2021/08/19 00:45:10.417][687188236971671560][event][MESSAGE][chloe5325#1260] {message:"난 그 시간에 잘래",id:"877578882629398559",channel_name:"chat"}
[2021/08/19 00:46:21.038][687188236971671560][event][MESSAGE][chloe5325#1260] {message:"? 뭐야 저 웃음",id:"877579179116359770",channel_name:"chat"}
[2021/08/19 00:48:05.289][687188236971671560][event][MESSAGE][chloe5325#1260] {message:"?",id:"877579616368345099",channel_name:"chat"}
[2021/08/19 00:48:13.772][687188236971671560][event][MESSAGE][chloe5325#1260] {message:"내가?",id:"877579651684401193",channel_name:"chat"}
[2021/08/19 00:48:14.821][687188236971671560][event][MESSAGE][chloe5325#1260] {message:"음",id:"877579656285544458",channel_name:"chat"}
[2021/08/19 00:48:16.458][687188236971671560][event][MESSAGE][chloe5325#1260] {message:"갑자기?",id:"877579663180984430",channel_name:"chat"}
[2021/08/19 00:48:17.491][687188236971671560][event][MESSAGE][chloe5325#1260] {message:"ㅋㅋㅋㅋㅋㅋㅋㅋㅋ",id:"877579667341717525",channel_name:"chat"}
[2021/08/19 00:49:08.607][687188236971671560][event][MESSAGE][ashz#3656] {message:"물어봐",id:"877579881616146463",channel_name:"chat"}
[2021/08/19 00:49:13.951][687188236971671560][event][MESSAGE][chloe5325#1260] {message:"기억 나면",id:"877579903829147749",channel_name:"chat"}
[2021/08/19 00:49:15.655][687188236971671560][event][MESSAGE][chloe5325#1260] {message:"물어봄",id:"877579911248891955",channel_name:"chat"}
[2021/08/19 00:51:25.177][687188236971671560][event][MESSAGE][chloe5325#1260] {message:"에?",id:"877580454742597652",channel_name:"chat"}
[2021/08/19 00:51:28.065][687188236971671560][event][MESSAGE][chloe5325#1260] {message:"ㅋㅋㅋㅋㅋㅋㅋㅋㅋㅋㅋㅋㅋㅋㅋㅋ",id:"877580466872541245",channel_name:"chat"}
[2021/08/19 00:51:34.194][687188236971671560][event][MESSAGE][chloe5325#1260] {message:"저는 뭐",id:"877580492596215838",channel_name:"chat"}
[2021/08/19 00:51:36.597][687188236971671560][event][MESSAGE][chloe5325#1260] {message:"ㅎㅎㅎㅎㅎㅎㅎㅎㅎㅎㅎㅎ",id:"877580502524129331",channel_name:"chat"}
[2021/08/19 00:51:51.138][687188236971671560][event][MESSAGE][chloe5325#1260] {message:"개발자는 저 형님 하나로 충분하지 않을까",id:"877580563660308540",channel_name:"chat"}
[2021/08/19 00:52:33.058][687188236971671560][event][MESSAGE][chloe5325#1260] {message:"ㅋㅋㅋㅋㅋㅋㅋㅋㅋㅋㅋㅋㅋㅋㅋㅋ",id:"877580739430973440",channel_name:"chat"}
[2021/08/19 00:52:39.825][687188236971671560][event][MESSAGE][chloe5325#1260] {message:"ㅋㅋㅋㅋㅋㅋㅋㅋㅋ",id:"877580767813832764",channel_name:"chat"}
[2021/08/19 00:52:41.761][687188236971671560][event][MESSAGE][chloe5325#1260] {message:"ㅋㅋㅋㅋㅋㅋㅋㅋㅋㅋㅋㅋㅋㅋㅋ",id:"877580775682351105",channel_name:"chat"}
[2021/08/19 00:52:42.622][687188236971671560][event][MESSAGE][chloe5325#1260] {message:"에이",id:"877580779545313311",channel_name:"chat"}
[2021/08/19 00:52:44.590][687188236971671560][event][MESSAGE][chloe5325#1260] {message:"나는 몰랐지",id:"877580787862626324",channel_name:"chat"}
[2021/08/19 00:52:45.416][687188236971671560][event][MESSAGE][chloe5325#1260] {message:"ㅎㅎㅎ",id:"877580791280980048",channel_name:"chat"}
[2021/08/19 00:52:46.434][687188236971671560][event][MESSAGE][chloe5325#1260] {message:"에이",id:"877580795567546410",channel_name:"chat"}
[2021/08/19 00:52:47.563][687188236971671560][event][MESSAGE][chloe5325#1260] {message:"난또",id:"877580800290336799",channel_name:"chat"}
[2021/08/19 00:52:54.311][687188236971671560][event][MESSAGE][chloe5325#1260] {message:"ㅋㅋㅋㅋㅋㅋㅋㅋㅋㅋㅋㅋㅋㅋㅋㅋㅋㅋㅋㅋㅋㅋㅋㅋㅋㅋㅋ",id:"877580828207632426",channel_name:"chat"}
[2021/08/19 00:52:57.692][687188236971671560][event][MESSAGE][chloe5325#1260] {message:"ㅋㅋㅋㅋㅋㅋㅋㅋㅋㅋㅋㅋㅋㅋㅋㅋㅋㅋㅋㅋㅋㅋㅋㅋㅋㅋㅋㅋㅋㅋㅋㅋㅋㅋㅋㅋㅋㅋㅋㅋㅋㅋㅋㅋㅋㅋㅋㅋ",id:"877580842791219250",channel_name:"chat"}
[2021/08/19 00:53:00.492][687188236971671560][event][MESSAGE][chloe5325#1260] {message:"ㅋㅋㅋㅋㅋㅋㅋㅋㅋㅋㅋㅋㅋㅋㅋㅋㅋㅋㅋㅋㅋㅋㅋㅋㅋㅋㅋㅋㅋㅋㅋㅋㅋ",id:"877580854518480936",channel_name:"chat"}
[2021/08/19 00:53:05.530][687188236971671560][event][MESSAGE][chloe5325#1260] {message:"아앟",id:"877580875318054993",channel_name:"chat"}
[2021/08/19 00:53:08.490][687188236971671560][event][MESSAGE][chloe5325#1260] {message:"ㄹㅇ",id:"877580887628316684",channel_name:"chat"}
[2021/08/19 00:53:27.816][687188236971671560][event][MESSAGE][chloe5325#1260] {message:"외국친구도",id:"877580969056567316",channel_name:"chat"}
[2021/08/19 00:53:29.167][687188236971671560][event][MESSAGE][chloe5325#1260] {message:"있잖어",id:"877580974827929690",channel_name:"chat"}
[2021/08/19 00:53:41.576][687188236971671560][event][MESSAGE][chloe5325#1260] {message:"엏",id:"877581026518523978",channel_name:"chat"}
[2021/08/19 00:53:46.176][687188236971671560][event][MESSAGE][chloe5325#1260] {message:"쉽네",id:"877581046076538930",channel_name:"chat"}
[2021/08/19 00:53:48.890][687188236971671560][event][MESSAGE][chloe5325#1260] {message:"ㅋ",id:"877581057497657345",channel_name:"chat"}
[2021/08/19 00:53:49.757][687188236971671560][event][MESSAGE][chloe5325#1260] {message:"..",id:"877581061125722132",channel_name:"chat"}
[2021/08/19 00:54:00.338][687188236971671560][event][MESSAGE][chloe5325#1260] {message:"아ㅣㄴ",id:"877581105358860318",channel_name:"chat"}
[2021/08/19 00:54:03.296][687188236971671560][event][MESSAGE][chloe5325#1260] {message:"내 10만원",id:"877581117958545408",channel_name:"chat"}
[2021/08/19 00:54:05.018][687188236971671560][event][MESSAGE][chloe5325#1260] {message:"아",id:"877581125088866375",channel_name:"chat"}
[2021/08/19 00:54:10.622][687188236971671560][event][MESSAGE][chloe5325#1260] {message:"크흡",id:"877581148669227038",channel_name:"chat"}
[2021/08/19 00:54:16.083][687188236971671560][event][MESSAGE][박곰#9646] {message:"10만원 컷",id:"877581171544965222",channel_name:"chat"}
[2021/08/19 00:54:19.381][687188236971671560][event][MESSAGE][chloe5325#1260] {message:"저는 라면 하나로도 충분해요",id:"877581185444884510",channel_name:"chat"}
[2021/08/19 00:54:30.757][687188236971671560][event][MESSAGE][박곰#9646] {message:"라면이나 내와",id:"877581233138323467",channel_name:"chat"}
[2021/08/19 00:54:32.116][687188236971671560][event][MESSAGE_UPDATE][박곰#9646] {message_update:("라면이나 내와"->"라면이나 내놔")}
[2021/08/19 00:54:34.869][687188236971671560][event][MESSAGE][박곰#9646] {message:"클로애ㅑ",id:"877581250402058270",channel_name:"chat"}
[2021/08/19 00:54:35.207][687188236971671560][event][MESSAGE][chloe5325#1260] {message:"ㅋㅋㅋㅋㅋㅋㅋㅋㅋㅋㅋㅋㅋㅋㅋㅋㅋㅋㅋㅋㅋㅋㅋㅋ",id:"877581251496800297",channel_name:"chat"}
[2021/08/19 00:54:36.356][687188236971671560][event][MESSAGE_UPDATE][박곰#9646] {message_update:("클로애ㅑ"->"클로야")}
[2021/08/19 00:54:37.885][687188236971671560][event][MESSAGE][chloe5325#1260] {message:"ㅋㅋㅋㅋㅋㅋㅋㅋㅋㅋㅋㅋㅋㅋㅋㅋ",id:"877581262997573692",channel_name:"chat"}
[2021/08/19 00:54:39.712][687188236971671560][event][MESSAGE][chloe5325#1260] {message:"에?",id:"877581270689923072",channel_name:"chat"}
[2021/08/19 00:54:43.145][687188236971671560][event][MESSAGE][박곰#9646] {message:"ㅓ?",id:"877581285021847622",channel_name:"chat"}
[2021/08/19 00:54:45.339][687188236971671560][event][MESSAGE][박곰#9646] {message:"싫어?",id:"877581294199013396",channel_name:"chat"}
[2021/08/19 00:54:47.104][687188236971671560][event][MESSAGE][박곰#9646] {message:"끄래",id:"877581301207674931",channel_name:"chat"}
[2021/08/19 00:54:48.601][687188236971671560][event][MESSAGE_DELETE][박곰#9646] {message:"끄래",id:"877581301207674931",channel_name:"chat"}
[2021/08/19 00:54:53.529][687188236971671560][event][MESSAGE][chloe5325#1260] {message:"한박스 사들고 가야지",id:"877581328646819880",channel_name:"chat"}
[2021/08/19 00:54:54.740][687188236971671560][event][MESSAGE][chloe5325#1260] {message:"그럼그럼",id:"877581333612888135",channel_name:"chat"}
[2021/08/19 00:54:59.301][687188236971671560][event][MESSAGE][양 진#4848] {message:"ㅋ",id:"877581352575324171",channel_name:"chat"}
[2021/08/19 00:54:59.574][687188236971671560][event][MESSAGE][양 진#4848] {message:"ㅋ",id:"877581354013958194",channel_name:"chat"}
[2021/08/19 00:55:01.586][687188236971671560][event][MESSAGE][chloe5325#1260] {message:"^^",id:"877581362440310794",channel_name:"chat"}
[2021/08/19 00:55:07.322][687188236971671560][event][MESSAGE][양 진#4848] {message:"나도",id:"877581386230399017",channel_name:"chat"}
[2021/08/19 00:55:09.989][687188236971671560][event][MESSAGE][chloe5325#1260] {message:"??",id:"877581397706031136",channel_name:"chat"}
[2021/08/19 00:55:11.823][687188236971671560][event][MESSAGE][chloe5325#1260] {message:"ㅋㅋㅋㅋㅋㅋㅋㅋㅋㅋㅋㅋㅋ",id:"877581405276749895",channel_name:"chat"}
[2021/08/19 00:55:12.309][687188236971671560][event][MESSAGE][양 진#4848] {message:"밥 얻어먹어야지",id:"877581407411658832",channel_name:"chat"}
[2021/08/19 00:55:13.001][687188236971671560][event][MESSAGE][chloe5325#1260] {message:"앟",id:"877581410242809856",channel_name:"chat"}
[2021/08/19 00:55:14.653][687188236971671560][event][MESSAGE][양 진#4848] {message:"왜",id:"877581417264054372",channel_name:"chat"}
[2021/08/19 00:55:14.827][687188236971671560][event][MESSAGE][chloe5325#1260] {message:"내 컴이",id:"877581417905803324",channel_name:"chat"}
[2021/08/19 00:55:15.836][687188236971671560][event][MESSAGE][chloe5325#1260] {message:"어때서",id:"877581422204977242",channel_name:"chat"}
[2021/08/19 00:55:17.057][687188236971671560][event][MESSAGE][chloe5325#1260] {message:"ㅠㅜㅠㅜㅠㅜ",id:"877581427099721729",channel_name:"chat"}
[2021/08/19 00:55:19.424][687188236971671560][event][MESSAGE][chloe5325#1260] {message:"흑끕",id:"877581437245722704",channel_name:"chat"}
[2021/08/19 00:55:20.461][687188236971671560][event][MESSAGE][양 진#4848] {message:"빨리",id:"877581441209356289",channel_name:"chat"}
[2021/08/19 00:55:22.499][687188236971671560][event][MESSAGE][chloe5325#1260] {message:"흑",id:"877581450088701972",channel_name:"chat"}
[2021/08/19 00:55:22.656][687188236971671560][event][MESSAGE][양 진#4848] {message:"3년 있다가",id:"877581450822713444",channel_name:"chat"}
[2021/08/19 00:55:25.153][687188236971671560][event][MESSAGE][양 진#4848] {message:"알바 해",id:"877581461312667688",channel_name:"chat"}
[2021/08/19 00:55:28.425][687188236971671560][event][MESSAGE][chloe5325#1260] {message:"ㅋㅋㅋㅋㅋㅋㅋㅋㅋㅋ",id:"877581474809929769",channel_name:"chat"}
[2021/08/19 00:55:30.745][687188236971671560][event][MESSAGE][chloe5325#1260] {message:"동질감",id:"877581484763021372",channel_name:"chat"}
[2021/08/19 00:55:32.421][687188236971671560][event][MESSAGE][chloe5325#1260] {message:"느껴지네",id:"877581491763306556",channel_name:"chat"}
[2021/08/19 00:55:56.881][687188236971671560][event][MESSAGE][chloe5325#1260] {message:"저건 뭐여",id:"877581594347601940",channel_name:"chat"}
[2021/08/19 00:56:42.529][687188236971671560][event][MESSAGE][chloe5325#1260] {message:"나도 언젠가는 저렇게 한다",id:"877581785830129764",channel_name:"chat"}
[2021/08/19 00:56:45.606][687188236971671560][event][MESSAGE][chloe5325#1260] {message:"딱 기다려",id:"877581798610198580",channel_name:"chat"}
[2021/08/19 00:56:50.738][687188236971671560][event][MESSAGE][chloe5325#1260] {message:"할 수 있다",id:"877581819908853831",channel_name:"chat"}
[2021/08/19 00:57:32.603][687188236971671560][event][MESSAGE][양 진#4848] {message:"과연",id:"877581995855740998",channel_name:"chat"}
[2021/08/19 00:57:33.112][687188236971671560][event][MESSAGE_DELETE][ashz#3656] {message:"",id:"877580996931883029",channel_name:"chat"}
[2021/08/19 00:57:34.787][687188236971671560][event][MESSAGE][chloe5325#1260] {message:"엨",id:"877582004990914630",channel_name:"chat"}
[2021/08/19 00:57:41.269][687188236971671560][event][MESSAGE][chloe5325#1260] {message:"잠만",id:"877582032190967808",channel_name:"chat"}
[2021/08/19 00:57:44.433][687188236971671560][event][MESSAGE][chloe5325#1260] {message:"1분 4초",id:"877582045314965545",channel_name:"chat"}
[2021/08/19 00:57:47.808][687188236971671560][event][MESSAGE][chloe5325#1260] {message:"49초",id:"877582059609149450",channel_name:"chat"}
[2021/08/19 00:57:52.476][687188236971671560][event][MESSAGE][chloe5325#1260] {message:"오우",id:"877582079230107718",channel_name:"chat"}
[2021/08/19 00:57:55.272][687188236971671560][event][MESSAGE][chloe5325#1260] {message:"나도",id:"877582090516979773",channel_name:"chat"}
[2021/08/19 00:57:57.458][687188236971671560][event][MESSAGE][chloe5325#1260] {message:"한다",id:"877582100109344878",channel_name:"chat"}
[2021/08/19 00:57:59.759][687188236971671560][event][MESSAGE][chloe5325#1260] {message:"나도 할 수 있다",id:"877582109638791168",channel_name:"chat"}
[2021/08/19 00:58:02.248][687188236971671560][event][MESSAGE][chloe5325#1260] {message:"딱 기다려",id:"877582120179089488",channel_name:"chat"}
[2021/08/19 00:58:07.420][687188236971671560][event][MESSAGE][양 진#4848] {message:"하나만 해",id:"877582141817520149",channel_name:"chat"}
[2021/08/19 00:58:07.860][687188236971671560][event][MESSAGE][chloe5325#1260] {message:"ㅋㅋㅋㅋㅋㅋㅋㅋㅋㅋㅋㅋ",id:"877582143663013909",channel_name:"chat"}
[2021/08/19 00:58:10.229][687188236971671560][event][MESSAGE][chloe5325#1260] {message:"딱 기다려",id:"877582153670615090",channel_name:"chat"}
[2021/08/19 00:58:22.011][687188236971671560][event][MESSAGE][chloe5325#1260] {message:"ㅋㅋㅋㅋㅋㅋㅋㅋㅋㅋㅋㅋㅋㅋㅋㅋㅋㅋㅋㅋㅋㅋㅋㅋㅋㅋ",id:"877582203058532472",channel_name:"chat"}
[2021/08/19 00:58:24.347][687188236971671560][event][MESSAGE][chloe5325#1260] {message:"에?",id:"877582212453773333",channel_name:"chat"}
[2021/08/19 00:58:26.767][687188236971671560][event][MESSAGE][chloe5325#1260] {message:"엨?",id:"877582223040213042",channel_name:"chat"}
[2021/08/19 00:58:29.677][687188236971671560][event][MESSAGE][chloe5325#1260] {message:"엉?",id:"877582235178500116",channel_name:"chat"}
[2021/08/19 00:58:31.899][687188236971671560][event][MESSAGE][chloe5325#1260] {message:"잉?",id:"877582244569571428",channel_name:"chat"}
[2021/08/19 00:58:35.093][687188236971671560][event][MESSAGE][chloe5325#1260] {message:"컼?",id:"877582257798381609",channel_name:"chat"}
[2021/08/19 00:58:45.053][687188236971671560][event][MESSAGE][chloe5325#1260] {message:"ㅋㅋㅋㅋㅋㅋㅋㅋㅋㅋㅋㅋㅋㅋㅋㅋㅋㅋㅋㅋㅋㅋㅋㅋㅋㅋㅋㅋㅋㅋㅋㅋㅋㅋㅋㅋㅋㅋㅋㅋㅋㅋㅋㅋㅋㅋ",id:"877582299695308820",channel_name:"chat"}
[2021/08/19 00:58:48.425][687188236971671560][event][MESSAGE][chloe5325#1260] {message:"ㅋㅋㅋㅋㅋㅋㅋㅋㅋㅋㅋㅋㅋㅋㅋㅋㅋㅋㅋㅋㅋㅋㅋㅋㅋㅋ",id:"877582313830113280",channel_name:"chat"}
[2021/08/19 00:58:53.864][687188236971671560][event][MESSAGE][chloe5325#1260] {message:"이걸 들키네",id:"877582336668106792",channel_name:"chat"}
[2021/08/19 00:59:02.171][687188236971671560][event][MESSAGE][chloe5325#1260] {message:"근데",id:"877582371459833927",channel_name:"chat"}
[2021/08/19 00:59:04.179][687188236971671560][event][MESSAGE][chloe5325#1260] {message:"50초",id:"877582379877826591",channel_name:"chat"}
[2021/08/19 00:59:04.776][687188236971671560][event][MESSAGE][chloe5325#1260] {message:"음",id:"877582382406963240",channel_name:"chat"}
[2021/08/19 00:59:05.668][687188236971671560][event][MESSAGE][chloe5325#1260] {message:"음",id:"877582386144104508",channel_name:"chat"}
[2021/08/19 00:59:06.127][687188236971671560][event][MESSAGE][chloe5325#1260] {message:"음",id:"877582388102836294",channel_name:"chat"}
[2021/08/19 00:59:08.207][687188236971671560][event][MESSAGE][chloe5325#1260] {message:"음",id:"877582396676010035",channel_name:"chat"}
[2021/08/19 00:59:18.074][687188236971671560][event][MESSAGE][chloe5325#1260] {message:"피시방 간다",id:"877582438207995924",channel_name:"chat"}
[2021/08/19 00:59:20.456][687188236971671560][event][MESSAGE][chloe5325#1260] {message:"딱 기다려",id:"877582447867490377",channel_name:"chat"}
[2021/08/19 00:59:41.713][687188236971671560][event][MESSAGE][chloe5325#1260] {message:"ㅋㅋㅋㅋㅋㅋㅋㅋㅋㅋㅋ",id:"877582537365528646",channel_name:"chat"}
[2021/08/19 00:59:43.446][687188236971671560][event][MESSAGE][chloe5325#1260] {message:"음",id:"877582544596512778",channel_name:"chat"}
[2021/08/19 00:59:51.079][687188236971671560][event][MESSAGE][chloe5325#1260] {message:"ㅋㅋㅋㅋㅋㅋㅋㅋㅋㅋㅋㅋㅋㅋㅋㅋㅋㅋㅋㅋㅋㅋㅋㅋㅋㅋㅋㅋㅋㅋㅋ",id:"877582576661979146",channel_name:"chat"}
[2021/08/19 00:59:52.653][687188236971671560][event][MESSAGE][chloe5325#1260] {message:"ㅋㅋㅋㅋㅋㅋㅋㅋㅋㅋㅋㅋㅋㅋㅋㅋㅋㅋㅋ",id:"877582583247044679",channel_name:"chat"}
[2021/08/19 01:00:00.699][687188236971671560][event][MESSAGE][chloe5325#1260] {message:"답지 구해요ㅛ",id:"877582616981815306",channel_name:"chat"}
[2021/08/19 01:00:03.799][687188236971671560][event][MESSAGE][chloe5325#1260] {message:"답지 급구",id:"877582629988339792",channel_name:"chat"}
[2021/08/19 01:00:25.817][687188236971671560][event][MESSAGE][박곰#9646] {message:"안ㄷ홰",id:"877582722187538523",channel_name:"chat"}
[2021/08/19 01:00:27.548][687188236971671560][event][MESSAGE_UPDATE][박곰#9646] {message_update:("안ㄷ홰"->"안돼")}
[2021/08/19 01:00:29.440][687188236971671560][event][MESSAGE][chloe5325#1260] {message:"어딘가에는 답지 있지 않을까",id:"877582737547100170",channel_name:"chat"}
[2021/08/19 01:00:31.868][687188236971671560][event][MESSAGE][chloe5325#1260] {message:"흐흐흐흐흐",id:"877582747466612809",channel_name:"chat"}
[2021/08/19 01:00:32.391][687188236971671560][event][MESSAGE][박곰#9646] {message:"그냥 너는 공부하자",id:"877582749924470874",channel_name:"chat"}
[2021/08/19 01:00:35.550][687188236971671560][event][MESSAGE][chloe5325#1260] {message:"ㅋㅋㅋㅋㅋㅋㅋㅋㅋㅋㅋㅋㅋㅋㅋㅋㅋㅋㅋㅋㅋㅋ",id:"877582762893246546",channel_name:"chat"}
[2021/08/19 01:00:39.908][687188236971671560][event][MESSAGE][chloe5325#1260] {message:"쩝..",id:"877582781406904361",channel_name:"chat"}
[2021/08/19 01:00:47.738][687188236971671560][event][MESSAGE][chloe5325#1260] {message:"ㄹㅇ",id:"877582814311219290",channel_name:"chat"}
[2021/08/19 01:00:48.731][687188236971671560][event][MESSAGE][chloe5325#1260] {message:"ㅋㅋㅋㅋㅋㅋㅋㅋㅋㅋㅋㅋㅋ",id:"877582818253869147",channel_name:"chat"}
[2021/08/19 01:00:57.712][687188236971671560][event][MESSAGE][chloe5325#1260] {message:"ㅋㅋㅋㅋㅋㅋㅋㅋㅋㅋㅋㅋㅋㅋㅋㅋㅋㅋㅋㅋㅋㅋㅋㅋㅋㅋㅋㅋㅋㅋㅋㅋㅋㅋㅋㅋㅋㅋ",id:"877582856090685440",channel_name:"chat"}
[2021/08/19 01:00:59.105][687188236971671560][event][MESSAGE][chloe5325#1260] {message:"ㅋㅋㅋㅋㅋㅋㅋㅋㅋㅋㅋㅋㅋㅋ",id:"877582861639745598",channel_name:"chat"}
[2021/08/19 01:01:02.055][687188236971671560][event][MESSAGE][chloe5325#1260] {message:"ㅡㅡ",id:"877582874365292585",channel_name:"chat"}
[2021/08/19 01:01:14.317][687188236971671560][event][MESSAGE][chloe5325#1260] {message:"아니 근데",id:"877582925388996650",channel_name:"chat"}
[2021/08/19 01:01:15.238][687188236971671560][event][MESSAGE][chloe5325#1260] {message:"보니까",id:"877582929667174400",channel_name:"chat"}
[2021/08/19 01:01:15.884][687188236971671560][event][MESSAGE][chloe5325#1260] {message:"저걸",id:"877582932372500570",channel_name:"chat"}
[2021/08/19 01:01:17.680][687188236971671560][event][MESSAGE][chloe5325#1260] {message:"어케",id:"877582939553161307",channel_name:"chat"}
[2021/08/19 01:01:20.775][687188236971671560][event][MESSAGE][chloe5325#1260] {message:"50......",id:"877582952840724530",channel_name:"chat"}
[2021/08/19 01:01:21.558][687188236971671560][event][MESSAGE][chloe5325#1260] {message:"하",id:"877582956028366940",channel_name:"chat"}
[2021/08/19 01:01:34.736][687188236971671560][event][MESSAGE][chloe5325#1260] {message:"저는 어렵다구요",id:"877583011422564392",channel_name:"chat"}
[2021/08/19 01:01:35.818][687188236971671560][event][MESSAGE][chloe5325#1260] {message:"ㅡㅡ",id:"877583015935614996",channel_name:"chat"}
[2021/08/19 01:02:02.493][687188236971671560][event][MESSAGE][chloe5325#1260] {message:"버근가",id:"877583127814475856",channel_name:"chat"}
[2021/08/19 01:03:00.579][687188236971671560][event][MESSAGE][chloe5325#1260] {message:"그냥 내 돈으로 라면 사 먹을래",id:"877583371495178331",channel_name:"chat"}
[2021/08/19 01:03:22.686][687188236971671560][event][MESSAGE][chloe5325#1260] {message:"오우",id:"877583464193458176",channel_name:"chat"}
[2021/08/19 01:03:53.978][687188236971671560][event][MESSAGE][chloe5325#1260] {message:"내 미래인가",id:"877583595454218241",channel_name:"chat"}
[2021/08/19 01:03:55.542][687188236971671560][event][MESSAGE][chloe5325#1260] {message:"하",id:"877583601468846102",channel_name:"chat"}
[2021/08/19 01:04:06.384][687188236971671560][event][MESSAGE][chloe5325#1260] {message:"에?",id:"877583647446810674",channel_name:"chat"}
[2021/08/19 01:04:09.002][687188236971671560][event][MESSAGE][chloe5325#1260] {message:"에이",id:"877583658448461824",channel_name:"chat"}
[2021/08/19 01:04:20.236][687188236971671560][event][MESSAGE][chloe5325#1260] {message:"ㅋㅋㅋㅋㅋㅋㅋㅋㅋㅋㅋㅋㅋㅋㅋㅋㅋㅋㅋㅋㅋㅋㅋㅋㅋ",id:"877583705600831518",channel_name:"chat"}
[2021/08/19 01:04:22.674][687188236971671560][event][MESSAGE][chloe5325#1260] {message:"ㅋㅋㅋㅋㅋㅋㅋㅋㅋㅋㅋㅋㅋㅋㅋㅋㅋㅋㅋㅋㅋㅋㅋㅋㅋㅋㅋㅋㅋㅋㅋ",id:"877583715742658661",channel_name:"chat"}
[2021/08/19 01:04:30.758][687188236971671560][event][MESSAGE][chloe5325#1260] {message:"이야",id:"877583749515194439",channel_name:"chat"}
[2021/08/19 01:04:33.384][687188236971671560][event][MESSAGE][chloe5325#1260] {message:"하늘 난다",id:"877583760739168316",channel_name:"chat"}
[2021/08/19 01:05:04.552][687188236971671560][event][MESSAGE][chloe5325#1260] {message:"아니",id:"877583891467218964",channel_name:"chat"}
[2021/08/19 01:05:06.259][687188236971671560][event][MESSAGE][chloe5325#1260] {message:"그게 왜 나와",id:"877583898631094363",channel_name:"chat"}
[2021/08/19 01:05:07.382][687188236971671560][event][MESSAGE][chloe5325#1260] {message:"ㅡㅡ",id:"877583903316127764",channel_name:"chat"}
[2021/08/19 01:05:22.539][687188236971671560][event][MESSAGE][chloe5325#1260] {message:"언제쯤 고릴라에서 나올까",id:"877583966931124254",channel_name:"chat"}
[2021/08/19 01:05:23.603][687188236971671560][event][MESSAGE][chloe5325#1260] {message:"하하핳",id:"877583971234488320",channel_name:"chat"}
[2021/08/19 01:05:50.370][687188236971671560][event][MESSAGE][chloe5325#1260] {message:"엌",id:"877584083503431700",channel_name:"chat"}
[2021/08/19 01:05:51.019][687188236971671560][event][MESSAGE][chloe5325#1260] {message:"헐",id:"877584086389112872",channel_name:"chat"}
[2021/08/19 01:05:52.024][687188236971671560][event][MESSAGE][chloe5325#1260] {message:"미친",id:"877584090294005811",channel_name:"chat"}
[2021/08/19 01:05:57.781][687188236971671560][event][MESSAGE][chloe5325#1260] {message:"가고싶다",id:"877584114755174480",channel_name:"chat"}
[2021/08/19 01:06:05.565][687188236971671560][event][MESSAGE][chloe5325#1260] {message:"최근에?",id:"877584147332349952",channel_name:"chat"}
[2021/08/19 01:06:08.690][687188236971671560][event][MESSAGE][chloe5325#1260] {message:"나도",id:"877584160405991504",channel_name:"chat"}
[2021/08/19 01:06:09.475][687188236971671560][event][MESSAGE][chloe5325#1260] {message:"갈래",id:"877584163786608700",channel_name:"chat"}
[2021/08/19 01:06:10.427][687188236971671560][event][MESSAGE][chloe5325#1260] {message:"나도",id:"877584167725051905",channel_name:"chat"}
[2021/08/19 01:06:11.393][687188236971671560][event][MESSAGE][chloe5325#1260] {message:"간다고",id:"877584171839660102",channel_name:"chat"}
[2021/08/19 01:06:12.021][687188236971671560][event][MESSAGE][박곰#9646] {message:"찡찡찡찡찡찡찡찡찡찡찡찡찡찡찡찡찡찡찡찡찡찡찡찡찡찡찡찡찡찡찡찡찡찡찡찡",id:"877584174448525322",channel_name:"chat"}
[2021/08/19 01:06:13.060][687188236971671560][event][MESSAGE][chloe5325#1260] {message:"갈거라고",id:"877584178818990160",channel_name:"chat"}
[2021/08/19 01:06:14.426][687188236971671560][event][MESSAGE_DELETE][박곰#9646] {message:"찡찡찡찡찡찡찡찡찡찡찡찡찡찡찡찡찡찡찡찡찡찡찡찡찡찡찡찡찡찡찡찡찡찡찡찡",id:"877584174448525322",channel_name:"chat"}
[2021/08/19 01:06:16.962][687188236971671560][event][MESSAGE][chloe5325#1260] {message:"ㅋㅋㅋㅋㅋㅋㅋㅋ????????",id:"877584195172585472",channel_name:"chat"}
[2021/08/19 01:06:18.227][687188236971671560][event][MESSAGE][chloe5325#1260] {message:"???????????",id:"877584200490946590",channel_name:"chat"}
[2021/08/19 01:06:20.462][687188236971671560][event][MESSAGE][chloe5325#1260] {message:"뭐가 지나갔는데",id:"877584209626153092",channel_name:"chat"}
[2021/08/19 01:06:22.165][687188236971671560][event][MESSAGE][박곰#9646] {message:"ㅋㅋㅋㅋㅋㅋㅋㅋㅋ",id:"877584217003950110",channel_name:"chat"}
[2021/08/19 01:06:22.867][687188236971671560][event][MESSAGE][chloe5325#1260] {message:"???????",id:"877584219705053185",channel_name:"chat"}
[2021/08/19 01:06:33.996][687188236971671560][event][MESSAGE][chloe5325#1260] {message:"ㅋㅋㅋㅋㅋㅋㅋㅋㅋㅋㅋㅋㅋㅋㅋㅋㅋ어엌",id:"877584266563838002",channel_name:"chat"}
[2021/08/19 01:06:35.385][687188236971671560][event][MESSAGE][chloe5325#1260] {message:"에버랜드",id:"877584272180006943",channel_name:"chat"}
[2021/08/19 01:06:35.897][687188236971671560][event][MESSAGE][chloe5325#1260] {message:"가서",id:"877584274390409217",channel_name:"chat"}
[2021/08/19 01:06:37.257][687188236971671560][event][MESSAGE][chloe5325#1260] {message:"티익스",id:"877584280186945558",channel_name:"chat"}
[2021/08/19 01:06:38.635][687188236971671560][event][MESSAGE][chloe5325#1260] {message:"탈래",id:"877584285719212103",channel_name:"chat"}
[2021/08/19 01:06:40.011][687188236971671560][event][MESSAGE][박곰#9646] {message:"JJingJJing",id:"877584291834507264",channel_name:"chat"}
[2021/08/19 01:06:40.974][687188236971671560][event][MESSAGE_DELETE][박곰#9646] {message:"JJingJJing",id:"877584291834507264",channel_name:"chat"}
[2021/08/19 01:06:43.705][687188236971671560][event][MESSAGE][chloe5325#1260] {message:"?????",id:"877584307361808444",channel_name:"chat"}
[2021/08/19 01:07:18.924][687188236971671560][event][MESSAGE][chloe5325#1260] {message:"과연 내가 저걸 풀까",id:"877584455072628827",channel_name:"chat"}
[2021/08/19 01:07:27.816][687188236971671560][event][MESSAGE][chloe5325#1260] {message:"크흡",id:"877584492099940363",channel_name:"chat"}
[2021/08/19 01:07:54.795][687188236971671560][event][MESSAGE][ashz#3656] {message:"위 1번",id:"877584605459398656",channel_name:"chat"}
[2021/08/19 01:08:03.605][687188236971671560][event][MESSAGE_UPDATE][ashz#3656] {message_update:("위 1번"->"위 1번 초보자 입문용 문제")}
[2021/08/19 01:08:28.809][687188236971671560][event][MESSAGE][ashz#3656] {message:"위 2번 중급자 고난이도 알고리즘 문제 (머리 많이 써야함)",id:"877584748204163132",channel_name:"chat"}
[2021/08/19 01:08:43.112][687188236971671560][event][MESSAGE][chloe5325#1260] {message:"지건 마렵네",id:"877584808186896445",channel_name:"chat"}
[2021/08/19 01:09:12.608][687188236971671560][event][MESSAGE][ashz#3656] {message:"위 3번 C언어 기본 언어 구조 습득자 문제. (쉬움)",id:"877584931876905031",channel_name:"chat"}
[2021/08/19 01:09:48.620][687188236971671560][event][MESSAGE][chloe5325#1260] {message:"이거이거 안되것네",id:"877585082653753405",channel_name:"chat"}
[2021/08/19 01:09:49.580][687188236971671560][event][MESSAGE][chloe5325#1260] {message:"ㅎㅎㅎㅎ",id:"877585086994862120",channel_name:"chat"}
[2021/08/19 01:09:58.639][687188236971671560][event][MESSAGE][chloe5325#1260] {message:"ㅋㅋㅋㅋㅋㅋㅋㅋㅋㅋ",id:"877585124991057920",channel_name:"chat"}
[2021/08/19 01:10:01.425][687188236971671560][event][MESSAGE][chloe5325#1260] {message:"에?",id:"877585136642838538",channel_name:"chat"}
[2021/08/19 01:10:43.532][687188236971671560][event][MESSAGE][chloe5325#1260] {message:"과연?ㅋㅋㅋㅋㅋㅋㅋㅋㅋ",id:"877585313252376676",channel_name:"chat"}
[2021/08/19 01:10:51.125][687188236971671560][event][MESSAGE][chloe5325#1260] {message:"와 진짜",id:"877585344885821471",channel_name:"chat"}
[2021/08/19 01:10:52.825][687188236971671560][event][MESSAGE][chloe5325#1260] {message:"에버랜드",id:"877585352108425266",channel_name:"chat"}
[2021/08/19 01:10:54.351][687188236971671560][event][MESSAGE][chloe5325#1260] {message:"가고싶다",id:"877585358592819251",channel_name:"chat"}
[2021/08/19 01:11:10.372][687188236971671560][event][MESSAGE][chloe5325#1260] {message:"?????",id:"877585425437425715",channel_name:"chat"}
[2021/08/19 01:11:11.262][687188236971671560][event][MESSAGE][chloe5325#1260] {message:"왜",id:"877585429577228388",channel_name:"chat"}
[2021/08/19 01:11:12.329][687188236971671560][event][MESSAGE][chloe5325#1260] {message:"왜",id:"877585433964466236",channel_name:"chat"}
[2021/08/19 01:11:13.251][687188236971671560][event][MESSAGE][chloe5325#1260] {message:"왜왜내",id:"877585437915496478",channel_name:"chat"}
[2021/08/19 01:11:13.848][687188236971671560][event][MESSAGE][chloe5325#1260] {message:"ㅐ왱",id:"877585440415297546",channel_name:"chat"}
[2021/08/19 01:11:14.833][687188236971671560][event][MESSAGE][chloe5325#1260] {message:"오래왜",id:"877585444202749953",channel_name:"chat"}
[2021/08/19 01:11:15.755][687188236971671560][event][MESSAGE][chloe5325#1260] {message:"애ㅙ왜",id:"877585448430600252",channel_name:"chat"}
[2021/08/19 01:11:16.659][687188236971671560][event][MESSAGE][chloe5325#1260] {message:"왜ㅗ애오",id:"877585451958038550",channel_name:"chat"}
[2021/08/19 01:11:18.205][687188236971671560][event][MESSAGE][chloe5325#1260] {message:"애ㅙ왜오",id:"877585458639540295",channel_name:"chat"}
[2021/08/19 01:11:18.491][687188236971671560][event][MESSAGE][chloe5325#1260] {message:"ㅗ왜ㅗ애ㅗ",id:"877585459889459260",channel_name:"chat"}
[2021/08/19 01:11:20.640][687188236971671560][event][MESSAGE][chloe5325#1260] {message:"ㅐ애왱",id:"877585468798156830",channel_name:"chat"}
[2021/08/19 01:11:20.969][687188236971671560][event][MESSAGE][chloe5325#1260] {message:"ㅐ애애",id:"877585470287151124",channel_name:"chat"}
[2021/08/19 01:11:22.745][687188236971671560][event][MESSAGE][박곰#9646] {message:"h?",id:"877585477593616395",channel_name:"chat"}
[2021/08/19 01:11:22.823][687188236971671560][event][MESSAGE][chloe5325#1260] {message:"애ㅙ애왱",id:"877585477975310416",channel_name:"chat"}
[2021/08/19 01:11:23.698][687188236971671560][event][MESSAGE][chloe5325#1260] {message:"왜왜",id:"877585481745961000",channel_name:"chat"}
[2021/08/19 01:11:24.689][687188236971671560][event][MESSAGE][chloe5325#1260] {message:"왜ㅗㅇ",id:"877585485734764555",channel_name:"chat"}
[2021/08/19 01:11:29.141][687188236971671560][event][MESSAGE][chloe5325#1260] {message:"헐",id:"877585504579751996",channel_name:"chat"}
[2021/08/19 01:11:31.423][687188236971671560][event][MESSAGE][chloe5325#1260] {message:"에버랜드",id:"877585514126000159",channel_name:"chat"}
[2021/08/19 01:11:32.701][687188236971671560][event][MESSAGE][chloe5325#1260] {message:"를",id:"877585519482134598",channel_name:"chat"}
[2021/08/19 01:11:35.410][687188236971671560][event][MESSAGE][chloe5325#1260] {message:"컼",id:"877585530865455204",channel_name:"chat"}
[2021/08/19 01:11:43.116][687188236971671560][event][MESSAGE][ashz#3656] {message:"1. 초급자용",id:"877585563182563368",channel_name:"chat"}
[2021/08/19 01:12:14.765][687188236971671560][event][MESSAGE][chloe5325#1260] {message:"와 아두이노",id:"877585695500304425",channel_name:"chat"}
[2021/08/19 01:12:16.459][687188236971671560][event][MESSAGE][ashz#3656] {message:"2. 중급자용",id:"877585703029051422",channel_name:"chat"}
[2021/08/19 01:12:18.887][687188236971671560][event][MESSAGE][chloe5325#1260] {message:"ㅋㅋㅋㅋㅋㅋㅋㅋㅋㅋㅋㅋㅋㅋㅋㅋㅋㅋㅋㅋㅋㅋ",id:"877585713196072980",channel_name:"chat"}
[2021/08/19 01:13:38.774][687188236971671560][event][MESSAGE][ashz#3656] {message:"3-1. C언어 기본 구조 습득자용 문제",id:"877586048274812968",channel_name:"chat"}
[2021/08/19 01:13:46.855][687188236971671560][event][MESSAGE][chloe5325#1260] {message:"반 포기상태",id:"877586081720201218",channel_name:"chat"}
[2021/08/19 01:14:04.507][687188236971671560][event][MESSAGE][ashz#3656] {message:"3-2. C언어 기본 구조 습득자용 문제",id:"877586156244570132",channel_name:"chat"}
[2021/08/19 01:14:35.453][687188236971671560][event][MESSAGE][chloe5325#1260] {message:"ㄹㅇ",id:"877586285995380756",channel_name:"chat"}
[2021/08/19 01:14:40.903][687188236971671560][event][MESSAGE][chloe5325#1260] {message:"ㄹㅇㄹㅇㄹㅇㄹㅇ",id:"877586308858544148",channel_name:"chat"}
[2021/08/19 01:14:43.100][687188236971671560][event][MESSAGE][chloe5325#1260] {message:"ㄹㅇㄹㅇㄹㅇㄹㅇㄹㅇㄹㅇ",id:"877586318044041216",channel_name:"chat"}
[2021/08/19 01:14:56.854][687188236971671560][event][MESSAGE][chloe5325#1260] {message:"ㅋㅋㅋㅋㅋㅋㅋㅋㅋㅋㅋㅋㅋㅋㅋㅋㅋㅋㅋㅋ",id:"877586375728300072",channel_name:"chat"}
[2021/08/19 01:15:02.883][687188236971671560][event][MESSAGE][chloe5325#1260] {message:"이미 반 포기 상태인데",id:"877586400747335761",channel_name:"chat"}
[2021/08/19 01:15:23.953][687188236971671560][event][MESSAGE][chloe5325#1260] {message:"ㅋㅋㅋㅋㅋㅋㅋㅋㅋㅋㅋㅋ",id:"877586489444270100",channel_name:"chat"}
[2021/08/19 17:54:06.927][687188236971671560][event][MESSAGE][chloe5325#1260] {message:".join",id:"877837824567705600",channel_name:"chat"}
[2021/08/19 17:54:07.331][687188236971671560][event][MESSAGE_DELETE][chloe5325#1260] {message:".join",id:"877837824567705600",channel_name:"chat"}
[2021/08/19 17:54:07.437][687188236971671560][command][JOIN_SUCCESS][chloe5325#1260][877837824567705600] Now connected to user's voice channel. {receivedArgument:".join"}
[2021/08/19 17:55:18.447][687188236971671560][event][MESSAGE][chloe5325#1260] {message:".play https://youtu.be/1gdmjPhigM0",id:"877838124523356170",channel_name:"chat"}
[2021/08/19 17:55:18.718][687188236971671560][event][MESSAGE_DELETE][chloe5325#1260] {message:".play https://youtu.be/1gdmjPhigM0",id:"877838124523356170",channel_name:"chat"}
[2021/08/19 17:55:19.892][687188236971671560][command][PLAY_SUCCESS][chloe5325#1260][877838124523356170] Overriding current track. Playing received data track. {receivedArgument:".play https://youtu.be/1gdmjPhigM0",index:"0",length:"4797",volume:"7",url:"https://www.youtube.com/watch?v=1gdmjPhigM0"}
[2021/08/19 19:15:19.724][687188236971671560][TB][NEXT_AUTO_QUEUE] Playing next track. Playing received data track. {index:"0",length:"4797",volume:"7",url:"https://www.youtube.com/watch?v=1gdmjPhigM0"}
[2021/08/19 20:11:27.586][687188236971671560][event][MESSAGE][양 진#4848] {message:".leave",id:"877872388405096458",channel_name:"chat"}
[2021/08/19 20:11:27.612][687188236971671560][command][LEAVE_SUCCESS][양 진#4848][877872388405096458] Bot is now disconnected from it's last voice channel. {receivedArgument:".leave"}
[2021/08/19 20:11:27.964][687188236971671560][event][MESSAGE_DELETE][양 진#4848] {message:".leave",id:"877872388405096458",channel_name:"chat"}
