[2021/07/30 10:42:43.312][687188236971671560][event][MESSAGE][ashz#3656] {message:"<@!745951577025675274>",id:"870481503505764363",channel_name:"chat"}
[2021/07/30 10:42:48.557][687188236971671560][event][MESSAGE][ashz#3656] {message:"오늘은",id:"870481525517455370",channel_name:"chat"}
[2021/07/30 10:42:53.227][687188236971671560][event][MESSAGE][ashz#3656] {message:"캠 키고 들어와",id:"870481545109049364",channel_name:"chat"}
[2021/07/30 10:42:58.750][687188236971671560][event][MESSAGE][ashz#3656] {message:"그리고 끝나고 스타 ㄱㄱ",id:"870481567171088406",channel_name:"chat"}
[2021/07/30 10:43:14.370][687188236971671560][event][MESSAGE_UPDATE][ashz#3656] {message_update:("그리고 끝나고 스타 ㄱㄱ"->"그리고 끝나고 마크 ㄱ?")}
[2021/07/30 10:43:27.189][687188236971671560][event][MESSAGE][ashz#3656] {message:"엔더 포털 주변을",id:"870481687618924544",channel_name:"chat"}
[2021/07/30 10:43:28.742][687188236971671560][event][MESSAGE][ashz#3656] {message:"꾸미자",id:"870481694094938222",channel_name:"chat"}
[2021/07/30 10:43:33.448][687188236971671560][event][MESSAGE][ashz#3656] {message:"<@!453194027408293890> 너도 들어와",id:"870481713883672626",channel_name:"chat"}
[2021/07/30 10:48:55.547][687188236971671560][event][MESSAGE][ᗰIᑎOᗷOT#1010] {message:"구경가야쥥ㅇ",id:"870483064818663424",channel_name:"chat"}
[2021/07/30 10:48:57.965][687188236971671560][event][MESSAGE][ᗰIᑎOᗷOT#1010] {message:"ㅋㅋㅋ",id:"870483075014987796",channel_name:"chat"}
[2021/07/30 10:49:42.130][687188236971671560][event][MESSAGE][ashz#3656] {message:"구경만 할거면 구경 중에 죽일수도 있음 ㅎㅎ",id:"870483260180934686",channel_name:"chat"}
[2021/07/30 10:50:00.289][687188236971671560][event][MESSAGE][ᗰIᑎOᗷOT#1010] {message:"아냐아냐..;; 도울게..",id:"870483336123023361",channel_name:"chat"}
[2021/07/30 10:50:08.430][687188236971671560][event][MESSAGE][ashz#3656] {message:"ㅋㅋ 니 집부터 끝내",id:"870483370499539004",channel_name:"chat"}
[2021/07/30 10:50:19.537][687188236971671560][event][MESSAGE][ᗰIᑎOᗷOT#1010] {message:"ㅋㅋㅋㅋ그래 ㅋㅋㅋ",id:"870483416854978601",channel_name:"chat"}
[2021/07/30 10:50:31.329][687188236971671560][event][MESSAGE][ᗰIᑎOᗷOT#1010] {message:"근데 형 달콤한 열매가 왜 안자랄까..?",id:"870483466297430037",channel_name:"chat"}
[2021/07/30 10:50:59.775][687188236971671560][event][MESSAGE][ashz#3656] {message:"아 그건 나도 몰라",id:"870483585898008646",channel_name:"chat"}
[2021/07/30 10:51:17.822][687188236971671560][event][MESSAGE][ashz#3656] {message:"딱히 1.17 업데이트 관련 새 아이템이나 블록 건들지는 않음",id:"870483661366116389",channel_name:"chat"}
[2021/07/30 10:51:26.943][687188236971671560][event][MESSAGE][ashz#3656] {message:"난 열매 자체가 없을걸?",id:"870483699798507541",channel_name:"chat"}
[2021/07/30 10:51:33.535][687188236971671560][event][MESSAGE][ashz#3656] {message:"ㅋㅋ",id:"870483727468363786",channel_name:"chat"}
[2021/07/30 10:52:33.670][687188236971671560][event][MESSAGE][ᗰIᑎOᗷOT#1010] {message:"그른가",id:"870483979743141918",channel_name:"chat"}
[2021/07/30 10:52:34.596][687188236971671560][event][MESSAGE][ᗰIᑎOᗷOT#1010] {message:"ㅋㅋ",id:"870483983631257660",channel_name:"chat"}
[2021/07/30 11:05:24.471][687188236971671560][event][MESSAGE][ashz#3656] {message:"뭐 궁굼하면 검색해",id:"870487212301643797",channel_name:"chat"}
