[2021/07/19 16:40:34.478][687188236971671560][event][MESSAGE][양 진#4848] {message:"마크",id:"866585293532823582",channel_name:"chat"}
[2021/07/19 16:40:37.383][687188236971671560][event][MESSAGE][양 진#4848] {message:"렉 심한거",id:"866585305616351253",channel_name:"chat"}
[2021/07/19 16:40:38.456][687188236971671560][event][MESSAGE][양 진#4848] {message:"왜이러지",id:"866585310140694539",channel_name:"chat"}
[2021/07/19 16:44:06.251][687188236971671560][event][MESSAGE][양 진#4848] {message:"잠깐 쉬려고 했는데",id:"866586181848268830",channel_name:"chat"}
[2021/07/19 16:44:08.255][687188236971671560][event][MESSAGE][양 진#4848] {message:"공부나 다시 해야지",id:"866586190311325746",channel_name:"chat"}
[2021/07/19 17:17:48.115][687188236971671560][event][MESSAGE][ashz#3656] {message:"<@!745951577025675274>",id:"866594662281773066",channel_name:"chat"}
[2021/07/19 17:18:48.809][687188236971671560][event][MESSAGE][ashz#3656] {message:"채팅으로 하는 말의 의도가 뭔지 모르겠지만 생각 하고 말해라",id:"866594916762779659",channel_name:"chat"}
[2021/07/19 17:19:38.690][687188236971671560][event][MESSAGE][양 진#4848] {message:"<@!207597209611403264> 서버 닫힘?",id:"866595125991702558",channel_name:"chat"}
[2021/07/19 17:20:02.421][687188236971671560][event][MESSAGE][ashz#3656] {message:"너부터 대답해",id:"866595225584533554",channel_name:"chat"}
[2021/07/19 17:20:10.070][687188236971671560][event][MESSAGE][ashz#3656] {message:"사람의 말 그만 십고",id:"866595257222955029",channel_name:"chat"}
[2021/07/19 17:20:24.782][687188236971671560][event][MESSAGE][양 진#4848] {message:"넴",id:"866595319315693578",channel_name:"chat"}
[2021/07/19 17:20:43.484][687188236971671560][event][MESSAGE][ashz#3656] {message:"서버 점검 중이니 나가있어",id:"866595397748785202",channel_name:"chat"}
[2021/07/19 17:20:49.350][687188236971671560][event][MESSAGE][ashz#3656] {message:"전체 재시작도 할꺼고",id:"866595422272880661",channel_name:"chat"}
[2021/07/19 17:21:00.260][687188236971671560][event][MESSAGE][ashz#3656] {message:"지금은 마크서버가 뭔 짓 하는지 분석중",id:"866595468187795476",channel_name:"chat"}
[2021/07/19 17:21:37.026][687188236971671560][event][MESSAGE][양 진#4848] {message:"ㅇㅋ",id:"866595622345375765",channel_name:"chat"}
[2021/07/19 17:43:42.214][687188236971671560][event][MESSAGE][ashz#3656] {message:"@everyone 서버 다시 켰음",id:"866601180532310016",channel_name:"chat"}
[2021/07/19 17:46:00.254][687188236971671560][event][MESSAGE][혜윤#0606] {message:"Nani",id:"866601759535661066",channel_name:"chat"}
[2021/07/19 17:46:39.971][687188236971671560][event][MESSAGE][ashz#3656] {message:"a certain someone was complaining about the server lagging up",id:"866601925818187796",channel_name:"chat"}
[2021/07/19 17:46:45.427][687188236971671560][event][MESSAGE][혜윤#0606] {message:"Ohh",id:"866601948899966977",channel_name:"chat"}
[2021/07/19 17:46:47.991][687188236971671560][event][MESSAGE][ashz#3656] {message:"even though im sure i did a backup this morning",id:"866601959719829504",channel_name:"chat"}
[2021/07/19 17:46:57.816][687188236971671560][event][MESSAGE][ashz#3656] {message:"oh fudge",id:"866602000657678336",channel_name:"chat"}
[2021/07/19 17:47:03.055][687188236971671560][event][MESSAGE][혜윤#0606] {message:"Discord?",id:"866602022932447232",channel_name:"chat"}
[2021/07/19 17:47:03.783][687188236971671560][event][MESSAGE][ashz#3656] {message:"i need to do another backup",id:"866602025918529546",channel_name:"chat"}
[2021/07/19 17:47:08.828][687188236971671560][event][MESSAGE][ashz#3656] {message:"?",id:"866602047040913408",channel_name:"chat"}
[2021/07/19 17:47:10.064][687188236971671560][event][MESSAGE][ashz#3656] {message:"like",id:"866602052310138900",channel_name:"chat"}
[2021/07/19 17:47:11.985][687188236971671560][event][MESSAGE][ashz#3656] {message:"discord call?",id:"866602060395839498",channel_name:"chat"}
[2021/07/19 17:47:16.070][687188236971671560][event][MESSAGE][혜윤#0606] {message:"As in",id:"866602077329162291",channel_name:"chat"}
[2021/07/19 17:47:19.189][687188236971671560][event][MESSAGE][혜윤#0606] {message:"Discord server?",id:"866602090360340531",channel_name:"chat"}
[2021/07/19 17:47:21.110][687188236971671560][event][MESSAGE][ashz#3656] {message:"no minecraft",id:"866602098648023060",channel_name:"chat"}
[2021/07/19 17:47:21.723][687188236971671560][event][MESSAGE][ashz#3656] {message:"xD",id:"866602101181382687",channel_name:"chat"}
[2021/07/19 17:47:21.819][687188236971671560][event][MESSAGE][혜윤#0606] {message:"Mc server?",id:"866602101576826890",channel_name:"chat"}
[2021/07/19 17:47:24.040][687188236971671560][event][MESSAGE][혜윤#0606] {message:"Ohhh",id:"866602110556962817",channel_name:"chat"}
[2021/07/19 17:47:30.544][687188236971671560][event][MESSAGE][ashz#3656] {message:"you cant *host* a discord servedr",id:"866602138199916554",channel_name:"chat"}
[2021/07/19 17:47:36.800][687188236971671560][event][MESSAGE][혜윤#0606] {message:"yes",id:"866602164445249536",channel_name:"chat"}
[2021/07/19 17:47:49.874][687188236971671560][event][MESSAGE][양 진#4848] {message:"있다가 진우 일어나면",id:"866602219284725770",channel_name:"chat"}
[2021/07/19 17:47:53.617][687188236971671560][event][MESSAGE][양 진#4848] {message:"스타 ㄱㄱ",id:"866602234918076457",channel_name:"chat"}
[2021/07/19 17:50:41.881][687188236971671560][event][MESSAGE][ashz#3656] {message:"이따 ㅇㅋ",id:"866602940680241162",channel_name:"chat"}
[2021/07/19 17:50:44.032][687188236971671560][event][MESSAGE][ashz#3656] {message:"나",id:"866602949773230080",channel_name:"chat"}
[2021/07/19 17:50:47.083][687188236971671560][event][MESSAGE][ashz#3656] {message:"퇴근 후....ㅎㅎ",id:"866602962529026068",channel_name:"chat"}
[2021/07/19 17:50:54.920][687188236971671560][event][MESSAGE][ashz#3656] {message:"운동 후...",id:"866602995436224512",channel_name:"chat"}
[2021/07/19 17:51:00.616][687188236971671560][event][MESSAGE][ashz#3656] {message:"아마 2~3시간 뒤일거임",id:"866603019332616192",channel_name:"chat"}
[2021/07/19 17:51:13.801][687188236971671560][event][MESSAGE][ashz#3656] {message:"서버 잠시만 다시 끔",id:"866603074498854912",channel_name:"chat"}
[2021/07/19 17:51:21.260][687188236971671560][event][MESSAGE][ashz#3656] {message:"백업 돌려두게",id:"866603105907114014",channel_name:"chat"}
[2021/07/19 17:51:28.105][687188236971671560][event][MESSAGE][양 진#4848] {message:"ㅇㅋ",id:"866603134603886592",channel_name:"chat"}
[2021/07/19 17:54:58.121][687188236971671560][event][MESSAGE][ashz#3656] {message:"you know, doing a 13gigabyte compression every morning as you are riding the bus to work does not help with my morning mood tbh",id:"866604015269838858",channel_name:"chat"}
[2021/07/19 17:59:30.394][687188236971671560][event][MESSAGE][혜윤#0606] {message:"Aww",id:"866605157474107412",channel_name:"chat"}
[2021/07/19 17:59:34.582][687188236971671560][event][MESSAGE][혜윤#0606] {message:"Poor ash TT",id:"866605175057285120",channel_name:"chat"}
[2021/07/19 18:02:04.231][687188236971671560][event][MESSAGE][ashz#3656] {message:"yes",id:"866605802722164796",channel_name:"chat"}
[2021/07/19 18:02:08.029][687188236971671560][event][MESSAGE][ashz#3656] {message:"poor me",id:"866605818371899453",channel_name:"chat"}
[2021/07/19 18:02:26.661][687188236971671560][event][MESSAGE][ashz#3656] {message:"<:notlikemiya:763158191428730900>",id:"866605896795553802",channel_name:"chat"}
[2021/07/19 18:04:13.782][687188236971671560][event][MESSAGE][혜윤#0606] {message:"I just got my second dose of vaccine",id:"866606346068295690",channel_name:"chat"}
[2021/07/19 18:04:15.740][687188236971671560][event][MESSAGE][혜윤#0606] {message:"Yay",id:"866606354314297354",channel_name:"chat"}
[2021/07/19 18:04:20.797][687188236971671560][event][MESSAGE][ashz#3656] {message:"oh wtf",id:"866606375500513290",channel_name:"chat"}
[2021/07/19 18:04:26.715][687188236971671560][event][MESSAGE][ashz#3656] {message:"so ur fully vaccinated?",id:"866606400355434516",channel_name:"chat"}
[2021/07/19 18:04:32.639][687188236971671560][event][MESSAGE][혜윤#0606] {message:"Rip left arm for the next 2 days sheesh",id:"866606425169068113",channel_name:"chat"}
[2021/07/19 18:04:34.278][687188236971671560][event][MESSAGE][혜윤#0606] {message:"Yesh",id:"866606431871565825",channel_name:"chat"}
[2021/07/19 18:04:42.319][687188236971671560][event][MESSAGE][ashz#3656] {message:"who cares about a arm",id:"866606465712390144",channel_name:"chat"}
[2021/07/19 18:04:47.770][687188236971671560][event][MESSAGE][ashz#3656] {message:"atleast u can breathe air",id:"866606488658247690",channel_name:"chat"}
[2021/07/19 18:04:53.737][687188236971671560][event][MESSAGE][혜윤#0606] {message:"Yea",id:"866606513324949545",channel_name:"chat"}
[2021/07/19 18:20:04.779][687188236971671560][event][MESSAGE][ashz#3656] {message:"@everyone 마크 서버 Full Restart 끝남",id:"866610334835671061",channel_name:"chat"}
[2021/07/19 23:06:58.075][687188236971671560][event][MESSAGE][양 진#4848] {message:"<@!207597209611403264>",id:"866682532691050506",channel_name:"chat"}
[2021/07/19 23:06:59.471][687188236971671560][event][MESSAGE][양 진#4848] {message:"스타 ㄱㄱ?",id:"866682538491641896",channel_name:"chat"}
[2021/07/19 23:07:12.622][687188236971671560][event][MESSAGE][ashz#3656] {message:"dz",id:"866682593697333279",channel_name:"chat"}
[2021/07/19 23:07:16.067][687188236971671560][event][MESSAGE][ashz#3656] {message:"3min'",id:"866682608116695070",channel_name:"chat"}
