[2021/09/18 00:00:51.311][687188236971671560][TB][NEXT_AUTO_QUEUE] Playing next track. Playing received data track. {index:"0",length:"142",volume:"7",url:"https://www.youtube.com/watch?v=XfEMj-z3TtA"}
[2021/09/18 00:03:14.589][687188236971671560][TB][NEXT_AUTO_QUEUE] Playing next track. Playing received data track. {index:"0",length:"142",volume:"7",url:"https://www.youtube.com/watch?v=XfEMj-z3TtA"}
[2021/09/18 00:05:37.594][687188236971671560][TB][NEXT_AUTO_QUEUE] Playing next track. Playing received data track. {index:"0",length:"142",volume:"7",url:"https://www.youtube.com/watch?v=XfEMj-z3TtA"}
[2021/09/18 00:08:01.609][687188236971671560][TB][NEXT_AUTO_QUEUE] Playing next track. Playing received data track. {index:"0",length:"142",volume:"7",url:"https://www.youtube.com/watch?v=XfEMj-z3TtA"}
[2021/09/18 00:10:24.746][687188236971671560][TB][NEXT_AUTO_QUEUE] Playing next track. Playing received data track. {index:"0",length:"142",volume:"7",url:"https://www.youtube.com/watch?v=XfEMj-z3TtA"}
[2021/09/18 00:12:48.140][687188236971671560][TB][NEXT_AUTO_QUEUE] Playing next track. Playing received data track. {index:"0",length:"142",volume:"7",url:"https://www.youtube.com/watch?v=XfEMj-z3TtA"}
[2021/09/18 00:15:11.253][687188236971671560][TB][NEXT_AUTO_QUEUE] Playing next track. Playing received data track. {index:"0",length:"142",volume:"7",url:"https://www.youtube.com/watch?v=XfEMj-z3TtA"}
[2021/09/18 00:17:34.456][687188236971671560][TB][NEXT_AUTO_QUEUE] Playing next track. Playing received data track. {index:"0",length:"142",volume:"7",url:"https://www.youtube.com/watch?v=XfEMj-z3TtA"}
[2021/09/18 00:19:57.886][687188236971671560][TB][NEXT_AUTO_QUEUE] Playing next track. Playing received data track. {index:"0",length:"142",volume:"7",url:"https://www.youtube.com/watch?v=XfEMj-z3TtA"}
[2021/09/18 00:22:21.101][687188236971671560][TB][NEXT_AUTO_QUEUE] Playing next track. Playing received data track. {index:"0",length:"142",volume:"7",url:"https://www.youtube.com/watch?v=XfEMj-z3TtA"}
[2021/09/18 00:24:44.119][687188236971671560][TB][NEXT_AUTO_QUEUE] Playing next track. Playing received data track. {index:"0",length:"142",volume:"7",url:"https://www.youtube.com/watch?v=XfEMj-z3TtA"}
[2021/09/18 00:27:07.231][687188236971671560][TB][NEXT_AUTO_QUEUE] Playing next track. Playing received data track. {index:"0",length:"142",volume:"7",url:"https://www.youtube.com/watch?v=XfEMj-z3TtA"}
[2021/09/18 00:29:30.544][687188236971671560][TB][NEXT_AUTO_QUEUE] Playing next track. Playing received data track. {index:"0",length:"142",volume:"7",url:"https://www.youtube.com/watch?v=XfEMj-z3TtA"}
[2021/09/18 00:31:53.755][687188236971671560][TB][NEXT_AUTO_QUEUE] Playing next track. Playing received data track. {index:"0",length:"142",volume:"7",url:"https://www.youtube.com/watch?v=XfEMj-z3TtA"}
[2021/09/18 00:34:18.144][687188236971671560][TB][NEXT_AUTO_QUEUE] Playing next track. Playing received data track. {index:"0",length:"142",volume:"7",url:"https://www.youtube.com/watch?v=XfEMj-z3TtA"}
[2021/09/18 00:36:41.264][687188236971671560][TB][NEXT_AUTO_QUEUE] Playing next track. Playing received data track. {index:"0",length:"142",volume:"7",url:"https://www.youtube.com/watch?v=XfEMj-z3TtA"}
[2021/09/18 00:39:04.359][687188236971671560][TB][NEXT_AUTO_QUEUE] Playing next track. Playing received data track. {index:"0",length:"142",volume:"7",url:"https://www.youtube.com/watch?v=XfEMj-z3TtA"}
[2021/09/18 00:41:28.738][687188236971671560][TB][NEXT_AUTO_QUEUE] Playing next track. Playing received data track. {index:"0",length:"142",volume:"7",url:"https://www.youtube.com/watch?v=XfEMj-z3TtA"}
[2021/09/18 00:43:51.816][687188236971671560][TB][NEXT_AUTO_QUEUE] Playing next track. Playing received data track. {index:"0",length:"142",volume:"7",url:"https://www.youtube.com/watch?v=XfEMj-z3TtA"}
[2021/09/18 00:46:14.927][687188236971671560][TB][NEXT_AUTO_QUEUE] Playing next track. Playing received data track. {index:"0",length:"142",volume:"7",url:"https://www.youtube.com/watch?v=XfEMj-z3TtA"}
[2021/09/18 00:48:38.240][687188236971671560][TB][NEXT_AUTO_QUEUE] Playing next track. Playing received data track. {index:"0",length:"142",volume:"7",url:"https://www.youtube.com/watch?v=XfEMj-z3TtA"}
[2021/09/18 00:51:02.230][687188236971671560][TB][NEXT_AUTO_QUEUE] Playing next track. Playing received data track. {index:"0",length:"142",volume:"7",url:"https://www.youtube.com/watch?v=XfEMj-z3TtA"}
[2021/09/18 00:53:25.291][687188236971671560][TB][NEXT_AUTO_QUEUE] Playing next track. Playing received data track. {index:"0",length:"142",volume:"7",url:"https://www.youtube.com/watch?v=XfEMj-z3TtA"}
[2021/09/18 00:55:48.327][687188236971671560][TB][NEXT_AUTO_QUEUE] Playing next track. Playing received data track. {index:"0",length:"142",volume:"7",url:"https://www.youtube.com/watch?v=XfEMj-z3TtA"}
[2021/09/18 00:58:11.417][687188236971671560][TB][NEXT_AUTO_QUEUE] Playing next track. Playing received data track. {index:"0",length:"142",volume:"7",url:"https://www.youtube.com/watch?v=XfEMj-z3TtA"}
[2021/09/18 01:00:35.434][687188236971671560][TB][NEXT_AUTO_QUEUE] Playing next track. Playing received data track. {index:"0",length:"142",volume:"7",url:"https://www.youtube.com/watch?v=XfEMj-z3TtA"}
[2021/09/18 01:02:58.686][687188236971671560][TB][NEXT_AUTO_QUEUE] Playing next track. Playing received data track. {index:"0",length:"142",volume:"7",url:"https://www.youtube.com/watch?v=XfEMj-z3TtA"}
[2021/09/18 01:05:21.859][687188236971671560][TB][NEXT_AUTO_QUEUE] Playing next track. Playing received data track. {index:"0",length:"142",volume:"7",url:"https://www.youtube.com/watch?v=XfEMj-z3TtA"}
[2021/09/18 01:07:45.067][687188236971671560][TB][NEXT_AUTO_QUEUE] Playing next track. Playing received data track. {index:"0",length:"142",volume:"7",url:"https://www.youtube.com/watch?v=XfEMj-z3TtA"}
[2021/09/18 01:10:08.277][687188236971671560][TB][NEXT_AUTO_QUEUE] Playing next track. Playing received data track. {index:"0",length:"142",volume:"7",url:"https://www.youtube.com/watch?v=XfEMj-z3TtA"}
[2021/09/18 01:12:31.574][687188236971671560][TB][NEXT_AUTO_QUEUE] Playing next track. Playing received data track. {index:"0",length:"142",volume:"7",url:"https://www.youtube.com/watch?v=XfEMj-z3TtA"}
[2021/09/18 01:14:54.770][687188236971671560][TB][NEXT_AUTO_QUEUE] Playing next track. Playing received data track. {index:"0",length:"142",volume:"7",url:"https://www.youtube.com/watch?v=XfEMj-z3TtA"}
[2021/09/18 01:17:17.986][687188236971671560][TB][NEXT_AUTO_QUEUE] Playing next track. Playing received data track. {index:"0",length:"142",volume:"7",url:"https://www.youtube.com/watch?v=XfEMj-z3TtA"}
[2021/09/18 01:19:41.307][687188236971671560][TB][NEXT_AUTO_QUEUE] Playing next track. Playing received data track. {index:"0",length:"142",volume:"7",url:"https://www.youtube.com/watch?v=XfEMj-z3TtA"}
[2021/09/18 01:22:04.805][687188236971671560][TB][NEXT_AUTO_QUEUE] Playing next track. Playing received data track. {index:"0",length:"142",volume:"7",url:"https://www.youtube.com/watch?v=XfEMj-z3TtA"}
[2021/09/18 01:24:28.005][687188236971671560][TB][NEXT_AUTO_QUEUE] Playing next track. Playing received data track. {index:"0",length:"142",volume:"7",url:"https://www.youtube.com/watch?v=XfEMj-z3TtA"}
[2021/09/18 01:26:51.100][687188236971671560][TB][NEXT_AUTO_QUEUE] Playing next track. Playing received data track. {index:"0",length:"142",volume:"7",url:"https://www.youtube.com/watch?v=XfEMj-z3TtA"}
[2021/09/18 01:29:14.222][687188236971671560][TB][NEXT_AUTO_QUEUE] Playing next track. Playing received data track. {index:"0",length:"142",volume:"7",url:"https://www.youtube.com/watch?v=XfEMj-z3TtA"}
[2021/09/18 01:31:37.441][687188236971671560][TB][NEXT_AUTO_QUEUE] Playing next track. Playing received data track. {index:"0",length:"142",volume:"7",url:"https://www.youtube.com/watch?v=XfEMj-z3TtA"}
[2021/09/18 01:34:00.553][687188236971671560][TB][NEXT_AUTO_QUEUE] Playing next track. Playing received data track. {index:"0",length:"142",volume:"7",url:"https://www.youtube.com/watch?v=XfEMj-z3TtA"}
[2021/09/18 01:36:23.614][687188236971671560][TB][NEXT_AUTO_QUEUE] Playing next track. Playing received data track. {index:"0",length:"142",volume:"7",url:"https://www.youtube.com/watch?v=XfEMj-z3TtA"}
[2021/09/18 01:38:46.658][687188236971671560][TB][NEXT_AUTO_QUEUE] Playing next track. Playing received data track. {index:"0",length:"142",volume:"7",url:"https://www.youtube.com/watch?v=XfEMj-z3TtA"}
[2021/09/18 01:41:09.765][687188236971671560][TB][NEXT_AUTO_QUEUE] Playing next track. Playing received data track. {index:"0",length:"142",volume:"7",url:"https://www.youtube.com/watch?v=XfEMj-z3TtA"}
[2021/09/18 01:43:32.736][687188236971671560][TB][NEXT_AUTO_QUEUE] Playing next track. Playing received data track. {index:"0",length:"142",volume:"7",url:"https://www.youtube.com/watch?v=XfEMj-z3TtA"}
[2021/09/18 01:45:55.962][687188236971671560][TB][NEXT_AUTO_QUEUE] Playing next track. Playing received data track. {index:"0",length:"142",volume:"7",url:"https://www.youtube.com/watch?v=XfEMj-z3TtA"}
[2021/09/18 01:48:19.224][687188236971671560][TB][NEXT_AUTO_QUEUE] Playing next track. Playing received data track. {index:"0",length:"142",volume:"7",url:"https://www.youtube.com/watch?v=XfEMj-z3TtA"}
[2021/09/18 01:50:42.227][687188236971671560][TB][NEXT_AUTO_QUEUE] Playing next track. Playing received data track. {index:"0",length:"142",volume:"7",url:"https://www.youtube.com/watch?v=XfEMj-z3TtA"}
[2021/09/18 01:53:05.278][687188236971671560][TB][NEXT_AUTO_QUEUE] Playing next track. Playing received data track. {index:"0",length:"142",volume:"7",url:"https://www.youtube.com/watch?v=XfEMj-z3TtA"}
[2021/09/18 01:53:09.095][687188236971671560][event][MESSAGE][ashz#3656] {message:".leave",id:"888467625812836442",channel_name:"chat"}
[2021/09/18 01:53:09.105][687188236971671560][command][LEAVE_SUCCESS][ashz#3656][888467625812836442] Bot is now disconnected from it's last voice channel. {receivedArgument:".leave"}
[2021/09/18 01:53:09.361][687188236971671560][event][MESSAGE_DELETE][ashz#3656] {message:".leave",id:"888467625812836442",channel_name:"chat"}
[2021/09/18 20:54:11.160][687188236971671560][event][MESSAGE][chloe5325#1260] {message:".join",id:"888754776723062834",channel_name:"chat"}
[2021/09/18 20:54:11.477][687188236971671560][event][MESSAGE_DELETE][chloe5325#1260] {message:".join",id:"888754776723062834",channel_name:"chat"}
[2021/09/18 20:54:11.618][687188236971671560][command][JOIN_SUCCESS][chloe5325#1260][888754776723062834] Now connected to user's voice channel. {receivedArgument:".join"}
[2021/09/18 20:54:59.539][687188236971671560][event][MESSAGE][chloe5325#1260] {message:".play https://youtu.be/vCXkLKb7wso",id:"888754979748331530",channel_name:"chat"}
[2021/09/18 20:54:59.826][687188236971671560][event][MESSAGE_DELETE][chloe5325#1260] {message:".play https://youtu.be/vCXkLKb7wso",id:"888754979748331530",channel_name:"chat"}
[2021/09/18 20:55:00.914][687188236971671560][command][PLAY_SUCCESS][chloe5325#1260][888754979748331530] Overriding current track. Playing received data track. {receivedArgument:".play https://youtu.be/vCXkLKb7wso",index:"0",length:"249",volume:"7",url:"https://www.youtube.com/watch?v=vCXkLKb7wso"}
[2021/09/18 20:59:10.701][687188236971671560][TB][NEXT_AUTO_QUEUE] Playing next track. Playing received data track. {index:"0",length:"249",volume:"7",url:"https://www.youtube.com/watch?v=vCXkLKb7wso"}
[2021/09/18 21:03:20.799][687188236971671560][TB][NEXT_AUTO_QUEUE] Playing next track. Playing received data track. {index:"0",length:"249",volume:"7",url:"https://www.youtube.com/watch?v=vCXkLKb7wso"}
[2021/09/18 21:06:41.064][687188236971671560][event][MESSAGE][ashz#3656] {message:".add https://music.youtube.com/watch?v=3eLKvQXsqKY&feature=share",id:"888757922128097320",channel_name:"chat"}
[2021/09/18 21:06:41.296][687188236971671560][event][MESSAGE_DELETE][ashz#3656] {message:".add https://music.youtube.com/watch?v=3eLKvQXsqKY&feature=share",id:"888757922128097320",channel_name:"chat"}
[2021/09/18 21:06:42.148][687188236971671560][command][ADD_SUCCESS][ashz#3656][888757922128097320] Added track to queue. {receivedArgument:".add https://music.youtube.com/watch?v=3eLKvQXsqKY&feature=share",title:"죠지 - 좋아해.. (바른연애 길잡이 X 죠지) / 가사",index:"0",length:"249",volume:"7",url:"https://www.youtube.com/watch?v=vCXkLKb7wso"}
[2021/09/18 21:07:31.053][687188236971671560][TB][NEXT_AUTO_QUEUE] Playing next track. Playing received data track. {index:"1",length:"173",volume:"7",url:"https://www.youtube.com/watch?v=3eLKvQXsqKY"}
[2021/09/18 21:10:25.331][687188236971671560][TB][NEXT_AUTO_QUEUE] Playing next track. Playing received data track. {index:"0",length:"249",volume:"7",url:"https://www.youtube.com/watch?v=vCXkLKb7wso"}
[2021/09/18 21:14:35.745][687188236971671560][TB][NEXT_AUTO_QUEUE] Playing next track. Playing received data track. {index:"1",length:"173",volume:"7",url:"https://www.youtube.com/watch?v=3eLKvQXsqKY"}
[2021/09/18 21:17:29.759][687188236971671560][TB][NEXT_AUTO_QUEUE] Playing next track. Playing received data track. {index:"0",length:"249",volume:"7",url:"https://www.youtube.com/watch?v=vCXkLKb7wso"}
[2021/09/18 21:17:54.193][687188236971671560][event][MESSAGE][ashz#3656] {message:".stop",id:"888760745418952745",channel_name:"chat"}
[2021/09/18 21:17:54.201][687188236971671560][command][STOP_SUCCESS][ashz#3656][888760745418952745] Stopped current track. {receivedArgument:".stop"}
[2021/09/18 21:17:54.443][687188236971671560][event][MESSAGE_DELETE][ashz#3656] {message:".stop",id:"888760745418952745",channel_name:"chat"}
[2021/09/18 21:17:57.145][687188236971671560][event][MESSAGE][ashz#3656] {message:".clear",id:"888760757737619466",channel_name:"chat"}
[2021/09/18 21:17:57.146][687188236971671560][command][CLEAR_SUCCESS][ashz#3656][888760757737619466] Cleared all tracks inside queue. {receivedArgument:".clear"}
[2021/09/18 21:17:57.408][687188236971671560][event][MESSAGE_DELETE][ashz#3656] {message:".clear",id:"888760757737619466",channel_name:"chat"}
[2021/09/18 21:18:03.717][687188236971671560][event][MESSAGE][ashz#3656] {message:".play https://music.youtube.com/watch?v=3eLKvQXsqKY&feature=share",id:"888760785294217228",channel_name:"chat"}
[2021/09/18 21:18:03.967][687188236971671560][event][MESSAGE_DELETE][ashz#3656] {message:".play https://music.youtube.com/watch?v=3eLKvQXsqKY&feature=share",id:"888760785294217228",channel_name:"chat"}
[2021/09/18 21:18:04.752][687188236971671560][command][PLAY_SUCCESS][ashz#3656][888760785294217228] Overriding current track. Playing received data track. {receivedArgument:".play https://music.youtube.com/watch?v=3eLKvQXsqKY&feature=share",index:"0",length:"173",volume:"7",url:"https://www.youtube.com/watch?v=3eLKvQXsqKY"}
[2021/09/18 21:18:09.972][687188236971671560][event][MESSAGE][ashz#3656] {message:".add https://music.youtube.com/watch?v=CXNv4_wQjKQ&feature=share",id:"888760811290505277",channel_name:"chat"}
[2021/09/18 21:18:10.233][687188236971671560][event][MESSAGE_DELETE][ashz#3656] {message:".add https://music.youtube.com/watch?v=CXNv4_wQjKQ&feature=share",id:"888760811290505277",channel_name:"chat"}
[2021/09/18 21:18:11.189][687188236971671560][command][ADD_SUCCESS][ashz#3656][888760811290505277] Added track to queue. {receivedArgument:".add https://music.youtube.com/watch?v=CXNv4_wQjKQ&feature=share",title:"everything",index:"0",length:"173",volume:"7",url:"https://www.youtube.com/watch?v=3eLKvQXsqKY"}
[2021/09/18 21:18:16.458][687188236971671560][event][MESSAGE][ashz#3656] {message:".add https://music.youtube.com/watch?v=3YHGEuefsbI&feature=share",id:"888760838821912586",channel_name:"chat"}
[2021/09/18 21:18:16.705][687188236971671560][event][MESSAGE_DELETE][ashz#3656] {message:".add https://music.youtube.com/watch?v=3YHGEuefsbI&feature=share",id:"888760838821912586",channel_name:"chat"}
[2021/09/18 21:18:17.545][687188236971671560][command][ADD_SUCCESS][ashz#3656][888760838821912586] Added track to queue. {receivedArgument:".add https://music.youtube.com/watch?v=3YHGEuefsbI&feature=share",title:"everything",index:"0",length:"173",volume:"7",url:"https://www.youtube.com/watch?v=3eLKvQXsqKY"}
[2021/09/18 21:18:22.440][687188236971671560][event][MESSAGE][ashz#3656] {message:".add https://music.youtube.com/watch?v=XfEMj-z3TtA&feature=share",id:"888760863912263710",channel_name:"chat"}
[2021/09/18 21:18:22.876][687188236971671560][event][MESSAGE_DELETE][ashz#3656] {message:".add https://music.youtube.com/watch?v=XfEMj-z3TtA&feature=share",id:"888760863912263710",channel_name:"chat"}
[2021/09/18 21:18:23.860][687188236971671560][command][ADD_SUCCESS][ashz#3656][888760863912263710] Added track to queue. {receivedArgument:".add https://music.youtube.com/watch?v=XfEMj-z3TtA&feature=share",title:"everything",index:"0",length:"173",volume:"7",url:"https://www.youtube.com/watch?v=3eLKvQXsqKY"}
[2021/09/18 21:20:59.386][687188236971671560][TB][NEXT_AUTO_QUEUE] Playing next track. Playing received data track. {index:"1",length:"204",volume:"7",url:"https://www.youtube.com/watch?v=CXNv4_wQjKQ"}
[2021/09/18 21:24:24.324][687188236971671560][TB][NEXT_AUTO_QUEUE] Playing next track. Playing received data track. {index:"2",length:"214",volume:"7",url:"https://www.youtube.com/watch?v=3YHGEuefsbI"}
[2021/09/18 21:27:59.430][687188236971671560][TB][NEXT_AUTO_QUEUE] Playing next track. Playing received data track. {index:"3",length:"142",volume:"7",url:"https://www.youtube.com/watch?v=XfEMj-z3TtA"}
[2021/09/18 21:30:22.941][687188236971671560][TB][NEXT_AUTO_QUEUE] Playing next track. Playing received data track. {index:"0",length:"173",volume:"7",url:"https://www.youtube.com/watch?v=3eLKvQXsqKY"}
[2021/09/18 21:33:17.085][687188236971671560][TB][NEXT_AUTO_QUEUE] Playing next track. Playing received data track. {index:"1",length:"204",volume:"7",url:"https://www.youtube.com/watch?v=CXNv4_wQjKQ"}
[2021/09/18 21:36:41.914][687188236971671560][TB][NEXT_AUTO_QUEUE] Playing next track. Playing received data track. {index:"2",length:"214",volume:"7",url:"https://www.youtube.com/watch?v=3YHGEuefsbI"}
[2021/09/18 21:40:17.046][687188236971671560][TB][NEXT_AUTO_QUEUE] Playing next track. Playing received data track. {index:"3",length:"142",volume:"7",url:"https://www.youtube.com/watch?v=XfEMj-z3TtA"}
[2021/09/18 21:42:40.459][687188236971671560][TB][NEXT_AUTO_QUEUE] Playing next track. Playing received data track. {index:"0",length:"173",volume:"7",url:"https://www.youtube.com/watch?v=3eLKvQXsqKY"}
[2021/09/18 21:45:34.879][687188236971671560][TB][NEXT_AUTO_QUEUE] Playing next track. Playing received data track. {index:"1",length:"204",volume:"7",url:"https://www.youtube.com/watch?v=CXNv4_wQjKQ"}
[2021/09/18 21:48:59.809][687188236971671560][TB][NEXT_AUTO_QUEUE] Playing next track. Playing received data track. {index:"2",length:"214",volume:"7",url:"https://www.youtube.com/watch?v=3YHGEuefsbI"}
[2021/09/18 21:52:34.927][687188236971671560][TB][NEXT_AUTO_QUEUE] Playing next track. Playing received data track. {index:"3",length:"142",volume:"7",url:"https://www.youtube.com/watch?v=XfEMj-z3TtA"}
[2021/09/18 21:54:59.068][687188236971671560][TB][NEXT_AUTO_QUEUE] Playing next track. Playing received data track. {index:"0",length:"173",volume:"7",url:"https://www.youtube.com/watch?v=3eLKvQXsqKY"}
[2021/09/18 21:57:53.265][687188236971671560][TB][NEXT_AUTO_QUEUE] Playing next track. Playing received data track. {index:"1",length:"204",volume:"7",url:"https://www.youtube.com/watch?v=CXNv4_wQjKQ"}
[2021/09/18 22:01:18.142][687188236971671560][TB][NEXT_AUTO_QUEUE] Playing next track. Playing received data track. {index:"2",length:"214",volume:"7",url:"https://www.youtube.com/watch?v=3YHGEuefsbI"}
[2021/09/18 22:04:54.091][687188236971671560][TB][NEXT_AUTO_QUEUE] Playing next track. Playing received data track. {index:"3",length:"142",volume:"7",url:"https://www.youtube.com/watch?v=XfEMj-z3TtA"}
[2021/09/18 22:07:17.625][687188236971671560][TB][NEXT_AUTO_QUEUE] Playing next track. Playing received data track. {index:"0",length:"173",volume:"7",url:"https://www.youtube.com/watch?v=3eLKvQXsqKY"}
[2021/09/18 22:10:11.948][687188236971671560][TB][NEXT_AUTO_QUEUE] Playing next track. Playing received data track. {index:"1",length:"204",volume:"7",url:"https://www.youtube.com/watch?v=CXNv4_wQjKQ"}
[2021/09/18 22:13:36.887][687188236971671560][TB][NEXT_AUTO_QUEUE] Playing next track. Playing received data track. {index:"2",length:"214",volume:"7",url:"https://www.youtube.com/watch?v=3YHGEuefsbI"}
[2021/09/18 22:17:11.855][687188236971671560][TB][NEXT_AUTO_QUEUE] Playing next track. Playing received data track. {index:"3",length:"142",volume:"7",url:"https://www.youtube.com/watch?v=XfEMj-z3TtA"}
[2021/09/18 22:19:35.063][687188236971671560][TB][NEXT_AUTO_QUEUE] Playing next track. Playing received data track. {index:"0",length:"173",volume:"7",url:"https://www.youtube.com/watch?v=3eLKvQXsqKY"}
[2021/09/18 22:22:29.463][687188236971671560][TB][NEXT_AUTO_QUEUE] Playing next track. Playing received data track. {index:"1",length:"204",volume:"7",url:"https://www.youtube.com/watch?v=CXNv4_wQjKQ"}
[2021/09/18 22:25:54.242][687188236971671560][TB][NEXT_AUTO_QUEUE] Playing next track. Playing received data track. {index:"2",length:"214",volume:"7",url:"https://www.youtube.com/watch?v=3YHGEuefsbI"}
[2021/09/18 22:29:29.412][687188236971671560][TB][NEXT_AUTO_QUEUE] Playing next track. Playing received data track. {index:"3",length:"142",volume:"7",url:"https://www.youtube.com/watch?v=XfEMj-z3TtA"}
[2021/09/18 22:31:52.873][687188236971671560][TB][NEXT_AUTO_QUEUE] Playing next track. Playing received data track. {index:"0",length:"173",volume:"7",url:"https://www.youtube.com/watch?v=3eLKvQXsqKY"}
[2021/09/18 22:34:47.141][687188236971671560][TB][NEXT_AUTO_QUEUE] Playing next track. Playing received data track. {index:"1",length:"204",volume:"7",url:"https://www.youtube.com/watch?v=CXNv4_wQjKQ"}
[2021/09/18 22:38:12.027][687188236971671560][TB][NEXT_AUTO_QUEUE] Playing next track. Playing received data track. {index:"2",length:"214",volume:"7",url:"https://www.youtube.com/watch?v=3YHGEuefsbI"}
[2021/09/18 22:41:47.181][687188236971671560][TB][NEXT_AUTO_QUEUE] Playing next track. Playing received data track. {index:"3",length:"142",volume:"7",url:"https://www.youtube.com/watch?v=XfEMj-z3TtA"}
[2021/09/18 22:44:10.362][687188236971671560][TB][NEXT_AUTO_QUEUE] Playing next track. Playing received data track. {index:"0",length:"173",volume:"7",url:"https://www.youtube.com/watch?v=3eLKvQXsqKY"}
[2021/09/18 22:47:05.892][687188236971671560][TB][NEXT_AUTO_QUEUE] Playing next track. Playing received data track. {index:"1",length:"204",volume:"7",url:"https://www.youtube.com/watch?v=CXNv4_wQjKQ"}
[2021/09/18 22:50:30.827][687188236971671560][TB][NEXT_AUTO_QUEUE] Playing next track. Playing received data track. {index:"2",length:"214",volume:"7",url:"https://www.youtube.com/watch?v=3YHGEuefsbI"}
[2021/09/18 22:54:06.093][687188236971671560][TB][NEXT_AUTO_QUEUE] Playing next track. Playing received data track. {index:"3",length:"142",volume:"7",url:"https://www.youtube.com/watch?v=XfEMj-z3TtA"}
[2021/09/18 22:56:29.364][687188236971671560][TB][NEXT_AUTO_QUEUE] Playing next track. Playing received data track. {index:"0",length:"173",volume:"7",url:"https://www.youtube.com/watch?v=3eLKvQXsqKY"}
[2021/09/18 22:59:23.639][687188236971671560][TB][NEXT_AUTO_QUEUE] Playing next track. Playing received data track. {index:"1",length:"204",volume:"7",url:"https://www.youtube.com/watch?v=CXNv4_wQjKQ"}
[2021/09/18 23:02:50.140][687188236971671560][TB][NEXT_AUTO_QUEUE] Playing next track. Playing received data track. {index:"2",length:"214",volume:"7",url:"https://www.youtube.com/watch?v=3YHGEuefsbI"}
[2021/09/18 23:06:25.182][687188236971671560][TB][NEXT_AUTO_QUEUE] Playing next track. Playing received data track. {index:"3",length:"142",volume:"7",url:"https://www.youtube.com/watch?v=XfEMj-z3TtA"}
[2021/09/18 23:08:49.435][687188236971671560][TB][NEXT_AUTO_QUEUE] Playing next track. Playing received data track. {index:"0",length:"173",volume:"7",url:"https://www.youtube.com/watch?v=3eLKvQXsqKY"}
[2021/09/18 23:11:43.827][687188236971671560][TB][NEXT_AUTO_QUEUE] Playing next track. Playing received data track. {index:"1",length:"204",volume:"7",url:"https://www.youtube.com/watch?v=CXNv4_wQjKQ"}
[2021/09/18 23:13:26.409][687188236971671560][event][MESSAGE][SEION#3251] {message:"<@!207597209611403264> 형 나 서진인데 권한좀 줘~",id:"888789821089259541",channel_name:"chat"}
[2021/09/18 23:13:33.077][687188236971671560][event][MESSAGE][SEION#3251] {message:"음성방 보내줘ㅓㅓ",id:"888789848792645633",channel_name:"chat"}
[2021/09/18 23:15:08.753][687188236971671560][TB][NEXT_AUTO_QUEUE] Playing next track. Playing received data track. {index:"2",length:"214",volume:"7",url:"https://www.youtube.com/watch?v=3YHGEuefsbI"}
[2021/09/18 23:18:43.904][687188236971671560][TB][NEXT_AUTO_QUEUE] Playing next track. Playing received data track. {index:"3",length:"142",volume:"7",url:"https://www.youtube.com/watch?v=XfEMj-z3TtA"}
[2021/09/18 23:21:06.977][687188236971671560][TB][NEXT_AUTO_QUEUE] Playing next track. Playing received data track. {index:"0",length:"173",volume:"7",url:"https://www.youtube.com/watch?v=3eLKvQXsqKY"}
[2021/09/18 23:24:01.376][687188236971671560][TB][NEXT_AUTO_QUEUE] Playing next track. Playing received data track. {index:"1",length:"204",volume:"7",url:"https://www.youtube.com/watch?v=CXNv4_wQjKQ"}
[2021/09/18 23:27:26.076][687188236971671560][TB][NEXT_AUTO_QUEUE] Playing next track. Playing received data track. {index:"2",length:"214",volume:"7",url:"https://www.youtube.com/watch?v=3YHGEuefsbI"}
[2021/09/18 23:31:01.328][687188236971671560][TB][NEXT_AUTO_QUEUE] Playing next track. Playing received data track. {index:"3",length:"142",volume:"7",url:"https://www.youtube.com/watch?v=XfEMj-z3TtA"}
[2021/09/18 23:33:24.820][687188236971671560][TB][NEXT_AUTO_QUEUE] Playing next track. Playing received data track. {index:"0",length:"173",volume:"7",url:"https://www.youtube.com/watch?v=3eLKvQXsqKY"}
[2021/09/18 23:36:19.151][687188236971671560][TB][NEXT_AUTO_QUEUE] Playing next track. Playing received data track. {index:"1",length:"204",volume:"7",url:"https://www.youtube.com/watch?v=CXNv4_wQjKQ"}
[2021/09/18 23:39:43.998][687188236971671560][TB][NEXT_AUTO_QUEUE] Playing next track. Playing received data track. {index:"2",length:"214",volume:"7",url:"https://www.youtube.com/watch?v=3YHGEuefsbI"}
[2021/09/18 23:43:19.040][687188236971671560][TB][NEXT_AUTO_QUEUE] Playing next track. Playing received data track. {index:"3",length:"142",volume:"7",url:"https://www.youtube.com/watch?v=XfEMj-z3TtA"}
[2021/09/18 23:45:42.176][687188236971671560][TB][NEXT_AUTO_QUEUE] Playing next track. Playing received data track. {index:"0",length:"173",volume:"7",url:"https://www.youtube.com/watch?v=3eLKvQXsqKY"}
[2021/09/18 23:48:36.368][687188236971671560][TB][NEXT_AUTO_QUEUE] Playing next track. Playing received data track. {index:"1",length:"204",volume:"7",url:"https://www.youtube.com/watch?v=CXNv4_wQjKQ"}
[2021/09/18 23:52:01.197][687188236971671560][TB][NEXT_AUTO_QUEUE] Playing next track. Playing received data track. {index:"2",length:"214",volume:"7",url:"https://www.youtube.com/watch?v=3YHGEuefsbI"}
[2021/09/18 23:55:36.284][687188236971671560][TB][NEXT_AUTO_QUEUE] Playing next track. Playing received data track. {index:"3",length:"142",volume:"7",url:"https://www.youtube.com/watch?v=XfEMj-z3TtA"}
[2021/09/18 23:57:59.406][687188236971671560][TB][NEXT_AUTO_QUEUE] Playing next track. Playing received data track. {index:"0",length:"173",volume:"7",url:"https://www.youtube.com/watch?v=3eLKvQXsqKY"}
