[2021/08/20 17:43:12.858][687188236971671560][event][MESSAGE][ashz#3656] {message:"@everyone 내년부터 산업기능요원으로 뽑힐 확율이 50%로 떨어짐",id:"878197468515414048",channel_name:"chat"}
[2021/08/20 17:43:13.786][687188236971671560][event][MESSAGE][ashz#3656] {message:"ㅋㅋㅋ",id:"878197472919441428",channel_name:"chat"}
[2021/08/20 17:43:23.312][687188236971671560][event][MESSAGE][ashz#3656] {message:"국방부도 돌았네",id:"878197512916303892",channel_name:"chat"}
[2021/08/20 17:43:34.601][687188236971671560][event][MESSAGE][thebox#9662] {message:"그거 원래 애미없었음",id:"878197560127422495",channel_name:"chat"}
[2021/08/20 17:43:56.231][687188236971671560][event][MESSAGE][ashz#3656] {message:"전문 요원 50% 축소, 산업기능요원 올해는 50% 축소, 2024년에는 폐지",id:"878197651005407232",channel_name:"chat"}
[2021/08/20 17:44:05.637][687188236971671560][event][MESSAGE][ashz#3656] {message:"돌았네 ㅋㅋㅋㅋㅋㅋㅋ",id:"878197690029195265",channel_name:"chat"}
[2021/08/20 17:59:45.237][687188236971671560][event][MESSAGE][thebox#9662] {message:"국방부는 답이 없습니다",id:"878201631429230602",channel_name:"chat"}
[2021/08/20 18:18:13.322][687188236971671560][event][MESSAGE][ashz#3656] {message:"z",id:"878206278999080960",channel_name:"chat"}
[2021/08/20 21:20:39.013][687188236971671560][event][MESSAGE][진욱#0213] {message:"???",id:"878252188579811338",channel_name:"chat"}
[2021/08/20 21:21:09.299][687188236971671560][event][MESSAGE][진욱#0213] {message:"병역특례 말하는거야 ???",id:"878252315633651722",channel_name:"chat"}
[2021/08/20 21:24:49.536][687188236971671560][event][MESSAGE][ashz#3656] {message:"그치",id:"878253239022268458",channel_name:"chat"}
[2021/08/20 22:06:55.530][687188236971671560][event][MESSAGE][진욱#0213] {message:"와유...",id:"878263834182287440",channel_name:"chat"}
[2021/08/20 22:22:30.983][687188236971671560][event][MESSAGE][ashz#3656] {message:"넌 문제 없을거야",id:"878267757563609099",channel_name:"chat"}
[2021/08/20 22:22:31.748][687188236971671560][event][MESSAGE][ashz#3656] {message:"아마",id:"878267760919076874",channel_name:"chat"}
[2021/08/20 22:22:32.546][687188236971671560][event][MESSAGE][ashz#3656] {message:"ㅋㅋㅋㅋㅋ",id:"878267764308062208",channel_name:"chat"}
[2021/08/20 22:40:05.077][687188236971671560][event][MESSAGE][진욱#0213] {message:"다행이다 ㅋㄱㅋㄱㅋㄱㅋㅋ",id:"878272178964025374",channel_name:"chat"}
[2021/08/20 22:42:09.438][687188236971671560][event][MESSAGE][ashz#3656] {message:"ㅋㅋㅋㅋㅋㅋㅋㅋㅋ",id:"878272700588642344",channel_name:"chat"}
[2021/08/20 22:42:10.162][687188236971671560][event][MESSAGE][ashz#3656] {message:"근데",id:"878272703612735578",channel_name:"chat"}
[2021/08/20 22:42:10.928][687188236971671560][event][MESSAGE][ashz#3656] {message:"이거",id:"878272706792030248",channel_name:"chat"}
[2021/08/20 22:42:15.880][687188236971671560][event][MESSAGE][ashz#3656] {message:"취업하자말자",id:"878272727444750356",channel_name:"chat"}
[2021/08/20 22:42:24.632][687188236971671560][event][MESSAGE][ashz#3656] {message:"병특 신청해야할거야",id:"878272764258189432",channel_name:"chat"}
