[2021/07/29 07:22:58.155][687188236971671560][event][MESSAGE][양 진#4848] {message:"\",id:"870068846151761991",channel_name:"chat"}
[2021/07/29 07:22:59.839][687188236971671560][event][MESSAGE][양 진#4848] {message:"\]",id:"870068853072339045",channel_name:"chat"}
[2021/07/29 07:23:02.504][687188236971671560][event][MESSAGE][양 진#4848] {message:"[[[[';'",id:"870068864581533736",channel_name:"chat"}
[2021/07/29 09:30:29.310][687188236971671560][event][MESSAGE_DELETE][양 진#4848] {message:"[[[[';'",id:"870068864581533736",channel_name:"chat"}
[2021/07/29 09:30:30.511][687188236971671560][event][MESSAGE_DELETE][양 진#4848] {message:"\]",id:"870068853072339045",channel_name:"chat"}
[2021/07/29 09:30:31.730][687188236971671560][event][MESSAGE_DELETE][양 진#4848] {message:"\",id:"870068846151761991",channel_name:"chat"}
[2021/07/29 17:10:33.971][687188236971671560][event][MESSAGE][ashz#3656] {message:"somebody save me~~~",id:"870216719946362960",channel_name:"chat"}
[2021/07/29 17:10:42.312][687188236971671560][event][MESSAGE][ashz#3656] {message:"have too many fucking things to edit~~~",id:"870216754910093342",channel_name:"chat"}
[2021/07/29 17:10:53.550][687188236971671560][event][MESSAGE][ashz#3656] {message:"and its all about them boot scripts",id:"870216802003718144",channel_name:"chat"}
[2021/07/29 17:11:21.884][687188236971671560][event][MESSAGE][ashz#3656] {message:"oh and did i ever mention i never fucking touched boot scripts during the last year or so?",id:"870216920803188776",channel_name:"chat"}
[2021/07/29 17:11:47.584][687188236971671560][event][MESSAGE][ashz#3656] {message:"fuuuuuuuuuuuuuuuuuuuuuuuuuuuuuuuuuuuuuuuuuuuuuuuuuuuuuuuuuuuuuuuuuuuuuuuuuuuuuuuuuuuuck",id:"870217028680708147",channel_name:"chat"}
[2021/07/29 17:11:52.573][687188236971671560][event][MESSAGE][ashz#3656] {message:"<a:rage:818739450267041802>",id:"870217049572528128",channel_name:"chat"}
[2021/07/29 17:11:57.119][687188236971671560][event][MESSAGE][ashz#3656] {message:"my literally mental state",id:"870217068245557290",channel_name:"chat"}
[2021/07/29 17:12:09.710][687188236971671560][event][MESSAGE][ashz#3656] {message:"someone talk to me, thats my inner infested terran face",id:"870217121462886400",channel_name:"chat"}
[2021/07/29 17:14:18.387][687188236971671560][event][MESSAGE][혜윤#0606] {message:"Ah",id:"870217660791685161",channel_name:"chat"}
[2021/07/29 17:14:59.944][687188236971671560][event][MESSAGE][ashz#3656] {message:"this",id:"870217835442483280",channel_name:"chat"}
[2021/07/29 17:15:07.079][687188236971671560][event][MESSAGE][ashz#3656] {message:"is the pure pain",id:"870217865414995968",channel_name:"chat"}
[2021/07/29 17:15:17.984][687188236971671560][event][MESSAGE][ashz#3656] {message:"of coding shits i have no idea if it will work or not",id:"870217911074172958",channel_name:"chat"}
[2021/07/29 17:15:26.596][687188236971671560][event][MESSAGE][ashz#3656] {message:"but thinking it will work",id:"870217947040350261",channel_name:"chat"}
[2021/07/29 17:15:35.962][687188236971671560][event][MESSAGE][ashz#3656] {message:"then thinking it will not work",id:"870217986559070208",channel_name:"chat"}
[2021/07/29 17:15:41.134][687188236971671560][event][MESSAGE][ashz#3656] {message:"then thinking it will not work",id:"870218008235225108",channel_name:"chat"}
[2021/07/29 17:15:47.482][687188236971671560][event][MESSAGE][ashz#3656] {message:"then thinking it will work",id:"870218034873245726",channel_name:"chat"}
[2021/07/29 17:15:57.069][687188236971671560][event][MESSAGE][ashz#3656] {message:"and finally testing 3 hours later",id:"870218075079852052",channel_name:"chat"}
[2021/07/29 17:16:41.174][687188236971671560][event][MESSAGE][ashz#3656] {message:"oh, why wait until 3hours later? CAUSE I STILL HAVE ALMOST 400 LINES LEFT TO CODE FOR IT TO EVEN START FUNCTIONING",id:"870218260065443901",channel_name:"chat"}
[2021/07/29 17:16:54.011][687188236971671560][event][MESSAGE][ashz#3656] {message:"<a:triggered:763158667918704640><a:triggered:763158667918704640><a:triggered:763158667918704640><a:triggered:763158667918704640><a:triggered:763158667918704640><a:triggered:763158667918704640><a:triggered:763158667918704640><a:triggered:763158667918704640><a:triggered:763158667918704640><a:triggered:763158667918704640>",id:"870218313828020244",channel_name:"chat"}
[2021/07/29 17:22:35.686][687188236971671560][event][MESSAGE][혜윤#0606] {message:"CALM DOWN",id:"870219747013316628",channel_name:"chat"}
[2021/07/29 17:23:37.352][687188236971671560][event][MESSAGE][ashz#3656] {message:"<a:PI_OmegaKanna:703917532599287858><a:PI_OmegaKanna:703917532599287858><a:PI_OmegaKanna:703917532599287858><a:PI_OmegaKanna:703917532599287858><a:PI_kannacry:683896431861694516><a:PI_kannacry:683896431861694516><a:PI_kannacry:683896431861694516><a:PI_kannacry:683896431861694516><a:PI_OmegaKanna:703917532599287858><a:PI_OmegaKanna:703917532599287858><a:PI_OmegaKanna:703917532599287858><a:PI_OmegaKanna:703917532599287858><a:PI_OmegaKanna:703917532599287858><a:PI_OmegaKanna:703917532599287858><a:PI_OmegaKanna:703917532599287858><a:PI_OmegaKanna:703917532599287858><a:PI_OmegaKanna:703917532599287858><a:PI_OmegaKanna:703917532599287858><a:PI_kannacry:683896431861694516><a:PI_kannacry:683896431861694516><a:PI_kannacry:683896431861694516><a:PI_kannacry:683896431861694516><a:PI_kannacry:683896431861694516><a:PI_kannacry:683896431861694516><a:PI_kannacry:683896431861694516><a:PI_kannacry:683896431861694516>",id:"870220005189513267",channel_name:"chat"}
[2021/07/29 17:23:51.617][687188236971671560][event][MESSAGE][ashz#3656] {message:"<a:hype_yuri:730111525259444294><a:hype_yuri:730111525259444294><a:hype_yuri:730111525259444294><a:hype_yuri:730111525259444294><a:hype_yuri:730111525259444294><a:hype_yuri:730111525259444294><a:hype_yuri:730111525259444294><a:hype_yuri:730111525259444294><a:hype_yuri:730111525259444294><a:hype_yuri:730111525259444294><a:hype_yuri:730111525259444294>",id:"870220065499406406",channel_name:"chat"}
[2021/07/29 17:26:45.715][687188236971671560][event][MESSAGE][thebox#9662] {message:"Dude…",id:"870220795715141662",channel_name:"chat"}
[2021/07/29 17:26:48.428][687188236971671560][event][MESSAGE][ashz#3656] {message:"<a:triggered:763158667918704640>",id:"870220807090081802",channel_name:"chat"}
[2021/07/29 17:26:48.624][687188236971671560][event][MESSAGE][thebox#9662] {message:"😘",id:"870220807824113735",channel_name:"chat"}
[2021/07/29 17:26:52.787][687188236971671560][event][MESSAGE][ashz#3656] {message:"<:PI_disgusted:689236690832719938>",id:"870220825373053008",channel_name:"chat"}
[2021/07/29 17:26:58.584][687188236971671560][event][MESSAGE][thebox#9662] {message:"😅",id:"870220849679061012",channel_name:"chat"}
[2021/07/29 17:27:06.201][687188236971671560][event][MESSAGE][ashz#3656] {message:"👢",id:"870220881207656459",channel_name:"chat"}
[2021/07/29 17:27:09.074][687188236971671560][event][MESSAGE][thebox#9662] {message:"Wake up….",id:"870220893685702697",channel_name:"chat"}
[2021/07/29 17:27:09.427][687188236971671560][event][MESSAGE][ashz#3656] {message:"🐛",id:"870220895136931840",channel_name:"chat"}
[2021/07/29 17:27:14.759][687188236971671560][event][MESSAGE][thebox#9662] {message:"Go to work…",id:"870220917534490654",channel_name:"chat"}
[2021/07/29 17:27:28.911][687188236971671560][event][MESSAGE][ashz#3656] {message:"IM FUCKING WORKING YOU WANKER",id:"870220976883916830",channel_name:"chat"}
[2021/07/29 17:27:36.985][687188236971671560][event][MESSAGE][ashz#3656] {message:"<a:thinkharder:837805607183712336><a:thinkharder:837805607183712336><a:thinkharder:837805607183712336><a:thinkharder:837805607183712336><a:thinkharder:837805607183712336><a:thinkharder:837805607183712336>",id:"870221010601918485",channel_name:"chat"}
[2021/07/29 17:27:37.514][687188236971671560][event][MESSAGE][thebox#9662] {message:"😅",id:"870221012812312597",channel_name:"chat"}
[2021/07/29 17:27:44.341][687188236971671560][event][MESSAGE][ashz#3656] {message:"<:PI_NatsukiFacepalm:703137966738112512><:PI_NatsukiFacepalm:703137966738112512><:PI_NatsukiFacepalm:703137966738112512><:PI_NatsukiFacepalm:703137966738112512><:PI_NatsukiFacepalm:703137966738112512><:PI_NatsukiFacepalm:703137966738112512>",id:"870221041568469012",channel_name:"chat"}
[2021/07/29 17:28:04.909][687188236971671560][event][MESSAGE][ashz#3656] {message:"<a:angwy:762522529276362840><a:angwy:762522529276362840><a:angwy:762522529276362840><a:angwy:762522529276362840><a:angwy:762522529276362840><:angery:811711660770590750>",id:"870221127560069131",channel_name:"chat"}
[2021/07/29 17:28:54.436][687188236971671560][event][MESSAGE][thebox#9662] {message:"You having a hardship…",id:"870221335140372481",channel_name:"chat"}
[2021/07/29 17:29:10.759][687188236971671560][event][MESSAGE][thebox#9662] {message:"https://tenor.com/view/cheer-up-beautiful-day-positive-vibes-happy-open-arms-gif-13899360",id:"870221404040224809",channel_name:"chat"}
[2021/07/29 17:29:26.635][687188236971671560][event][MESSAGE][ashz#3656] {message:"oh yes im having a fucking hardship",id:"870221470570274826",channel_name:"chat"}
[2021/07/29 17:29:37.455][687188236971671560][event][MESSAGE][ashz#3656] {message:"i have to deal with your broken english",id:"870221516040704040",channel_name:"chat"}
[2021/07/29 17:29:57.525][687188236971671560][event][MESSAGE][thebox#9662] {message:"😅",id:"870221600161689600",channel_name:"chat"}
[2021/07/29 17:30:05.946][687188236971671560][event][MESSAGE][ashz#3656] {message:""You ***ARE*** going through a hardship"",id:"870221635137986581",channel_name:"chat"}
[2021/07/29 17:30:16.408][687188236971671560][event][MESSAGE][ashz#3656] {message:"<a:PI_OmegaKanna:703917532599287858><a:PI_OmegaKanna:703917532599287858><a:PI_OmegaKanna:703917532599287858><a:PI_OmegaKanna:703917532599287858><a:PI_OmegaKanna:703917532599287858><a:PI_OmegaKanna:703917532599287858>",id:"870221679358533632",channel_name:"chat"}
[2021/07/29 17:30:19.711][687188236971671560][event][MESSAGE][thebox#9662] {message:"ㄱㅅㄱㅅ",id:"870221693149384715",channel_name:"chat"}
[2021/07/29 17:30:28.350][687188236971671560][event][MESSAGE][ashz#3656] {message:"<a:PI_NicoNii:703413420472664145><a:PI_Nezurun:685107771909341226>",id:"870221729308495893",channel_name:"chat"}
[2021/07/29 17:30:43.030][687188236971671560][event][MESSAGE][thebox#9662] {message:"You are out of mind",id:"870221790943785060",channel_name:"chat"}
[2021/07/29 18:03:24.646][687188236971671560][event][MESSAGE][ashz#3656] {message:""You are out of ***YOUR*** mind"",id:"870230018616348672",channel_name:"chat"}
[2021/07/29 18:03:37.875][687188236971671560][event][MESSAGE][ashz#3656] {message:"and your broken fucking english is not helping",id:"870230074178297876",channel_name:"chat"}
[2021/07/29 18:03:43.594][687188236971671560][event][MESSAGE][thebox#9662] {message:"더 화나게 하고있네 ㅈㅅ ㅋ",id:"870230098123583518",channel_name:"chat"}
[2021/07/29 18:03:50.781][687188236971671560][event][MESSAGE][ashz#3656] {message:"<a:rage:818739450267041802><a:rage:818739450267041802><a:rage:818739450267041802><a:rage:818739450267041802><a:rage:818739450267041802>",id:"870230127873757226",channel_name:"chat"}
[2021/07/29 18:04:07.279][687188236971671560][event][MESSAGE][thebox#9662] {message:"😅miss",id:"870230197260136458",channel_name:"chat"}
[2021/07/29 18:04:56.963][687188236971671560][event][MESSAGE][ashz#3656] {message:"<a:hype_yuri:730111525259444294><a:hype_yuri:730111525259444294><a:hype_yuri:730111525259444294><a:hype_yuri:730111525259444294><a:hype_yuri:730111525259444294>",id:"870230405851275305",channel_name:"chat"}
[2021/07/29 18:05:14.150][687188236971671560][event][MESSAGE][ashz#3656] {message:"<:CH_KannaFuckYou:808569746147508274> <:CH_KannaFuckYou:808569746147508274> <:CH_KannaFuckYou:808569746147508274> <:CH_KannaFuckYou:808569746147508274> <:CH_KannaFuckYou:808569746147508274> <:CH_KannaFuckYou:808569746147508274> <:CH_KannaFuckYou:808569746147508274> <:CH_KannaFuckYou:808569746147508274> <:CH_KannaFuckYou:808569746147508274> <:CH_KannaFuckYou:808569746147508274> <:CH_KannaFuckYou:808569746147508274> <:CH_KannaFuckYou:808569746147508274> <:CH_KannaFuckYou:808569746147508274> <:CH_KannaFuckYou:808569746147508274> <:CH_KannaFuckYou:808569746147508274> <:CH_KannaFuckYou:808569746147508274> <:CH_KannaFuckYou:808569746147508274> <:CH_KannaFuckYou:808569746147508274> <:CH_KannaFuckYou:808569746147508274> <:CH_KannaFuckYou:808569746147508274> <:CH_KannaFuckYou:808569746147508274> <:CH_KannaFuckYou:808569746147508274> <:CH_KannaFuckYou:808569746147508274> <:CH_KannaFuckYou:808569746147508274> <:CH_KannaFuckYou:808569746147508274> <:CH_KannaFuckYou:808569746147508274> <:CH_KannaFuckYou:808569746147508274> <:CH_KannaFuckYou:808569746147508274> <:CH_KannaFuckYou:808569746147508274> <:CH_KannaFuckYou:808569746147508274> <:CH_KannaFuckYou:808569746147508274> <:CH_KannaFuckYou:808569746147508274> <:CH_KannaFuckYou:808569746147508274> <:CH_KannaFuckYou:808569746147508274> <:CH_KannaFuckYou:808569746147508274> <:CH_KannaFuckYou:808569746147508274> <:CH_KannaFuckYou:808569746147508274> <:CH_KannaFuckYou:808569746147508274> <:CH_KannaFuckYou:808569746147508274> <:CH_KannaFuckYou:808569746147508274> <:CH_KannaFuckYou:808569746147508274> <:CH_KannaFuckYou:808569746147508274> <:CH_KannaFuckYou:808569746147508274> <:CH_KannaFuckYou:808569746147508274> <:CH_KannaFuckYou:808569746147508274> <:CH_KannaFuckYou:808569746147508274> <:CH_KannaFuckYou:808569746147508274> <:CH_KannaFuckYou:808569746147508274> <:CH_KannaFuckYou:808569746147508274> <:CH_KannaFuckYou:808569746147508274> <:CH_KannaFuckYou:808569746147508274> <:CH_KannaFuckYou:808569746147508274> <:CH_KannaFuckYou:808569746147508274> <:CH_KannaFuckYou:808569746147508274> <:CH_KannaFuckYou:808569746147508274> <:CH_KannaFuckYou:808569746147508274> <:CH_KannaFuckYou:808569746147508274> <:CH_KannaFuckYou:808569746147508274> <:CH_KannaFuckYou:808569746147508274> <:CH_KannaFuckYou:808569746147508274> <:CH_KannaFuckYou:808569746147508274> <:CH_KannaFuckYou:808569746147508274> <:CH_KannaFuckYou:808569746147508274> <:CH_KannaFuckYou:808569746147508274> <:CH_KannaFuckYou:808569746147508274> <:CH_KannaFuckYou:808569746147508274> <:CH_KannaFuckYou:808569746147508274> <:CH_KannaFuckYou:808569746147508274> <:CH_KannaFuckYou:808569746147508274> <:CH_KannaFuckYou:808569746147508274>",id:"870230477968117780",channel_name:"chat"}
[2021/07/29 18:05:15.681][687188236971671560][event][MESSAGE][ashz#3656] {message:"<:CH_KannaFuckYou:808569746147508274>",id:"870230484423163944",channel_name:"chat"}
[2021/07/29 18:05:22.660][687188236971671560][event][MESSAGE][thebox#9662] {message:"Zzzzzzz",id:"870230513707790346",channel_name:"chat"}
