[2021/09/10 00:09:06.106][687188236971671560][event][MESSAGE][chloe5325#1260] {message:"ㅋㅋㅋㅋㅋㅋㅋㅋㅋㅋㅋㅋㅋㅋㅋㅋㅋㅋㅋㅋㅋㅋㅋㅋㅋㅋㅋㅋㅋㅋㅋㅋㅋㅋㅋㅋㅋㅋㅋㅋㅋㅋㅋㅋㅋㅋㅋㅋㅋㅋㅋㅋㅋㅋㅋㅋㅋ",id:"885542338221457408",channel_name:"chat"}
[2021/09/10 00:09:26.114][687188236971671560][event][MESSAGE][chloe5325#1260] {message:"?",id:"885542421855887401",channel_name:"chat"}
[2021/09/10 00:09:36.685][687188236971671560][event][MESSAGE][chloe5325#1260] {message:"아니",id:"885542466407776317",channel_name:"chat"}
[2021/09/10 00:09:39.632][687188236971671560][event][MESSAGE][chloe5325#1260] {message:"어딜 가져다붙여",id:"885542478831300618",channel_name:"chat"}
[2021/09/10 00:09:53.727][687188236971671560][event][MESSAGE][chloe5325#1260] {message:"?",id:"885542537744502835",channel_name:"chat"}
[2021/09/10 00:10:03.212][687188236971671560][event][MESSAGE][chloe5325#1260] {message:"아가리",id:"885542577439375471",channel_name:"chat"}
[2021/09/10 00:10:11.623][687188236971671560][event][MESSAGE][chloe5325#1260] {message:"ㅋㅋㅋㅋㅋㅋㅋㅋㅋㅋㅋㅋㅋㅋㅋㅋㅋㅋㅋㅋㅋㅋㅋㅋㅋㅋㅋㅋㅋㅋㅋㅋㅋㅋㅋㅋㅋㅋㅋㅋㅋㅋㅋㅋㅋㅋㅋㅋㅋㅋㅋㅋㅋㅋㅋㅋㅋㅋㅋㅋㅋㅋ",id:"885542613011288115",channel_name:"chat"}
[2021/09/10 00:10:32.385][687188236971671560][event][MESSAGE][chloe5325#1260] {message:"????",id:"885542700005347419",channel_name:"chat"}
[2021/09/10 00:10:34.598][687188236971671560][event][MESSAGE][chloe5325#1260] {message:"???????????????",id:"885542709157310465",channel_name:"chat"}
[2021/09/10 00:10:36.924][687188236971671560][event][MESSAGE][chloe5325#1260] {message:"??????????????????????????",id:"885542718758076447",channel_name:"chat"}
[2021/09/10 00:11:08.609][687188236971671560][event][MESSAGE][chloe5325#1260] {message:"아니 둘다 무슨 말을 하는거여",id:"885542851847524353",channel_name:"chat"}
[2021/09/10 00:12:34.181][687188236971671560][event][MESSAGE][chloe5325#1260] {message:"저",id:"885543210649264159",channel_name:"chat"}
[2021/09/10 00:12:36.393][687188236971671560][event][MESSAGE][chloe5325#1260] {message:"카창",id:"885543220157771818",channel_name:"chat"}
[2021/09/10 00:12:37.873][687188236971671560][event][MESSAGE][chloe5325#1260] {message:"가창",id:"885543226314997761",channel_name:"chat"}
[2021/09/10 00:12:39.144][687188236971671560][event][MESSAGE][chloe5325#1260] {message:"수행",id:"885543231721451520",channel_name:"chat"}
[2021/09/10 00:12:44.991][687188236971671560][event][MESSAGE][chloe5325#1260] {message:"저음이 너무 안되서",id:"885543256270725140",channel_name:"chat"}
[2021/09/10 00:12:46.084][687188236971671560][event][MESSAGE][chloe5325#1260] {message:"하",id:"885543260796387358",channel_name:"chat"}
[2021/09/10 00:13:00.884][687188236971671560][event][MESSAGE][chloe5325#1260] {message:"?",id:"885543322838528081",channel_name:"chat"}
[2021/09/10 00:13:03.380][687188236971671560][event][MESSAGE][chloe5325#1260] {message:"아마도?",id:"885543333273952296",channel_name:"chat"}
[2021/09/10 00:17:36.397][687188236971671560][event][MESSAGE][chloe5325#1260] {message:"?",id:"885544478381850655",channel_name:"chat"}
[2021/09/10 00:17:47.761][687188236971671560][event][MESSAGE][chloe5325#1260] {message:"??",id:"885544526171734046",channel_name:"chat"}
[2021/09/10 00:18:05.363][687188236971671560][event][MESSAGE][chloe5325#1260] {message:"??",id:"885544599949541427",channel_name:"chat"}
[2021/09/10 00:18:08.580][687188236971671560][event][MESSAGE][chloe5325#1260] {message:"????",id:"885544613467791391",channel_name:"chat"}
[2021/09/10 00:18:14.080][687188236971671560][event][MESSAGE][chloe5325#1260] {message:"그런말은 또 처음이네",id:"885544636481929246",channel_name:"chat"}
[2021/09/10 00:18:18.295][687188236971671560][event][MESSAGE][chloe5325#1260] {message:"ㅋ?",id:"885544654123180073",channel_name:"chat"}
[2021/09/10 00:18:31.140][687188236971671560][event][MESSAGE][chloe5325#1260] {message:"허?",id:"885544708074520586",channel_name:"chat"}
[2021/09/10 00:18:38.339][687188236971671560][event][MESSAGE][chloe5325#1260] {message:"ㅎㅎㅎㅎㅎㅎㅎㅎㅎㅎㅎㅎㅎㅎ",id:"885544737862467635",channel_name:"chat"}
[2021/09/10 00:18:39.981][687188236971671560][event][MESSAGE][chloe5325#1260] {message:"ㅎㅎㅎㅎㅎㅎㅎㅎㅎㅎㅎㅎㅎㅎㅎㅎㅎㅎㅎㅎㅎㅎㅎㅎ",id:"885544744837595137",channel_name:"chat"}
[2021/09/10 00:18:43.391][687188236971671560][event][MESSAGE][chloe5325#1260] {message:"ㅎㅎㅎㅎㅎ.......",id:"885544759496695868",channel_name:"chat"}
[2021/09/10 00:18:44.446][687188236971671560][event][MESSAGE][chloe5325#1260] {message:"아니",id:"885544763711971389",channel_name:"chat"}
[2021/09/10 00:18:45.910][687188236971671560][event][MESSAGE][chloe5325#1260] {message:"키는",id:"885544769701421117",channel_name:"chat"}
[2021/09/10 00:18:46.668][687188236971671560][event][MESSAGE][chloe5325#1260] {message:"아니",id:"885544773077844029",channel_name:"chat"}
[2021/09/10 00:19:02.285][687188236971671560][event][MESSAGE][chloe5325#1260] {message:"........",id:"885544838467026945",channel_name:"chat"}
[2021/09/10 00:19:18.719][687188236971671560][event][MESSAGE][chloe5325#1260] {message:"ㅋㅋㅋㅋㅋㅋㅋㅋㅋㅋㅋㅋㅋㅋㅋㅋㅋㅋ",id:"885544907572391987",channel_name:"chat"}
[2021/09/10 00:19:24.023][687188236971671560][event][MESSAGE][chloe5325#1260] {message:"살려주세요",id:"885544929684750397",channel_name:"chat"}
[2021/09/10 00:19:54.982][687188236971671560][event][MESSAGE][chloe5325#1260] {message:"??",id:"885545059632689193",channel_name:"chat"}
[2021/09/10 00:20:07.829][687188236971671560][event][MESSAGE][chloe5325#1260] {message:"에?",id:"885545113642733628",channel_name:"chat"}
[2021/09/10 00:20:19.895][687188236971671560][event][MESSAGE][chloe5325#1260] {message:"ㅋㅋㅋㅋㅋㅋㅋㅋㅋㅋㅋㅋㅋㅋㅋㅋㅋㅋ",id:"885545164251234314",channel_name:"chat"}
[2021/09/10 00:20:36.747][687188236971671560][event][MESSAGE][chloe5325#1260] {message:"무슨 대답을 원하는거야",id:"885545234942021673",channel_name:"chat"}
[2021/09/10 00:31:18.539][687188236971671560][event][MESSAGE][chloe5325#1260] {message:"ㅋ",id:"885547926791794758",channel_name:"chat"}
[2021/09/10 00:33:39.637][687188236971671560][event][MESSAGE][박곰#9646] {message:"다갔네",id:"885548518540980244",channel_name:"chat"}
[2021/09/10 00:33:46.751][687188236971671560][event][MESSAGE][ashz#3656] {message:"dk",id:"885548547984998411",channel_name:"chat"}
[2021/09/10 00:33:48.389][687188236971671560][event][MESSAGE][ashz#3656] {message:"미안",id:"885548555312443443",channel_name:"chat"}
[2021/09/10 00:33:49.983][687188236971671560][event][MESSAGE][ashz#3656] {message:"ㅋㅋㅋㅋ",id:"885548561620672513",channel_name:"chat"}
[2021/09/10 00:36:51.088][687188236971671560][event][MESSAGE][chloe5325#1260] {message:"어딜봐서?",id:"885549321574023219",channel_name:"chat"}
[2021/09/10 00:37:19.271][687188236971671560][event][MESSAGE][chloe5325#1260] {message:"ㅋㅋㅋㅋㅋㅋㅋㅋㅋㅋㅋㅋㅋㅋㅋㅋㅋㅋㅋㅋㅋㅋㅋㅋ",id:"885549439794688060",channel_name:"chat"}
[2021/09/10 00:37:32.677][687188236971671560][event][MESSAGE][chloe5325#1260] {message:"이걸 들키네",id:"885549495721533461",channel_name:"chat"}
[2021/09/10 00:37:46.357][687188236971671560][event][MESSAGE][chloe5325#1260] {message:"에?",id:"885549553426780190",channel_name:"chat"}
[2021/09/10 00:38:55.555][687188236971671560][event][MESSAGE][chloe5325#1260] {message:"????",id:"885549843681013760",channel_name:"chat"}
[2021/09/10 00:39:19.274][687188236971671560][event][MESSAGE][chloe5325#1260] {message:"??????",id:"885549943157321738",channel_name:"chat"}
[2021/09/10 00:39:35.744][687188236971671560][event][MESSAGE][chloe5325#1260] {message:"ㅋㅋㅋㅋㅋㅋㅋㅋㅋㅋㅋㅋㅋㅋㅋㅋㅋㅋㅋㅋㅋㅋㅋㅋㅋㅋㅋㅋㅋㅋㅋㅋㅋㅋ",id:"885550012241702942",channel_name:"chat"}
[2021/09/10 00:39:38.847][687188236971671560][event][MESSAGE][chloe5325#1260] {message:"살려주세요",id:"885550025042690171",channel_name:"chat"}
[2021/09/10 00:39:50.152][687188236971671560][event][MESSAGE][chloe5325#1260] {message:"아니",id:"885550072656457758",channel_name:"chat"}
[2021/09/10 00:39:52.562][687188236971671560][event][MESSAGE][chloe5325#1260] {message:"사죄를 왜해",id:"885550082689237052",channel_name:"chat"}
[2021/09/10 00:39:53.841][687188236971671560][event][MESSAGE][chloe5325#1260] {message:"ㅋㅋㅋㅋㅋㅋㅋㅋㅋㅋㅋㅋ",id:"885550087667847259",channel_name:"chat"}
[2021/09/10 00:40:02.160][687188236971671560][event][MESSAGE][chloe5325#1260] {message:"어이없네",id:"885550122925182976",channel_name:"chat"}
[2021/09/10 00:40:18.173][687188236971671560][event][MESSAGE][chloe5325#1260] {message:"ㅋㅋㅋㅋㅋㅋㅋㅋㅋㅋㅋㅋㅋㅋㅋㅋㅋㅋㅋㅋㅋㅋㅋㅋㅋㅋㅋㅋㅋㅋㅋㅋㅋㅋㅋㅋㅋㅋㅋㅋㅋㅋㅋㅋㅋㅋㅋㅋㅋㅋㅋㅋㅋㅋㅋㅋ",id:"885550189929193503",channel_name:"chat"}
[2021/09/10 00:41:12.237][687188236971671560][event][MESSAGE][chloe5325#1260] {message:"개무섭네",id:"885550416924901396",channel_name:"chat"}
[2021/09/10 00:42:03.906][687188236971671560][event][MESSAGE][박곰#9646] {message:"?",id:"885550633665581117",channel_name:"chat"}
[2021/09/10 00:42:31.611][687188236971671560][event][MESSAGE][chloe5325#1260] {message:"?",id:"885550749474521149",channel_name:"chat"}
[2021/09/10 00:42:38.846][687188236971671560][event][MESSAGE][chloe5325#1260] {message:"그렇게 말하면 좀 이상하잖아",id:"885550779962900511",channel_name:"chat"}
[2021/09/10 00:42:41.772][687188236971671560][event][MESSAGE][chloe5325#1260] {message:"ㅡㅡ?",id:"885550792495476786",channel_name:"chat"}
[2021/09/10 00:43:01.443][687188236971671560][event][MESSAGE][chloe5325#1260] {message:"ㅋㅋㅋㅋㅋㅋㅋㅋㅋㅋㅋㅋㅋㅋㅋㅋㅋㅋ",id:"885550874632536155",channel_name:"chat"}
[2021/09/10 00:43:06.484][687188236971671560][event][MESSAGE][chloe5325#1260] {message:"ㅡㅡ",id:"885550896128360528",channel_name:"chat"}
[2021/09/10 00:43:20.491][687188236971671560][event][MESSAGE][chloe5325#1260] {message:"왜 뭐",id:"885550954693402645",channel_name:"chat"}
[2021/09/10 00:46:03.693][687188236971671560][event][MESSAGE][박곰#9646] {message:"잠시뒤",id:"885551639312859207",channel_name:"chat"}
[2021/09/10 00:46:05.106][687188236971671560][event][MESSAGE][박곰#9646] {message:"덜아옴",id:"885551645323313233",channel_name:"chat"}
[2021/09/10 01:03:23.691][687188236971671560][event][MESSAGE][chloe5325#1260] {message:"ㄹㅇ",id:"885556001485504522",channel_name:"chat"}
[2021/09/10 01:10:06.513][687188236971671560][event][MESSAGE][chloe5325#1260] {message:"아직까지는",id:"885557691026640936",channel_name:"chat"}
[2021/09/10 01:10:14.325][687188236971671560][event][MESSAGE][chloe5325#1260] {message:"욕은 딱히",id:"885557723809329192",channel_name:"chat"}
[2021/09/10 01:10:16.535][687188236971671560][event][MESSAGE][chloe5325#1260] {message:"안핬는대",id:"885557733045207100",channel_name:"chat"}
[2021/09/10 01:10:22.728][687188236971671560][event][MESSAGE][chloe5325#1260] {message:"키보드 왜이래",id:"885557759007932523",channel_name:"chat"}
[2021/09/10 01:21:46.357][687188236971671560][event][MESSAGE][chloe5325#1260] {message:"다 나가",id:"885560626091552840",channel_name:"chat"}
[2021/09/10 01:21:57.193][687188236971671560][event][MESSAGE][chloe5325#1260] {message:"???",id:"885560671872380958",channel_name:"chat"}
[2021/09/10 01:22:09.067][687188236971671560][event][MESSAGE][chloe5325#1260] {message:"160 찍을거야",id:"885560721671348254",channel_name:"chat"}
[2021/09/10 01:22:28.056][687188236971671560][event][MESSAGE][chloe5325#1260] {message:"ㅎ",id:"885560801228894218",channel_name:"chat"}
[2021/09/10 01:22:28.605][687188236971671560][event][MESSAGE][chloe5325#1260] {message:"ㅎ",id:"885560803447668836",channel_name:"chat"}
[2021/09/10 01:22:28.987][687188236971671560][event][MESSAGE][chloe5325#1260] {message:"ㅎ",id:"885560804978602005",channel_name:"chat"}
[2021/09/10 01:22:29.304][687188236971671560][event][MESSAGE][chloe5325#1260] {message:"ㅎ",id:"885560806488563724",channel_name:"chat"}
[2021/09/10 01:22:39.075][687188236971671560][event][MESSAGE][진우박#3853] {message:"ㅂㅂㅂㅂ",id:"885560847534010378",channel_name:"chat"}
[2021/09/10 01:22:43.815][687188236971671560][event][MESSAGE][chloe5325#1260] {message:"ㅂㅂㅂㅂㅂㅂ",id:"885560867352096778",channel_name:"chat"}
[2021/09/10 02:15:13.948][687188236971671560][event][MESSAGE][혜윤#0606] {message:"갱원도 갬재소녀\",id:"885574079539732553",channel_name:"chat"}
[2021/09/10 02:15:16.316][687188236971671560][event][MESSAGE_UPDATE][혜윤#0606] {message_update:("갱원도 갬재소녀\"->"갱원도 갬재소녀")}
[2021/09/10 23:58:09.369][687188236971671560][event][MESSAGE][ashz#3656] {message:"<@!245630458929348608>",id:"885901971452735508",channel_name:"chat"}
[2021/09/10 23:58:13.869][687188236971671560][event][MESSAGE][ashz#3656] {message:"<@!328107003492696065>",id:"885901990402609162",channel_name:"chat"}
