[2021/08/11 00:23:03.779][687188236971671560][event][MESSAGE][chloe5325#1260] {message:"오우 아직도 안주무시네",id:"874674215561875556",channel_name:"chat"}
[2021/08/11 00:23:23.213][687188236971671560][event][MESSAGE][양 진#4848] {message:"잘거야",id:"874674297032048740",channel_name:"chat"}
[2021/08/11 00:24:23.961][687188236971671560][event][MESSAGE][chloe5325#1260] {message:"ㅋㅋㅋㅋㅋㅋㅋㅋㅋㅋㅋㅋ",id:"874674551898906624",channel_name:"chat"}
[2021/08/11 00:24:36.466][687188236971671560][event][MESSAGE][chloe5325#1260] {message:"아까 자신다고 들었는데",id:"874674604138967142",channel_name:"chat"}
[2021/08/11 00:27:18.681][687188236971671560][event][MESSAGE][ashz#3656] {message:"ㅋ",id:"874675284744482826",channel_name:"chat"}
[2021/08/11 00:28:05.641][687188236971671560][event][MESSAGE][chloe5325#1260] {message:"ㅋ?",id:"874675481700610108",channel_name:"chat"}
[2021/08/11 01:49:30.680][687188236971671560][event][MESSAGE][ashz#3656] {message:"제로투",id:"874695971068583996",channel_name:"chat"}
[2021/08/11 10:24:04.560][687188236971671560][event][MESSAGE][ashz#3656] {message:"RUN echo "PS1=\"\033[97m[ \033[91m\u\033[97m ]\033[97m[ \033[96m\w\033[97m ] \033[0m\"" >> /root/.bashrc && source /root/.bashrc",id:"874825465506959391",channel_name:"chat"}
[2021/08/11 10:24:26.226][687188236971671560][event][MESSAGE][ashz#3656] {message:"docker config: .bashrc: fixing up stupid bash prompts",id:"874825556418527312",channel_name:"chat"}
[2021/08/11 17:56:36.216][687188236971671560][event][MESSAGE][박곰#9646] {message:"00",id:"874939347839885362",channel_name:"chat"}
[2021/08/11 19:55:07.598][687188236971671560][event][MESSAGE][박곰#9646] {message:"매직 클로",id:"874969175066562612",channel_name:"chat"}
[2021/08/11 20:01:17.933][687188236971671560][event][MESSAGE][chloe5325#1260] {message:"언제 오십니까",id:"874970728389283920",channel_name:"chat"}
[2021/08/11 20:01:21.510][687188236971671560][event][MESSAGE][chloe5325#1260] {message:"흑흑",id:"874970743073554463",channel_name:"chat"}
[2021/08/11 20:01:26.546][687188236971671560][event][MESSAGE][chloe5325#1260] {message:"흑흐그르그흑",id:"874970764229636166",channel_name:"chat"}
[2021/08/11 20:02:27.071][687188236971671560][event][MESSAGE][박곰#9646] {message:"조큼만",id:"874971018282823702",channel_name:"chat"}
[2021/08/11 20:02:27.434][687188236971671560][event][MESSAGE][박곰#9646] {message:"ㄱㄷ",id:"874971019834707988",channel_name:"chat"}
[2021/08/11 20:03:22.589][687188236971671560][event][MESSAGE][chloe5325#1260] {message:"넹넹",id:"874971251230265414",channel_name:"chat"}
[2021/08/11 20:13:12.312][687188236971671560][event][MESSAGE][박곰#9646] {message:"근데 지그 머하ㅣㅁ",id:"874973724506488833",channel_name:"chat"}
[2021/08/11 20:17:00.797][687188236971671560][event][MESSAGE][양 진#4848] {message:"카글",id:"874974682988818462",channel_name:"chat"}
[2021/08/11 20:31:36.561][687188236971671560][event][MESSAGE][양 진#4848] {message:"yj123.kro.kr",id:"874978356238618684",channel_name:"chat"}
