[2021/07/02 03:47:36.973][687188236971671560][event][MESSAGE][영 진#4848] {message:"아 ㄹㅇ",id:"860230178500640768",channel_name:"chat"}
[2021/07/02 03:47:42.686][687188236971671560][event][MESSAGE][영 진#4848] {message:"다때려치고 방송이나 할까",id:"860230202236076033",channel_name:"chat"}
[2021/07/02 03:47:48.852][687188236971671560][event][MESSAGE][영 진#4848] {message:"현타와서 잠이 안와유",id:"860230228260290590",channel_name:"chat"}
[2021/07/02 07:48:31.312][687188236971671560][event][MESSAGE][ashz#3656] {message:"zzzzzzzzzzzzzzzzzzzzzzzzzzzzzzzzzzzzzzzzzzz",id:"860290804425687071",channel_name:"chat"}
[2021/07/02 07:48:42.087][687188236971671560][event][MESSAGE][ashz#3656] {message:"내가 그걸 너한테 추천할려고 하긴함",id:"860290849585102869",channel_name:"chat"}
[2021/07/02 07:48:49.911][687188236971671560][event][MESSAGE][ashz#3656] {message:"방송 할수 있을것 같거든?",id:"860290882451013642",channel_name:"chat"}
[2021/07/02 07:49:16.153][687188236971671560][event][MESSAGE][ashz#3656] {message:"게임 너무 많이 하니",id:"860290992490020924",channel_name:"chat"}
[2021/07/02 07:49:17.113][687188236971671560][event][MESSAGE][ashz#3656] {message:"ㅋㅋ",id:"860290996512489493",channel_name:"chat"}
[2021/07/02 07:49:23.980][687188236971671560][event][MESSAGE][ashz#3656] {message:"근데 지금 하고 있는건 끝까지 해",id:"860291024910549023",channel_name:"chat"}
[2021/07/02 12:13:15.895][687188236971671560][event][MESSAGE][ashz#3656] {message:"<a:CH_Dance:711765690293420124>",id:"860357429132525579",channel_name:"chat"}
[2021/07/02 12:13:19.648][687188236971671560][event][MESSAGE][ashz#3656] {message:"<@!245630458929348608>",id:"860357444944527380",channel_name:"chat"}
[2021/07/02 12:13:21.820][687188236971671560][event][MESSAGE][ashz#3656] {message:"<@!328107003492696065>",id:"860357453959266374",channel_name:"chat"}
[2021/07/02 12:13:24.003][687188236971671560][event][MESSAGE][ashz#3656] {message:"this is insane",id:"860357463182409748",channel_name:"chat"}
[2021/07/02 12:13:33.058][687188236971671560][event][MESSAGE][ashz#3656] {message:"<:whyping:689105006737358889>",id:"860357501199187978",channel_name:"chat"}
[2021/07/02 12:13:40.907][687188236971671560][event][MESSAGE][ashz#3656] {message:"<:smughappy:697719658727473193>",id:"860357534128930856",channel_name:"chat"}
[2021/07/02 12:13:54.341][687188236971671560][event][MESSAGE][ashz#3656] {message:"<:PI_Yikes:683729493730525310>",id:"860357590469574696",channel_name:"chat"}
[2021/07/02 12:14:12.164][687188236971671560][event][MESSAGE][ashz#3656] {message:"<a:PI_wevibe:683124273551900713>",id:"860357664939573269",channel_name:"chat"}
[2021/07/02 13:26:45.811][687188236971671560][event][MESSAGE][zik#6629] {message:"????????????",id:"860375925762031616",channel_name:"chat"}
[2021/07/02 13:45:35.745][687188236971671560][event][MESSAGE][ashz#3656] {message:"i joined some weeb servers",id:"860380664719999007",channel_name:"chat"}
[2021/07/02 13:45:38.825][687188236971671560][event][MESSAGE][ashz#3656] {message:"and emoji servers",id:"860380677614075925",channel_name:"chat"}
[2021/07/02 13:45:42.626][687188236971671560][event][MESSAGE][ashz#3656] {message:"these. are. amazin",id:"860380693909209088",channel_name:"chat"}
[2021/07/02 13:45:58.529][687188236971671560][event][MESSAGE][ashz#3656] {message:"<:whattt:762523791175581706>",id:"860380760619352074",channel_name:"chat"}
[2021/07/02 13:46:08.367][687188236971671560][event][MESSAGE][ashz#3656] {message:"<:pewpew:784462987360206858>",id:"860380801804009482",channel_name:"chat"}
[2021/07/02 13:47:47.004][687188236971671560][event][MESSAGE][zik#6629] {message:"ㅗㅜㅑ",id:"860381215596871680",channel_name:"chat"}
[2021/07/02 13:48:09.340][687188236971671560][event][MESSAGE][ashz#3656] {message:"<a:thinkharder:837805607183712336>",id:"860381309243228170",channel_name:"chat"}
[2021/07/02 13:48:26.924][687188236971671560][event][MESSAGE][ashz#3656] {message:"<a:triggered:763158667918704640>",id:"860381382990757898",channel_name:"chat"}
[2021/07/02 13:48:33.512][687188236971671560][event][MESSAGE][ashz#3656] {message:"<a:qblobfight:819092261811650560>",id:"860381410627289098",channel_name:"chat"}
[2021/07/02 13:48:38.256][687188236971671560][event][MESSAGE][ashz#3656] {message:"<a:taigaBlush:823792002301689889>",id:"860381430507896873",channel_name:"chat"}
[2021/07/02 13:48:50.228][687188236971671560][event][MESSAGE][ashz#3656] {message:"<a:peepowaving:854896617735979018>",id:"860381480730755072",channel_name:"chat"}
[2021/07/02 13:48:52.882][687188236971671560][event][MESSAGE][ashz#3656] {message:"PEPEEEE",id:"860381491753386056",channel_name:"chat"}
[2021/07/02 13:49:31.980][687188236971671560][event][MESSAGE][zik#6629] {message:"pepe\nmore like pee",id:"860381655549476865",channel_name:"chat"}
[2021/07/02 13:49:41.949][687188236971671560][event][MESSAGE][ashz#3656] {message:"stfu",id:"860381697673789440",channel_name:"chat"}
[2021/07/02 13:49:50.552][687188236971671560][event][MESSAGE][ashz#3656] {message:"<a:wage:762523285875064852>",id:"860381733577031681",channel_name:"chat"}
[2021/07/02 13:49:56.633][687188236971671560][event][MESSAGE][ashz#3656] {message:"<a:sparklewand:818739593339732020>",id:"860381759286673428",channel_name:"chat"}
[2021/07/02 13:50:25.579][687188236971671560][event][MESSAGE][ashz#3656] {message:"<a:rage:703583858330959993>",id:"860381880712953856",channel_name:"chat"}
[2021/07/02 19:24:40.793][687188236971671560][event][MESSAGE][진욱#0213] {message:"앗...ㅎㅎ",id:"860465998255095828",channel_name:"chat"}
[2021/07/02 19:24:43.631][687188236971671560][event][MESSAGE][진욱#0213] {message:"지금 봤습니다",id:"860466010229964810",channel_name:"chat"}
[2021/07/02 19:25:01.255][687188236971671560][event][MESSAGE][진욱#0213] {message:"알람을 꺼가지고....ㅎㅎㅎㅎ",id:"860466084188651520",channel_name:"chat"}
[2021/07/02 19:37:44.679][687188236971671560][event][MESSAGE][ashz#3656] {message:"<a:thinkharder:837805607183712336>",id:"860469286190841877",channel_name:"chat"}
[2021/07/02 23:57:14.933][687188236971671560][event][MESSAGE][ashz#3656] {message:".join",id:"860534592628719647",channel_name:"chat"}
[2021/07/02 23:57:15.491][687188236971671560][event][MESSAGE_DELETE][ashz#3656] {message:".join",id:"860534592628719647",channel_name:"chat"}
[2021/07/02 23:57:16.384][687188236971671560][command][JOIN_SUCCESS][ashz#3656][860534592628719647] Now connected to user's voice channel. {receivedArgument:".join"}
[2021/07/02 23:59:50.008][687188236971671560][event][MESSAGE][ashz#3656] {message:".playlist create fav",id:"860535243018469436",channel_name:"chat"}
[2021/07/02 23:59:50.447][687188236971671560][event][MESSAGE_DELETE][ashz#3656] {message:".playlist create fav",id:"860535243018469436",channel_name:"chat"}
