[2021/09/15 10:11:55.068][687188236971671560][event][MESSAGE][ashz#3656] {message:"when ur company decides to take the "BE EPIC" route",id:"887505981108527124",channel_name:"chat"}
[2021/09/15 10:11:57.712][687188236971671560][event][MESSAGE][ashz#3656] {message:"fml",id:"887505992248619058",channel_name:"chat"}
[2021/09/15 21:32:04.187][687188236971671560][event][MESSAGE][정가은#8920] {message:"맞아?",id:"887677146527580161",channel_name:"chat"}
[2021/09/15 21:34:01.066][687188236971671560][event][MESSAGE][정가은#8920] {message:"내시",id:"887677637135310858",channel_name:"chat"}
[2021/09/15 21:34:22.963][687188236971671560][event][MESSAGE][정가은#8920] {message:"기와집",id:"887677728990580757",channel_name:"chat"}
[2021/09/15 21:49:41.880][687188236971671560][event][MESSAGE][정가은#8920] {message:"자료",id:"887681583195254865",channel_name:"chat"}
[2021/09/15 21:49:46.540][687188236971671560][event][MESSAGE][정가은#8920] {message:"쓰레드",id:"887681602778447922",channel_name:"chat"}
[2021/09/15 21:49:46.638][687188236971671560][event][MESSAGE][ashz#3656] {message:"python",id:"887681602975584328",channel_name:"chat"}
[2021/09/15 23:15:17.679][687188236971671560][event][MESSAGE][정가은#8920] {message:".",id:"887703123949395990",channel_name:"chat"}
[2021/09/15 23:15:23.370][687188236971671560][event][MESSAGE][정가은#8920] {message:"...............................................................................................................................",id:"887703148196683816",channel_name:"chat"}
[2021/09/15 23:15:30.059][687188236971671560][event][MESSAGE][정가은#8920] {message:"....................................................................................................",id:"887703176206241802",channel_name:"chat"}
[2021/09/15 23:15:34.061][687188236971671560][event][MESSAGE][정가은#8920] {message:"\\\\\\\\\\\\\\\\\\\\\\",id:"887703193071534150",channel_name:"chat"}
[2021/09/15 23:15:42.939][687188236971671560][event][MESSAGE][정가은#8920] {message:"''''''",id:"887703230207893524",channel_name:"chat"}
[2021/09/15 23:15:46.418][687188236971671560][event][MESSAGE][정가은#8920] {message:";;;",id:"887703243487051826",channel_name:"chat"}
[2021/09/15 23:15:57.897][687188236971671560][event][MESSAGE_UPDATE][정가은#8920] {message_update:("\\\\\\\\\\\\\\\\\\\\\\"->"\\\\\\\\\\\\\\\\\\\\\\\\\\\\\\")}
[2021/09/15 23:16:06.079][687188236971671560][event][MESSAGE_UPDATE][정가은#8920] {message_update:("///////"->"//////////")}
[2021/09/15 23:16:15.536][687188236971671560][event][MESSAGE_UPDATE][정가은#8920] {message_update:("...................................................................................................."->".........................................................................................")}
[2021/09/15 23:16:22.005][687188236971671560][event][MESSAGE_UPDATE][정가은#8920] {message_update:("........................................................................................."->".............................................................................")}
[2021/09/15 23:16:32.126][687188236971671560][event][MESSAGE_UPDATE][정가은#8920] {message_update:("..............................................................................................................................."->"............................................................................................................")}
[2021/09/15 23:16:41.063][687188236971671560][event][MESSAGE_UPDATE][정가은#8920] {message_update:("\\\\\\\\\\\\\\\\\\\\\\\\\\\\\\"->"\\\\\\\\\\\\\\\\\\\\\\\\\\\\\\\\\")}
[2021/09/15 23:16:47.432][687188236971671560][event][MESSAGE_UPDATE][정가은#8920] {message_update:("''''''"->"'''''''''")}
[2021/09/15 23:21:59.851][687188236971671560][event][MESSAGE][박곰#9646] {message:"아 역슬래쉬 없어지네",id:"887704811124969503",channel_name:"chat"}
[2021/09/15 23:31:21.093][687188236971671560][event][MESSAGE][ashz#3656] {message:"z",id:"887707165186473984",channel_name:"chat"}
[2021/09/15 23:31:22.569][687188236971671560][event][MESSAGE][ashz#3656] {message:"들어와",id:"887707171033341983",channel_name:"chat"}
[2021/09/15 23:31:25.122][687188236971671560][event][MESSAGE][ashz#3656] {message:"<@!765938051876257803>",id:"887707182135660554",channel_name:"chat"}
[2021/09/15 23:31:28.945][687188236971671560][event][MESSAGE][ashz#3656] {message:"<@!734517252082106399>",id:"887707198115958874",channel_name:"chat"}
[2021/09/15 23:39:09.205][687188236971671560][event][MESSAGE][chloe5325#1260] {message:"하아암",id:"887709128619851796",channel_name:"chat"}
[2021/09/15 23:40:52.733][687188236971671560][event][MESSAGE][정가은#8920] {message:"예",id:"887709562310901801",channel_name:"chat"}
