[2021/06/26 00:00:01.267][687188236971671560][event][MESSAGE][Dabig#3853] {message:"싹다 비가온대",id:"857998575139946526",channel_name:"chat"}
[2021/06/26 00:00:08.709][687188236971671560][event][MESSAGE][ashz#3656] {message:"ㅋㅋㅋㅋㅋㅋㅋㅋㅋㅋㅋㅋㅋㅋㅋㅋㅋㅋㅋㅋㅋㅋㅋㅋㅋㅋㅋㅋㅋㅋㅋㅋㅋㅋㅋㅋㅋㅋㅋㅋㅋㅋㅋㅋㅋㅋㅋㅋㅋㅋㅋㅋㅋㅋㅋㅋㅋㅋㅋㅋㅋㅋㅋㅋㅋㅋㅋㅋㅋㅋㅋㅋㅋㅋㅋㅋㅋㅋㅋㅋㅋㅋㅋㅋㅋㅋㅋㅋㅋㅋㅋㅋㅋㅋ",id:"857998606236778519",channel_name:"chat"}
[2021/06/26 00:00:11.422][687188236971671560][event][MESSAGE][Dabig#3853] {message:"ㅋㅋㅋ",id:"857998617234374668",channel_name:"chat"}
[2021/06/26 00:11:09.698][687188236971671560][event][MESSAGE][[SKKU] G(D) JG*C (own)#4848] {message:"KoKaCoOlRa#3265",id:"858001378730180608",channel_name:"chat"}
[2021/06/26 03:12:33.205][687188236971671560][event][MESSAGE][[SKKU] G(D) JG*C (own)#4848] {message:"모든 종류의 일반 유닛 수집\n서로 다른 일반 포탑 8가지(해병, 시체매, 망령, 바퀴, 뮤탈리스크, 광전사, 추적자, 정찰기)를 보유해야 한다. 보상은 광물 300으로 초반을 원활히 넘기기 위해 필히 하는 업적. 10라운드 보스 전에만 깨면 본전이다. 심하면 20라 이후까지도 못 깰 수도 있다.이럴 경우 포기하는 편이 낫다. 죽어라고 안나오는데도 하겠답시고 상위 등급으로 업그레이드 하지 않을 경우 라인사 할 확률이 커질 뿐이다. 달성 시 자신의 자리 중간 위에 "모든 종류의 일반 유닛 수집" 이라는 이름의 수정이 생긴다.\n변신기계\n희귀 공성 전차, 희귀 바이킹을 한 가지씩 보유해야 한다. 보상은 광물 300. 역시 위에서 서술한 업적 다음으로 필수로 깨는 미션으로 달성 시 자신의 자리 중간 위에 "변신기계" 라는 이름의 수정이 생긴다.\n다만 극초반에는 좀 고민되는 업적이기도 한데, 이 업적을 깨기 위해선 공성 전차나 바이킹이 먼저 나올 경우 합치지 않고 변신기계가 완료될 때까지 보존하게 되지만 극초반에 공성 전차가 나왔을 땐 차라리 합쳐버리는 게 나을 수 있다. 공성 전차의 성능이 진짜 답이 없는 쓰레기이기 때문. 특히 극초반에 공성 전차가 두 대 나와버리면 다른 고급 유닛이 없을 경우 100% 라인사당한다.\n영웅 유닛 7개 수집\n영웅 타워 7개를 건설해야 한다. 보상은 광물 300. 종류가 다를 필요는 없으며 일반유닛 수집 미션과 변신기계를 클리어하고 바로 깨는 것이 일반적이다. 무시하고 바로 전설로 합쳐도 상관은 없지만 10라운드 즈음에 쉽게 클리어 가능하고 이때까지는 300미네랄의 유무가 크게 작용하기 때문에 클리어하고 넘어가는 편이 좋다. 수호군주나 해방선같은 라인전용 전설이 나올 경우 10라운드 보스를 못잡는 불상사가 생기기도 하니 급하게 전설을 만들 이유도 없다.\n달성 시 자신의 자리 중간 위에 "영웅 유닛 7개 수집" 이라는 이름의 수정이 생긴다.\n전설 유닛 6개 수집\n전설 타워를 6개 건설해야 한다. 보상은 광물 300. 역시 종류가 다를 필요는 없으며 클리어를 노린다면 우선적으로 신을 하나 이상 확보하고 클리어하는 편이 좋다. 신을 먼저 만들고 업그레이드를 하면 2라운드 개인미션을 빠르게 클리어할 수 있다. 2라운드 개인미션의 보상이 200미네랄이고 빨리 클리어할수록 50라운드까지 개인미션 클리어 횟수가 늘어나기 때문에 이쪽이 훨씬 이득이다.(전설수집 보상은 어차피 한번이므로) 또 이 미션을 무리하게 클리어하려고 하다가 운이 안따라주면 20라운드 이전에 업그레이드를 못해 라인사하거나 20라운드 보스를 못깨고 죽는 경우가 많으니 20업정도 된 신을 하나 이상 확보하고 천천히 깨도 늦지 않다. 물론 가끔 전설이 다 따로 놀아서 강제로 클리어되는 경우도 있다.\n달성 시 자신의 자리 중간 위에 "전설 유닛 6개 수집" 이라는 이름의 수정이 생긴다.\n파괴자 수집\n아무래도 스1 랜타디 유저들을 배려한 퀘스트 인듯. 파괴자를 하나만 수집해도 광물 100을 준다. 달성 시 자신의 자리 중간 위에 "리버가 함께한다" 라는 이름의 수정이 생긴다.\n패치 이후에는 파괴자의 성능이 좋은 편이라서 클리어하면 괜스레 기분이 좋아진다.\n라이프 5이하\n목숨이 5개 이하로 떨어질 경우 달성할 수 있다. 보상은 광물 200, 가스 100으로 나올 수 있는 상황은 크게 2가지이다. 먼저 라인 관리가 매우 쉬어져서 의도적으로 목숨을 줄이는 경우로 통칭 절벽컨[4]이라 한다. 목숨5개로 시작하는 지옥 난이도에서는 시작하자마자 광물200, 가스100을 더 주고 시작한다. 체감 난이도는 그냥 500%보다 쉬운 편이다.\n신 유닛 5개 수집\n신 포탑을 5개 건설해야한다. 조건이 어려워 후반에 가야 깰 수 있는 퀘스트이다. 보상은 광물 500을 준다. 달성 시 자신의 자리 중간 위에 "신 유닛 5개 수집" 이라는 이름의 수정이 생긴다.\n3종족 신 유닛 획득\n테란, 저그, 프로토스 타워들을 각각 하나씩 가지게 되면 깰 수 있는 퀘스트이다. 보상은 테라진 하나. 가장 이상적인 상황은 테란, 저그 업글을 중점적으로 하고 있는 상태에서 적은 업글로도 라인정리 밥값을 하는 고위기사 타워가 나오는 것. 신 교체 패치 이후로는 테란 위주로 업그레이드하다가 노업으로도 밥값을 하는 데하카와 아르타니스가 나오면 좋다. 달성시 자신의 자리 중간 위에 "끔찍한 혼종" 이라는 이름의 수정이 생긴다.\n킬 달성에 따른 업적\n250킬 - 200광물, 500킬 - 300광물, 750킬 - 2테라진, 1000킬 - 2테라진",id:"858047027350339627",channel_name:"chat"}
[2021/06/26 03:20:19.084][687188236971671560][event][MESSAGE][[SKKU] G(D) JG*C (own)#4848] {message:"https://namu.wiki/w/%EB%9E%9C%EB%8D%A4%20%ED%83%80%EC%9B%8C%20%EB%94%94%ED%8E%9C%EC%8A%A4(%EC%8A%A4%ED%83%80%ED%81%AC%EB%9E%98%ED%94%84%ED%8A%B8%202)",id:"858048981120581674",channel_name:"chat"}
[2021/06/26 18:23:22.163][687188236971671560][event][MESSAGE][ashz#3656] {message:"@everyone 마크 서버 백업완료해서 다시 접속 가능\nServer was down for a backup process, now backup",id:"858276241605787678",channel_name:"chat"}
[2021/06/26 21:56:12.628][687188236971671560][event][MESSAGE][ᗰIᑎOᗷOT#1010] {message:"https://optifine.net/adloadx?f=preview_OptiFine_1.17_HD_U_G9_pre22.jar&x=b51f",id:"858329804741541899",channel_name:"chat"}
[2021/06/26 21:56:16.980][687188236971671560][event][MESSAGE][ᗰIᑎOᗷOT#1010] {message:"와 1.17 쉐이더!",id:"858329823353372672",channel_name:"chat"}
[2021/06/26 22:26:16.506][687188236971671560][event][MESSAGE][ashz#3656] {message:"<@!328107003492696065>",id:"858337370876936202",channel_name:"chat"}
[2021/06/26 22:26:17.659][687188236971671560][event][MESSAGE][ashz#3656] {message:"before",id:"858337375858851880",channel_name:"chat"}
[2021/06/26 22:26:19.391][687188236971671560][event][MESSAGE][ashz#3656] {message:"you give me",id:"858337382746554427",channel_name:"chat"}
[2021/06/26 22:26:34.326][687188236971671560][event][MESSAGE][ashz#3656] {message:"another headache",id:"858337445798871040",channel_name:"chat"}
[2021/06/26 22:26:38.674][687188236971671560][event][MESSAGE][ashz#3656] {message:"can you FUCKING WAKE UP",id:"858337464014864424",channel_name:"chat"}
[2021/06/26 22:44:36.451][687188236971671560][event][MESSAGE][ashz#3656] {message:"<@!335647028300480514>",id:"858341984275005441",channel_name:"chat"}
[2021/06/26 22:46:11.133][687188236971671560][event][MESSAGE][ashz#3656] {message:"@everyone CSGO",id:"858342381597753364",channel_name:"chat"}
[2021/06/26 22:46:16.310][687188236971671560][event][MESSAGE_UPDATE][ashz#3656] {message_update:("@everyone CSGO"->"@everyone CSGO 할 사람 모집중")}
[2021/06/26 22:47:40.321][687188236971671560][event][MESSAGE][ᗰIᑎOᗷOT#1010] {message:"그게 뭡니꺼?",id:"858342755716431972",channel_name:"chat"}
[2021/06/26 22:55:01.494][687188236971671560][event][MESSAGE][ashz#3656] {message:"fps",id:"858344606190141440",channel_name:"chat"}
[2021/06/26 22:55:03.594][687188236971671560][event][MESSAGE][ashz#3656] {message:"검색해",id:"858344615001849896",channel_name:"chat"}
