[2021/08/30 08:49:48.214][687188236971671560][event][MESSAGE][Goldminer127#6374] {message:"I mean, it kinda is partially your ego and partially his fault",id:"881687110057357314",channel_name:"chat"}
[2021/08/30 08:49:57.369][687188236971671560][event][MESSAGE][Goldminer127#6374] {message:"It is just a mess that argument",id:"881687148972105758",channel_name:"chat"}
[2021/08/30 08:50:11.428][687188236971671560][event][MESSAGE][Goldminer127#6374] {message:"Also ash, did you hear groovy was shutting down?",id:"881687207918858270",channel_name:"chat"}
[2021/08/30 08:50:19.898][687188236971671560][event][MESSAGE][ashz#3656] {message:"? what for",id:"881687243478163596",channel_name:"chat"}
[2021/08/30 08:50:37.029][687188236971671560][event][MESSAGE][Goldminer127#6374] {message:"Youtube/google sent a cease and desist letter to them",id:"881687315339165716",channel_name:"chat"}
[2021/08/30 08:50:52.966][687188236971671560][event][MESSAGE][Goldminer127#6374] {message:"They are likely targeting all or most music bots now",id:"881687382158635008",channel_name:"chat"}
[2021/08/30 08:51:08.737][687188236971671560][event][MESSAGE][Goldminer127#6374] {message:"They are doing a funeral event for the bot in their server rn",id:"881687448013381754",channel_name:"chat"}
[2021/08/30 08:51:13.920][687188236971671560][event][MESSAGE][ashz#3656] {message:"xD",id:"881687470029291530",channel_name:"chat"}
[2021/08/30 08:51:14.914][687188236971671560][event][MESSAGE][ashz#3656] {message:"wtf",id:"881687474223587438",channel_name:"chat"}
[2021/08/30 08:51:26.257][687188236971671560][event][MESSAGE][ashz#3656] {message:"so ytdlcore is being targetted",id:"881687521820557372",channel_name:"chat"}
[2021/08/30 08:51:37.752][687188236971671560][event][MESSAGE][Goldminer127#6374] {message:"Bro I have never seen so many people in a vc before. Like 6k people were in there",id:"881687569589469238",channel_name:"chat"}
[2021/08/30 08:51:41.484][687188236971671560][event][MESSAGE][Goldminer127#6374] {message:"Likely",id:"881687585636876379",channel_name:"chat"}
[2021/08/30 08:51:47.172][687188236971671560][event][MESSAGE][ashz#3656] {message:"6k?????????",id:"881687609519259648",channel_name:"chat"}
[2021/08/30 08:51:48.696][687188236971671560][event][MESSAGE][ashz#3656] {message:"wtf",id:"881687615731007540",channel_name:"chat"}
[2021/08/30 08:52:03.355][687188236971671560][event][MESSAGE][Goldminer127#6374] {message:"Rythm, Neka, Mee6",id:"881687677018181644",channel_name:"chat"}
[2021/08/30 08:52:09.897][687188236971671560][event][MESSAGE][Goldminer127#6374] {message:"Yeah 6k",id:"881687704427978774",channel_name:"chat"}
[2021/08/30 08:52:16.806][687188236971671560][event][MESSAGE][Goldminer127#6374] {message:"I have never seen so many god damn people",id:"881687733783896114",channel_name:"chat"}
[2021/08/30 08:52:32.708][687188236971671560][event][MESSAGE][ashz#3656] {message:"wt",id:"881687800141971457",channel_name:"chat"}
[2021/08/30 08:52:43.033][687188236971671560][event][MESSAGE][Goldminer127#6374] {message:"It went down now but the highest I saw was like 6400 people",id:"881687842932269057",channel_name:"chat"}
[2021/08/30 08:52:52.277][687188236971671560][event][MESSAGE][Goldminer127#6374] {message:"Now it is 4500 ish",id:"881687882253885441",channel_name:"chat"}
[2021/08/30 08:53:00.310][687188236971671560][event][MESSAGE][ashz#3656] {message:"thats still alot in a single VC",id:"881687916311609404",channel_name:"chat"}
[2021/08/30 08:53:07.806][687188236971671560][event][MESSAGE][Goldminer127#6374] {message:"yeah, that is crazy",id:"881687947747950622",channel_name:"chat"}
[2021/08/30 08:53:22.929][687188236971671560][event][MESSAGE][ashz#3656] {message:"but it should be announcer mode only ight?",id:"881688011153240094",channel_name:"chat"}
[2021/08/30 08:54:01.455][687188236971671560][event][MESSAGE][ashz#3656] {message:"like, only a single person is allowed to talk",id:"881688172705218631",channel_name:"chat"}
[2021/08/30 08:54:11.350][687188236971671560][event][MESSAGE][Goldminer127#6374] {message:"Yeah, sort of like that. only 3 people can talk",id:"881688214224662538",channel_name:"chat"}
[2021/08/30 08:54:18.730][687188236971671560][event][MESSAGE][Goldminer127#6374] {message:"Those are the creators of the bot",id:"881688244822085673",channel_name:"chat"}
[2021/08/30 08:54:31.051][687188236971671560][event][MESSAGE][ashz#3656] {message:"aha",id:"881688296433020969",channel_name:"chat"}
[2021/08/30 08:54:56.615][687188236971671560][event][MESSAGE][Goldminer127#6374] {message:"They are explaining the history of the bot and playing music with the beta version of groovy in between breaks",id:"881688403966570496",channel_name:"chat"}
[2021/08/30 08:55:21.571][687188236971671560][event][MESSAGE][ashz#3656] {message:"huh",id:"881688508681584641",channel_name:"chat"}
[2021/08/30 08:55:31.591][687188236971671560][event][MESSAGE][ashz#3656] {message:"though now im wondering",id:"881688550809161728",channel_name:"chat"}
[2021/08/30 08:55:48.661][687188236971671560][event][MESSAGE][ashz#3656] {message:"why the cease and desist notice",id:"881688622036844626",channel_name:"chat"}
[2021/08/30 08:57:13.912][687188236971671560][event][MESSAGE][ashz#3656] {message:"oh",id:"881688979538341978",channel_name:"chat"}
[2021/08/30 08:57:23.212][687188236971671560][event][MESSAGE][Goldminer127#6374] {message:"They never released the entire reason, but one is cause they broke TOS. You aren't allowed to make money using youtube's API and since so many bots have premium features that kills them for that",id:"881689018805403659",channel_name:"chat"}
[2021/08/30 08:57:23.555][687188236971671560][event][MESSAGE][ashz#3656] {message:"because of the subscription thingy?",id:"881689020072079432",channel_name:"chat"}
[2021/08/30 08:57:35.822][687188236971671560][event][MESSAGE][Goldminer127#6374] {message:"Basically",id:"881689071825588254",channel_name:"chat"}
[2021/08/30 08:57:38.984][687188236971671560][event][MESSAGE][ashz#3656] {message:"figures",id:"881689085146697738",channel_name:"chat"}
[2021/08/30 08:57:42.963][687188236971671560][event][MESSAGE][Goldminer127#6374] {message:"that and cause the bots bypass the ads",id:"881689101424799815",channel_name:"chat"}
[2021/08/30 08:57:48.621][687188236971671560][event][MESSAGE][ashz#3656] {message:"that plus the fucked up amount of bandwith",id:"881689125546237962",channel_name:"chat"}
[2021/08/30 08:57:51.720][687188236971671560][event][MESSAGE_UPDATE][ashz#3656] {message_update:("that plus the fucked up amount of bandwith"->"that plus the fucked up amount of bandwidth")}
[2021/08/30 08:57:52.782][687188236971671560][event][MESSAGE][Goldminer127#6374] {message:"youtube makes no money if they use bots",id:"881689142952595466",channel_name:"chat"}
[2021/08/30 08:58:07.289][687188236971671560][event][MESSAGE][ashz#3656] {message:"oh yeah thats true",id:"881689203845513237",channel_name:"chat"}
[2021/08/30 08:58:19.442][687188236971671560][event][MESSAGE][ashz#3656] {message:"since i use premium, i also get bypass",id:"881689254814699530",channel_name:"chat"}
[2021/08/30 08:58:36.422][687188236971671560][event][MESSAGE][ashz#3656] {message:"well, if thats the case, youtube should modify its API",id:"881689326042357840",channel_name:"chat"}
[2021/08/30 08:58:37.249][687188236971671560][event][MESSAGE][Goldminer127#6374] {message:"Apparently they use spotify's API and transfer what they got from that to youtube's API to find the video",id:"881689329238417479",channel_name:"chat"}
[2021/08/30 08:58:53.381][687188236971671560][event][MESSAGE][Goldminer127#6374] {message:"They have upgraded their bot protections service for youtube",id:"881689397106466867",channel_name:"chat"}
[2021/08/30 08:59:05.568][687188236971671560][event][MESSAGE][Goldminer127#6374] {message:"they seem to constantly ban groovy's multiple IP addresses",id:"881689448159535104",channel_name:"chat"}
[2021/08/30 08:59:15.522][687188236971671560][event][MESSAGE][Goldminer127#6374] {message:"so they constantly rotate it",id:"881689490031271936",channel_name:"chat"}
[2021/08/30 09:00:02.464][687188236971671560][event][MESSAGE][ashz#3656] {message:"thats dumb",id:"881689686760910849",channel_name:"chat"}
[2021/08/30 09:00:13.720][687188236971671560][event][MESSAGE][ashz#3656] {message:"the need for rotation is dumb in my opinion",id:"881689734068449321",channel_name:"chat"}
[2021/08/30 09:00:30.504][687188236971671560][event][MESSAGE][ashz#3656] {message:"well, sure, its fair if you wanna lessen bandwidth",id:"881689804448886834",channel_name:"chat"}
[2021/08/30 09:00:48.357][687188236971671560][event][MESSAGE][ashz#3656] {message:"but still, that just means the API is shit in their opinion",id:"881689879317213195",channel_name:"chat"}
[2021/08/30 09:00:53.190][687188236971671560][event][MESSAGE][ashz#3656] {message:"youtube's opinion",id:"881689899680530432",channel_name:"chat"}
[2021/08/30 09:02:06.555][687188236971671560][event][MESSAGE][Goldminer127#6374] {message:"lol",id:"881690207395655700",channel_name:"chat"}
[2021/08/30 17:52:48.795][687188236971671560][event][MESSAGE][양 진#4848] {message:"담주부터 목금 편의점 야간일거 같은데",id:"881823763413495879",channel_name:"chat"}
[2021/08/30 17:53:01.323][687188236971671560][event][MESSAGE][양 진#4848] {message:"어쩌지",id:"881823815905214484",channel_name:"chat"}
[2021/08/30 17:53:25.033][687188236971671560][event][MESSAGE_DELETE][양 진#4848] {message:"어쩌지",id:"881823815905214484",channel_name:"chat"}
[2021/08/30 17:53:28.559][687188236971671560][event][MESSAGE_DELETE][양 진#4848] {message:"담주부터 목금 편의점 야간일거 같은데",id:"881823763413495879",channel_name:"chat"}
[2021/08/30 17:55:44.628][687188236971671560][event][MESSAGE][ashz#3656] {message:"야간 잘해봐 ㅋ",id:"881824500763746315",channel_name:"chat"}
[2021/08/30 17:56:11.580][687188236971671560][event][MESSAGE][ashz#3656] {message:"이틀 야간 오래 못해",id:"881824613917655111",channel_name:"chat"}
[2021/08/30 17:56:47.621][687188236971671560][event][MESSAGE][ashz#3656] {message:"내가 아는 사람중 그짓을 6일 연속으로 하는 분 있는데",id:"881824764971319306",channel_name:"chat"}
[2021/08/30 17:56:59.385][687188236971671560][event][MESSAGE][ashz#3656] {message:"아예 밤낮 바꾸고 살아",id:"881824814447337502",channel_name:"chat"}
[2021/08/30 17:57:23.291][687188236971671560][event][MESSAGE][ashz#3656] {message:"<@!328107003492696065> u kno how that feels",id:"881824914645061653",channel_name:"chat"}
[2021/08/30 17:58:06.331][687188236971671560][event][MESSAGE][ashz#3656] {message:"<@!745951577025675274> 이 친구를 위해서 야간 알바 팁줘라 ㅋㅋㅋ <@!328107003492696065>",id:"881825095021133895",channel_name:"chat"}
[2021/08/30 21:19:13.686][687188236971671560][event][MESSAGE][양 진#4848] {message:"<@207597209611403264> 이미",id:"881875709369409616",channel_name:"chat"}
[2021/08/30 21:19:21.272][687188236971671560][event][MESSAGE][양 진#4848] {message:"경력임;",id:"881875740801523745",channel_name:"chat"}
[2021/08/30 21:19:46.266][687188236971671560][event][MESSAGE][양 진#4848] {message:"이미 편의점 알바 할대로 하면서 살아서",id:"881875846007246868",channel_name:"chat"}
[2021/08/30 21:19:56.630][687188236971671560][event][MESSAGE][양 진#4848] {message:"그닥 크게 신경 쓰이지는 않음",id:"881875889556705330",channel_name:"chat"}
[2021/08/30 21:23:08.447][687188236971671560][event][MESSAGE][ashz#3656] {message:"그러니 ㅋㅋㅋㅋ",id:"881876693730623489",channel_name:"chat"}
[2021/08/30 21:23:17.010][687188236971671560][event][MESSAGE][ashz#3656] {message:"그래 잘해보렴",id:"881876729621262367",channel_name:"chat"}
[2021/08/30 21:24:39.625][687188236971671560][event][MESSAGE][양 진#4848] {message:"그리고 여기 가는이유가",id:"881877076184023052",channel_name:"chat"}
[2021/08/30 21:24:56.227][687188236971671560][event][MESSAGE][양 진#4848] {message:"왠만한 일 다 점주분이 해주신다 한거",id:"881877146128240660",channel_name:"chat"}
[2021/08/30 21:25:01.482][687188236971671560][event][MESSAGE][양 진#4848] {message:"예전에 들었어서 여기로 가려는거",id:"881877168198647849",channel_name:"chat"}
[2021/08/30 21:25:09.828][687188236971671560][event][MESSAGE][양 진#4848] {message:"깔끔한 것도 있고",id:"881877203158175744",channel_name:"chat"}
[2021/08/30 21:25:32.364][687188236971671560][event][MESSAGE][양 진#4848] {message:"그리고 낮편의점 솔직히 시급 짜서 못해먹음",id:"881877297651662909",channel_name:"chat"}
[2021/08/30 21:25:56.013][687188236971671560][event][MESSAGE][양 진#4848] {message:"차라리 앞으로 살날 조금 희생해서",id:"881877396897292288",channel_name:"chat"}
[2021/08/30 21:26:03.045][687188236971671560][event][MESSAGE][양 진#4848] {message:"쇠질해서 돈벌지 ㄹㅇ",id:"881877426274197534",channel_name:"chat"}
[2021/08/30 21:26:20.820][687188236971671560][event][MESSAGE][양 진#4848] {message:"낮에는",id:"881877500668575766",channel_name:"chat"}
[2021/08/30 21:56:04.366][687188236971671560][event][MESSAGE][ashz#3656] {message:"d? ㅋㅋ 얼마 주길래",id:"881884981650153562",channel_name:"chat"}
[2021/08/30 22:07:52.202][687188236971671560][event][MESSAGE][양 진#4848] {message:"물류 시급이 아니라 일급이라",id:"881887950022012949",channel_name:"chat"}
[2021/08/30 22:08:04.065][687188236971671560][event][MESSAGE][양 진#4848] {message:"8시간 10만원도 봤음",id:"881888000261369896",channel_name:"chat"}
[2021/08/30 23:21:39.044][687188236971671560][event][MESSAGE][chloe5325#1260] {message:"ㅎㅎㅎㅎㅎㅎ",id:"881906518050615346",channel_name:"chat"}
[2021/08/30 23:21:43.556][687188236971671560][event][MESSAGE][chloe5325#1260] {message:"아 저거",id:"881906536996307024",channel_name:"chat"}
[2021/08/30 23:21:49.398][687188236971671560][event][MESSAGE][chloe5325#1260] {message:"자꾸 롤하자고 하는 얘가 있어서",id:"881906561113546853",channel_name:"chat"}
[2021/08/30 23:41:38.072][687188236971671560][event][MESSAGE][ashz#3656] {message:".join",id:"881911547151126599",channel_name:"chat"}
[2021/08/30 23:41:38.081][687188236971671560][command][JOIN_VC_SET][ashz#3656][881911547151126599] Bot has already joined a voice channel. {receivedArgument:".join"}
[2021/08/30 23:41:38.394][687188236971671560][event][MESSAGE_DELETE][ashz#3656] {message:".join",id:"881911547151126599",channel_name:"chat"}
[2021/08/30 23:41:43.670][687188236971671560][event][MESSAGE][ashz#3656] {message:".join",id:"881911570429513788",channel_name:"chat"}
[2021/08/30 23:41:43.671][687188236971671560][command][JOIN_VC_SET][ashz#3656][881911570429513788] Bot has already joined a voice channel. {receivedArgument:".join"}
[2021/08/30 23:41:43.926][687188236971671560][event][MESSAGE_DELETE][ashz#3656] {message:".join",id:"881911570429513788",channel_name:"chat"}
[2021/08/30 23:42:00.837][687188236971671560][event][MESSAGE][ashz#3656] {message:".join",id:"881911642638671962",channel_name:"chat"}
[2021/08/30 23:42:00.838][687188236971671560][command][JOIN_VC_SET][ashz#3656][881911642638671962] Bot has already joined a voice channel. {receivedArgument:".join"}
[2021/08/30 23:42:01.102][687188236971671560][event][MESSAGE_DELETE][ashz#3656] {message:".join",id:"881911642638671962",channel_name:"chat"}
[2021/08/30 23:42:08.387][687188236971671560][event][MESSAGE][ashz#3656] {message:".leave",id:"881911674037223445",channel_name:"chat"}
[2021/08/30 23:42:08.389][687188236971671560][command][LEAVE_SUCCESS][ashz#3656][881911674037223445] Bot is now disconnected from it's last voice channel. {receivedArgument:".leave"}
[2021/08/30 23:42:08.659][687188236971671560][event][MESSAGE_DELETE][ashz#3656] {message:".leave",id:"881911674037223445",channel_name:"chat"}
[2021/08/30 23:42:09.862][687188236971671560][event][MESSAGE][ashz#3656] {message:".join",id:"881911680358043669",channel_name:"chat"}
[2021/08/30 23:42:10.131][687188236971671560][event][MESSAGE_DELETE][ashz#3656] {message:".join",id:"881911680358043669",channel_name:"chat"}
[2021/08/30 23:42:10.351][687188236971671560][command][JOIN_SUCCESS][ashz#3656][881911680358043669] Now connected to user's voice channel. {receivedArgument:".join"}
[2021/08/30 23:42:13.084][687188236971671560][event][MESSAGE][ashz#3656] {message:".play https://www.youtube.com/watch?v=SRgXX80ljSw",id:"881911693679145010",channel_name:"chat"}
[2021/08/30 23:42:13.349][687188236971671560][event][MESSAGE_DELETE][ashz#3656] {message:".play https://www.youtube.com/watch?v=SRgXX80ljSw",id:"881911693679145010",channel_name:"chat"}
[2021/08/30 23:42:14.366][687188236971671560][command][PLAY_SUCCESS][ashz#3656][881911693679145010] Overriding current track. Playing received data track. {receivedArgument:".play https://www.youtube.com/watch?v=SRgXX80ljSw",index:"0",length:"142",volume:"7",url:"https://www.youtube.com/watch?v=SRgXX80ljSw"}
[2021/08/30 23:44:37.140][687188236971671560][TB][NEXT_AUTO_QUEUE] Playing next track. Playing received data track. {index:"0",length:"142",volume:"7",url:"https://www.youtube.com/watch?v=SRgXX80ljSw"}
[2021/08/30 23:47:00.559][687188236971671560][TB][NEXT_AUTO_QUEUE] Playing next track. Playing received data track. {index:"0",length:"142",volume:"7",url:"https://www.youtube.com/watch?v=SRgXX80ljSw"}
[2021/08/30 23:49:23.867][687188236971671560][TB][NEXT_AUTO_QUEUE] Playing next track. Playing received data track. {index:"0",length:"142",volume:"7",url:"https://www.youtube.com/watch?v=SRgXX80ljSw"}
[2021/08/30 23:51:47.341][687188236971671560][TB][NEXT_AUTO_QUEUE] Playing next track. Playing received data track. {index:"0",length:"142",volume:"7",url:"https://www.youtube.com/watch?v=SRgXX80ljSw"}
[2021/08/30 23:54:10.962][687188236971671560][TB][NEXT_AUTO_QUEUE] Playing next track. Playing received data track. {index:"0",length:"142",volume:"7",url:"https://www.youtube.com/watch?v=SRgXX80ljSw"}
[2021/08/30 23:56:34.360][687188236971671560][TB][NEXT_AUTO_QUEUE] Playing next track. Playing received data track. {index:"0",length:"142",volume:"7",url:"https://www.youtube.com/watch?v=SRgXX80ljSw"}
[2021/08/30 23:58:57.687][687188236971671560][TB][NEXT_AUTO_QUEUE] Playing next track. Playing received data track. {index:"0",length:"142",volume:"7",url:"https://www.youtube.com/watch?v=SRgXX80ljSw"}
