[2021/07/04 00:09:49.648][687188236971671560][event][MESSAGE][thebox부캐#3225] {message:"재밌었다",id:"860900145846812724",channel_name:"chat"}
[2021/07/04 00:09:50.880][687188236971671560][event][MESSAGE][thebox부캐#3225] {message:"수공",id:"860900151199137812",channel_name:"chat"}
[2021/07/04 00:09:51.622][687188236971671560][event][MESSAGE][thebox부캐#3225] {message:"ㅂㅂ",id:"860900154256654376",channel_name:"chat"}
[2021/07/04 00:09:57.330][687188236971671560][event][MESSAGE][thebox부캐#3225] {message:"시불 ㅋ",id:"860900178206785536",channel_name:"chat"}
[2021/07/04 00:10:06.540][687188236971671560][event][MESSAGE][thebox부캐#3225] {message:"ㄳㄳ",id:"860900216868962355",channel_name:"chat"}
[2021/07/04 02:41:37.869][687188236971671560][event][MESSAGE][ashz#3656] {message:"<@!258808551542095874>",id:"860938348625395742",channel_name:"chat"}
[2021/07/04 03:15:53.632][687188236971671560][event][MESSAGE][ashz#3656] {message:"https://www.youtube.com/watch?v=tylNqtyj0gs",id:"860946971078164490",channel_name:"chat"}
[2021/07/04 03:57:23.992][687188236971671560][event][MESSAGE][Goldminer127#6374] {message:"Holy fuck you are still awake ash?",id:"860957416463269918",channel_name:"chat"}
[2021/07/04 03:57:33.005][687188236971671560][event][MESSAGE][ashz#3656] {message:"yup",id:"860957453800833045",channel_name:"chat"}
[2021/07/04 03:57:35.486][687188236971671560][event][MESSAGE][ashz#3656] {message:"doing fun stuff",id:"860957464261427231",channel_name:"chat"}
[2021/07/04 03:57:41.154][687188236971671560][event][MESSAGE][Goldminer127#6374] {message:"like?",id:"860957488365830144",channel_name:"chat"}
[2021/07/04 03:57:54.042][687188236971671560][event][MESSAGE][ashz#3656] {message:"formatting a PC",id:"860957542452166666",channel_name:"chat"}
[2021/07/04 03:58:02.920][687188236971671560][event][MESSAGE][Goldminer127#6374] {message:"mmm",id:"860957579722358844",channel_name:"chat"}
[2021/07/04 03:58:04.111][687188236971671560][event][MESSAGE][Goldminer127#6374] {message:"funn",id:"860957584721575977",channel_name:"chat"}
[2021/07/04 04:01:06.099][687188236971671560][event][MESSAGE][ashz#3656] {message:"yup",id:"860958348043878400",channel_name:"chat"}
[2021/07/04 04:01:08.684][687188236971671560][event][MESSAGE][ashz#3656] {message:"join call if ud want",id:"860958358890741760",channel_name:"chat"}
[2021/07/04 04:01:18.280][687188236971671560][event][MESSAGE][ashz#3656] {message:"we speak english here",id:"860958398966399008",channel_name:"chat"}
[2021/07/04 04:01:22.069][687188236971671560][event][MESSAGE][ashz#3656] {message:"well, partially",id:"860958415005286400",channel_name:"chat"}
[2021/07/04 04:01:36.047][687188236971671560][event][MESSAGE][ashz#3656] {message:"<:Shikiconfused:818752574550704168>",id:"860958473604562954",channel_name:"chat"}
[2021/07/04 04:02:57.526][687188236971671560][event][MESSAGE][ashz#3656] {message:"um",id:"860958815087755295",channel_name:"chat"}
[2021/07/04 04:02:58.334][687188236971671560][event][MESSAGE][ashz#3656] {message:"okay",id:"860958818775466024",channel_name:"chat"}
[2021/07/04 04:04:07.076][687188236971671560][event][MESSAGE][혜윤#0606] {message:"hold on",id:"860959107115778048",channel_name:"chat"}
[2021/07/04 04:04:08.018][687188236971671560][event][MESSAGE][혜윤#0606] {message:"HAHAH",id:"860959111075856404",channel_name:"chat"}
[2021/07/04 04:04:11.967][687188236971671560][event][MESSAGE][ashz#3656] {message:"yup",id:"860959127618715688",channel_name:"chat"}
[2021/07/04 04:04:12.621][687188236971671560][event][MESSAGE][ashz#3656] {message:"xD",id:"860959130269122601",channel_name:"chat"}
[2021/07/04 04:04:14.440][687188236971671560][event][MESSAGE][ashz#3656] {message:"doesnt work",id:"860959138002501652",channel_name:"chat"}
[2021/07/04 04:18:28.051][687188236971671560][event][MESSAGE][영 진#4848] {message:"nv123",id:"860962718293819452",channel_name:"chat"}
[2021/07/04 16:09:24.648][687188236971671560][event][MESSAGE][영 진#4848] {message:"<@207597209611403264>",id:"861141633047068672",channel_name:"chat"}
[2021/07/04 16:09:25.809][687188236971671560][event][MESSAGE][영 진#4848] {message:"?",id:"861141637517279293",channel_name:"chat"}
[2021/07/04 16:09:30.954][687188236971671560][event][MESSAGE][ashz#3656] {message:"?",id:"861141659440775198",channel_name:"chat"}
[2021/07/04 16:09:38.391][687188236971671560][event][MESSAGE][영 진#4848] {message:"책상 위에서",id:"861141690696990740",channel_name:"chat"}
[2021/07/04 16:09:44.316][687188236971671560][event][MESSAGE][영 진#4848] {message:"쓰러져서 여태 있었음",id:"861141715262767145",channel_name:"chat"}
[2021/07/04 16:09:52.422][687188236971671560][event][MESSAGE][ashz#3656] {message:"zzzzzzzzzzzzzzzzzzzzzzzzzzzzzzzzzzzzzzzzzzzzzzzzzzzzzzzzzzzzzzzzzzzzzzzzzzzzzzzzzzzzzzzzzzzzzzzzzz",id:"861141749539143731",channel_name:"chat"}
[2021/07/04 16:10:11.186][687188236971671560][event][MESSAGE][ashz#3656] {message:"바로 겜 ㄱ?",id:"861141828258234398",channel_name:"chat"}
[2021/07/04 16:10:12.559][687188236971671560][event][MESSAGE][ashz#3656] {message:"ㅋㅋㅋㅋㅋㅋㅋㅋㅋㅋㅋㅋㅋㅋㅋㅋㅋㅋㅋㅋㅋㅋㅋ",id:"861141834013081610",channel_name:"chat"}
[2021/07/04 16:10:18.961][687188236971671560][event][MESSAGE][영 진#4848] {message:"일단",id:"861141860767891456",channel_name:"chat"}
[2021/07/04 16:10:23.064][687188236971671560][event][MESSAGE][영 진#4848] {message:"씻고옴",id:"861141878064676884",channel_name:"chat"}
[2021/07/04 16:10:30.123][687188236971671560][event][MESSAGE][ashz#3656] {message:"ㅇㅇ 그려 천천히 와",id:"861141907580256256",channel_name:"chat"}
[2021/07/04 16:10:30.542][687188236971671560][event][MESSAGE][ashz#3656] {message:"ㅋㅋ",id:"861141909111308309",channel_name:"chat"}
[2021/07/04 16:43:36.264][687188236971671560][event][MESSAGE][영 진#4848] {message:"<@!207597209611403264>",id:"861150238101471252",channel_name:"chat"}
[2021/07/04 16:44:54.372][687188236971671560][event][MESSAGE][ashz#3656] {message:"dd",id:"861150565705973760",channel_name:"chat"}
[2021/07/04 16:44:57.766][687188236971671560][event][MESSAGE][ashz#3656] {message:"1분",id:"861150579774193695",channel_name:"chat"}
[2021/07/04 16:46:20.042][687188236971671560][event][MESSAGE][ashz#3656] {message:"ㄱㄱ",id:"861150924902498344",channel_name:"chat"}
[2021/07/04 19:19:58.516][687188236971671560][event][MESSAGE][ashz#3656] {message:""C:\Program Files (x86)\Steam\bin\SteamService.exe" /repair",id:"861189590105980968",channel_name:"chat"}
[2021/07/04 19:25:46.732][687188236971671560][event][MESSAGE][ashz#3656] {message:"https://support.steampowered.com/kb_article.php?ref=2117-ilzv-2837",id:"861191050600120360",channel_name:"chat"}
[2021/07/04 19:58:08.000][687188236971671560][event][MESSAGE][ashz#3656] {message:"혜윤바보",id:"861199192647008297",channel_name:"chat"}
[2021/07/04 20:11:06.757][687188236971671560][event][MESSAGE][ashz#3656] {message:"imstypid",id:"861202458806452257",channel_name:"chat"}
[2021/07/04 20:11:13.080][687188236971671560][event][MESSAGE][ashz#3656] {message:"#helloworld1",id:"861202485570306059",channel_name:"chat"}
[2021/07/04 23:41:33.937][687188236971671560][event][MESSAGE][Goldminer127#6374] {message:"#byeworld",id:"861255421519200296",channel_name:"chat"}
