[2021/08/12 00:06:07.105][687188236971671560][event][MESSAGE][chloe5325#1260] {message:"이걸 들키네",id:"875032339216990310",channel_name:"chat"}
[2021/08/12 00:06:07.404][687188236971671560][event][MESSAGE][양 진#4848] {message:"채팅으로 쳐",id:"875032340496273488",channel_name:"chat"}
[2021/08/12 00:06:09.910][687188236971671560][event][MESSAGE][chloe5325#1260] {message:"ㅋㅋㅋㅋㅋㅋㅋㅋㅋㅋ",id:"875032351032377404",channel_name:"chat"}
[2021/08/12 00:06:13.928][687188236971671560][event][MESSAGE][chloe5325#1260] {message:"몰라",id:"875032367885066240",channel_name:"chat"}
[2021/08/12 00:06:22.048][687188236971671560][event][MESSAGE][chloe5325#1260] {message:"몰라",id:"875032401632432139",channel_name:"chat"}
[2021/08/12 00:06:31.867][687188236971671560][event][MESSAGE][chloe5325#1260] {message:"몰라",id:"875032443084763186",channel_name:"chat"}
[2021/08/12 00:06:49.899][687188236971671560][event][MESSAGE][chloe5325#1260] {message:"보물섬",id:"875032518628356137",channel_name:"chat"}
[2021/08/12 00:06:50.399][687188236971671560][event][MESSAGE][chloe5325#1260] {message:"알아",id:"875032520826183680",channel_name:"chat"}
[2021/08/12 00:07:01.245][687188236971671560][event][MESSAGE][chloe5325#1260] {message:"절대광자ㅋㅋㅋㅋㅋㅋㅋㅋㅋㅋㅋ",id:"875032566300831744",channel_name:"chat"}
[2021/08/12 00:07:13.397][687188236971671560][event][MESSAGE][chloe5325#1260] {message:"몰라",id:"875032617160937512",channel_name:"chat"}
[2021/08/12 00:07:21.036][687188236971671560][event][MESSAGE][chloe5325#1260] {message:"???",id:"875032648999919690",channel_name:"chat"}
[2021/08/12 00:07:23.907][687188236971671560][event][MESSAGE][chloe5325#1260] {message:"어ㅐㅔ?",id:"875032661364715531",channel_name:"chat"}
[2021/08/12 00:07:26.418][687188236971671560][event][MESSAGE][chloe5325#1260] {message:"무슨 논랑?",id:"875032671846289458",channel_name:"chat"}
[2021/08/12 00:07:27.449][687188236971671560][event][MESSAGE][chloe5325#1260] {message:"란?",id:"875032676267073546",channel_name:"chat"}
[2021/08/12 00:07:36.952][687188236971671560][event][MESSAGE][chloe5325#1260] {message:"말도안돼",id:"875032716075233350",channel_name:"chat"}
[2021/08/12 00:07:39.821][687188236971671560][event][MESSAGE][chloe5325#1260] {message:"아니 선바가?",id:"875032728003817564",channel_name:"chat"}
[2021/08/12 00:07:42.761][687188236971671560][event][MESSAGE][chloe5325#1260] {message:"아니 진짜?",id:"875032740381196288",channel_name:"chat"}
[2021/08/12 00:07:46.650][687188236971671560][event][MESSAGE][chloe5325#1260] {message:"어그로 아니고?",id:"875032756722225172",channel_name:"chat"}
[2021/08/12 00:08:12.248][687188236971671560][event][MESSAGE][chloe5325#1260] {message:"댓글 봐바",id:"875032864087998495",channel_name:"chat"}
[2021/08/12 00:09:03.484][687188236971671560][event][MESSAGE][chloe5325#1260] {message:"선바는 믿었는데.......",id:"875033078966386768",channel_name:"chat"}
[2021/08/12 00:09:04.560][687188236971671560][event][MESSAGE][chloe5325#1260] {message:"크흡",id:"875033083546595428",channel_name:"chat"}
[2021/08/12 00:09:53.258][687188236971671560][event][MESSAGE][chloe5325#1260] {message:"쩝",id:"875033287737888799",channel_name:"chat"}
[2021/08/12 00:09:54.536][687188236971671560][event][MESSAGE][chloe5325#1260] {message:"몰라",id:"875033293001728031",channel_name:"chat"}
[2021/08/12 00:10:25.817][687188236971671560][event][MESSAGE][chloe5325#1260] {message:"잘 몰라서",id:"875033424342163466",channel_name:"chat"}
[2021/08/12 00:10:39.115][687188236971671560][event][MESSAGE][chloe5325#1260] {message:"ㅋㅋㅋㅋㅋㅋㅋㅋ",id:"875033479258210344",channel_name:"chat"}
[2021/08/12 00:10:54.429][687188236971671560][event][MESSAGE][chloe5325#1260] {message:"음",id:"875033544404115507",channel_name:"chat"}
[2021/08/12 00:11:23.893][687188236971671560][event][MESSAGE][chloe5325#1260] {message:"조재원",id:"875033667599233035",channel_name:"chat"}
[2021/08/12 00:11:35.715][687188236971671560][event][MESSAGE][chloe5325#1260] {message:"송대익은",id:"875033717553397811",channel_name:"chat"}
[2021/08/12 00:11:37.275][687188236971671560][event][MESSAGE][chloe5325#1260] {message:"걔잖아",id:"875033724092284988",channel_name:"chat"}
[2021/08/12 00:11:42.990][687188236971671560][event][MESSAGE][chloe5325#1260] {message:"그거",id:"875033748050153473",channel_name:"chat"}
[2021/08/12 00:11:43.718][687188236971671560][event][MESSAGE][chloe5325#1260] {message:"ㄹㅇ",id:"875033751120412682",channel_name:"chat"}
[2021/08/12 00:11:47.613][687188236971671560][event][MESSAGE][chloe5325#1260] {message:"피나치공",id:"875033767457198140",channel_name:"chat"}
[2021/08/12 00:12:23.277][687188236971671560][event][MESSAGE][양 진#4848] {message:"ㅇㅈ?",id:"875033916975771688",channel_name:"chat"}
[2021/08/12 00:12:23.349][687188236971671560][event][MESSAGE][chloe5325#1260] {message:"당연히",id:"875033917349048330",channel_name:"chat"}
[2021/08/12 00:12:24.544][687188236971671560][event][MESSAGE][chloe5325#1260] {message:"오른쪽",id:"875033921904054324",channel_name:"chat"}
[2021/08/12 00:12:25.534][687188236971671560][event][MESSAGE][chloe5325#1260] {message:"이지",id:"875033926480044123",channel_name:"chat"}
[2021/08/12 00:12:27.516][687188236971671560][event][MESSAGE][chloe5325#1260] {message:"ㅆㅇㅈ",id:"875033934826721350",channel_name:"chat"}
[2021/08/12 00:13:40.636][687188236971671560][event][MESSAGE][chloe5325#1260] {message:"엉",id:"875034241522597888",channel_name:"chat"}
[2021/08/12 00:13:43.666][687188236971671560][event][MESSAGE][chloe5325#1260] {message:"임창정은 못이기지",id:"875034254243934238",channel_name:"chat"}
[2021/08/12 00:14:27.076][687188236971671560][event][MESSAGE][chloe5325#1260] {message:"왼",id:"875034435890856007",channel_name:"chat"}
[2021/08/12 00:14:27.761][687188236971671560][event][MESSAGE][chloe5325#1260] {message:"ㄴ왼",id:"875034439133052969",channel_name:"chat"}
[2021/08/12 00:14:28.518][687188236971671560][event][MESSAGE][chloe5325#1260] {message:"왼",id:"875034442295550022",channel_name:"chat"}
[2021/08/12 00:14:37.124][687188236971671560][event][MESSAGE][양 진#4848] {message:"어디서 왼인데",id:"875034478043623445",channel_name:"chat"}
[2021/08/12 00:14:40.038][687188236971671560][event][MESSAGE][양 진#4848] {message:"ㅋㅋㅋㅋㅋㅋㅋㅋㅋㅋㅋ",id:"875034490655899719",channel_name:"chat"}
[2021/08/12 00:14:42.832][687188236971671560][event][MESSAGE][chloe5325#1260] {message:"ㅋㅋㅋㅋㅋㅋㅋㅋㅋㅋ",id:"875034502366388334",channel_name:"chat"}
[2021/08/12 00:14:45.100][687188236971671560][event][MESSAGE][chloe5325#1260] {message:"큼",id:"875034511736471623",channel_name:"chat"}
[2021/08/12 00:15:42.921][687188236971671560][event][MESSAGE][chloe5325#1260] {message:"왼",id:"875034754402091038",channel_name:"chat"}
[2021/08/12 00:15:45.704][687188236971671560][event][MESSAGE][chloe5325#1260] {message:"앟",id:"875034765877735555",channel_name:"chat"}
[2021/08/12 00:15:47.243][687188236971671560][event][MESSAGE][양 진#4848] {message:"누군지 몰라",id:"875034772563460146",channel_name:"chat"}
[2021/08/12 00:15:59.022][687188236971671560][event][MESSAGE][chloe5325#1260] {message:"소프는 알아",id:"875034821963956244",channel_name:"chat"}
[2021/08/12 00:16:42.245][687188236971671560][event][MESSAGE][chloe5325#1260] {message:"아",id:"875035003216617483",channel_name:"chat"}
[2021/08/12 00:16:43.360][687188236971671560][event][MESSAGE][chloe5325#1260] {message:"혜안",id:"875035007943598100",channel_name:"chat"}
[2021/08/12 00:16:43.815][687188236971671560][event][MESSAGE][chloe5325#1260] {message:"아",id:"875035009763926096",channel_name:"chat"}
[2021/08/12 00:16:44.318][687188236971671560][event][MESSAGE][chloe5325#1260] {message:"앙",id:"875035011668123719",channel_name:"chat"}
[2021/08/12 00:16:44.760][687188236971671560][event][MESSAGE][chloe5325#1260] {message:"아",id:"875035013748494436",channel_name:"chat"}
[2021/08/12 00:16:45.275][687188236971671560][event][MESSAGE][chloe5325#1260] {message:"ㅇ",id:"875035015916949634",channel_name:"chat"}
[2021/08/12 00:16:46.743][687188236971671560][event][MESSAGE][chloe5325#1260] {message:"아",id:"875035021956767814",channel_name:"chat"}
[2021/08/12 00:16:47.104][687188236971671560][event][MESSAGE][chloe5325#1260] {message:"아",id:"875035023533801612",channel_name:"chat"}
[2021/08/12 00:16:47.423][687188236971671560][event][MESSAGE][chloe5325#1260] {message:"아",id:"875035024955674634",channel_name:"chat"}
[2021/08/12 00:16:49.218][687188236971671560][event][MESSAGE][chloe5325#1260] {message:"유튜버",id:"875035032358621194",channel_name:"chat"}
[2021/08/12 00:16:52.538][687188236971671560][event][MESSAGE][chloe5325#1260] {message:"아아아",id:"875035046308880384",channel_name:"chat"}
[2021/08/12 00:17:16.173][687188236971671560][event][MESSAGE][chloe5325#1260] {message:"네",id:"875035145311228006",channel_name:"chat"}
[2021/08/12 00:17:27.281][687188236971671560][event][MESSAGE][chloe5325#1260] {message:"크흡",id:"875035192153231420",channel_name:"chat"}
[2021/08/12 00:17:28.772][687188236971671560][event][MESSAGE][양 진#4848] {message:"ㅋ",id:"875035198205595660",channel_name:"chat"}
[2021/08/12 00:17:29.180][687188236971671560][event][MESSAGE][양 진#4848] {message:"ㅋ",id:"875035199937871944",channel_name:"chat"}
[2021/08/12 00:17:29.540][687188236971671560][event][MESSAGE][양 진#4848] {message:"ㅋ",id:"875035201506537542",channel_name:"chat"}
[2021/08/12 00:17:40.991][687188236971671560][event][MESSAGE][chloe5325#1260] {message:"빅마블이",id:"875035249598414868",channel_name:"chat"}
[2021/08/12 00:17:43.424][687188236971671560][event][MESSAGE][chloe5325#1260] {message:"더 유명하지",id:"875035259849293874",channel_name:"chat"}
[2021/08/12 00:17:44.052][687188236971671560][event][MESSAGE][chloe5325#1260] {message:"않나",id:"875035262059683872",channel_name:"chat"}
[2021/08/12 00:17:52.663][687188236971671560][event][MESSAGE][chloe5325#1260] {message:"ㄹㅇ",id:"875035298600460308",channel_name:"chat"}
[2021/08/12 00:17:53.669][687188236971671560][event][MESSAGE][chloe5325#1260] {message:"ㅋㅋㅋㅋㅋㅋㅋㅋㅋ",id:"875035302807367681",channel_name:"chat"}
[2021/08/12 00:18:15.604][687188236971671560][event][MESSAGE][chloe5325#1260] {message:"ㄹㅇ",id:"875035394817818666",channel_name:"chat"}
[2021/08/12 00:18:25.078][687188236971671560][event][MESSAGE][chloe5325#1260] {message:"근데 보겸 논란 있지 안나",id:"875035434420437043",channel_name:"chat"}
[2021/08/12 00:18:25.969][687188236971671560][event][MESSAGE][chloe5325#1260] {message:"않나",id:"875035438266593280",channel_name:"chat"}
[2021/08/12 00:19:18.979][687188236971671560][event][MESSAGE][chloe5325#1260] {message:"zㅋㅋㅋㅋㅋㅋㅋ",id:"875035660577304636",channel_name:"chat"}
[2021/08/12 00:19:25.439][687188236971671560][event][MESSAGE][chloe5325#1260] {message:"허팝은 못참지",id:"875035687731220480",channel_name:"chat"}
[2021/08/12 00:19:51.249][687188236971671560][event][MESSAGE][chloe5325#1260] {message:"잠만 ㄱㄷ",id:"875035795986202694",channel_name:"chat"}
[2021/08/12 00:20:20.925][687188236971671560][event][MESSAGE][양 진#4848] {message:"?",id:"875035920473153566",channel_name:"chat"}
[2021/08/12 00:20:59.673][687188236971671560][event][MESSAGE][chloe5325#1260] {message:"등장",id:"875036082738192446",channel_name:"chat"}
[2021/08/12 00:21:42.974][687188236971671560][event][MESSAGE][chloe5325#1260] {message:"왼",id:"875036264557056020",channel_name:"chat"}
[2021/08/12 00:21:43.734][687188236971671560][event][MESSAGE][chloe5325#1260] {message:"알아",id:"875036267799248916",channel_name:"chat"}
[2021/08/12 00:21:56.592][687188236971671560][event][MESSAGE][chloe5325#1260] {message:"음",id:"875036321637343302",channel_name:"chat"}
[2021/08/12 00:22:05.496][687188236971671560][event][MESSAGE][chloe5325#1260] {message:"난 둘다 딱히",id:"875036358933106760",channel_name:"chat"}
[2021/08/12 00:22:14.155][687188236971671560][event][MESSAGE][chloe5325#1260] {message:"여기서",id:"875036395381604362",channel_name:"chat"}
[2021/08/12 00:22:17.048][687188236971671560][event][MESSAGE][chloe5325#1260] {message:"왜 브베가 나와",id:"875036407477964820",channel_name:"chat"}
[2021/08/12 00:22:18.069][687188236971671560][event][MESSAGE][chloe5325#1260] {message:"ㅋㅋㅋㅋㅋㅋㅋㅋㅋㅋㅋㅋㅋ",id:"875036411751981117",channel_name:"chat"}
[2021/08/12 00:22:47.210][687188236971671560][event][MESSAGE][chloe5325#1260] {message:"음",id:"875036533718138933",channel_name:"chat"}
[2021/08/12 00:23:17.304][687188236971671560][event][MESSAGE][chloe5325#1260] {message:"ㅋㅋㅋㅋㅋㅋㅋㅋㅋㅋㅋ",id:"875036660256096346",channel_name:"chat"}
[2021/08/12 00:23:33.552][687188236971671560][event][MESSAGE][chloe5325#1260] {message:"^^",id:"875036728375795732",channel_name:"chat"}
[2021/08/12 00:24:01.896][687188236971671560][event][MESSAGE][chloe5325#1260] {message:"내가 돌려줄까",id:"875036847284314132",channel_name:"chat"}
[2021/08/12 00:24:19.452][687188236971671560][event][MESSAGE][chloe5325#1260] {message:"아닠ㅋㅋㅋㅋㅋㅋㅋ",id:"875036920919511060",channel_name:"chat"}
[2021/08/12 00:24:28.543][687188236971671560][event][MESSAGE][chloe5325#1260] {message:"형님 머리가 안돌아가신다고 하시길래",id:"875036958919901205",channel_name:"chat"}
[2021/08/12 00:24:37.412][687188236971671560][event][MESSAGE][chloe5325#1260] {message:"아주 좋은 생각이야",id:"875036996249190430",channel_name:"chat"}
[2021/08/12 00:25:04.148][687188236971671560][event][MESSAGE][chloe5325#1260] {message:"나 그때 겉날개 드로퍼 갑자기 하고싶어",id:"875037108396515418",channel_name:"chat"}
[2021/08/12 00:25:04.636][687188236971671560][event][MESSAGE][chloe5325#1260] {message:"ㅋ",id:"875037110422372362",channel_name:"chat"}
[2021/08/12 00:26:19.566][687188236971671560][event][MESSAGE][chloe5325#1260] {message:"지금 뭐하실",id:"875037424298898480",channel_name:"chat"}
[2021/08/12 00:26:20.714][687188236971671560][event][MESSAGE][chloe5325#1260] {message:"음",id:"875037429449515110",channel_name:"chat"}
[2021/08/12 00:26:23.025][687188236971671560][event][MESSAGE][chloe5325#1260] {message:"난 상관 ㄴ",id:"875037438878294027",channel_name:"chat"}
[2021/08/12 00:28:31.319][687188236971671560][event][MESSAGE][chloe5325#1260] {message:"왔",id:"875037977317888020",channel_name:"chat"}
[2021/08/12 00:28:44.239][687188236971671560][event][MESSAGE][chloe5325#1260] {message:"ㄱㄷ",id:"875038031231467591",channel_name:"chat"}
[2021/08/12 00:28:44.826][687188236971671560][event][MESSAGE][chloe5325#1260] {message:"ㅋ",id:"875038033899028552",channel_name:"chat"}
[2021/08/12 00:47:57.433][687188236971671560][event][MESSAGE][chloe5325#1260] {message:"보는중",id:"875042868320935936",channel_name:"chat"}
[2021/08/12 00:56:53.891][687188236971671560][event][MESSAGE][chloe5325#1260] {message:"나도",id:"875045118447599618",channel_name:"chat"}
[2021/08/12 00:56:54.866][687188236971671560][event][MESSAGE][chloe5325#1260] {message:"갈래",id:"875045122516062309",channel_name:"chat"}
[2021/08/12 00:56:55.409][687188236971671560][event][MESSAGE][chloe5325#1260] {message:"ㅎㅎ",id:"875045124290281532",channel_name:"chat"}
[2021/08/12 00:57:04.119][687188236971671560][event][MESSAGE][chloe5325#1260] {message:"고기",id:"875045161107865663",channel_name:"chat"}
[2021/08/12 00:57:07.585][687188236971671560][event][MESSAGE][chloe5325#1260] {message:"아니",id:"875045175737585695",channel_name:"chat"}
[2021/08/12 00:57:09.114][687188236971671560][event][MESSAGE][chloe5325#1260] {message:"고기",id:"875045179067879435",channel_name:"chat"}
[2021/08/12 00:57:09.421][687188236971671560][event][MESSAGE][chloe5325#1260] {message:"먹으러",id:"875045183249580076",channel_name:"chat"}
[2021/08/12 00:57:13.773][687188236971671560][event][MESSAGE][chloe5325#1260] {message:"넹",id:"875045201884889139",channel_name:"chat"}
[2021/08/12 00:57:26.880][687188236971671560][event][MESSAGE][양 진#4848] {message:"토요일날",id:"875045256666710017",channel_name:"chat"}
[2021/08/12 00:57:28.111][687188236971671560][event][MESSAGE][양 진#4848] {message:"안올거면서",id:"875045261926350898",channel_name:"chat"}
[2021/08/12 01:10:12.799][687188236971671560][event][MESSAGE][ashz#3656] {message:".JOIN",id:"875048469386129468",channel_name:"chat"}
[2021/08/12 01:10:13.183][687188236971671560][event][MESSAGE_DELETE][ashz#3656] {message:".JOIN",id:"875048469386129468",channel_name:"chat"}
[2021/08/12 01:10:13.886][687188236971671560][command][JOIN_SUCCESS][ashz#3656][875048469386129468] Now connected to user's voice channel. {receivedArgument:".JOIN"}
[2021/08/12 01:11:00.414][687188236971671560][event][MESSAGE][ashz#3656] {message:".play https://www.youtube.com/watch?v=oEDvNlaGORI",id:"875048668665884684",channel_name:"chat"}
[2021/08/12 01:11:00.703][687188236971671560][event][MESSAGE_DELETE][ashz#3656] {message:".play https://www.youtube.com/watch?v=oEDvNlaGORI",id:"875048668665884684",channel_name:"chat"}
[2021/08/12 01:11:02.126][687188236971671560][command][PLAY_SUCCESS][ashz#3656][875048668665884684] Overriding current track. Playing received data track. {receivedArgument:".play https://www.youtube.com/watch?v=oEDvNlaGORI",index:"0",length:"213",volume:"7",url:"https://www.youtube.com/watch?v=oEDvNlaGORI"}
[2021/08/12 01:14:38.721][687188236971671560][TB][NEXT_AUTO_QUEUE] Playing next track. Playing received data track. {index:"0",length:"213",volume:"7",url:"https://www.youtube.com/watch?v=oEDvNlaGORI"}
[2021/08/12 01:18:13.196][687188236971671560][TB][NEXT_AUTO_QUEUE] Playing next track. Playing received data track. {index:"0",length:"213",volume:"7",url:"https://www.youtube.com/watch?v=oEDvNlaGORI"}
[2021/08/12 01:21:48.046][687188236971671560][TB][NEXT_AUTO_QUEUE] Playing next track. Playing received data track. {index:"0",length:"213",volume:"7",url:"https://www.youtube.com/watch?v=oEDvNlaGORI"}
[2021/08/12 01:25:22.778][687188236971671560][TB][NEXT_AUTO_QUEUE] Playing next track. Playing received data track. {index:"0",length:"213",volume:"7",url:"https://www.youtube.com/watch?v=oEDvNlaGORI"}
[2021/08/12 01:26:03.686][687188236971671560][event][MESSAGE][ashz#3656] {message:".leave",id:"875052457489748049",channel_name:"chat"}
[2021/08/12 01:26:03.706][687188236971671560][command][LEAVE_SUCCESS][ashz#3656][875052457489748049] Bot is now disconnected from it's last voice channel. {receivedArgument:".leave"}
[2021/08/12 01:26:04.008][687188236971671560][event][MESSAGE_DELETE][ashz#3656] {message:".leave",id:"875052457489748049",channel_name:"chat"}
[2021/08/12 01:26:14.453][687188236971671560][event][MESSAGE][chloe5325#1260] {message:"화이팅 하십쇼",id:"875052502796619826",channel_name:"chat"}
[2021/08/12 01:26:20.816][687188236971671560][event][MESSAGE][chloe5325#1260] {message:"ㅋㅋㅋㅋㅋㅋㅋㅋ?",id:"875052525856903208",channel_name:"chat"}
[2021/08/12 01:26:23.205][687188236971671560][event][MESSAGE][chloe5325#1260] {message:"이걸 들키네",id:"875052539572277328",channel_name:"chat"}
[2021/08/12 01:26:29.177][687188236971671560][event][MESSAGE][chloe5325#1260] {message:"^^",id:"875052564519985152",channel_name:"chat"}
[2021/08/12 01:26:37.836][687188236971671560][event][MESSAGE][양 진#4848] {message:"ㅋㅋㅋㅋㅋㅋㅋㅋㅋㅋㅋㅋㅋㅋㅋㅋㅋㅋㅋㅋㅋㅋㅋㅋㅋㅋㅋㅋㅋㅋㅋㅋㅋㅋㅋㅋㅋㅋㅋㅋㅋ",id:"875052600985288714",channel_name:"chat"}
[2021/08/12 01:26:38.393][687188236971671560][event][MESSAGE][chloe5325#1260] {message:"ㅡㅡ",id:"875052603225042944",channel_name:"chat"}
[2021/08/12 01:26:40.255][687188236971671560][event][MESSAGE][양 진#4848] {message:"저거 어제 내가",id:"875052610007224341",channel_name:"chat"}
[2021/08/12 01:26:43.355][687188236971671560][event][MESSAGE][chloe5325#1260] {message:"키가 왜 나와ㅜㅜ",id:"875052623638691901",channel_name:"chat"}
[2021/08/12 01:26:43.760][687188236971671560][event][MESSAGE][양 진#4848] {message:"했던말 아닌가",id:"875052625815556146",channel_name:"chat"}
[2021/08/12 01:26:44.094][687188236971671560][event][MESSAGE][양 진#4848] {message:"ㅋ",id:"875052627002531911",channel_name:"chat"}
[2021/08/12 01:26:45.016][687188236971671560][event][MESSAGE][양 진#4848] {message:"ㅋㅋㅋㅋㅋㅋㅋㅋㅋㅋㅋㅋㅋㅋ",id:"875052630752256021",channel_name:"chat"}
[2021/08/12 01:26:45.098][687188236971671560][event][MESSAGE][chloe5325#1260] {message:"ㅡㅡ",id:"875052631419154482",channel_name:"chat"}
[2021/08/12 01:26:45.730][687188236971671560][event][MESSAGE][chloe5325#1260] {message:"ㅡㅡ",id:"875052633801515080",channel_name:"chat"}
[2021/08/12 01:26:47.846][687188236971671560][event][MESSAGE][chloe5325#1260] {message:"ㅡㅡ",id:"875052641405780058",channel_name:"chat"}
[2021/08/12 01:26:48.189][687188236971671560][event][MESSAGE][chloe5325#1260] {message:"ㅡㅡ",id:"875052644077564005",channel_name:"chat"}
[2021/08/12 01:26:48.908][687188236971671560][event][MESSAGE][chloe5325#1260] {message:"ㅡㅡ",id:"875052647412011048",channel_name:"chat"}
[2021/08/12 01:26:49.696][687188236971671560][event][MESSAGE][chloe5325#1260] {message:"ㅡㅡ",id:"875052650499035169",channel_name:"chat"}
[2021/08/12 01:26:51.780][687188236971671560][event][MESSAGE][chloe5325#1260] {message:"ㅋㅋㅋㅋㅋㅋㅋㅋㅋㅋㅋㅋㅋㅋㅋㅋㅋ",id:"875052659374178304",channel_name:"chat"}
[2021/08/12 01:26:52.590][687188236971671560][event][MESSAGE][chloe5325#1260] {message:"아니",id:"875052662519898124",channel_name:"chat"}
[2021/08/12 01:26:54.163][687188236971671560][event][MESSAGE][chloe5325#1260] {message:"얼굴이",id:"875052669339828284",channel_name:"chat"}
[2021/08/12 01:26:55.380][687188236971671560][event][MESSAGE][chloe5325#1260] {message:"왜 나와",id:"875052674544959568",channel_name:"chat"}
[2021/08/12 01:26:56.242][687188236971671560][event][MESSAGE][양 진#4848] {message:"ㅋㅋㅋㅋㅋㅋㅋㅋㅋㅋㅋㅋㅋㅋㅋㅋㅋㅋㅋㅋㅋㅋㅋㅋㅋㅋㅋㅋㅋㅋㅋㅋㅋㅋ",id:"875052677975928893",channel_name:"chat"}
[2021/08/12 01:26:59.607][687188236971671560][event][MESSAGE][chloe5325#1260] {message:"나 잠 많이 자는데",id:"875052692194619422",channel_name:"chat"}
[2021/08/12 01:27:01.292][687188236971671560][event][MESSAGE][chloe5325#1260] {message:"아니",id:"875052699324928030",channel_name:"chat"}
[2021/08/12 01:27:03.509][687188236971671560][event][MESSAGE][chloe5325#1260] {message:"ㅈ잠시만",id:"875052708623708200",channel_name:"chat"}
[2021/08/12 01:27:06.723][687188236971671560][event][MESSAGE][chloe5325#1260] {message:"얼굴이 갑자기 왜 나와",id:"875052722087395390",channel_name:"chat"}
[2021/08/12 01:27:07.327][687188236971671560][event][MESSAGE][chloe5325#1260] {message:"ㅡㅡ",id:"875052724671094814",channel_name:"chat"}
[2021/08/12 01:27:12.694][687188236971671560][event][MESSAGE][chloe5325#1260] {message:"형 거울봐",id:"875052747190304768",channel_name:"chat"}
[2021/08/12 01:27:14.146][687188236971671560][event][MESSAGE][chloe5325#1260] {message:"거울 보라고",id:"875052753200746496",channel_name:"chat"}
[2021/08/12 01:27:24.562][687188236971671560][event][MESSAGE][chloe5325#1260] {message:"ㅋㅋㅋㅋㅋㅋㅋㅋㅋㅋㅋㅋ?",id:"875052796741812264",channel_name:"chat"}
[2021/08/12 01:27:24.659][687188236971671560][event][MESSAGE][양 진#4848] {message:"ㅋㅋㅋㅋㅋㅋㅋㅋㅋㅋㅋㅋㅋㅋㅋㅋㅋㅋㅋㅋㅋㅋㅋㅋㅋㅋ",id:"875052797337423902",channel_name:"chat"}
[2021/08/12 01:27:26.722][687188236971671560][event][MESSAGE][chloe5325#1260] {message:"?????????????????????????????",id:"875052806007054426",channel_name:"chat"}
[2021/08/12 01:27:29.120][687188236971671560][event][MESSAGE][chloe5325#1260] {message:"??????????????????????????????????????",id:"875052816090136596",channel_name:"chat"}
[2021/08/12 01:27:30.428][687188236971671560][event][MESSAGE][양 진#4848] {message:"이게 그 말하는",id:"875052821546930206",channel_name:"chat"}
[2021/08/12 01:27:31.723][687188236971671560][event][MESSAGE][chloe5325#1260] {message:"????????????????????????????????????????????",id:"875052826659782658",channel_name:"chat"}
[2021/08/12 01:27:42.150][687188236971671560][event][MESSAGE][양 진#4848] {message:"자존심 강한 두 천재의 대결인가",id:"875052870645477426",channel_name:"chat"}
[2021/08/12 01:27:43.563][687188236971671560][event][MESSAGE][chloe5325#1260] {message:"ㅋㅋㅋㅋㅋㅋㅋㅋ난 아니야?ㅋㅋㅋㅋㅋㅋㅋㅋ",id:"875052876349702144",channel_name:"chat"}
[2021/08/12 01:27:54.101][687188236971671560][event][MESSAGE][chloe5325#1260] {message:"아 나는 얼굴도 아니다",id:"875052920838717471",channel_name:"chat"}
[2021/08/12 01:27:55.324][687188236971671560][event][MESSAGE][chloe5325#1260] {message:"음",id:"875052925968334898",channel_name:"chat"}
[2021/08/12 01:27:56.540][687188236971671560][event][MESSAGE][chloe5325#1260] {message:"오",id:"875052930938576916",channel_name:"chat"}
[2021/08/12 01:28:04.323][687188236971671560][event][MESSAGE][chloe5325#1260] {message:"오오",id:"875052963675119677",channel_name:"chat"}
[2021/08/12 01:28:06.389][687188236971671560][event][MESSAGE][chloe5325#1260] {message:"으음",id:"875052972386709534",channel_name:"chat"}
[2021/08/12 01:28:12.441][687188236971671560][event][MESSAGE][chloe5325#1260] {message:"아니 잠 안잤다고 왜 공격이야",id:"875052997745467422",channel_name:"chat"}
[2021/08/12 01:28:14.485][687188236971671560][event][MESSAGE][chloe5325#1260] {message:"ㅡㅡ",id:"875053005882400819",channel_name:"chat"}
[2021/08/12 01:28:19.830][687188236971671560][event][MESSAGE][chloe5325#1260] {message:"거울봐",id:"875053028649078795",channel_name:"chat"}
[2021/08/12 01:28:20.559][687188236971671560][event][MESSAGE][chloe5325#1260] {message:"거울",id:"875053031463469087",channel_name:"chat"}
[2021/08/12 01:28:21.148][687188236971671560][event][MESSAGE][chloe5325#1260] {message:"봐",id:"875053034324000768",channel_name:"chat"}
[2021/08/12 01:28:23.318][687188236971671560][event][MESSAGE][chloe5325#1260] {message:"거울",id:"875053043404636200",channel_name:"chat"}
[2021/08/12 01:28:24.639][687188236971671560][event][MESSAGE][chloe5325#1260] {message:"봐",id:"875053048953704498",channel_name:"chat"}
[2021/08/12 01:28:26.077][687188236971671560][event][MESSAGE][chloe5325#1260] {message:"거울",id:"875053054867685447",channel_name:"chat"}
[2021/08/12 01:28:26.984][687188236971671560][event][MESSAGE][chloe5325#1260] {message:"보라고",id:"875053058692886548",channel_name:"chat"}
[2021/08/12 01:28:28.894][687188236971671560][event][MESSAGE][chloe5325#1260] {message:"ㅡㅡ",id:"875053066783711262",channel_name:"chat"}
[2021/08/12 01:28:37.706][687188236971671560][event][MESSAGE][chloe5325#1260] {message:"저는 피해 가는데",id:"875053103479672934",channel_name:"chat"}
[2021/08/12 01:28:43.361][687188236971671560][event][MESSAGE][chloe5325#1260] {message:"피해가 상당히 큰데",id:"875053127483686962",channel_name:"chat"}
[2021/08/12 01:28:48.129][687188236971671560][event][MESSAGE][양 진#4848] {message:"ㅋㅋㅋㅋㅋㅋㅋㅋㅋㅋ",id:"875053147452747826",channel_name:"chat"}
[2021/08/12 01:28:48.178][687188236971671560][event][MESSAGE][chloe5325#1260] {message:"ㅋㅋㅋㅋㅋㅋㅋ미역 대가리라니",id:"875053147670855680",channel_name:"chat"}
[2021/08/12 01:28:50.102][687188236971671560][event][MESSAGE][chloe5325#1260] {message:"?????????",id:"875053155732303902",channel_name:"chat"}
[2021/08/12 01:28:51.531][687188236971671560][event][MESSAGE][chloe5325#1260] {message:"ㅋㅋㅋㅋㅋㅋㅋㅋㅋㅋㅋㅋㅋㅋㅋ",id:"875053161642070086",channel_name:"chat"}
[2021/08/12 01:28:53.498][687188236971671560][event][MESSAGE][양 진#4848] {message:"ㅋ",id:"875053169909067776",channel_name:"chat"}
[2021/08/12 01:28:53.505][687188236971671560][event][MESSAGE][chloe5325#1260] {message:"ㅡㅡ",id:"875053169971974204",channel_name:"chat"}
[2021/08/12 01:28:53.913][687188236971671560][event][MESSAGE][양 진#4848] {message:"ㅋ",id:"875053171712589834",channel_name:"chat"}
[2021/08/12 01:28:54.217][687188236971671560][event][MESSAGE][양 진#4848] {message:"ㅋ",id:"875053172924743720",channel_name:"chat"}
[2021/08/12 01:28:55.508][687188236971671560][event][MESSAGE][chloe5325#1260] {message:"ㅡㅡ",id:"875053178268307556",channel_name:"chat"}
[2021/08/12 01:28:56.276][687188236971671560][event][MESSAGE][chloe5325#1260] {message:"ㅡㅡ",id:"875053181627932722",channel_name:"chat"}
[2021/08/12 01:29:05.267][687188236971671560][event][MESSAGE][chloe5325#1260] {message:"ㄹㅇ",id:"875053219263418388",channel_name:"chat"}
[2021/08/12 01:29:05.941][687188236971671560][event][MESSAGE][chloe5325#1260] {message:"ㄹㅇ",id:"875053222132334632",channel_name:"chat"}
[2021/08/12 01:29:06.928][687188236971671560][event][MESSAGE][chloe5325#1260] {message:"ㄹㅇ",id:"875053225915605073",channel_name:"chat"}
[2021/08/12 01:29:13.392][687188236971671560][event][MESSAGE][chloe5325#1260] {message:"^^",id:"875053253367328809",channel_name:"chat"}
[2021/08/12 01:29:16.467][687188236971671560][event][MESSAGE][chloe5325#1260] {message:"ㄹㅇ",id:"875053265941848075",channel_name:"chat"}
[2021/08/12 01:29:17.366][687188236971671560][event][MESSAGE][chloe5325#1260] {message:"ㄹㅇ",id:"875053269746073621",channel_name:"chat"}
[2021/08/12 01:29:18.414][687188236971671560][event][MESSAGE][chloe5325#1260] {message:"ㄹㅇ",id:"875053274498232380",channel_name:"chat"}
[2021/08/12 01:29:19.604][687188236971671560][event][MESSAGE][chloe5325#1260] {message:"ㄹㅇ",id:"875053279468482590",channel_name:"chat"}
[2021/08/12 01:29:21.308][687188236971671560][event][MESSAGE][chloe5325#1260] {message:"ㄹㅇ",id:"875053286019969095",channel_name:"chat"}
[2021/08/12 01:29:24.376][687188236971671560][event][MESSAGE][chloe5325#1260] {message:"아 그래?",id:"875053299496284241",channel_name:"chat"}
[2021/08/12 01:29:28.427][687188236971671560][event][MESSAGE][chloe5325#1260] {message:"과연 머리카락 때문일까",id:"875053316495777793",channel_name:"chat"}
[2021/08/12 01:29:37.813][687188236971671560][event][MESSAGE][chloe5325#1260] {message:"저리가",id:"875053355477635103",channel_name:"chat"}
[2021/08/12 01:29:40.679][687188236971671560][event][MESSAGE][chloe5325#1260] {message:"저리가",id:"875053367431405569",channel_name:"chat"}
[2021/08/12 01:29:43.701][687188236971671560][event][MESSAGE][chloe5325#1260] {message:"저리가",id:"875053380475695246",channel_name:"chat"}
[2021/08/12 01:29:45.137][687188236971671560][event][MESSAGE][chloe5325#1260] {message:"저리가",id:"875053386578411551",channel_name:"chat"}
[2021/08/12 01:29:47.834][687188236971671560][event][MESSAGE][chloe5325#1260] {message:"아니",id:"875053397756231680",channel_name:"chat"}
[2021/08/12 01:29:48.784][687188236971671560][event][MESSAGE][chloe5325#1260] {message:"ㅋㅋㅋㅋㅋㅋㅋㅋㅋ",id:"875053401837285466",channel_name:"chat"}
[2021/08/12 01:29:57.123][687188236971671560][event][MESSAGE][chloe5325#1260] {message:"ㅡㅡ",id:"875053436809388072",channel_name:"chat"}
[2021/08/12 01:29:58.233][687188236971671560][event][MESSAGE][chloe5325#1260] {message:"저리가",id:"875053441460867112",channel_name:"chat"}
[2021/08/12 01:30:03.073][687188236971671560][event][MESSAGE][chloe5325#1260] {message:"ㅋㅋㅋㅋㅋㅋㅋㅋㅋㅋㅋㅋㅋㅋㅋㅋ",id:"875053461484503052",channel_name:"chat"}
[2021/08/12 01:30:09.616][687188236971671560][event][MESSAGE][chloe5325#1260] {message:"안녕히 주무십쇼^^",id:"875053489234014238",channel_name:"chat"}
[2021/08/12 01:30:14.507][687188236971671560][event][MESSAGE][chloe5325#1260] {message:"앟?",id:"875053509769326622",channel_name:"chat"}
[2021/08/12 01:30:20.542][687188236971671560][event][MESSAGE][chloe5325#1260] {message:"ㅋㅋㅋㅋㅋㅋㅋㅋㅋㅋㅋㅋㅋ이걸 들키네",id:"875053535069356032",channel_name:"chat"}
[2021/08/12 01:30:29.881][687188236971671560][event][MESSAGE][chloe5325#1260] {message:"눈은 피곤",id:"875053574193836052",channel_name:"chat"}
[2021/08/12 01:30:34.106][687188236971671560][event][MESSAGE][chloe5325#1260] {message:"근데 몸은 안피곤",id:"875053591969292349",channel_name:"chat"}
[2021/08/12 01:30:37.598][687188236971671560][event][MESSAGE][chloe5325#1260] {message:"????????",id:"875053606619975710",channel_name:"chat"}
[2021/08/12 01:30:43.164][687188236971671560][event][MESSAGE][chloe5325#1260] {message:"자는게 아니고 기절이 아닐까",id:"875053629843865640",channel_name:"chat"}
[2021/08/12 01:30:48.780][687188236971671560][event][MESSAGE][양 진#4848] {message:"기절하면",id:"875053653491339284",channel_name:"chat"}
[2021/08/12 01:30:50.304][687188236971671560][event][MESSAGE][양 진#4848] {message:"너가 말한대로",id:"875053659883438110",channel_name:"chat"}
[2021/08/12 01:30:55.128][687188236971671560][event][MESSAGE][양 진#4848] {message:"119는 불러줄게",id:"875053679831580693",channel_name:"chat"}
[2021/08/12 01:30:58.021][687188236971671560][event][MESSAGE][chloe5325#1260] {message:"ㅋㅋㅋㅋㅋㅋㅋㅋㅋㅋㅋㅋㅋㅋㅋㅋㅋㅋㅋㅋㅋㅋ",id:"875053692242497646",channel_name:"chat"}
[2021/08/12 01:31:03.213][687188236971671560][event][MESSAGE][chloe5325#1260] {message:"ㄱㅅ",id:"875053713885130792",channel_name:"chat"}
[2021/08/12 01:31:04.387][687188236971671560][event][MESSAGE][chloe5325#1260] {message:"ㅋㅋㅋㅋㅋㅋㅋㅋㅋㅋ",id:"875053718943461406",channel_name:"chat"}
[2021/08/12 01:31:09.172][687188236971671560][event][MESSAGE][chloe5325#1260] {message:"음",id:"875053738786697308",channel_name:"chat"}
[2021/08/12 01:31:11.438][687188236971671560][event][MESSAGE][chloe5325#1260] {message:"상황 봐서",id:"875053748555218964",channel_name:"chat"}
[2021/08/12 01:31:12.868][687188236971671560][event][MESSAGE][ashz#3656] {message:"의미있게",id:"875053754469187634",channel_name:"chat"}
[2021/08/12 01:31:15.827][687188236971671560][event][MESSAGE][ashz#3656] {message:"말하고",id:"875053766922092594",channel_name:"chat"}
[2021/08/12 01:31:18.707][687188236971671560][event][MESSAGE][ashz#3656] {message:"잘수있어서",id:"875053779005874208",channel_name:"chat"}
[2021/08/12 01:31:21.104][687188236971671560][event][MESSAGE][ashz#3656] {message:"행복하게",id:"875053789000904766",channel_name:"chat"}
[2021/08/12 01:31:27.703][687188236971671560][event][MESSAGE][ashz#3656] {message:"잘수있겠다",id:"875053816511344701",channel_name:"chat"}
[2021/08/12 01:31:32.290][687188236971671560][event][MESSAGE][양 진#4848] {message:"ㅋㅋㅋㅋㅋㅋㅋㅋㅋㅋㅋㅋㅋㅋㅋㅋㅋㅋㅋㅋㅋㅋㅋㅋㅋㅋㅋ",id:"875053835930980443",channel_name:"chat"}
[2021/08/12 01:31:33.409][687188236971671560][event][MESSAGE][ashz#3656] {message:"ㅎㅎ",id:"875053840666357780",channel_name:"chat"}
[2021/08/12 01:31:34.018][687188236971671560][event][MESSAGE][chloe5325#1260] {message:"좋은 꿈 꾸라고 내 사진이나 보내줄까",id:"875053843208085504",channel_name:"chat"}
[2021/08/12 01:31:37.283][687188236971671560][event][MESSAGE][chloe5325#1260] {message:"^^",id:"875053856877314099",channel_name:"chat"}
[2021/08/12 01:31:38.502][687188236971671560][event][MESSAGE][양 진#4848] {message:"ㅋㅋㅋㅋㅋㅋㅋㅋㅋㅋㅋㅋㅋㅋㅋㅋㅋㅋㅋㅋ",id:"875053862061481984",channel_name:"chat"}
[2021/08/12 01:31:39.924][687188236971671560][event][MESSAGE][ashz#3656] {message:"ㄴㄴ",id:"875053867853820005",channel_name:"chat"}
[2021/08/12 01:31:43.994][687188236971671560][event][MESSAGE][ashz#3656] {message:"그럼 악몽이되고",id:"875053884861722624",channel_name:"chat"}
[2021/08/12 01:31:47.153][687188236971671560][event][MESSAGE][chloe5325#1260] {message:"진짜 개꿀잠 각인데",id:"875053898317041694",channel_name:"chat"}
[2021/08/12 01:31:51.571][687188236971671560][event][MESSAGE][ashz#3656] {message:"ㅋ",id:"875053916658737153",channel_name:"chat"}
[2021/08/12 01:31:54.505][687188236971671560][event][MESSAGE][chloe5325#1260] {message:"ㅋ?",id:"875053928818020435",channel_name:"chat"}
[2021/08/12 01:31:58.483][687188236971671560][event][MESSAGE][ashz#3656] {message:"돼지한테 쫓기는게",id:"875053945872089149",channel_name:"chat"}
[2021/08/12 01:32:00.869][687188236971671560][event][MESSAGE][chloe5325#1260] {message:"아니",id:"875053955720286258",channel_name:"chat"}
[2021/08/12 01:32:01.810][687188236971671560][event][MESSAGE][chloe5325#1260] {message:"ㅋㅋㅋㅋㅋㅋㅋㅋㅋ",id:"875053959843287070",channel_name:"chat"}
[2021/08/12 01:32:04.422][687188236971671560][event][MESSAGE][chloe5325#1260] {message:"돼지가 여기서 왜 나와",id:"875053970752667679",channel_name:"chat"}
[2021/08/12 01:32:06.548][687188236971671560][event][MESSAGE][chloe5325#1260] {message:"ㅡㅡ",id:"875053979690745856",channel_name:"chat"}
[2021/08/12 01:32:18.990][687188236971671560][event][MESSAGE][ashz#3656] {message:"? 너기 나오면 돼지지",id:"875054031884664842",channel_name:"chat"}
[2021/08/12 01:32:22.255][687188236971671560][event][MESSAGE][ashz#3656] {message:"그럼 뭔데",id:"875054045587451904",channel_name:"chat"}
[2021/08/12 01:32:25.881][687188236971671560][event][MESSAGE][chloe5325#1260] {message:"?",id:"875054060749869117",channel_name:"chat"}
[2021/08/12 01:32:27.774][687188236971671560][event][MESSAGE][chloe5325#1260] {message:"사람인데요",id:"875054068723228682",channel_name:"chat"}
[2021/08/12 01:32:38.162][687188236971671560][event][MESSAGE][ashz#3656] {message:"<a:YUCK:763159036597370890>",id:"875054112289472523",channel_name:"chat"}
[2021/08/12 01:32:41.649][687188236971671560][event][MESSAGE][chloe5325#1260] {message:"ㅡㅡ",id:"875054126885650482",channel_name:"chat"}
[2021/08/12 01:32:42.683][687188236971671560][event][MESSAGE][chloe5325#1260] {message:"?",id:"875054131235156058",channel_name:"chat"}
[2021/08/12 01:32:54.095][687188236971671560][event][MESSAGE][chloe5325#1260] {message:"에이 그래도 돼지는 아니다",id:"875054179050192906",channel_name:"chat"}
[2021/08/12 01:32:55.343][687188236971671560][event][MESSAGE][chloe5325#1260] {message:"아닌가",id:"875054184066600992",channel_name:"chat"}
[2021/08/12 01:33:01.599][687188236971671560][event][MESSAGE][ashz#3656] {message:"혹시",id:"875054210595565598",channel_name:"chat"}
[2021/08/12 01:33:03.383][687188236971671560][event][MESSAGE][chloe5325#1260] {message:"그래도 살은 안쪘는데",id:"875054218057244732",channel_name:"chat"}
[2021/08/12 01:33:05.547][687188236971671560][event][MESSAGE][chloe5325#1260] {message:"큼",id:"875054227171442758",channel_name:"chat"}
[2021/08/12 01:33:06.006][687188236971671560][event][MESSAGE][ashz#3656] {message:"최근에",id:"875054229054693426",channel_name:"chat"}
[2021/08/12 01:33:08.659][687188236971671560][event][MESSAGE][chloe5325#1260] {message:"에?",id:"875054240236728390",channel_name:"chat"}
[2021/08/12 01:33:10.725][687188236971671560][event][MESSAGE][ashz#3656] {message:"얼굴 보셨나요",id:"875054248470151241",channel_name:"chat"}
[2021/08/12 01:33:14.005][687188236971671560][event][MESSAGE][ashz#3656] {message:"혹은",id:"875054262579773502",channel_name:"chat"}
[2021/08/12 01:33:14.161][687188236971671560][event][MESSAGE][chloe5325#1260] {message:"ㅋㅋㅋㅋㅋㅋㅋㅋㅋㅋㅋㅋㅋㅋㅋㅋㅋㅋㅋㅋㅋㅋㅋㅋㅋㅋㅋㅋㅋㅋㅋㅋㅋㅋㅋㅋㅋㅋㅋㅋㅋㅋㅋㅋㅋㅋㅋㅋㅋㅋㅋ",id:"875054263280234556",channel_name:"chat"}
[2021/08/12 01:33:17.273][687188236971671560][event][MESSAGE][chloe5325#1260] {message:"ㅋㅋㅋㅋㅋㅋㅋㅋㅋㅋㅋㅋㅋㅋㅋㅋㅋㅋㅋㅋㅋㅋㅋㅋㅋㅋㅋㅋㅋㅋㅋㅋㅋㅋㅋㅋㅋㅋㅋㅋㅋㅋㅋㅋㅋㅋㅋ",id:"875054276223848489",channel_name:"chat"}
[2021/08/12 01:33:20.194][687188236971671560][event][MESSAGE][ashz#3656] {message:"무게는?....",id:"875054286420205678",channel_name:"chat"}
[2021/08/12 01:33:21.043][687188236971671560][event][MESSAGE][양 진#4848] {message:"아 아까",id:"875054292137017404",channel_name:"chat"}
[2021/08/12 01:33:22.261][687188236971671560][event][MESSAGE][양 진#4848] {message:"누군가가",id:"875054297203761162",channel_name:"chat"}
[2021/08/12 01:33:24.110][687188236971671560][event][MESSAGE][chloe5325#1260] {message:"ㅋㅋㅋㅋㅋㅋㅋㅋㅋㅋㅋㅋㅋㅋㅋㅋㅋㅋㅋㅋㅋㅋㅋㅋㅋㅋㅋㅋㅋㅋㅋㅋㅋㅋㅋㅋㅋㅋㅋㅋㅋㅋㅋㅋ",id:"875054304791253023",channel_name:"chat"}
[2021/08/12 01:33:25.380][687188236971671560][event][MESSAGE][양 진#4848] {message:"요즘 밖에 안나가서",id:"875054310235439134",channel_name:"chat"}
[2021/08/12 01:33:28.596][687188236971671560][event][MESSAGE][양 진#4848] {message:"배나왔다고",id:"875054323728515152",channel_name:"chat"}
[2021/08/12 01:33:29.587][687188236971671560][event][MESSAGE][양 진#4848] {message:"그러던데",id:"875054328006725743",channel_name:"chat"}
[2021/08/12 01:33:31.075][687188236971671560][event][MESSAGE][chloe5325#1260] {message:"아놔ㅋㅋㅋㅋㅋㅋㅋㅋㅋㅋㅋㅋㅋㅋㅋㅋㅋㅋㅋㅋㅋㅋㅋㅋㅋㅋㅋㅋㅋㅋㅋㅋㅋㅋㅋㅋㅋㅋㅋㅋㅋㅋㅋㅋㅋ",id:"875054334239469599",channel_name:"chat"}
[2021/08/12 01:33:33.763][687188236971671560][event][MESSAGE][ashz#3656] {message:"<a:pewpew:761240189602889749>",id:"875054345455022120",channel_name:"chat"}
[2021/08/12 01:33:36.592][687188236971671560][event][MESSAGE][chloe5325#1260] {message:"배는 누구나 나오는거 아닙니까",id:"875054357110984725",channel_name:"chat"}
[2021/08/12 01:33:37.568][687188236971671560][event][MESSAGE][chloe5325#1260] {message:"허 참",id:"875054361435320330",channel_name:"chat"}
[2021/08/12 01:33:48.118][687188236971671560][event][MESSAGE][chloe5325#1260] {message:"언젠가는 다시 들어갑니다 걱정 마세요",id:"875054405601353780",channel_name:"chat"}
[2021/08/12 01:33:48.351][687188236971671560][event][MESSAGE][양 진#4848] {message:"보통 갑자기 나왔다는",id:"875054406649913444",channel_name:"chat"}
[2021/08/12 01:33:49.773][687188236971671560][event][MESSAGE][chloe5325#1260] {message:"찡긋",id:"875054412605829210",channel_name:"chat"}
[2021/08/12 01:33:50.994][687188236971671560][event][MESSAGE][양 진#4848] {message:"표현을 하진 않지",id:"875054417576079440",channel_name:"chat"}
[2021/08/12 01:33:52.151][687188236971671560][event][MESSAGE][ashz#3656] {message:"ㅋ",id:"875054422273712159",channel_name:"chat"}
[2021/08/12 01:33:54.167][687188236971671560][event][MESSAGE][chloe5325#1260] {message:"ㅋ?",id:"875054431098531861",channel_name:"chat"}
[2021/08/12 01:33:54.516][687188236971671560][event][MESSAGE][ashz#3656] {message:"ㅋㅋㅋㅋㅋㅋ",id:"875054432306483201",channel_name:"chat"}
[2021/08/12 01:33:56.456][687188236971671560][event][MESSAGE][chloe5325#1260] {message:"아니",id:"875054440397287515",channel_name:"chat"}
[2021/08/12 01:33:56.989][687188236971671560][event][MESSAGE][ashz#3656] {message:"ㅋㅋㅋㅋ",id:"875054442842558554",channel_name:"chat"}
[2021/08/12 01:33:58.744][687188236971671560][event][MESSAGE][chloe5325#1260] {message:"ㅡㅡ",id:"875054450094510160",channel_name:"chat"}
[2021/08/12 01:34:01.218][687188236971671560][event][MESSAGE][chloe5325#1260] {message:"다 저리가",id:"875054460655796294",channel_name:"chat"}
[2021/08/12 01:34:01.260][687188236971671560][event][MESSAGE][ashz#3656] {message:"배니왔다? ㅋㅋㅋㅋ",id:"875054460441862166",channel_name:"chat"}
[2021/08/12 01:34:02.615][687188236971671560][event][MESSAGE][chloe5325#1260] {message:"ㅡㅡ",id:"875054466427133952",channel_name:"chat"}
[2021/08/12 01:34:09.643][687188236971671560][event][MESSAGE][양 진#4848] {message:"아 알았ㅇ너",id:"875054495871168562",channel_name:"chat"}
[2021/08/12 01:34:10.362][687188236971671560][event][MESSAGE][양 진#4848] {message:"어",id:"875054498987524117",channel_name:"chat"}
[2021/08/12 01:34:12.408][687188236971671560][event][MESSAGE][양 진#4848] {message:"말 안할게",id:"875054507560669204",channel_name:"chat"}
[2021/08/12 01:34:13.573][687188236971671560][event][MESSAGE][ashz#3656] {message:"나 나온거 지금 절반 이상으로 뺏는데",id:"875054512207958087",channel_name:"chat"}
[2021/08/12 01:34:15.387][687188236971671560][event][MESSAGE][chloe5325#1260] {message:"ㅋㅋㅋㅋㅋㅋㅋㅋㅋㅋㅋㅋㅋㅋㅋㅋㅋㅋㅋ",id:"875054520084865054",channel_name:"chat"}
[2021/08/12 01:34:16.646][687188236971671560][event][MESSAGE][ashz#3656] {message:"ㅋㅋㅋㅋ",id:"875054525378089030",channel_name:"chat"}
[2021/08/12 01:34:18.494][687188236971671560][event][MESSAGE][ashz#3656] {message:"ㅋㅋㅋㅋㅋㅋㅋㅋ",id:"875054533108191233",channel_name:"chat"}
[2021/08/12 01:34:20.869][687188236971671560][event][MESSAGE][chloe5325#1260] {message:"ㅋ",id:"875054543061266442",channel_name:"chat"}
[2021/08/12 01:34:21.306][687188236971671560][event][MESSAGE][chloe5325#1260] {message:"ㅋ",id:"875054544902582343",channel_name:"chat"}
[2021/08/12 01:34:21.672][687188236971671560][event][MESSAGE][chloe5325#1260] {message:"ㅋ",id:"875054546131501087",channel_name:"chat"}
[2021/08/12 01:34:22.092][687188236971671560][event][MESSAGE][chloe5325#1260] {message:"ㅋ",id:"875054548182519888",channel_name:"chat"}
[2021/08/12 01:34:29.096][687188236971671560][event][MESSAGE][양 진#4848] {message:"이걸 그냥 묻어버리네",id:"875054577576206436",channel_name:"chat"}
[2021/08/12 01:34:29.296][687188236971671560][event][MESSAGE][ashz#3656] {message:"운동 한달만 더하면",id:"875054578285027368",channel_name:"chat"}
[2021/08/12 01:34:39.960][687188236971671560][event][MESSAGE][ashz#3656] {message:"그냥 배살 아예 없앨수도",id:"875054623143116810",channel_name:"chat"}
[2021/08/12 01:34:43.099][687188236971671560][event][MESSAGE][ashz#3656] {message:"근데",id:"875054636321603604",channel_name:"chat"}
[2021/08/12 01:34:43.855][687188236971671560][event][MESSAGE][chloe5325#1260] {message:"복근 기대 하겠습니다 형님^^",id:"875054639471538226",channel_name:"chat"}
[2021/08/12 01:34:47.534][687188236971671560][event][MESSAGE][ashz#3656] {message:"ㅋ",id:"875054654889807914",channel_name:"chat"}
[2021/08/12 01:34:49.962][687188236971671560][event][MESSAGE][ashz#3656] {message:"생겨도",id:"875054664880635975",channel_name:"chat"}
[2021/08/12 01:34:58.335][687188236971671560][event][MESSAGE][ashz#3656] {message:"1. 닌 모를거임",id:"875054700213448734",channel_name:"chat"}
[2021/08/12 01:35:02.571][687188236971671560][event][MESSAGE][chloe5325#1260] {message:"생겨도 안보긴 할건데",id:"875054717590446133",channel_name:"chat"}
[2021/08/12 01:35:08.677][687188236971671560][event][MESSAGE][ashz#3656] {message:"2. 다이어트 해야해서 귀찮",id:"875054743217639435",channel_name:"chat"}
[2021/08/12 01:35:12.696][687188236971671560][event][MESSAGE][chloe5325#1260] {message:"아니 생길 일이 없잖아",id:"875054760405901342",channel_name:"chat"}
[2021/08/12 01:35:18.713][687188236971671560][event][MESSAGE][chloe5325#1260] {message:"꿈을 너무 크게 가진 것 같아 형",id:"875054785466884137",channel_name:"chat"}
[2021/08/12 01:35:20.620][687188236971671560][event][MESSAGE][ashz#3656] {message:"? 할수는 있음",id:"875054793301835818",channel_name:"chat"}
[2021/08/12 01:35:22.826][687188236971671560][event][MESSAGE][양 진#4848] {message:"ㅋㅋㅋㅋㅋㅋㅋㅋㅋㅋㅋㅋㅋㅋㅋㅋㅋ",id:"875054802940330044",channel_name:"chat"}
[2021/08/12 01:35:23.322][687188236971671560][event][MESSAGE][ashz#3656] {message:"근데",id:"875054805029101588",channel_name:"chat"}
[2021/08/12 01:35:24.486][687188236971671560][event][MESSAGE][chloe5325#1260] {message:"?",id:"875054809902895154",channel_name:"chat"}
[2021/08/12 01:35:27.829][687188236971671560][event][MESSAGE][ashz#3656] {message:"애식을 포기해야해서",id:"875054823911866368",channel_name:"chat"}
[2021/08/12 01:35:28.635][687188236971671560][event][MESSAGE][양 진#4848] {message:"팝콘뜯어야지",id:"875054827091152897",channel_name:"chat"}
[2021/08/12 01:35:32.426][687188236971671560][event][MESSAGE][chloe5325#1260] {message:"ㅋㅋㅋㅋㅋㅋㅋㅋㅋㅋㅋ",id:"875054843134361670",channel_name:"chat"}
[2021/08/12 01:35:32.677][687188236971671560][event][MESSAGE][ashz#3656] {message:"야식*",id:"875054844145184809",channel_name:"chat"}
[2021/08/12 01:35:36.892][687188236971671560][event][MESSAGE][chloe5325#1260] {message:"나도 한입만",id:"875054861702541343",channel_name:"chat"}
[2021/08/12 01:35:41.636][687188236971671560][event][MESSAGE][ashz#3656] {message:"그래서 복근끼진 싫음",id:"875054881822609418",channel_name:"chat"}
[2021/08/12 01:35:45.497][687188236971671560][event][MESSAGE][chloe5325#1260] {message:"ㅋ?",id:"875054898008457267",channel_name:"chat"}
[2021/08/12 01:35:50.407][687188236971671560][event][MESSAGE][양 진#4848] {message:"너가 여기까지 오던가",id:"875054918640218172",channel_name:"chat"}
[2021/08/12 01:35:51.590][687188236971671560][event][MESSAGE][chloe5325#1260] {message:"기대는 안되지만 기대 하겠습니다^^",id:"875054923539185715",channel_name:"chat"}
[2021/08/12 01:35:53.303][687188236971671560][event][MESSAGE][chloe5325#1260] {message:"충성충성",id:"875054930749186088",channel_name:"chat"}
[2021/08/12 01:36:01.049][687188236971671560][event][MESSAGE][ashz#3656] {message:"ㅎㅎ 그래",id:"875054963246653551",channel_name:"chat"}
[2021/08/12 01:36:03.497][687188236971671560][event][MESSAGE][chloe5325#1260] {message:"배달좀",id:"875054973539467315",channel_name:"chat"}
[2021/08/12 01:36:06.973][687188236971671560][event][MESSAGE][chloe5325#1260] {message:"ㅋㅋㅋㅋㅋㅋㅋㅋㅋㅋ",id:"875054988034985984",channel_name:"chat"}
[2021/08/12 01:36:17.567][687188236971671560][event][MESSAGE][chloe5325#1260] {message:"나도 복근이나 만들어야지",id:"875055032188432456",channel_name:"chat"}
[2021/08/12 01:36:18.621][687188236971671560][event][MESSAGE][chloe5325#1260] {message:"기대해",id:"875055036516950039",channel_name:"chat"}
[2021/08/12 01:36:19.526][687188236971671560][event][MESSAGE][chloe5325#1260] {message:"ㅋ",id:"875055040769962084",channel_name:"chat"}
[2021/08/12 01:36:21.623][687188236971671560][event][MESSAGE][ashz#3656] {message:"ㅋ",id:"875055049225666581",channel_name:"chat"}
[2021/08/12 01:36:21.676][687188236971671560][event][MESSAGE][양 진#4848] {message:"?",id:"875055049431212074",channel_name:"chat"}
[2021/08/12 01:36:24.557][687188236971671560][event][MESSAGE][chloe5325#1260] {message:"ㅋ?",id:"875055061737287691",channel_name:"chat"}
[2021/08/12 01:36:25.645][687188236971671560][event][MESSAGE][양 진#4848] {message:"저거 캡쳐해둠",id:"875055066384592956",channel_name:"chat"}
[2021/08/12 01:36:28.247][687188236971671560][event][MESSAGE][chloe5325#1260] {message:"ㅋㅋㅋㅋㅋㅋㅋㅋㅋㅋㅋㅋㅋㅋㅋ",id:"875055077310746675",channel_name:"chat"}
[2021/08/12 01:36:28.750][687188236971671560][event][MESSAGE][chloe5325#1260] {message:"아",id:"875055079470825492",channel_name:"chat"}
[2021/08/12 01:36:29.113][687188236971671560][event][MESSAGE][ashz#3656] {message:"ㅋ",id:"875055080972382258",channel_name:"chat"}
[2021/08/12 01:36:29.839][687188236971671560][event][MESSAGE][양 진#4848] {message:"저거 성공 못하면",id:"875055083920977991",channel_name:"chat"}
[2021/08/12 01:36:29.896][687188236971671560][event][MESSAGE][ashz#3656] {message:"ㅋㅋㅋ",id:"875055084243927060",channel_name:"chat"}
[2021/08/12 01:36:31.027][687188236971671560][event][MESSAGE][chloe5325#1260] {message:"박제는 좀",id:"875055088996065360",channel_name:"chat"}
[2021/08/12 01:36:32.550][687188236971671560][event][MESSAGE][chloe5325#1260] {message:"ㅋㅋㅋㅋㅋㅋㅋㅋㅋㅋㅋㅋ",id:"875055095287517224",channel_name:"chat"}
[2021/08/12 01:36:41.493][687188236971671560][event][MESSAGE][양 진#4848] {message:"딱대",id:"875055132851720232",channel_name:"chat"}
[2021/08/12 01:36:42.374][687188236971671560][event][MESSAGE][chloe5325#1260] {message:"그냥 흘려 들으셔도 되는데",id:"875055136249110569",channel_name:"chat"}
[2021/08/12 01:36:43.004][687188236971671560][event][MESSAGE][ashz#3656] {message:"영진아 나중에 잘 물어 뜯어가",id:"875055139239636992",channel_name:"chat"}
[2021/08/12 01:36:44.956][687188236971671560][event][MESSAGE][ashz#3656] {message:"절대로",id:"875055147414343720",channel_name:"chat"}
[2021/08/12 01:36:47.690][687188236971671560][event][MESSAGE][chloe5325#1260] {message:"ㅋㅋㅋㅋㅋㅋㅋㅋㅋㅋㅋㅋㅋㅋㅋㅋㅋㅋㅋㅋㅋㅋㅋㅋㅋㅋㅋㅋㅋㅋㅋㅋㅋㅋㅋㅋㅋㅋㅋㅋㅋㅋㅋ",id:"875055158889955358",channel_name:"chat"}
[2021/08/12 01:36:48.403][687188236971671560][event][MESSAGE][ashz#3656] {message:"저 꼬맹이는",id:"875055161909854228",channel_name:"chat"}
[2021/08/12 01:36:49.303][687188236971671560][event][MESSAGE][chloe5325#1260] {message:"아앟",id:"875055165399527445",channel_name:"chat"}
[2021/08/12 01:36:51.008][687188236971671560][event][MESSAGE][ashz#3656] {message:"운동 안해",id:"875055172794073098",channel_name:"chat"}
[2021/08/12 01:36:51.860][687188236971671560][event][MESSAGE][ashz#3656] {message:"ㅋㅋㅋ",id:"875055176225009735",channel_name:"chat"}
[2021/08/12 01:36:53.512][687188236971671560][event][MESSAGE][chloe5325#1260] {message:"ㅋㅋㅋㅋㅋㅋㅋㅋㅋㅋㅋㅋ",id:"875055183212728350",channel_name:"chat"}
[2021/08/12 01:36:54.316][687188236971671560][event][MESSAGE][chloe5325#1260] {message:"아니야",id:"875055186656264192",channel_name:"chat"}
[2021/08/12 01:36:56.375][687188236971671560][event][MESSAGE][chloe5325#1260] {message:"배드민턴",id:"875055195296501911",channel_name:"chat"}
[2021/08/12 01:36:58.916][687188236971671560][event][MESSAGE][chloe5325#1260] {message:"하는데..........",id:"875055205933285427",channel_name:"chat"}
[2021/08/12 01:36:59.959][687188236971671560][event][MESSAGE][ashz#3656] {message:"ㅋㅋㅋㅋ",id:"875055210370838608",channel_name:"chat"}
[2021/08/12 01:37:04.239][687188236971671560][event][MESSAGE][chloe5325#1260] {message:"ㅋㅋㅋㅋㅋㅋㅋ덤벼",id:"875055228297306192",channel_name:"chat"}
[2021/08/12 01:37:06.670][687188236971671560][event][MESSAGE][양 진#4848] {message:"듣기론 지금 집밖에 너무 안나가서 뭐가 있는지도 모른다던데",id:"875055238208434177",channel_name:"chat"}
[2021/08/12 01:37:07.908][687188236971671560][event][MESSAGE][ashz#3656] {message:"배드민턴으로 복근 만든다?ㅋㅋㅋㅋ",id:"875055243719761990",channel_name:"chat"}
[2021/08/12 01:37:11.835][687188236971671560][event][MESSAGE][chloe5325#1260] {message:"ㅋㅋㅋㅋㅋㅋㅋㅋㅋㅋㅋㅋㅋㅋㅋㅋ",id:"875055259855237130",channel_name:"chat"}
[2021/08/12 01:37:16.740][687188236971671560][event][MESSAGE][양 진#4848] {message:"집앞에 편의점 차리고 사는게 꿈이라던데",id:"875055280445095957",channel_name:"chat"}
[2021/08/12 01:37:22.467][687188236971671560][event][MESSAGE][ashz#3656] {message:"난 잘래 ㅋㅋㅋㅋㅋ ㅃ",id:"875055304730087434",channel_name:"chat"}
[2021/08/12 01:37:24.396][687188236971671560][event][MESSAGE][양 진#4848] {message:"ㄹㅇㅋㅋ",id:"875055312661516308",channel_name:"chat"}
[2021/08/12 01:37:24.773][687188236971671560][event][MESSAGE][chloe5325#1260] {message:"ㅋㅋㅋㅋㅋㅋㅋㅋㅋㅋㅋ로망ㅋ",id:"875055314167275592",channel_name:"chat"}
[2021/08/12 01:37:32.503][687188236971671560][event][MESSAGE][chloe5325#1260] {message:"안녕히 주무십쇼",id:"875055346853507123",channel_name:"chat"}
[2021/08/12 01:37:35.354][687188236971671560][event][MESSAGE][chloe5325#1260] {message:"^^",id:"875055358626918402",channel_name:"chat"}
[2021/08/12 01:37:36.905][687188236971671560][event][MESSAGE][양 진#4848] {message:"ㅂㅂ",id:"875055364951908353",channel_name:"chat"}
[2021/08/12 11:43:27.985][687188236971671560][event][MESSAGE][ashz#3656] {message:"@everyone 금요일 밤부터 시작할 테라리아 헬 파티에 참석할사람?",id:"875207832654458960",channel_name:"chat"}
[2021/08/12 11:45:28.173][687188236971671560][event][MESSAGE][박곰#9646] {message:"테리라아요?",id:"875208336709136424",channel_name:"chat"}
[2021/08/12 11:45:35.172][687188236971671560][event][MESSAGE][박곰#9646] {message:"뉴비이긴한데",id:"875208365914083349",channel_name:"chat"}
[2021/08/12 11:45:40.372][687188236971671560][event][MESSAGE_UPDATE][박곰#9646] {message_update:("뉴비이긴한데"->"약간 뉴비이긴한데")}
[2021/08/12 11:57:13.441][687188236971671560][event][MESSAGE][ᗰIᑎOᗷOT#1010] {message:"아 금욜이야..?",id:"875211294448439348",channel_name:"chat"}
[2021/08/12 11:57:16.017][687188236971671560][event][MESSAGE][ᗰIᑎOᗷOT#1010] {message:"아쉽",id:"875211305638846504",channel_name:"chat"}
[2021/08/12 12:19:55.965][687188236971671560][event][MESSAGE][ashz#3656] {message:"밤새 ^^",id:"875217009661579264",channel_name:"chat"}
[2021/08/12 12:19:59.493][687188236971671560][event][MESSAGE][ashz#3656] {message:"뉴비도 환영",id:"875217024534593576",channel_name:"chat"}
[2021/08/12 12:20:07.995][687188236971671560][event][MESSAGE][ᗰIᑎOᗷOT#1010] {message:"아 밤새면 잠깐 하지 ㅋㅋ",id:"875217060194578432",channel_name:"chat"}
[2021/08/12 12:20:13.242][687188236971671560][event][MESSAGE][ashz#3656] {message:"잠깜 ㄴㄴ",id:"875217081958809653",channel_name:"chat"}
[2021/08/12 12:20:21.666][687188236971671560][event][MESSAGE][ashz#3656] {message:"끝까지 가야함",id:"875217117526491146",channel_name:"chat"}
[2021/08/12 12:20:26.971][687188236971671560][event][MESSAGE][ashz#3656] {message:"마크 아니다 이건 ㅋㅋㅋ",id:"875217139689197608",channel_name:"chat"}
[2021/08/12 12:20:37.701][687188236971671560][event][MESSAGE][ashz#3656] {message:"잠시 들어왔다 가면 안됨 ㅋㅋ",id:"875217184568266783",channel_name:"chat"}
[2021/08/12 12:20:43.581][687188236971671560][event][MESSAGE][박곰#9646] {message:"테라리라 어려울텐데",id:"875217209453064233",channel_name:"chat"}
[2021/08/12 12:20:45.500][687188236971671560][event][MESSAGE][ashz#3656] {message:"깰떼까지 하는거지",id:"875217217472577566",channel_name:"chat"}
[2021/08/12 12:20:48.369][687188236971671560][event][MESSAGE][ashz#3656] {message:"ㅋㅋㅋ",id:"875217229522817094",channel_name:"chat"}
[2021/08/12 12:20:50.040][687188236971671560][event][MESSAGE_UPDATE][박곰#9646] {message_update:("테라리라 어려울텐데"->"테라리아 어려울텐데")}
[2021/08/12 12:20:51.330][687188236971671560][event][MESSAGE][박곰#9646] {message:"ㅇ?",id:"875217241916973136",channel_name:"chat"}
[2021/08/12 12:21:03.340][687188236971671560][event][MESSAGE][ashz#3656] {message:"아 금요일 하루만에 깬다는건 아님",id:"875217292265398322",channel_name:"chat"}
[2021/08/12 12:21:08.800][687188236971671560][event][MESSAGE][ashz#3656] {message:"ㅋㅋㅋㅋ",id:"875217315191472168",channel_name:"chat"}
[2021/08/12 12:21:18.415][687188236971671560][event][MESSAGE][ashz#3656] {message:"하루만에 못깨",id:"875217355368697876",channel_name:"chat"}
[2021/08/12 12:21:51.188][687188236971671560][event][MESSAGE][ᗰIᑎOᗷOT#1010] {message:"테라리아 최종이 뭐지?",id:"875217492988010506",channel_name:"chat"}
[2021/08/12 12:21:58.846][687188236971671560][event][MESSAGE][ᗰIᑎOᗷOT#1010] {message:"아",id:"875217525108015114",channel_name:"chat"}
[2021/08/12 12:22:07.915][687188236971671560][event][MESSAGE][ᗰIᑎOᗷOT#1010] {message:"고기벽까진 잡아봄",id:"875217563125166130",channel_name:"chat"}
[2021/08/12 12:22:09.995][687188236971671560][event][MESSAGE][ᗰIᑎOᗷOT#1010] {message:"모바일로",id:"875217571845132348",channel_name:"chat"}
[2021/08/12 12:22:20.999][687188236971671560][event][MESSAGE][ᗰIᑎOᗷOT#1010] {message:"그 이후론 플레이는 했는데",id:"875217617927946250",channel_name:"chat"}
[2021/08/12 12:22:24.729][687188236971671560][event][MESSAGE][ᗰIᑎOᗷOT#1010] {message:"보스는 기억이 안나 ㅋㅋ",id:"875217633291665460",channel_name:"chat"}
[2021/08/12 12:23:25.228][687188236971671560][event][MESSAGE][ᗰIᑎOᗷOT#1010] {message:"고기벽까지 간다는거야?",id:"875217887332282469",channel_name:"chat"}
[2021/08/12 12:25:08.775][687188236971671560][event][MESSAGE][박곰#9646] {message:"WOF 다음도 있지 않나여",id:"875218321744752710",channel_name:"chat"}
[2021/08/12 12:25:12.603][687188236971671560][event][MESSAGE_UPDATE][박곰#9646] {message_update:("WOF 다음도 있지 않나여"->"고기벽 다음도 있지 않나여")}
[2021/08/12 12:32:58.622][687188236971671560][event][MESSAGE][Goldminer127#6374] {message:"하지 않겠어요",id:"875220292425887744",channel_name:"chat"}
[2021/08/12 13:16:54.107][687188236971671560][event][MESSAGE][ashz#3656] {message:"gold fuck off xD",id:"875231346434392104",channel_name:"chat"}
[2021/08/12 13:17:06.463][687188236971671560][event][MESSAGE][ashz#3656] {message:"you can just be a randomass american",id:"875231398296969236",channel_name:"chat"}
[2021/08/12 13:17:24.446][687188236971671560][event][MESSAGE][ashz#3656] {message:"but ur welcome to join if ud want",id:"875231473345642567",channel_name:"chat"}
[2021/08/12 13:17:47.010][687188236971671560][event][MESSAGE][ashz#3656] {message:"고기 벽 담에",id:"875231568342442025",channel_name:"chat"}
[2021/08/12 13:17:48.779][687188236971671560][event][MESSAGE][ashz#3656] {message:"흠",id:"875231575736995860",channel_name:"chat"}
[2021/08/12 13:17:55.775][687188236971671560][event][MESSAGE][ashz#3656] {message:"뭐였더라 ㅋㅋㅋㅋ",id:"875231605147459614",channel_name:"chat"}
[2021/08/12 13:18:14.330][687188236971671560][event][MESSAGE][ashz#3656] {message:"스켈일걸",id:"875231682926620742",channel_name:"chat"}
[2021/08/12 14:43:17.110][687188236971671560][event][MESSAGE][박곰#9646] {message:"그",id:"875253085457489930",channel_name:"chat"}
[2021/08/12 14:43:18.640][687188236971671560][event][MESSAGE][박곰#9646] {message:"지네랑",id:"875253091816058910",channel_name:"chat"}
[2021/08/12 14:43:22.005][687188236971671560][event][MESSAGE][박곰#9646] {message:"눈이랑",id:"875253105481117718",channel_name:"chat"}
[2021/08/12 14:43:23.764][687188236971671560][event][MESSAGE][박곰#9646] {message:"해골",id:"875253113047625770",channel_name:"chat"}
[2021/08/12 14:43:25.931][687188236971671560][event][MESSAGE][박곰#9646] {message:"2.0 아님?",id:"875253122375766046",channel_name:"chat"}
[2021/08/12 14:56:23.632][687188236971671560][event][MESSAGE][ashz#3656] {message:"ㅇㅇ 그것도 있고",id:"875256384369877022",channel_name:"chat"}
[2021/08/12 14:56:31.424][687188236971671560][event][MESSAGE][ashz#3656] {message:"페어리? 계도 있고",id:"875256417081229352",channel_name:"chat"}
[2021/08/12 14:56:41.915][687188236971671560][event][MESSAGE][ashz#3656] {message:"그리고 마지막으로 문 로드있고",id:"875256460794294295",channel_name:"chat"}
[2021/08/12 14:56:50.725][687188236971671560][event][MESSAGE][ashz#3656] {message:"아 그후에 낮 페어리도 있고",id:"875256498056482876",channel_name:"chat"}
[2021/08/12 14:59:10.200][687188236971671560][event][MESSAGE][ashz#3656] {message:"그리고 이터널 크리스털 드레곤 보스 있고",id:"875257083027652659",channel_name:"chat"}
[2021/08/12 14:59:20.130][687188236971671560][event][MESSAGE][ashz#3656] {message:"그외 더 생겼는지는 모름",id:"875257124702277672",channel_name:"chat"}
[2021/08/12 14:59:29.826][687188236971671560][event][MESSAGE][ashz#3656] {message:"일단 목표: 제니스",id:"875257165030494230",channel_name:"chat"}
[2021/08/12 14:59:30.525][687188236971671560][event][MESSAGE][ashz#3656] {message:"ㅋㅋㅋ",id:"875257167907815436",channel_name:"chat"}
[2021/08/12 15:52:28.607][687188236971671560][event][MESSAGE][ashz#3656] {message:"아니 니들 뭐 맨날 만나자는 약속이라도 하냐 ㅋㅋㅋㅋ",id:"875270498026655745",channel_name:"chat"}
[2021/08/12 15:52:46.461][687188236971671560][event][MESSAGE][ashz#3656] {message:"어캐 이번주 내내 똑같은 시간에 니들이 여기에 있냐",id:"875270573045985300",channel_name:"chat"}
[2021/08/12 15:53:18.739][687188236971671560][event][MESSAGE][chloe5325#1260] {message:"ㅋㅋㅋㅋㅋㅋㅋㅋㅋㅋㅋㅋㅋ",id:"875270708438130708",channel_name:"chat"}
[2021/08/12 16:40:22.605][687188236971671560][event][MESSAGE][chloe5325#1260] {message:"잠만 5분만 기달",id:"875282552485720094",channel_name:"chat"}
[2021/08/12 16:49:34.719][687188236971671560][event][MESSAGE][박곰#9646] {message:"?",id:"875284868244832276",channel_name:"chat"}
[2021/08/12 16:51:44.000][687188236971671560][event][MESSAGE][양 진#4848] {message:"곰",id:"875285410329292862",channel_name:"chat"}
[2021/08/12 16:51:46.134][687188236971671560][event][MESSAGE][양 진#4848] {message:"천원으로",id:"875285419212816436",channel_name:"chat"}
[2021/08/12 16:51:48.210][687188236971671560][event][MESSAGE][양 진#4848] {message:"4만원 벌게 해줌",id:"875285428222165012",channel_name:"chat"}
[2021/08/12 16:57:34.738][687188236971671560][event][MESSAGE][ashz#3656] {message:":/",id:"875286881284268043",channel_name:"chat"}
[2021/08/12 16:57:39.028][687188236971671560][event][MESSAGE][ashz#3656] {message:"저건 그냥 도박이잖아",id:"875286899651137536",channel_name:"chat"}
[2021/08/12 18:19:05.360][687188236971671560][event][MESSAGE][thebox#9662] {message:"개지리네 ㅁㅊ",id:"875307394064855051",channel_name:"chat"}
[2021/08/12 18:19:09.635][687188236971671560][event][MESSAGE][thebox#9662] {message:"당신 운 뭐야",id:"875307412322660392",channel_name:"chat"}
[2021/08/12 18:41:55.909][687188236971671560][event][MESSAGE][ashz#3656] {message:"ㅋ",id:"875313142798889020",channel_name:"chat"}
[2021/08/12 18:42:14.166][687188236971671560][event][MESSAGE][ashz#3656] {message:"그래도 저게 돈 버는 방법이냐",id:"875313219428810812",channel_name:"chat"}
[2021/08/12 18:42:15.968][687188236971671560][event][MESSAGE][ashz#3656] {message:"더구나",id:"875313227033088000",channel_name:"chat"}
[2021/08/12 18:42:25.634][687188236971671560][event][MESSAGE][ashz#3656] {message:"저거 팔아?",id:"875313267524898866",channel_name:"chat"}
[2021/08/12 18:42:26.032][687188236971671560][event][MESSAGE][ashz#3656] {message:"ㅋㅋ",id:"875313269206843454",channel_name:"chat"}
[2021/08/12 18:50:12.701][687188236971671560][event][MESSAGE][박곰#9646] {message:"돈남아서 깠는데",id:"875315226600427540",channel_name:"chat"}
[2021/08/12 18:50:19.102][687188236971671560][event][MESSAGE][박곰#9646] {message:"저거나옴",id:"875315253448146944",channel_name:"chat"}
[2021/08/12 22:59:00.470][687188236971671560][event][MESSAGE][ashz#3656] {message:"ㅋㅋㅋㅋ",id:"875377838210056242",channel_name:"chat"}
[2021/08/12 22:59:02.051][687188236971671560][event][MESSAGE][ashz#3656] {message:"ㄹㅈㄷ네",id:"875377844807684227",channel_name:"chat"}
