[2021/06/23 22:42:53.902][687188236971671560][event][MESSAGE][Enterpries#0536] {message:"안녕하십니까",id:"857254390518644757",channel_name:"chat"}
[2021/06/23 22:43:07.784][687188236971671560][event][MESSAGE][진욱#0213] {message:"안녕하세요 ㅎㅎ",id:"857254449138499584",channel_name:"chat"}
[2021/06/23 22:43:10.642][687188236971671560][event][MESSAGE][ashz#3656] {message:"ㅋ",id:"857254460740993066",channel_name:"chat"}
[2021/06/23 22:43:23.226][687188236971671560][event][MESSAGE][진욱#0213] {message:"이제 성은이형이랑 워프레임 하시면 됩니다",id:"857254513492623381",channel_name:"chat"}
[2021/06/23 22:43:23.676][687188236971671560][event][MESSAGE][ashz#3656] {message:"겜 할 애들 초대해",id:"857254515760562196",channel_name:"chat"}
[2021/06/23 22:43:26.252][687188236971671560][event][MESSAGE][ashz#3656] {message:"ㅋㅋㅋㅋㅋㅋㅋㅋㅋㅋㅋㅋㅋ",id:"857254526397186049",channel_name:"chat"}
[2021/06/23 22:43:27.442][687188236971671560][event][MESSAGE][ashz#3656] {message:"너도야",id:"857254531586981928",channel_name:"chat"}
[2021/06/23 22:43:27.670][687188236971671560][event][MESSAGE][진욱#0213] {message:"저는 이만 자러갈게요",id:"857254532551409724",channel_name:"chat"}
[2021/06/23 22:43:30.130][687188236971671560][event][MESSAGE][ashz#3656] {message:"어디서",id:"857254542772404244",channel_name:"chat"}
[2021/06/23 22:43:38.232][687188236971671560][event][MESSAGE][Enterpries#0536] {message:"ㅋㅋㅋㅋㅋㅋ",id:"857254576788078592",channel_name:"chat"}
[2021/06/23 22:43:54.736][687188236971671560][event][MESSAGE][ashz#3656] {message:"근데 오늘은 걍 패스",id:"857254645726576672",channel_name:"chat"}
[2021/06/23 22:43:58.662][687188236971671560][event][MESSAGE][ashz#3656] {message:"나도 할일 많아서",id:"857254662535905280",channel_name:"chat"}
[2021/06/23 22:44:02.995][687188236971671560][event][MESSAGE][ashz#3656] {message:"곧 미팅도 있고",id:"857254680697372672",channel_name:"chat"}
[2021/06/23 22:44:08.260][687188236971671560][event][MESSAGE][진욱#0213] {message:"아깝다...ㅠㅠㅠㅠㅠㅠㅠㅍ",id:"857254702776844318",channel_name:"chat"}
[2021/06/23 22:44:12.835][687188236971671560][event][MESSAGE][ashz#3656] {message:"지랄하네",id:"857254721944289280",channel_name:"chat"}
[2021/06/23 22:44:13.373][687188236971671560][event][MESSAGE][ashz#3656] {message:"ㅋㅋㅋ",id:"857254724059004939",channel_name:"chat"}
[2021/06/23 22:44:21.914][687188236971671560][event][MESSAGE][진욱#0213] {message:"ㅠㅠㅠㅠㅠㅠㅠㅠ",id:"857254760041938964",channel_name:"chat"}
[2021/06/23 22:44:32.990][687188236971671560][event][MESSAGE][ashz#3656] {message:"저놈 끌고 앱잼 다보내야해",id:"857254806509846578",channel_name:"chat"}
[2021/06/23 22:44:36.506][687188236971671560][event][MESSAGE][ashz#3656] {message:"그래야 정신차리지",id:"857254821186633758",channel_name:"chat"}
[2021/06/23 22:44:36.690][687188236971671560][event][MESSAGE][Enterpries#0536] {message:"ㅋㅋㅋㅋㅋㅋ",id:"857254821837013013",channel_name:"chat"}
[2021/06/23 22:44:44.211][687188236971671560][event][MESSAGE][ashz#3656] {message:"무박 4일 가자",id:"857254853553946624",channel_name:"chat"}
