[2021/07/16 12:07:11.429][687188236971671560][event][MESSAGE][zik#6629] {message:"wtf...\n내일 나 병원일정 잡혀서 10시부터 평촌쪽 병원에서 뺑이쳐야될듯\n내일 일정있다고도 말씀드렸는데 내일 아님 안된다 해서 빼도박도 못함",id:"865429330665537536",channel_name:"chat"}
[2021/07/16 12:07:35.294][687188236971671560][event][MESSAGE][thebox#9662] {message:"건강제일이지",id:"865429430730096692",channel_name:"chat"}
[2021/07/16 12:07:41.818][687188236971671560][event][MESSAGE][ashz#3656] {message:"건강 버려",id:"865429457837752370",channel_name:"chat"}
[2021/07/16 12:07:43.098][687188236971671560][event][MESSAGE][ashz#3656] {message:"ㅋㅋㅋ",id:"865429463473848380",channel_name:"chat"}
[2021/07/16 12:07:45.115][687188236971671560][event][MESSAGE][thebox#9662] {message:"? ㅋㅋㅋ꙼̈",id:"865429471975964682",channel_name:"chat"}
[2021/07/16 12:07:47.202][687188236971671560][event][MESSAGE][thebox#9662] {message:"양심 ㅋㅋㅋ꙼̈",id:"865429480712831026",channel_name:"chat"}
[2021/07/16 12:08:09.094][687188236971671560][event][MESSAGE][zik#6629] {message:"저녁이나 다른 시간대로 이동은 안됨?\n나도 건강이야 yeet하고 싶은데 주변 사람들땜시 못하겠네 ㅋㅋㅋ",id:"865429572480270346",channel_name:"chat"}
[2021/07/16 12:15:11.681][687188236971671560][event][MESSAGE][ashz#3656] {message:"ㅋ",id:"865431344784211969",channel_name:"chat"}
[2021/07/16 12:15:14.756][687188236971671560][event][MESSAGE][ashz#3656] {message:"저녁은",id:"865431357902553119",channel_name:"chat"}
[2021/07/16 12:15:21.595][687188236971671560][event][MESSAGE][ashz#3656] {message:"6시 이후 4명이 금지여서",id:"865431386570883122",channel_name:"chat"}
[2021/07/16 12:15:22.585][687188236971671560][event][MESSAGE][ashz#3656] {message:"ㅋㅋㅋ",id:"865431390724292629",channel_name:"chat"}
[2021/07/16 12:15:40.718][687188236971671560][event][MESSAGE][ashz#3656] {message:"<@!335647028300480514> 오늘 저녁은?",id:"865431466773839882",channel_name:"chat"}
[2021/07/16 12:18:57.379][687188236971671560][event][MESSAGE][ashz#3656] {message:"https://smartstore.naver.com/hi_shopping79/products/5717138347?NaPm=ct%3Dkr5ru33k%7Cci%3Dshopn%7Ctr%3Ddana%7Chk%3D34211433ecde9b662904550fb2cdc53859003b4f%7Ctrx%3Dundefined",id:"865432291626450994",channel_name:"chat"}
[2021/07/16 12:19:00.651][687188236971671560][event][MESSAGE][ashz#3656] {message:"<@!745951577025675274>",id:"865432305148362762",channel_name:"chat"}
[2021/07/16 12:21:26.174][687188236971671560][event][MESSAGE][thebox#9662] {message:"오늘저녁이요?",id:"865432915726958652",channel_name:"chat"}
[2021/07/16 12:21:30.432][687188236971671560][event][MESSAGE][ashz#3656] {message:"ㅇ",id:"865432933611077632",channel_name:"chat"}
[2021/07/16 12:21:36.743][687188236971671560][event][MESSAGE][ashz#3656] {message:"<@!328107003492696065>",id:"865432960055771176",channel_name:"chat"}
[2021/07/16 12:21:38.704][687188236971671560][event][MESSAGE][thebox#9662] {message:"엄빠랑 고기사서 구워먹는걸로 함",id:"865432968285782016",channel_name:"chat"}
[2021/07/16 12:21:44.104][687188236971671560][event][MESSAGE][ashz#3656] {message:"하",id:"865432990925717535",channel_name:"chat"}
[2021/07/16 12:22:10.846][687188236971671560][event][MESSAGE][thebox#9662] {message:"왜요",id:"865433102712832002",channel_name:"chat"}
[2021/07/16 12:22:23.334][687188236971671560][event][MESSAGE][thebox#9662] {message:"Gta?",id:"865433155472326686",channel_name:"chat"}
[2021/07/16 12:22:34.776][687188236971671560][event][MESSAGE][thebox#9662] {message:"집에소 목는거라",id:"865433203472596998",channel_name:"chat"}
[2021/07/16 12:22:40.100][687188236971671560][event][MESSAGE][thebox#9662] {message:"시간 안걸려용",id:"865433225786163200",channel_name:"chat"}
[2021/07/16 12:22:47.296][687188236971671560][event][MESSAGE][ashz#3656] {message:"ㄴㄴ",id:"865433255750402049",channel_name:"chat"}
[2021/07/16 12:22:49.831][687188236971671560][event][MESSAGE][ashz#3656] {message:"그게 아니라",id:"865433266303795221",channel_name:"chat"}
[2021/07/16 12:23:08.252][687188236971671560][event][MESSAGE][thebox#9662] {message:"Y",id:"865433343851888701",channel_name:"chat"}
[2021/07/16 12:23:59.033][687188236971671560][event][MESSAGE][ashz#3656] {message:"<@!245630458929348608> 언제 나와",id:"865433556834189372",channel_name:"chat"}
[2021/07/16 12:24:17.404][687188236971671560][event][MESSAGE][ashz#3656] {message:"토요일에 늦은 점심, 일은 저녁? 으로 먹어도 될것 같음",id:"865433633874640936",channel_name:"chat"}
[2021/07/16 12:24:18.270][687188236971671560][event][MESSAGE][ashz#3656] {message:"어때",id:"865433637549899806",channel_name:"chat"}
[2021/07/16 12:24:45.442][687188236971671560][event][MESSAGE][thebox#9662] {message:"늦은 점심도 저는 괜찮습니다",id:"865433751513071626",channel_name:"chat"}
[2021/07/16 12:24:50.526][687188236971671560][event][MESSAGE][thebox#9662] {message:"저는 시간 맞춰주는게 좋음",id:"865433772484984873",channel_name:"chat"}
[2021/07/16 12:26:27.525][687188236971671560][event][MESSAGE][ashz#3656] {message:"<@!245630458929348608>",id:"865434179151200268",channel_name:"chat"}
[2021/07/16 12:26:28.473][687188236971671560][event][MESSAGE][ashz#3656] {message:"<@!245630458929348608>",id:"865434183449706547",channel_name:"chat"}
[2021/07/16 12:26:29.912][687188236971671560][event][MESSAGE][ashz#3656] {message:"<@!245630458929348608>",id:"865434189335232533",channel_name:"chat"}
[2021/07/16 12:26:35.320][687188236971671560][event][MESSAGE][ashz#3656] {message:"when r u out from hosiptal",id:"865434212390404096",channel_name:"chat"}
[2021/07/16 12:27:37.570][687188236971671560][event][MESSAGE][zik#6629] {message:"아마 적어도 2~3시쯤 나올듯...",id:"865434473436938290",channel_name:"chat"}
[2021/07/16 12:27:53.028][687188236971671560][event][MESSAGE][ashz#3656] {message:"그정도면 괜찮을것 같음",id:"865434538205249566",channel_name:"chat"}
[2021/07/16 12:27:57.530][687188236971671560][event][MESSAGE][zik#6629] {message:"오예",id:"865434556396208149",channel_name:"chat"}
[2021/07/16 12:28:07.225][687188236971671560][event][MESSAGE][ashz#3656] {message:"평촌 병원이라 했지?",id:"865434597785206784",channel_name:"chat"}
[2021/07/16 12:28:11.246][687188236971671560][event][MESSAGE][zik#6629] {message:"ㅇㅇ",id:"865434614415884289",channel_name:"chat"}
[2021/07/16 12:28:22.352][687188236971671560][event][MESSAGE][ashz#3656] {message:"나오고 바로 달리는거임",id:"865434661320917022",channel_name:"chat"}
[2021/07/16 12:28:29.472][687188236971671560][event][MESSAGE][zik#6629] {message:"ㅇㅋ요",id:"865434691175841812",channel_name:"chat"}
[2021/07/16 12:28:34.481][687188236971671560][event][MESSAGE][zik#6629] {message:"그건 자신있지",id:"865434712158634038",channel_name:"chat"}
[2021/07/16 12:29:10.467][687188236971671560][event][MESSAGE][ashz#3656] {message:"<@!335647028300480514> 평촌 병원 주변 카페에서 작업하고 있다가",id:"865434863115829268",channel_name:"chat"}
[2021/07/16 12:29:15.214][687188236971671560][event][MESSAGE][ashz#3656] {message:"zik 나오면 가는걸로",id:"865434883022389279",channel_name:"chat"}
[2021/07/16 12:29:41.650][687188236971671560][event][MESSAGE][ashz#3656] {message:"<@!328107003492696065> 2시까지 평촌병원",id:"865434993881514005",channel_name:"chat"}
[2021/07/16 12:32:56.312][687188236971671560][event][MESSAGE][thebox#9662] {message:"허허",id:"865435810157166624",channel_name:"chat"}
[2021/07/16 12:32:59.412][687188236971671560][event][MESSAGE][thebox#9662] {message:"좋습니다",id:"865435823314042881",channel_name:"chat"}
[2021/07/16 12:34:35.890][687188236971671560][event][MESSAGE][zik#6629] {message:"ㅈㅁ 평촌병원 그대로가 아니라 평촌쪽 병원임\n연세베스트외과의원",id:"865436227686367264",channel_name:"chat"}
[2021/07/16 12:34:51.761][687188236971671560][event][MESSAGE][ashz#3656] {message:"흠 ㅇㅋ",id:"865436294611337246",channel_name:"chat"}
[2021/07/16 12:35:05.195][687188236971671560][event][MESSAGE][zik#6629] {message:"그리고 방금 문의해보니 아마 12시쯤엔 끝날것같다네",id:"865436350797971528",channel_name:"chat"}
[2021/07/16 12:35:18.909][687188236971671560][event][MESSAGE_UPDATE][zik#6629] {message_update:("그리고 방금 문의해보니 아마 12시쯤엔 끝날것같다네"->"그리고 방금 물어보니 아마 12시쯤엔 끝날것같다네
참고요")}
[2021/07/16 12:35:22.923][687188236971671560][event][MESSAGE][ashz#3656] {message:"아 그럼 거의 그냥 점심이네",id:"865436425313583114",channel_name:"chat"}
[2021/07/16 12:35:37.883][687188236971671560][event][MESSAGE][ashz#3656] {message:"<@!335647028300480514> 10시에",id:"865436488056438825",channel_name:"chat"}
[2021/07/16 12:35:47.461][687188236971671560][event][MESSAGE][ashz#3656] {message:"범계역",id:"865436527931818025",channel_name:"chat"}
[2021/07/16 12:35:56.760][687188236971671560][event][MESSAGE][ashz#3656] {message:"그냥 범계역임 병원이",id:"865436567253811200",channel_name:"chat"}
[2021/07/16 12:36:15.858][687188236971671560][event][MESSAGE][ashz#3656] {message:"범계역 주변 카페에서 박스 컴퓨터 봐주고",id:"865436647327006740",channel_name:"chat"}
[2021/07/16 12:36:43.607][687188236971671560][event][MESSAGE][ashz#3656] {message:"<@!328107003492696065> 이 새끼는 그냥 10시~12시 사이에 오고",id:"865436763676868638",channel_name:"chat"}
[2021/07/16 12:36:56.068][687188236971671560][event][MESSAGE][ashz#3656] {message:"<@!245630458929348608> 나오면 바로 밥먹으러 ㄱㄱ",id:"865436815996747856",channel_name:"chat"}
[2021/07/16 12:37:58.773][687188236971671560][event][MESSAGE][thebox#9662] {message:"ㅇㅋ꙼̈",id:"865437078967943178",channel_name:"chat"}
[2021/07/16 12:48:04.708][687188236971671560][event][MESSAGE][ashz#3656] {message:"<@!453194027408293890>",id:"865439620250730537",channel_name:"chat"}
[2021/07/16 12:48:07.310][687188236971671560][event][MESSAGE][ashz#3656] {message:"<@!453194027408293890>",id:"865439631193669673",channel_name:"chat"}
[2021/07/16 12:48:08.770][687188236971671560][event][MESSAGE][ashz#3656] {message:"<@!453194027408293890>",id:"865439637513306132",channel_name:"chat"}
[2021/07/16 12:48:41.693][687188236971671560][event][MESSAGE][ashz#3656] {message:"<@!533606873354469396> 워프",id:"865439775593594920",channel_name:"chat"}
[2021/07/16 12:48:45.337][687188236971671560][event][MESSAGE][ashz#3656] {message:"<@!601269241802653697> 워프",id:"865439790911848458",channel_name:"chat"}
[2021/07/16 12:48:48.740][687188236971671560][event][MESSAGE][ashz#3656] {message:"<@!328107003492696065> 워프",id:"865439804735619113",channel_name:"chat"}
[2021/07/16 12:48:56.458][687188236971671560][event][MESSAGE][ashz#3656] {message:"<@!277275957147074560> WARFRAME",id:"865439837528129577",channel_name:"chat"}
[2021/07/16 12:49:01.681][687188236971671560][event][MESSAGE][진욱#0213] {message:"충남대 대회",id:"865439859438256138",channel_name:"chat"}
[2021/07/16 12:49:06.780][687188236971671560][event][MESSAGE][진욱#0213] {message:"회의중 입니다..",id:"865439880499036191",channel_name:"chat"}
[2021/07/16 12:49:07.474][687188236971671560][event][MESSAGE][ashz#3656] {message:"그딴거 몰라",id:"865439883672420373",channel_name:"chat"}
[2021/07/16 12:49:09.405][687188236971671560][event][MESSAGE][ashz#3656] {message:"ㅋㅋㅋㅋㅋㅋㅋㅋㅋㅋ",id:"865439891583533077",channel_name:"chat"}
[2021/07/16 12:49:10.508][687188236971671560][event][MESSAGE][진욱#0213] {message:"ㅋㅋㅋㅋㅋㅋㅋㅋㅋㅋㅋㅋㅋㅋㅋㅋ",id:"865439896441323540",channel_name:"chat"}
[2021/07/16 12:49:13.155][687188236971671560][event][MESSAGE][ashz#3656] {message:"아",id:"865439907593453628",channel_name:"chat"}
[2021/07/16 12:49:15.203][687188236971671560][event][MESSAGE][ashz#3656] {message:"니 팀원",id:"865439915746656268",channel_name:"chat"}
[2021/07/16 12:49:23.096][687188236971671560][event][MESSAGE][ashz#3656] {message:"어캐구성되어있니",id:"865439949268713512",channel_name:"chat"}
[2021/07/16 12:49:30.146][687188236971671560][event][MESSAGE][진욱#0213] {message:"이름을 말해도 알까요",id:"865439978833707068",channel_name:"chat"}
[2021/07/16 12:49:31.106][687188236971671560][event][MESSAGE][진욱#0213] {message:"일단",id:"865439982817771530",channel_name:"chat"}
[2021/07/16 12:49:39.119][687188236971671560][event][MESSAGE][진욱#0213] {message:"예준 수진 준형 정우",id:"865440016472473600",channel_name:"chat"}
[2021/07/16 12:53:01.405][687188236971671560][event][MESSAGE][홍예준#5550] {message:"안녕하세요",id:"865440864469385218",channel_name:"chat"}
[2021/07/16 13:04:59.545][687188236971671560][event][MESSAGE][ashz#3656] {message:"음....",id:"865443877024301056",channel_name:"chat"}
[2021/07/16 13:05:05.632][687188236971671560][event][MESSAGE][ashz#3656] {message:"개임이노",id:"865443902546640956",channel_name:"chat"}
[2021/07/16 13:05:08.762][687188236971671560][event][MESSAGE_UPDATE][ashz#3656] {message_update:("개임이노"->"게임이노")}
[2021/07/16 13:10:34.674][687188236971671560][event][MESSAGE][진욱#0213] {message:"앱이양",id:"865445282645147648",channel_name:"chat"}
[2021/07/16 13:10:41.084][687188236971671560][event][MESSAGE][ashz#3656] {message:"오",id:"865445309559341086",channel_name:"chat"}
[2021/07/16 13:10:50.227][687188236971671560][event][MESSAGE][ashz#3656] {message:"개발은 누구임",id:"865445347898818590",channel_name:"chat"}
[2021/07/16 13:10:53.246][687188236971671560][event][MESSAGE][ashz#3656] {message:"플랫폼은",id:"865445360550150195",channel_name:"chat"}
[2021/07/16 13:10:54.664][687188236971671560][event][MESSAGE][ashz#3656] {message:"주제는",id:"865445366458744843",channel_name:"chat"}
[2021/07/16 15:00:55.545][687188236971671560][event][MESSAGE][양 진#4848] {message:"머리만",id:"865473052472770571",channel_name:"chat"}
[2021/07/16 15:01:06.300][687188236971671560][event][MESSAGE][양 진#4848] {message:"금방 감을게요]",id:"865473097712140298",channel_name:"chat"}
[2021/07/16 15:06:09.821][687188236971671560][event][MESSAGE][진욱#0213] {message:"자녀 핸드폰 제어 앱",id:"865474370700443658",channel_name:"chat"}
[2021/07/16 15:06:13.781][687188236971671560][event][MESSAGE][진욱#0213] {message:"개발은 전부 다..",id:"865474387310149632",channel_name:"chat"}
[2021/07/16 15:06:23.101][687188236971671560][event][MESSAGE][진욱#0213] {message:"안드로이드로 하게",id:"865474426009813014",channel_name:"chat"}
[2021/07/16 15:06:42.314][687188236971671560][event][MESSAGE][ashz#3656] {message:"z",id:"865474507040096266",channel_name:"chat"}
[2021/07/16 15:06:44.816][687188236971671560][event][MESSAGE][ashz#3656] {message:"개발자는",id:"865474517551022121",channel_name:"chat"}
[2021/07/16 15:06:46.922][687188236971671560][event][MESSAGE][ashz#3656] {message:"너하고",id:"865474526371905566",channel_name:"chat"}
[2021/07/16 15:06:58.813][687188236971671560][event][MESSAGE][ashz#3656] {message:"수진이?",id:"865474576090529793",channel_name:"chat"}
[2021/07/16 16:01:50.112][687188236971671560][event][MESSAGE][진욱#0213] {message:"전부 다",id:"865488380896477204",channel_name:"chat"}
[2021/07/16 16:01:53.473][687188236971671560][event][MESSAGE][진욱#0213] {message:"팀원 전부 다 ㅋㅋㅋㅋㅋㅋㅋㅋㅋㅋㅋㅋㅋㅋㅋㅋㅋㅋㅋㅋㅋㅋㅋㅋㅋㅋ",id:"865488395055398942",channel_name:"chat"}
[2021/07/16 16:01:59.568][687188236971671560][event][MESSAGE][ashz#3656] {message:"오",id:"865488420615880714",channel_name:"chat"}
[2021/07/16 16:02:02.481][687188236971671560][event][MESSAGE][ashz#3656] {message:"이번엔",id:"865488432745545759",channel_name:"chat"}
[2021/07/16 16:02:04.888][687188236971671560][event][MESSAGE][ashz#3656] {message:"좀 편하겠네?",id:"865488442929577984",channel_name:"chat"}
[2021/07/16 16:02:06.664][687188236971671560][event][MESSAGE][ashz#3656] {message:"ㅋㅋㅋㅋㅋㅋㅋㅋㅋㅋㅋㅋㅋㅋㅋㅋㅋㅋㅋㅋㅋㅋㅋㅋㅋㅋㅋㅋㅋㅋㅋㅋ",id:"865488450333835285",channel_name:"chat"}
[2021/07/16 16:28:24.263][687188236971671560][event][MESSAGE][진욱#0213] {message:"ㅋㅋㅋㅋㅋㅋㅋㅋㅋㅋㅋ",id:"865495067262713886",channel_name:"chat"}
[2021/07/16 17:37:17.448][687188236971671560][event][MESSAGE][양 진#4848] {message:"<@207597209611403264> 오늘 줌임 디코임??",id:"865512403126321163",channel_name:"chat"}
[2021/07/16 17:46:45.546][687188236971671560][event][MESSAGE][ashz#3656] {message:"아 디코가 맞는데",id:"865514785865072660",channel_name:"chat"}
[2021/07/16 17:46:47.888][687188236971671560][event][MESSAGE][ashz#3656] {message:"모르겠다",id:"865514795737022464",channel_name:"chat"}
[2021/07/16 17:47:32.496][687188236971671560][event][MESSAGE][ashz#3656] {message:"아 아니다",id:"865514982632194049",channel_name:"chat"}
[2021/07/16 17:47:33.550][687188236971671560][event][MESSAGE][ashz#3656] {message:"그냥",id:"865514987258642462",channel_name:"chat"}
[2021/07/16 17:47:36.081][687188236971671560][event][MESSAGE][ashz#3656] {message:"줌으로 하자",id:"865514997606383627",channel_name:"chat"}
[2021/07/16 17:47:37.297][687188236971671560][event][MESSAGE][ashz#3656] {message:"그래야",id:"865515002919911484",channel_name:"chat"}
[2021/07/16 17:47:45.253][687188236971671560][event][MESSAGE][ashz#3656] {message:"내가 편히 겜할수 있음",id:"865515036290449418",channel_name:"chat"}
[2021/07/16 17:47:45.918][687188236971671560][event][MESSAGE][ashz#3656] {message:"ㅋㅋㅋ",id:"865515039037718528",channel_name:"chat"}
[2021/07/16 17:51:57.369][687188236971671560][event][MESSAGE][양 진#4848] {message:"ㄹㅇㅋㅋ",id:"865516093740023828",channel_name:"chat"}
[2021/07/16 17:52:13.553][687188236971671560][event][MESSAGE][ashz#3656] {message:"어디냐",id:"865516161306066985",channel_name:"chat"}
[2021/07/16 17:52:15.386][687188236971671560][event][MESSAGE][ashz#3656] {message:"인천?",id:"865516169305522187",channel_name:"chat"}
[2021/07/16 17:52:25.680][687188236971671560][event][MESSAGE][양 진#4848] {message:"이미 집가는 중",id:"865516212241825813",channel_name:"chat"}
[2021/07/16 17:52:27.926][687188236971671560][event][MESSAGE][ashz#3656] {message:"<:suuure:818739733592014878>",id:"865516221965664266",channel_name:"chat"}
[2021/07/16 17:52:34.224][687188236971671560][event][MESSAGE][ashz#3656] {message:"<:PI_AquaWut:692177175666884628>",id:"865516248339447848",channel_name:"chat"}
[2021/07/16 20:03:10.403][687188236971671560][event][MESSAGE][ashz#3656] {message:"<@!258808551542095874>",id:"865549115563442186",channel_name:"chat"}
[2021/07/16 20:03:12.309][687188236971671560][event][MESSAGE][ashz#3656] {message:"<@!328107003492696065>",id:"865549123675357215",channel_name:"chat"}
[2021/07/16 20:03:15.033][687188236971671560][event][MESSAGE][ashz#3656] {message:"<@!335647028300480514>",id:"865549135138914304",channel_name:"chat"}
[2021/07/16 20:05:49.580][687188236971671560][event][MESSAGE][혜윤#0606] {message:"ora?",id:"865549782935666709",channel_name:"chat"}
[2021/07/16 20:06:21.695][687188236971671560][event][MESSAGE][ashz#3656] {message:"oh wait is it 8pm ur time?",id:"865549917896441866",channel_name:"chat"}
[2021/07/16 20:15:43.888][687188236971671560][event][MESSAGE][conner#2879] {message:"u DuMb iDiOt",id:"865552275991953408",channel_name:"chat"}
[2021/07/16 20:16:22.469][687188236971671560][event][MESSAGE][ashz#3656] {message:"waat",id:"865552437805187122",channel_name:"chat"}
[2021/07/16 20:16:24.078][687188236971671560][event][MESSAGE][ashz#3656] {message:"it happens",id:"865552444401123359",channel_name:"chat"}
[2021/07/16 20:16:26.848][687188236971671560][event][MESSAGE][ashz#3656] {message:"call?",id:"865552456188428338",channel_name:"chat"}
[2021/07/16 20:16:28.921][687188236971671560][event][MESSAGE][ashz#3656] {message:"이게",id:"865552464559210498",channel_name:"chat"}
[2021/07/16 20:16:30.064][687188236971671560][event][MESSAGE][ashz#3656] {message:"너하고",id:"865552469408350229",channel_name:"chat"}
[2021/07/16 20:16:32.106][687188236971671560][event][MESSAGE][ashz#3656] {message:"박스는",id:"865552478267244544",channel_name:"chat"}
[2021/07/16 20:16:36.499][687188236971671560][event][MESSAGE][ashz#3656] {message:"미리 해야함",id:"865552496348495874",channel_name:"chat"}
[2021/07/16 20:16:40.212][687188236971671560][event][MESSAGE][ashz#3656] {message:"그래서 그냥 지금 시작해",id:"865552512245301258",channel_name:"chat"}
[2021/07/16 20:16:49.015][687188236971671560][event][MESSAGE][ashz#3656] {message:"<@!388541312154075150> <@!335647028300480514> <@!328107003492696065>",id:"865552549205639208",channel_name:"chat"}
[2021/07/16 20:29:44.825][687188236971671560][event][MESSAGE][thebox#9662] {message:"my mis",id:"865555802928709673",channel_name:"chat"}
[2021/07/16 20:30:22.661][687188236971671560][event][MESSAGE][thebox#9662] {message:"shut up ash",id:"865555961866354688",channel_name:"chat"}
[2021/07/16 20:36:32.182][687188236971671560][event][MESSAGE][thebox#9662] {message:"soon will be meet",id:"865557511767457842",channel_name:"chat"}
[2021/07/16 20:37:37.519][687188236971671560][event][MESSAGE][thebox#9662] {message:"yes i have",id:"865557785378816001",channel_name:"chat"}
[2021/07/16 20:37:42.957][687188236971671560][event][MESSAGE][thebox#9662] {message:"but",id:"865557808656154644",channel_name:"chat"}
[2021/07/16 20:38:02.896][687188236971671560][event][MESSAGE][thebox#9662] {message:"launcher uodate",id:"865557892261609493",channel_name:"chat"}
[2021/07/16 20:39:44.247][687188236971671560][event][MESSAGE][thebox#9662] {message:"what?",id:"865558317362315264",channel_name:"chat"}
[2021/07/16 20:39:57.807][687188236971671560][event][MESSAGE][thebox#9662] {message:"no",id:"865558374002982923",channel_name:"chat"}
[2021/07/16 20:40:08.026][687188236971671560][event][MESSAGE][thebox#9662] {message:"why we do first",id:"865558417108500500",channel_name:"chat"}
[2021/07/16 20:40:27.597][687188236971671560][event][MESSAGE][thebox#9662] {message:"i just fuckin bank",id:"865558499191029800",channel_name:"chat"}
[2021/07/16 20:42:59.673][687188236971671560][event][MESSAGE][혜윤#0606] {message:"I'm showing TT",id:"865559136887242782",channel_name:"chat"}
[2021/07/16 20:43:05.250][687188236971671560][event][MESSAGE_UPDATE][혜윤#0606] {message_update:("I'm showing TT"->"I'm showering TT")}
[2021/07/16 20:43:10.927][687188236971671560][event][MESSAGE][혜윤#0606] {message:"Chotto matte",id:"865559184179068928",channel_name:"chat"}
[2021/07/16 20:43:23.745][687188236971671560][event][MESSAGE][ashz#3656] {message:"u have 17 minutes",id:"865559237618434069",channel_name:"chat"}
[2021/07/16 20:43:32.598][687188236971671560][event][MESSAGE][ashz#3656] {message:"<:suuure:818739733592014878>",id:"865559275141201920",channel_name:"chat"}
[2021/07/16 20:43:50.866][687188236971671560][event][MESSAGE][thebox#9662] {message:"it`s ok im still updating",id:"865559351766286376",channel_name:"chat"}
[2021/07/16 20:50:49.143][687188236971671560][event][MESSAGE][thebox#9662] {message:"<@!207597209611403264>",id:"865561106043109427",channel_name:"chat"}
[2021/07/16 20:50:50.408][687188236971671560][event][MESSAGE][thebox#9662] {message:"<@!207597209611403264>",id:"865561111453630494",channel_name:"chat"}
[2021/07/16 20:50:51.412][687188236971671560][event][MESSAGE][thebox#9662] {message:"<@!207597209611403264>",id:"865561115609006090",channel_name:"chat"}
[2021/07/16 20:50:52.782][687188236971671560][event][MESSAGE][thebox#9662] {message:"<@!207597209611403264>",id:"865561121398325268",channel_name:"chat"}
[2021/07/16 20:50:53.687][687188236971671560][event][MESSAGE][thebox#9662] {message:"<@!207597209611403264>",id:"865561124867145740",channel_name:"chat"}
[2021/07/16 20:51:50.708][687188236971671560][event][MESSAGE_DELETE][thebox#9662] {message:"",id:"865561060730470411",channel_name:"chat"}
[2021/07/16 20:54:21.336][687188236971671560][event][MESSAGE][혜윤#0606] {message:"MY WIFI",id:"865561996174426122",channel_name:"chat"}
[2021/07/16 20:54:25.044][687188236971671560][event][MESSAGE][혜윤#0606] {message:"CRASH",id:"865562011706064896",channel_name:"chat"}
[2021/07/16 20:54:32.792][687188236971671560][event][MESSAGE][혜윤#0606] {message:"&$-(@)$-(#??#!",id:"865562044194619432",channel_name:"chat"}
[2021/07/16 20:59:47.126][687188236971671560][event][MESSAGE][ashz#3656] {message:"then hurry BACK",id:"865563362606710814",channel_name:"chat"}
[2021/07/16 21:09:30.666][687188236971671560][event][MESSAGE][혜윤#0606] {message:"skt_hyeyun",id:"865565809966972938",channel_name:"chat"}
[2021/07/16 21:25:52.950][687188236971671560][event][MESSAGE][conner#2879] {message:"<@!335647028300480514>",id:"865569930128916490",channel_name:"chat"}
[2021/07/16 21:26:02.740][687188236971671560][event][MESSAGE][conner#2879] {message:"잘안들리누",id:"865569971111329792",channel_name:"chat"}
[2021/07/16 21:46:31.641][687188236971671560][event][MESSAGE][thebox#9662] {message:"<@!207597209611403264>  answer",id:"865575125583790120",channel_name:"chat"}
[2021/07/16 21:46:37.840][687188236971671560][event][MESSAGE][ashz#3656] {message:"?",id:"865575151524249641",channel_name:"chat"}
[2021/07/16 21:46:43.285][687188236971671560][event][MESSAGE][conner#2879] {message:"wAkE dA f Up TeNno ScUm",id:"865575173902303255",channel_name:"chat"}
[2021/07/16 21:46:47.684][687188236971671560][event][MESSAGE][ashz#3656] {message:"oh",id:"865575192834605066",channel_name:"chat"}
[2021/07/16 21:46:50.186][687188236971671560][event][MESSAGE][ashz#3656] {message:"sorry sorry",id:"865575203350642698",channel_name:"chat"}
[2021/07/16 21:46:52.693][687188236971671560][event][MESSAGE][ashz#3656] {message:"didnt see invite",id:"865575213860388894",channel_name:"chat"}
[2021/07/16 21:47:01.364][687188236971671560][event][MESSAGE][ashz#3656] {message:"someone needs to ping me if a invite comes",id:"865575250232868884",channel_name:"chat"}
[2021/07/16 21:54:34.292][687188236971671560][event][MESSAGE][양 진#4848] {message:"조금만 있다가 올게유",id:"865577149892395008",channel_name:"chat"}
[2021/07/16 22:35:08.920][687188236971671560][event][MESSAGE][ashz#3656] {message:"just me or is it infinite loading",id:"865587361474936832",channel_name:"chat"}
[2021/07/16 22:35:14.121][687188236971671560][event][MESSAGE][conner#2879] {message:"same",id:"865587383004692481",channel_name:"chat"}
[2021/07/16 22:35:17.561][687188236971671560][event][MESSAGE][ashz#3656] {message:"xD",id:"865587397785157722",channel_name:"chat"}
[2021/07/16 22:35:19.533][687188236971671560][event][MESSAGE][ashz#3656] {message:"just wait",id:"865587406048198656",channel_name:"chat"}
[2021/07/16 22:35:25.170][687188236971671560][event][MESSAGE][ashz#3656] {message:"maaaybe it will fix",id:"865587429636440074",channel_name:"chat"}
[2021/07/16 22:35:31.301][687188236971671560][event][MESSAGE][ashz#3656] {message:"or we can do network temporary stop",id:"865587455378063390",channel_name:"chat"}
[2021/07/16 22:35:50.925][687188236971671560][event][MESSAGE][ashz#3656] {message:"<@!328107003492696065> teach hay yun how to do network tmp stop",id:"865587537698881568",channel_name:"chat"}
[2021/07/16 22:36:13.392][687188236971671560][event][MESSAGE][conner#2879] {message:"is that same thing when we get solo server?",id:"865587631941615616",channel_name:"chat"}
[2021/07/16 22:36:17.489][687188236971671560][event][MESSAGE][ashz#3656] {message:"ye",id:"865587649116897320",channel_name:"chat"}
[2021/07/16 22:41:18.794][687188236971671560][event][MESSAGE][ashz#3656] {message:":/",id:"865588912901980160",channel_name:"chat"}
[2021/07/16 22:41:25.538][687188236971671560][event][MESSAGE][ashz#3656] {message:"my gta is being fucky",id:"865588940797902880",channel_name:"chat"}
[2021/07/16 22:41:26.375][687188236971671560][event][MESSAGE][ashz#3656] {message:"idk",id:"865588944678420480",channel_name:"chat"}
[2021/07/16 22:41:28.728][687188236971671560][event][MESSAGE][ashz#3656] {message:"joining now",id:"865588954476707910",channel_name:"chat"}
[2021/07/16 23:15:15.612][687188236971671560][event][MESSAGE][thebox#9662] {message:"<@!258808551542095874>",id:"865597455881207808",channel_name:"chat"}
[2021/07/16 23:15:27.302][687188236971671560][event][MESSAGE][thebox#9662] {message:"where you",id:"865597504841973800",channel_name:"chat"}
[2021/07/16 23:15:34.121][687188236971671560][event][MESSAGE][thebox#9662] {message:"time to go bank",id:"865597533169647637",channel_name:"chat"}
[2021/07/16 23:28:58.716][687188236971671560][event][MESSAGE][thebox#9662] {message:"<@!207597209611403264>",id:"865600907936792578",channel_name:"chat"}
[2021/07/16 23:30:19.259][687188236971671560][event][MESSAGE][양 진#4848] {message:"조용히 타자치는 소리 다들림",id:"865601246105960448",channel_name:"chat"}
[2021/07/16 23:30:20.856][687188236971671560][event][MESSAGE][양 진#4848] {message:"<@!207597209611403264>",id:"865601252779491338",channel_name:"chat"}
[2021/07/16 23:37:56.840][687188236971671560][event][MESSAGE][Dabig#3853] {message:"ㅋㅋㅋㅋㅋㅋㅋㅋㅋㅋㅋㅋㅋㅋㅋ",id:"865603165323657246",channel_name:"chat"}
[2021/07/16 23:37:58.513][687188236971671560][event][MESSAGE][Dabig#3853] {message:"말하는 꼬라지",id:"865603172395778068",channel_name:"chat"}
[2021/07/16 23:38:10.368][687188236971671560][event][MESSAGE][Dabig#3853] {message:"애쒸 형님",id:"865603222059876382",channel_name:"chat"}
[2021/07/16 23:38:24.673][687188236971671560][event][MESSAGE][Dabig#3853] {message:"즐거운 그타시간 되시길",id:"865603282029117470",channel_name:"chat"}
[2021/07/16 23:38:36.244][687188236971671560][event][MESSAGE][양 진#4848] {message:"진우야",id:"865603330482110516",channel_name:"chat"}
[2021/07/16 23:42:37.933][687188236971671560][event][MESSAGE][Dabig#3853] {message:"뭠마",id:"865604344338186250",channel_name:"chat"}
[2021/07/16 23:43:55.527][687188236971671560][event][MESSAGE][ashz#3656] {message:"ㅋㅋㅋㅋ",id:"865604669794811914",channel_name:"chat"}
[2021/07/16 23:43:56.680][687188236971671560][event][MESSAGE][ashz#3656] {message:"아나",id:"865604674585362442",channel_name:"chat"}
[2021/07/16 23:44:04.428][687188236971671560][event][MESSAGE][ashz#3656] {message:"조용히할려고 했는데",id:"865604707141681222",channel_name:"chat"}
[2021/07/16 23:47:45.934][687188236971671560][event][MESSAGE][ashz#3656] {message:"<@!258808551542095874> going to wait until u return",id:"865605636150919187",channel_name:"chat"}
[2021/07/16 23:51:32.152][687188236971671560][event][MESSAGE][혜윤#0606] {message:"yes plsty",id:"865606585027395614",channel_name:"chat"}
