[2021/09/12 00:00:50.518][687188236971671560][TB][NEXT_AUTO_QUEUE] Playing next track. Playing received data track. {index:"0",length:"717",volume:"7",url:"https://www.youtube.com/watch?v=6xx0d3R2LoU"}
[2021/09/12 00:12:39.202][687188236971671560][event][MESSAGE][ashz#3656] {message:".leave",id:"886268007750443038",channel_name:"chat"}
[2021/09/12 00:12:39.221][687188236971671560][command][LEAVE_SUCCESS][ashz#3656][886268007750443038] Bot is now disconnected from it's last voice channel. {receivedArgument:".leave"}
[2021/09/12 00:12:39.485][687188236971671560][event][MESSAGE_DELETE][ashz#3656] {message:".leave",id:"886268007750443038",channel_name:"chat"}
[2021/09/12 08:51:31.990][687188236971671560][event][MESSAGE_UPDATE][ashz#3656] {message_update:("```python
# 안녕 나는 주석(Comment)이라는거야.
# 나를 사용하려면 #을 사용하면 되는거야.
# #이후에 쓰는 모든 것은 프로그램 실행할때 무시되어.

###########################################################################################################################

print("Hello World!") # print()함수는 출력하는데 사용하는 함수, 이 코드는 Hello World!를 출력해

###########################################################################################################################

myVar_int = 12 # 나는 정수형 변수이고, 내 이름은 myVar_int야. 현재 값은 12야.
print(type(myVar_int)) # type() 함수에 어떤 변수를 넣어주면, 그 변수가 무슨 형인지 알려줘.

myVar_float = 76.24 # 나는 실수형 변수이고, 내 이름은 myVar_float야. 현재 값은 76.24야. 
print(type(myVar_int))

myVar_str = "Hello World!" # 나는 문자열형 변수이고, 내 이름은 myVar_str이야. 현재 값은 Hello World!야.
print(type(myVar_int))

###########################################################################################################################

print(myVar_int) # print() 함수를 사용해서 변수를 함수의 매개변수로 주므로 변수의 값을 출력할수 있어. 
print(myVar_float, myVar_str) # print() 함수를 사용해서 여러개의 변수를 한번에 출력할 수 있어. 
                              # print() 함수의 첫번째 매개변수로 myVar_float를 주었고, 두번째 매개변수로 myVar_str를 줬어.

###########################################################################################################################

myVar_int = input() # input() 함수를 사용해서 사용자로부터 값을 입력받게 되는데, 입력 받는 값은 문자열형으로 받는다.
print(myVar_int)
print(type(myVar_int))

###########################################################################################################################

print( type( int(myVar_int) ) ) # print() 함수에 type() 함수를 매개변수로 호출, 
                                # type() 함수안에 int() 함수를 매개변수로 호출 
                                # int() 함수 안에 문자열형인 myVar_int 변수를 매개변수로 넣어줬어.
                                # int() 함수는 매개변수를 정수형 변수로 변환해서 반환해줘.

###########################################################################################################################
```"->"```python
# 안녕 나는 주석(Comment)이라는거야.
# 나를 사용하려면 #을 사용하면 되는거야.
# #이후에 쓰는 모든 것은 프로그램 실행할때 무시되어.

###########################################################################################################################

print("Hello World!") # print()함수는 출력하는데 사용하는 함수, 이 코드는 Hello World!를 출력해

###########################################################################################################################

myVar_int = 12 # 나는 정수형 변수이고, 내 이름은 myVar_int야. 현재 값은 12야.
print(myVar_int)

myVar_float = 76.24 # 나는 실수형 변수이고, 내 이름은 myVar_float야. 현재 값은 76.24야. 
print(myVar_float)

myVar_str = "Hello World!" # 나는 문자열형 변수이고, 내 이름은 myVar_str이야. 현재 값은 Hello World!야.
print(myVar_str)

print(type(myVar_int)) # type() 함수에 어떤 변수를 넣어주면, 그 변수가 무슨 형인지 알려줘.
print(type(myVar_float))
print(type(myVar_str))

###########################################################################################################################

print(myVar_int) # print() 함수를 사용해서 변수를 함수의 매개변수로 주므로 변수의 값을 출력할수 있어. 
print(myVar_float, myVar_str) # print() 함수를 사용해서 여러개의 변수를 한번에 출력할 수 있어. 
                              # print() 함수의 첫번째 매개변수로 myVar_float를 주었고, 두번째 매개변수로 myVar_str를 줬어.

###########################################################################################################################

myVar_int = input() # input() 함수를 사용해서 사용자로부터 값을 입력받게 되는데, 입력 받는 값은 문자열형으로 받는다.
print(myVar_int)
print(type(myVar_int))

###########################################################################################################################

print( type( int(myVar_int) ) ) # print() 함수에 type() 함수를 매개변수로 호출, 
                                # type() 함수안에 int() 함수를 매개변수로 호출 
                                # int() 함수 안에 문자열형인 myVar_int 변수를 매개변수로 넣어줬어.
                                # int() 함수는 매개변수를 정수형 변수로 변환해서 반환해줘.

###########################################################################################################################
```")}
