[2021/09/06 22:09:44.616][687188236971671560][event][MESSAGE][ashz#3656] {message:".join",id:"884425137049436220",channel_name:"chat"}
[2021/09/06 22:09:44.902][687188236971671560][event][MESSAGE_DELETE][ashz#3656] {message:".join",id:"884425137049436220",channel_name:"chat"}
[2021/09/06 22:09:45.120][687188236971671560][command][JOIN_SUCCESS][ashz#3656][884425137049436220] Now connected to user's voice channel. {receivedArgument:".join"}
[2021/09/06 22:09:45.972][687188236971671560][event][MESSAGE][ashz#3656] {message:".play https://music.youtube.com/watch?v=F8UOlCYJl98&feature=share",id:"884425142703362108",channel_name:"chat"}
[2021/09/06 22:09:46.252][687188236971671560][event][MESSAGE_DELETE][ashz#3656] {message:".play https://music.youtube.com/watch?v=F8UOlCYJl98&feature=share",id:"884425142703362108",channel_name:"chat"}
[2021/09/06 22:09:47.477][687188236971671560][command][PLAY_SUCCESS][ashz#3656][884425142703362108] Overriding current track. Playing received data track. {receivedArgument:".play https://music.youtube.com/watch?v=F8UOlCYJl98&feature=share",index:"0",length:"423",volume:"7",url:"https://www.youtube.com/watch?v=F8UOlCYJl98"}
[2021/09/06 22:16:52.644][687188236971671560][TB][NEXT_AUTO_QUEUE] Playing next track. Playing received data track. {index:"0",length:"423",volume:"7",url:"https://www.youtube.com/watch?v=F8UOlCYJl98"}
[2021/09/06 22:23:56.858][687188236971671560][TB][NEXT_AUTO_QUEUE] Playing next track. Playing received data track. {index:"0",length:"423",volume:"7",url:"https://www.youtube.com/watch?v=F8UOlCYJl98"}
[2021/09/06 22:31:00.828][687188236971671560][TB][NEXT_AUTO_QUEUE] Playing next track. Playing received data track. {index:"0",length:"423",volume:"7",url:"https://www.youtube.com/watch?v=F8UOlCYJl98"}
[2021/09/06 22:35:56.862][687188236971671560][event][MESSAGE][ashz#3656] {message:".play https://music.youtube.com/watch?v=Ci7TYAd67ac&feature=share",id:"884431731506176080",channel_name:"chat"}
[2021/09/06 22:35:57.133][687188236971671560][event][MESSAGE_DELETE][ashz#3656] {message:".play https://music.youtube.com/watch?v=Ci7TYAd67ac&feature=share",id:"884431731506176080",channel_name:"chat"}
[2021/09/06 22:35:58.484][687188236971671560][command][PLAY_SUCCESS][ashz#3656][884431731506176080] Overriding current track. Playing received data track. {receivedArgument:".play https://music.youtube.com/watch?v=Ci7TYAd67ac&feature=share",index:"1",length:"318",volume:"7",url:"https://www.youtube.com/watch?v=Ci7TYAd67ac"}
[2021/09/06 22:35:59.254][687188236971671560][TB][PLAY_FAILED]Unknown log type received. {receivedLogType:"PLAY_FAILED"}
[2021/09/06 22:35:59.354][687188236971671560][TB][PLAY_FAILED]Unknown log type received. {receivedLogType:"PLAY_FAILED"}
[2021/09/06 22:35:59.355][687188236971671560][TB][PLAY_STREAM_MULTIPLE_INIT_FAILED] Failed 3 times to play current track, playing next.
[2021/09/06 22:37:26.916][687188236971671560][event][MESSAGE][ashz#3656] {message:".play https://music.youtube.com/watch?v=5_MUViAnxIQ&feature=share",id:"884432109245190191",channel_name:"chat"}
[2021/09/06 22:37:27.164][687188236971671560][event][MESSAGE_DELETE][ashz#3656] {message:".play https://music.youtube.com/watch?v=5_MUViAnxIQ&feature=share",id:"884432109245190191",channel_name:"chat"}
[2021/09/06 22:37:28.600][687188236971671560][command][PLAY_SUCCESS][ashz#3656][884432109245190191] Overriding current track. Playing received data track. {receivedArgument:".play https://music.youtube.com/watch?v=5_MUViAnxIQ&feature=share",index:"2",length:"334",volume:"7",url:"https://www.youtube.com/watch?v=5_MUViAnxIQ"}
[2021/09/06 22:43:05.860][687188236971671560][TB][NEXT_AUTO_QUEUE] Playing next track. Playing received data track. {index:"0",length:"423",volume:"7",url:"https://www.youtube.com/watch?v=F8UOlCYJl98"}
[2021/09/06 22:45:18.938][687188236971671560][event][MESSAGE][ashz#3656] {message:".play https://music.youtube.com/watch?v=FrKwf6ooVZM&feature=share",id:"884434088700825601",channel_name:"chat"}
[2021/09/06 22:45:19.185][687188236971671560][event][MESSAGE_DELETE][ashz#3656] {message:".play https://music.youtube.com/watch?v=FrKwf6ooVZM&feature=share",id:"884434088700825601",channel_name:"chat"}
[2021/09/06 22:45:20.316][687188236971671560][command][PLAY_SUCCESS][ashz#3656][884434088700825601] Overriding current track. Playing received data track. {receivedArgument:".play https://music.youtube.com/watch?v=FrKwf6ooVZM&feature=share",index:"3",length:"351",volume:"7",url:"https://www.youtube.com/watch?v=FrKwf6ooVZM"}
[2021/09/06 22:48:33.027][687188236971671560][event][MESSAGE][ashz#3656] {message:".play https://music.youtube.com/watch?v=XwUpDDyArVA&feature=share",id:"884434902781681696",channel_name:"chat"}
[2021/09/06 22:48:33.297][687188236971671560][event][MESSAGE_DELETE][ashz#3656] {message:".play https://music.youtube.com/watch?v=XwUpDDyArVA&feature=share",id:"884434902781681696",channel_name:"chat"}
[2021/09/06 22:48:34.595][687188236971671560][command][PLAY_SUCCESS][ashz#3656][884434902781681696] Overriding current track. Playing received data track. {receivedArgument:".play https://music.youtube.com/watch?v=XwUpDDyArVA&feature=share",index:"4",length:"400",volume:"7",url:"https://www.youtube.com/watch?v=XwUpDDyArVA"}
[2021/09/06 22:55:15.001][687188236971671560][TB][NEXT_AUTO_QUEUE] Playing next track. Playing received data track. {index:"0",length:"423",volume:"7",url:"https://www.youtube.com/watch?v=F8UOlCYJl98"}
[2021/09/06 23:02:19.054][687188236971671560][TB][NEXT_AUTO_QUEUE] Playing next track. Playing received data track. {index:"1",length:"318",volume:"7",url:"https://www.youtube.com/watch?v=Ci7TYAd67ac"}
[2021/09/06 23:07:40.783][687188236971671560][TB][NEXT_AUTO_QUEUE] Playing next track. Playing received data track. {index:"2",length:"334",volume:"7",url:"https://www.youtube.com/watch?v=5_MUViAnxIQ"}
[2021/09/06 23:13:16.807][687188236971671560][TB][NEXT_AUTO_QUEUE] Playing next track. Playing received data track. {index:"3",length:"351",volume:"7",url:"https://www.youtube.com/watch?v=FrKwf6ooVZM"}
[2021/09/06 23:19:13.053][687188236971671560][TB][NEXT_AUTO_QUEUE] Playing next track. Playing received data track. {index:"4",length:"400",volume:"7",url:"https://www.youtube.com/watch?v=XwUpDDyArVA"}
[2021/09/06 23:25:53.921][687188236971671560][TB][NEXT_AUTO_QUEUE] Playing next track. Playing received data track. {index:"0",length:"423",volume:"7",url:"https://www.youtube.com/watch?v=F8UOlCYJl98"}
[2021/09/06 23:32:58.112][687188236971671560][TB][NEXT_AUTO_QUEUE] Playing next track. Playing received data track. {index:"1",length:"318",volume:"7",url:"https://www.youtube.com/watch?v=Ci7TYAd67ac"}
[2021/09/06 23:38:19.744][687188236971671560][TB][NEXT_AUTO_QUEUE] Playing next track. Playing received data track. {index:"2",length:"334",volume:"7",url:"https://www.youtube.com/watch?v=5_MUViAnxIQ"}
[2021/09/06 23:43:54.750][687188236971671560][TB][NEXT_AUTO_QUEUE] Playing next track. Playing received data track. {index:"3",length:"351",volume:"7",url:"https://www.youtube.com/watch?v=FrKwf6ooVZM"}
[2021/09/06 23:49:47.447][687188236971671560][TB][NEXT_AUTO_QUEUE] Playing next track. Playing received data track. {index:"4",length:"400",volume:"7",url:"https://www.youtube.com/watch?v=XwUpDDyArVA"}
[2021/09/06 23:56:28.390][687188236971671560][TB][NEXT_AUTO_QUEUE] Playing next track. Playing received data track. {index:"0",length:"423",volume:"7",url:"https://www.youtube.com/watch?v=F8UOlCYJl98"}
