[2021/09/19 00:00:53.621][687188236971671560][TB][NEXT_AUTO_QUEUE] Playing next track. Playing received data track. {index:"1",length:"204",volume:"7",url:"https://www.youtube.com/watch?v=CXNv4_wQjKQ"}
[2021/09/19 00:04:18.290][687188236971671560][TB][NEXT_AUTO_QUEUE] Playing next track. Playing received data track. {index:"2",length:"214",volume:"7",url:"https://www.youtube.com/watch?v=3YHGEuefsbI"}
[2021/09/19 00:07:53.315][687188236971671560][TB][NEXT_AUTO_QUEUE] Playing next track. Playing received data track. {index:"3",length:"142",volume:"7",url:"https://www.youtube.com/watch?v=XfEMj-z3TtA"}
[2021/09/19 00:10:17.533][687188236971671560][TB][NEXT_AUTO_QUEUE] Playing next track. Playing received data track. {index:"0",length:"173",volume:"7",url:"https://www.youtube.com/watch?v=3eLKvQXsqKY"}
[2021/09/19 00:13:11.674][687188236971671560][TB][NEXT_AUTO_QUEUE] Playing next track. Playing received data track. {index:"1",length:"204",volume:"7",url:"https://www.youtube.com/watch?v=CXNv4_wQjKQ"}
[2021/09/19 00:16:36.539][687188236971671560][TB][NEXT_AUTO_QUEUE] Playing next track. Playing received data track. {index:"2",length:"214",volume:"7",url:"https://www.youtube.com/watch?v=3YHGEuefsbI"}
[2021/09/19 00:20:11.639][687188236971671560][TB][NEXT_AUTO_QUEUE] Playing next track. Playing received data track. {index:"3",length:"142",volume:"7",url:"https://www.youtube.com/watch?v=XfEMj-z3TtA"}
[2021/09/19 00:22:34.856][687188236971671560][TB][NEXT_AUTO_QUEUE] Playing next track. Playing received data track. {index:"0",length:"173",volume:"7",url:"https://www.youtube.com/watch?v=3eLKvQXsqKY"}
[2021/09/19 00:25:29.341][687188236971671560][TB][NEXT_AUTO_QUEUE] Playing next track. Playing received data track. {index:"1",length:"204",volume:"7",url:"https://www.youtube.com/watch?v=CXNv4_wQjKQ"}
[2021/09/19 00:28:54.247][687188236971671560][TB][NEXT_AUTO_QUEUE] Playing next track. Playing received data track. {index:"2",length:"214",volume:"7",url:"https://www.youtube.com/watch?v=3YHGEuefsbI"}
[2021/09/19 00:32:29.018][687188236971671560][TB][NEXT_AUTO_QUEUE] Playing next track. Playing received data track. {index:"3",length:"142",volume:"7",url:"https://www.youtube.com/watch?v=XfEMj-z3TtA"}
[2021/09/19 00:34:52.145][687188236971671560][TB][NEXT_AUTO_QUEUE] Playing next track. Playing received data track. {index:"0",length:"173",volume:"7",url:"https://www.youtube.com/watch?v=3eLKvQXsqKY"}
[2021/09/19 00:37:46.646][687188236971671560][TB][NEXT_AUTO_QUEUE] Playing next track. Playing received data track. {index:"1",length:"204",volume:"7",url:"https://www.youtube.com/watch?v=CXNv4_wQjKQ"}
[2021/09/19 00:41:11.555][687188236971671560][TB][NEXT_AUTO_QUEUE] Playing next track. Playing received data track. {index:"2",length:"214",volume:"7",url:"https://www.youtube.com/watch?v=3YHGEuefsbI"}
[2021/09/19 00:44:46.580][687188236971671560][TB][NEXT_AUTO_QUEUE] Playing next track. Playing received data track. {index:"3",length:"142",volume:"7",url:"https://www.youtube.com/watch?v=XfEMj-z3TtA"}
[2021/09/19 00:47:09.557][687188236971671560][TB][NEXT_AUTO_QUEUE] Playing next track. Playing received data track. {index:"0",length:"173",volume:"7",url:"https://www.youtube.com/watch?v=3eLKvQXsqKY"}
[2021/09/19 00:50:03.620][687188236971671560][TB][NEXT_AUTO_QUEUE] Playing next track. Playing received data track. {index:"1",length:"204",volume:"7",url:"https://www.youtube.com/watch?v=CXNv4_wQjKQ"}
[2021/09/19 00:53:28.311][687188236971671560][TB][NEXT_AUTO_QUEUE] Playing next track. Playing received data track. {index:"2",length:"214",volume:"7",url:"https://www.youtube.com/watch?v=3YHGEuefsbI"}
[2021/09/19 00:57:03.223][687188236971671560][TB][NEXT_AUTO_QUEUE] Playing next track. Playing received data track. {index:"3",length:"142",volume:"7",url:"https://www.youtube.com/watch?v=XfEMj-z3TtA"}
[2021/09/19 00:59:26.290][687188236971671560][TB][NEXT_AUTO_QUEUE] Playing next track. Playing received data track. {index:"0",length:"173",volume:"7",url:"https://www.youtube.com/watch?v=3eLKvQXsqKY"}
[2021/09/19 01:02:20.470][687188236971671560][TB][NEXT_AUTO_QUEUE] Playing next track. Playing received data track. {index:"1",length:"204",volume:"7",url:"https://www.youtube.com/watch?v=CXNv4_wQjKQ"}
[2021/09/19 01:05:47.254][687188236971671560][TB][NEXT_AUTO_QUEUE] Playing next track. Playing received data track. {index:"2",length:"214",volume:"7",url:"https://www.youtube.com/watch?v=3YHGEuefsbI"}
[2021/09/19 01:09:23.204][687188236971671560][TB][NEXT_AUTO_QUEUE] Playing next track. Playing received data track. {index:"3",length:"142",volume:"7",url:"https://www.youtube.com/watch?v=XfEMj-z3TtA"}
[2021/09/19 01:11:46.353][687188236971671560][TB][NEXT_AUTO_QUEUE] Playing next track. Playing received data track. {index:"0",length:"173",volume:"7",url:"https://www.youtube.com/watch?v=3eLKvQXsqKY"}
[2021/09/19 01:14:40.350][687188236971671560][TB][NEXT_AUTO_QUEUE] Playing next track. Playing received data track. {index:"1",length:"204",volume:"7",url:"https://www.youtube.com/watch?v=CXNv4_wQjKQ"}
[2021/09/19 01:18:05.091][687188236971671560][TB][NEXT_AUTO_QUEUE] Playing next track. Playing received data track. {index:"2",length:"214",volume:"7",url:"https://www.youtube.com/watch?v=3YHGEuefsbI"}
[2021/09/19 01:21:40.228][687188236971671560][TB][NEXT_AUTO_QUEUE] Playing next track. Playing received data track. {index:"3",length:"142",volume:"7",url:"https://www.youtube.com/watch?v=XfEMj-z3TtA"}
[2021/09/19 01:24:03.334][687188236971671560][TB][NEXT_AUTO_QUEUE] Playing next track. Playing received data track. {index:"0",length:"173",volume:"7",url:"https://www.youtube.com/watch?v=3eLKvQXsqKY"}
[2021/09/19 01:26:57.669][687188236971671560][TB][NEXT_AUTO_QUEUE] Playing next track. Playing received data track. {index:"1",length:"204",volume:"7",url:"https://www.youtube.com/watch?v=CXNv4_wQjKQ"}
[2021/09/19 01:30:22.424][687188236971671560][TB][NEXT_AUTO_QUEUE] Playing next track. Playing received data track. {index:"2",length:"214",volume:"7",url:"https://www.youtube.com/watch?v=3YHGEuefsbI"}
[2021/09/19 01:33:57.240][687188236971671560][TB][NEXT_AUTO_QUEUE] Playing next track. Playing received data track. {index:"3",length:"142",volume:"7",url:"https://www.youtube.com/watch?v=XfEMj-z3TtA"}
[2021/09/19 01:36:21.299][687188236971671560][TB][NEXT_AUTO_QUEUE] Playing next track. Playing received data track. {index:"0",length:"173",volume:"7",url:"https://www.youtube.com/watch?v=3eLKvQXsqKY"}
[2021/09/19 01:39:15.361][687188236971671560][TB][NEXT_AUTO_QUEUE] Playing next track. Playing received data track. {index:"1",length:"204",volume:"7",url:"https://www.youtube.com/watch?v=CXNv4_wQjKQ"}
[2021/09/19 01:42:40.088][687188236971671560][TB][NEXT_AUTO_QUEUE] Playing next track. Playing received data track. {index:"2",length:"214",volume:"7",url:"https://www.youtube.com/watch?v=3YHGEuefsbI"}
[2021/09/19 01:46:16.013][687188236971671560][TB][NEXT_AUTO_QUEUE] Playing next track. Playing received data track. {index:"3",length:"142",volume:"7",url:"https://www.youtube.com/watch?v=XfEMj-z3TtA"}
[2021/09/19 01:48:39.131][687188236971671560][TB][NEXT_AUTO_QUEUE] Playing next track. Playing received data track. {index:"0",length:"173",volume:"7",url:"https://www.youtube.com/watch?v=3eLKvQXsqKY"}
[2021/09/19 01:51:33.281][687188236971671560][TB][NEXT_AUTO_QUEUE] Playing next track. Playing received data track. {index:"1",length:"204",volume:"7",url:"https://www.youtube.com/watch?v=CXNv4_wQjKQ"}
[2021/09/19 03:19:21.497][687188236971671560][event][MESSAGE][Goldminer127#6374] {message:"Ashhhh",id:"888851708548100126",channel_name:"chat"}
[2021/09/19 03:19:34.864][687188236971671560][event][MESSAGE][Goldminer127#6374] {message:"how do I switch between 2 languages on the on screen kayboard",id:"888851764550447174",channel_name:"chat"}
[2021/09/19 03:19:38.661][687188236971671560][event][MESSAGE][Goldminer127#6374] {message:"I can only type in english",id:"888851780534935552",channel_name:"chat"}
[2021/09/19 03:19:42.699][687188236971671560][event][MESSAGE_UPDATE][Goldminer127#6374] {message_update:("how do I switch between 2 languages on the on screen kayboard"->"how do I switch between 2 languages on the on screen keyboard")}
[2021/09/19 07:30:48.412][687188236971671560][event][MESSAGE][ashz#3656] {message:"hm",id:"888914987689594931",channel_name:"chat"}
[2021/09/19 07:31:05.175][687188236971671560][event][MESSAGE][ashz#3656] {message:"maybe a reboot?",id:"888915058040668170",channel_name:"chat"}
[2021/09/19 07:31:22.621][687188236971671560][event][MESSAGE][ashz#3656] {message:"after the keyboard setup?",id:"888915131206098964",channel_name:"chat"}
